[2018-09-27 16:14:43] local.ERROR: ReflectionException: Class YellowProject\Http\Controllers\API\v1\FWD\FWDEncryptController does not exist in /var/www/html/Dev/ICNOW-DEV/vendor/laravel/framework/src/Illuminate/Container/Container.php:729
Stack trace:
#0 /var/www/html/Dev/ICNOW-DEV/vendor/laravel/framework/src/Illuminate/Container/Container.php(729): ReflectionClass->__construct('YellowProject\\H...')
#1 /var/www/html/Dev/ICNOW-DEV/vendor/laravel/framework/src/Illuminate/Container/Container.php(608): Illuminate\Container\Container->build('YellowProject\\H...')
#2 /var/www/html/Dev/ICNOW-DEV/vendor/laravel/framework/src/Illuminate/Container/Container.php(575): Illuminate\Container\Container->resolve('YellowProject\\H...')
#3 /var/www/html/Dev/ICNOW-DEV/vendor/laravel/framework/src/Illuminate/Foundation/Application.php(728): Illuminate\Container\Container->make('YellowProject\\H...')
#4 /var/www/html/Dev/ICNOW-DEV/vendor/laravel/framework/src/Illuminate/Routing/Route.php(217): Illuminate\Foundation\Application->make('YellowProject\\H...')
#5 /var/www/html/Dev/ICNOW-DEV/vendor/laravel/framework/src/Illuminate/Routing/Route.php(747): Illuminate\Routing\Route->getController()
#6 /var/www/html/Dev/ICNOW-DEV/vendor/laravel/framework/src/Illuminate/Routing/Route.php(708): Illuminate\Routing\Route->controllerMiddleware()
#7 /var/www/html/Dev/ICNOW-DEV/vendor/laravel/framework/src/Illuminate/Routing/Router.php(587): Illuminate\Routing\Route->gatherMiddleware()
#8 /var/www/html/Dev/ICNOW-DEV/vendor/barryvdh/laravel-cors/src/HandlePreflight.php(60): Illuminate\Routing\Router->gatherRouteMiddleware(Object(Illuminate\Routing\Route))
#9 /var/www/html/Dev/ICNOW-DEV/vendor/barryvdh/laravel-cors/src/HandlePreflight.php(31): Barryvdh\Cors\HandlePreflight->hasMatchingCorsRoute(Object(Illuminate\Http\Request))
#10 /var/www/html/Dev/ICNOW-DEV/vendor/laravel/framework/src/Illuminate/Pipeline/Pipeline.php(148): Barryvdh\Cors\HandlePreflight->handle(Object(Illuminate\Http\Request), Object(Closure))
#11 /var/www/html/Dev/ICNOW-DEV/vendor/laravel/framework/src/Illuminate/Routing/Pipeline.php(53): Illuminate\Pipeline\Pipeline->Illuminate\Pipeline\{closure}(Object(Illuminate\Http\Request))
#12 /var/www/html/Dev/ICNOW-DEV/vendor/laravel/framework/src/Illuminate/Pipeline/Pipeline.php(102): Illuminate\Routing\Pipeline->Illuminate\Routing\{closure}(Object(Illuminate\Http\Request))
#13 /var/www/html/Dev/ICNOW-DEV/vendor/laravel/framework/src/Illuminate/Foundation/Http/Kernel.php(151): Illuminate\Pipeline\Pipeline->then(Object(Closure))
#14 /var/www/html/Dev/ICNOW-DEV/vendor/laravel/framework/src/Illuminate/Foundation/Http/Kernel.php(116): Illuminate\Foundation\Http\Kernel->sendRequestThroughRouter(Object(Illuminate\Http\Request))
#15 /var/www/html/Dev/ICNOW-DEV/public/index.php(53): Illuminate\Foundation\Http\Kernel->handle(Object(Illuminate\Http\Request))
#16 {main}  
[2018-09-27 16:14:43] local.ERROR: ErrorException: mkdir(): File exists in /var/www/html/Dev/ICNOW-DEV/vendor/laravel/framework/src/Illuminate/Filesystem/Filesystem.php:446
Stack trace:
#0 [internal function]: Illuminate\Foundation\Bootstrap\HandleExceptions->handleError(2, 'mkdir(): File e...', '/var/www/html/D...', 446, Array)
#1 /var/www/html/Dev/ICNOW-DEV/vendor/laravel/framework/src/Illuminate/Filesystem/Filesystem.php(446): mkdir('/var/www/html/D...', 509, true)
#2 /var/www/html/Dev/ICNOW-DEV/vendor/laravel/framework/src/Illuminate/Support/Facades/Facade.php(221): Illuminate\Filesystem\Filesystem->makeDirectory('/var/www/html/D...', 509, true)
#3 /var/www/html/Dev/ICNOW-DEV/vendor/laravel/framework/src/Illuminate/Log/LogServiceProvider.php(77): Illuminate\Support\Facades\Facade::__callStatic('makeDirectory', Array)
#4 /var/www/html/Dev/ICNOW-DEV/vendor/laravel/framework/src/Illuminate/Log/LogServiceProvider.php(61): Illuminate\Log\LogServiceProvider->configureSingleHandler(Object(Illuminate\Log\Writer))
#5 /var/www/html/Dev/ICNOW-DEV/vendor/laravel/framework/src/Illuminate/Log/LogServiceProvider.php(37): Illuminate\Log\LogServiceProvider->configureHandler(Object(Illuminate\Log\Writer))
#6 /var/www/html/Dev/ICNOW-DEV/vendor/laravel/framework/src/Illuminate/Log/LogServiceProvider.php(19): Illuminate\Log\LogServiceProvider->createLogger()
#7 /var/www/html/Dev/ICNOW-DEV/vendor/laravel/framework/src/Illuminate/Container/Container.php(726): Illuminate\Log\LogServiceProvider->Illuminate\Log\{closure}(Object(Illuminate\Foundation\Application), Array)
#8 /var/www/html/Dev/ICNOW-DEV/vendor/laravel/framework/src/Illuminate/Container/Container.php(608): Illuminate\Container\Container->build(Object(Closure))
#9 /var/www/html/Dev/ICNOW-DEV/vendor/laravel/framework/src/Illuminate/Container/Container.php(575): Illuminate\Container\Container->resolve('log')
#10 /var/www/html/Dev/ICNOW-DEV/vendor/laravel/framework/src/Illuminate/Foundation/Application.php(728): Illuminate\Container\Container->make('log')
#11 /var/www/html/Dev/ICNOW-DEV/vendor/laravel/framework/src/Illuminate/Foundation/helpers.php(106): Illuminate\Foundation\Application->make('log')
#12 /var/www/html/Dev/ICNOW-DEV/vendor/barryvdh/laravel-cors/src/HandlePreflight.php(68): app('log')
#13 /var/www/html/Dev/ICNOW-DEV/vendor/barryvdh/laravel-cors/src/HandlePreflight.php(31): Barryvdh\Cors\HandlePreflight->hasMatchingCorsRoute(Object(Illuminate\Http\Request))
#14 /var/www/html/Dev/ICNOW-DEV/vendor/laravel/framework/src/Illuminate/Pipeline/Pipeline.php(148): Barryvdh\Cors\HandlePreflight->handle(Object(Illuminate\Http\Request), Object(Closure))
#15 /var/www/html/Dev/ICNOW-DEV/vendor/laravel/framework/src/Illuminate/Routing/Pipeline.php(53): Illuminate\Pipeline\Pipeline->Illuminate\Pipeline\{closure}(Object(Illuminate\Http\Request))
#16 /var/www/html/Dev/ICNOW-DEV/vendor/laravel/framework/src/Illuminate/Pipeline/Pipeline.php(102): Illuminate\Routing\Pipeline->Illuminate\Routing\{closure}(Object(Illuminate\Http\Request))
#17 /var/www/html/Dev/ICNOW-DEV/vendor/laravel/framework/src/Illuminate/Foundation/Http/Kernel.php(151): Illuminate\Pipeline\Pipeline->then(Object(Closure))
#18 /var/www/html/Dev/ICNOW-DEV/vendor/laravel/framework/src/Illuminate/Foundation/Http/Kernel.php(116): Illuminate\Foundation\Http\Kernel->sendRequestThroughRouter(Object(Illuminate\Http\Request))
#19 /var/www/html/Dev/ICNOW-DEV/public/index.php(53): Illuminate\Foundation\Http\Kernel->handle(Object(Illuminate\Http\Request))
#20 {main}  
[2018-09-27 16:14:46] local.ERROR: Symfony\Component\HttpKernel\Exception\NotFoundHttpException in /var/www/html/Dev/ICNOW-DEV/vendor/laravel/framework/src/Illuminate/Routing/RouteCollection.php:179
Stack trace:
#0 /var/www/html/Dev/ICNOW-DEV/vendor/barryvdh/laravel-cors/src/HandlePreflight.php(57): Illuminate\Routing\RouteCollection->match(Object(Illuminate\Http\Request))
#1 /var/www/html/Dev/ICNOW-DEV/vendor/barryvdh/laravel-cors/src/HandlePreflight.php(31): Barryvdh\Cors\HandlePreflight->hasMatchingCorsRoute(Object(Illuminate\Http\Request))
#2 /var/www/html/Dev/ICNOW-DEV/vendor/laravel/framework/src/Illuminate/Pipeline/Pipeline.php(148): Barryvdh\Cors\HandlePreflight->handle(Object(Illuminate\Http\Request), Object(Closure))
#3 /var/www/html/Dev/ICNOW-DEV/vendor/laravel/framework/src/Illuminate/Routing/Pipeline.php(53): Illuminate\Pipeline\Pipeline->Illuminate\Pipeline\{closure}(Object(Illuminate\Http\Request))
#4 /var/www/html/Dev/ICNOW-DEV/vendor/laravel/framework/src/Illuminate/Pipeline/Pipeline.php(102): Illuminate\Routing\Pipeline->Illuminate\Routing\{closure}(Object(Illuminate\Http\Request))
#5 /var/www/html/Dev/ICNOW-DEV/vendor/laravel/framework/src/Illuminate/Foundation/Http/Kernel.php(151): Illuminate\Pipeline\Pipeline->then(Object(Closure))
#6 /var/www/html/Dev/ICNOW-DEV/vendor/laravel/framework/src/Illuminate/Foundation/Http/Kernel.php(116): Illuminate\Foundation\Http\Kernel->sendRequestThroughRouter(Object(Illuminate\Http\Request))
#7 /var/www/html/Dev/ICNOW-DEV/public/index.php(53): Illuminate\Foundation\Http\Kernel->handle(Object(Illuminate\Http\Request))
#8 {main}  
[2018-09-27 16:14:46] local.ERROR: Symfony\Component\HttpKernel\Exception\NotFoundHttpException in /var/www/html/Dev/ICNOW-DEV/vendor/laravel/framework/src/Illuminate/Routing/RouteCollection.php:179
Stack trace:
#0 /var/www/html/Dev/ICNOW-DEV/vendor/barryvdh/laravel-cors/src/HandlePreflight.php(57): Illuminate\Routing\RouteCollection->match(Object(Illuminate\Http\Request))
#1 /var/www/html/Dev/ICNOW-DEV/vendor/barryvdh/laravel-cors/src/HandlePreflight.php(31): Barryvdh\Cors\HandlePreflight->hasMatchingCorsRoute(Object(Illuminate\Http\Request))
#2 /var/www/html/Dev/ICNOW-DEV/vendor/laravel/framework/src/Illuminate/Pipeline/Pipeline.php(148): Barryvdh\Cors\HandlePreflight->handle(Object(Illuminate\Http\Request), Object(Closure))
#3 /var/www/html/Dev/ICNOW-DEV/vendor/laravel/framework/src/Illuminate/Routing/Pipeline.php(53): Illuminate\Pipeline\Pipeline->Illuminate\Pipeline\{closure}(Object(Illuminate\Http\Request))
#4 /var/www/html/Dev/ICNOW-DEV/vendor/laravel/framework/src/Illuminate/Pipeline/Pipeline.php(102): Illuminate\Routing\Pipeline->Illuminate\Routing\{closure}(Object(Illuminate\Http\Request))
#5 /var/www/html/Dev/ICNOW-DEV/vendor/laravel/framework/src/Illuminate/Foundation/Http/Kernel.php(151): Illuminate\Pipeline\Pipeline->then(Object(Closure))
#6 /var/www/html/Dev/ICNOW-DEV/vendor/laravel/framework/src/Illuminate/Foundation/Http/Kernel.php(116): Illuminate\Foundation\Http\Kernel->sendRequestThroughRouter(Object(Illuminate\Http\Request))
#7 /var/www/html/Dev/ICNOW-DEV/public/index.php(53): Illuminate\Foundation\Http\Kernel->handle(Object(Illuminate\Http\Request))
#8 {main}  
[2018-09-27 16:14:47] local.ERROR: Symfony\Component\HttpKernel\Exception\NotFoundHttpException in /var/www/html/Dev/ICNOW-DEV/vendor/laravel/framework/src/Illuminate/Routing/RouteCollection.php:179
Stack trace:
#0 /var/www/html/Dev/ICNOW-DEV/vendor/barryvdh/laravel-cors/src/HandlePreflight.php(57): Illuminate\Routing\RouteCollection->match(Object(Illuminate\Http\Request))
#1 /var/www/html/Dev/ICNOW-DEV/vendor/barryvdh/laravel-cors/src/HandlePreflight.php(31): Barryvdh\Cors\HandlePreflight->hasMatchingCorsRoute(Object(Illuminate\Http\Request))
#2 /var/www/html/Dev/ICNOW-DEV/vendor/laravel/framework/src/Illuminate/Pipeline/Pipeline.php(148): Barryvdh\Cors\HandlePreflight->handle(Object(Illuminate\Http\Request), Object(Closure))
#3 /var/www/html/Dev/ICNOW-DEV/vendor/laravel/framework/src/Illuminate/Routing/Pipeline.php(53): Illuminate\Pipeline\Pipeline->Illuminate\Pipeline\{closure}(Object(Illuminate\Http\Request))
#4 /var/www/html/Dev/ICNOW-DEV/vendor/laravel/framework/src/Illuminate/Pipeline/Pipeline.php(102): Illuminate\Routing\Pipeline->Illuminate\Routing\{closure}(Object(Illuminate\Http\Request))
#5 /var/www/html/Dev/ICNOW-DEV/vendor/laravel/framework/src/Illuminate/Foundation/Http/Kernel.php(151): Illuminate\Pipeline\Pipeline->then(Object(Closure))
#6 /var/www/html/Dev/ICNOW-DEV/vendor/laravel/framework/src/Illuminate/Foundation/Http/Kernel.php(116): Illuminate\Foundation\Http\Kernel->sendRequestThroughRouter(Object(Illuminate\Http\Request))
#7 /var/www/html/Dev/ICNOW-DEV/public/index.php(53): Illuminate\Foundation\Http\Kernel->handle(Object(Illuminate\Http\Request))
#8 {main}  
[2018-09-27 16:14:47] local.ERROR: Symfony\Component\HttpKernel\Exception\NotFoundHttpException in /var/www/html/Dev/ICNOW-DEV/vendor/laravel/framework/src/Illuminate/Routing/RouteCollection.php:179
Stack trace:
#0 /var/www/html/Dev/ICNOW-DEV/vendor/barryvdh/laravel-cors/src/HandlePreflight.php(57): Illuminate\Routing\RouteCollection->match(Object(Illuminate\Http\Request))
#1 /var/www/html/Dev/ICNOW-DEV/vendor/barryvdh/laravel-cors/src/HandlePreflight.php(31): Barryvdh\Cors\HandlePreflight->hasMatchingCorsRoute(Object(Illuminate\Http\Request))
#2 /var/www/html/Dev/ICNOW-DEV/vendor/laravel/framework/src/Illuminate/Pipeline/Pipeline.php(148): Barryvdh\Cors\HandlePreflight->handle(Object(Illuminate\Http\Request), Object(Closure))
#3 /var/www/html/Dev/ICNOW-DEV/vendor/laravel/framework/src/Illuminate/Routing/Pipeline.php(53): Illuminate\Pipeline\Pipeline->Illuminate\Pipeline\{closure}(Object(Illuminate\Http\Request))
#4 /var/www/html/Dev/ICNOW-DEV/vendor/laravel/framework/src/Illuminate/Pipeline/Pipeline.php(102): Illuminate\Routing\Pipeline->Illuminate\Routing\{closure}(Object(Illuminate\Http\Request))
#5 /var/www/html/Dev/ICNOW-DEV/vendor/laravel/framework/src/Illuminate/Foundation/Http/Kernel.php(151): Illuminate\Pipeline\Pipeline->then(Object(Closure))
#6 /var/www/html/Dev/ICNOW-DEV/vendor/laravel/framework/src/Illuminate/Foundation/Http/Kernel.php(116): Illuminate\Foundation\Http\Kernel->sendRequestThroughRouter(Object(Illuminate\Http\Request))
#7 /var/www/html/Dev/ICNOW-DEV/public/index.php(53): Illuminate\Foundation\Http\Kernel->handle(Object(Illuminate\Http\Request))
#8 {main}  
[2018-09-27 16:15:27] local.ERROR: Symfony\Component\HttpKernel\Exception\NotFoundHttpException in /var/www/html/Dev/ICNOW-DEV/vendor/laravel/framework/src/Illuminate/Routing/RouteCollection.php:179
Stack trace:
#0 /var/www/html/Dev/ICNOW-DEV/vendor/barryvdh/laravel-cors/src/HandlePreflight.php(57): Illuminate\Routing\RouteCollection->match(Object(Illuminate\Http\Request))
#1 /var/www/html/Dev/ICNOW-DEV/vendor/barryvdh/laravel-cors/src/HandlePreflight.php(31): Barryvdh\Cors\HandlePreflight->hasMatchingCorsRoute(Object(Illuminate\Http\Request))
#2 /var/www/html/Dev/ICNOW-DEV/vendor/laravel/framework/src/Illuminate/Pipeline/Pipeline.php(148): Barryvdh\Cors\HandlePreflight->handle(Object(Illuminate\Http\Request), Object(Closure))
#3 /var/www/html/Dev/ICNOW-DEV/vendor/laravel/framework/src/Illuminate/Routing/Pipeline.php(53): Illuminate\Pipeline\Pipeline->Illuminate\Pipeline\{closure}(Object(Illuminate\Http\Request))
#4 /var/www/html/Dev/ICNOW-DEV/vendor/laravel/framework/src/Illuminate/Pipeline/Pipeline.php(102): Illuminate\Routing\Pipeline->Illuminate\Routing\{closure}(Object(Illuminate\Http\Request))
#5 /var/www/html/Dev/ICNOW-DEV/vendor/laravel/framework/src/Illuminate/Foundation/Http/Kernel.php(151): Illuminate\Pipeline\Pipeline->then(Object(Closure))
#6 /var/www/html/Dev/ICNOW-DEV/vendor/laravel/framework/src/Illuminate/Foundation/Http/Kernel.php(116): Illuminate\Foundation\Http\Kernel->sendRequestThroughRouter(Object(Illuminate\Http\Request))
#7 /var/www/html/Dev/ICNOW-DEV/public/index.php(53): Illuminate\Foundation\Http\Kernel->handle(Object(Illuminate\Http\Request))
#8 {main}  
[2018-09-27 16:15:27] local.ERROR: Symfony\Component\HttpKernel\Exception\NotFoundHttpException in /var/www/html/Dev/ICNOW-DEV/vendor/laravel/framework/src/Illuminate/Routing/RouteCollection.php:179
Stack trace:
#0 /var/www/html/Dev/ICNOW-DEV/vendor/barryvdh/laravel-cors/src/HandlePreflight.php(57): Illuminate\Routing\RouteCollection->match(Object(Illuminate\Http\Request))
#1 /var/www/html/Dev/ICNOW-DEV/vendor/barryvdh/laravel-cors/src/HandlePreflight.php(31): Barryvdh\Cors\HandlePreflight->hasMatchingCorsRoute(Object(Illuminate\Http\Request))
#2 /var/www/html/Dev/ICNOW-DEV/vendor/laravel/framework/src/Illuminate/Pipeline/Pipeline.php(148): Barryvdh\Cors\HandlePreflight->handle(Object(Illuminate\Http\Request), Object(Closure))
#3 /var/www/html/Dev/ICNOW-DEV/vendor/laravel/framework/src/Illuminate/Routing/Pipeline.php(53): Illuminate\Pipeline\Pipeline->Illuminate\Pipeline\{closure}(Object(Illuminate\Http\Request))
#4 /var/www/html/Dev/ICNOW-DEV/vendor/laravel/framework/src/Illuminate/Pipeline/Pipeline.php(102): Illuminate\Routing\Pipeline->Illuminate\Routing\{closure}(Object(Illuminate\Http\Request))
#5 /var/www/html/Dev/ICNOW-DEV/vendor/laravel/framework/src/Illuminate/Foundation/Http/Kernel.php(151): Illuminate\Pipeline\Pipeline->then(Object(Closure))
#6 /var/www/html/Dev/ICNOW-DEV/vendor/laravel/framework/src/Illuminate/Foundation/Http/Kernel.php(116): Illuminate\Foundation\Http\Kernel->sendRequestThroughRouter(Object(Illuminate\Http\Request))
#7 /var/www/html/Dev/ICNOW-DEV/public/index.php(53): Illuminate\Foundation\Http\Kernel->handle(Object(Illuminate\Http\Request))
#8 {main}  
[2018-09-27 16:15:27] local.ERROR: Symfony\Component\HttpKernel\Exception\NotFoundHttpException in /var/www/html/Dev/ICNOW-DEV/vendor/laravel/framework/src/Illuminate/Routing/RouteCollection.php:179
Stack trace:
#0 /var/www/html/Dev/ICNOW-DEV/vendor/barryvdh/laravel-cors/src/HandlePreflight.php(57): Illuminate\Routing\RouteCollection->match(Object(Illuminate\Http\Request))
#1 /var/www/html/Dev/ICNOW-DEV/vendor/barryvdh/laravel-cors/src/HandlePreflight.php(31): Barryvdh\Cors\HandlePreflight->hasMatchingCorsRoute(Object(Illuminate\Http\Request))
#2 /var/www/html/Dev/ICNOW-DEV/vendor/laravel/framework/src/Illuminate/Pipeline/Pipeline.php(148): Barryvdh\Cors\HandlePreflight->handle(Object(Illuminate\Http\Request), Object(Closure))
#3 /var/www/html/Dev/ICNOW-DEV/vendor/laravel/framework/src/Illuminate/Routing/Pipeline.php(53): Illuminate\Pipeline\Pipeline->Illuminate\Pipeline\{closure}(Object(Illuminate\Http\Request))
#4 /var/www/html/Dev/ICNOW-DEV/vendor/laravel/framework/src/Illuminate/Pipeline/Pipeline.php(102): Illuminate\Routing\Pipeline->Illuminate\Routing\{closure}(Object(Illuminate\Http\Request))
#5 /var/www/html/Dev/ICNOW-DEV/vendor/laravel/framework/src/Illuminate/Foundation/Http/Kernel.php(151): Illuminate\Pipeline\Pipeline->then(Object(Closure))
#6 /var/www/html/Dev/ICNOW-DEV/vendor/laravel/framework/src/Illuminate/Foundation/Http/Kernel.php(116): Illuminate\Foundation\Http\Kernel->sendRequestThroughRouter(Object(Illuminate\Http\Request))
#7 /var/www/html/Dev/ICNOW-DEV/public/index.php(53): Illuminate\Foundation\Http\Kernel->handle(Object(Illuminate\Http\Request))
#8 {main}  
[2018-09-27 16:15:27] local.ERROR: Symfony\Component\HttpKernel\Exception\NotFoundHttpException in /var/www/html/Dev/ICNOW-DEV/vendor/laravel/framework/src/Illuminate/Routing/RouteCollection.php:179
Stack trace:
#0 /var/www/html/Dev/ICNOW-DEV/vendor/barryvdh/laravel-cors/src/HandlePreflight.php(57): Illuminate\Routing\RouteCollection->match(Object(Illuminate\Http\Request))
#1 /var/www/html/Dev/ICNOW-DEV/vendor/barryvdh/laravel-cors/src/HandlePreflight.php(31): Barryvdh\Cors\HandlePreflight->hasMatchingCorsRoute(Object(Illuminate\Http\Request))
#2 /var/www/html/Dev/ICNOW-DEV/vendor/laravel/framework/src/Illuminate/Pipeline/Pipeline.php(148): Barryvdh\Cors\HandlePreflight->handle(Object(Illuminate\Http\Request), Object(Closure))
#3 /var/www/html/Dev/ICNOW-DEV/vendor/laravel/framework/src/Illuminate/Routing/Pipeline.php(53): Illuminate\Pipeline\Pipeline->Illuminate\Pipeline\{closure}(Object(Illuminate\Http\Request))
#4 /var/www/html/Dev/ICNOW-DEV/vendor/laravel/framework/src/Illuminate/Pipeline/Pipeline.php(102): Illuminate\Routing\Pipeline->Illuminate\Routing\{closure}(Object(Illuminate\Http\Request))
#5 /var/www/html/Dev/ICNOW-DEV/vendor/laravel/framework/src/Illuminate/Foundation/Http/Kernel.php(151): Illuminate\Pipeline\Pipeline->then(Object(Closure))
#6 /var/www/html/Dev/ICNOW-DEV/vendor/laravel/framework/src/Illuminate/Foundation/Http/Kernel.php(116): Illuminate\Foundation\Http\Kernel->sendRequestThroughRouter(Object(Illuminate\Http\Request))
#7 /var/www/html/Dev/ICNOW-DEV/public/index.php(53): Illuminate\Foundation\Http\Kernel->handle(Object(Illuminate\Http\Request))
#8 {main}  
[2018-09-27 16:15:46] local.ERROR: ReflectionException: Class YellowProject\Http\Controllers\API\v1\FWD\FWDEncryptController does not exist in /var/www/html/Dev/ICNOW-DEV/vendor/laravel/framework/src/Illuminate/Container/Container.php:729
Stack trace:
#0 /var/www/html/Dev/ICNOW-DEV/vendor/laravel/framework/src/Illuminate/Container/Container.php(729): ReflectionClass->__construct('YellowProject\\H...')
#1 /var/www/html/Dev/ICNOW-DEV/vendor/laravel/framework/src/Illuminate/Container/Container.php(608): Illuminate\Container\Container->build('YellowProject\\H...')
#2 /var/www/html/Dev/ICNOW-DEV/vendor/laravel/framework/src/Illuminate/Container/Container.php(575): Illuminate\Container\Container->resolve('YellowProject\\H...')
#3 /var/www/html/Dev/ICNOW-DEV/vendor/laravel/framework/src/Illuminate/Foundation/Application.php(728): Illuminate\Container\Container->make('YellowProject\\H...')
#4 /var/www/html/Dev/ICNOW-DEV/vendor/laravel/framework/src/Illuminate/Routing/Route.php(217): Illuminate\Foundation\Application->make('YellowProject\\H...')
#5 /var/www/html/Dev/ICNOW-DEV/vendor/laravel/framework/src/Illuminate/Routing/Route.php(747): Illuminate\Routing\Route->getController()
#6 /var/www/html/Dev/ICNOW-DEV/vendor/laravel/framework/src/Illuminate/Routing/Route.php(708): Illuminate\Routing\Route->controllerMiddleware()
#7 /var/www/html/Dev/ICNOW-DEV/vendor/laravel/framework/src/Illuminate/Routing/Router.php(587): Illuminate\Routing\Route->gatherMiddleware()
#8 /var/www/html/Dev/ICNOW-DEV/vendor/barryvdh/laravel-cors/src/HandlePreflight.php(60): Illuminate\Routing\Router->gatherRouteMiddleware(Object(Illuminate\Routing\Route))
#9 /var/www/html/Dev/ICNOW-DEV/vendor/barryvdh/laravel-cors/src/HandlePreflight.php(31): Barryvdh\Cors\HandlePreflight->hasMatchingCorsRoute(Object(Illuminate\Http\Request))
#10 /var/www/html/Dev/ICNOW-DEV/vendor/laravel/framework/src/Illuminate/Pipeline/Pipeline.php(148): Barryvdh\Cors\HandlePreflight->handle(Object(Illuminate\Http\Request), Object(Closure))
#11 /var/www/html/Dev/ICNOW-DEV/vendor/laravel/framework/src/Illuminate/Routing/Pipeline.php(53): Illuminate\Pipeline\Pipeline->Illuminate\Pipeline\{closure}(Object(Illuminate\Http\Request))
#12 /var/www/html/Dev/ICNOW-DEV/vendor/laravel/framework/src/Illuminate/Pipeline/Pipeline.php(102): Illuminate\Routing\Pipeline->Illuminate\Routing\{closure}(Object(Illuminate\Http\Request))
#13 /var/www/html/Dev/ICNOW-DEV/vendor/laravel/framework/src/Illuminate/Foundation/Http/Kernel.php(151): Illuminate\Pipeline\Pipeline->then(Object(Closure))
#14 /var/www/html/Dev/ICNOW-DEV/vendor/laravel/framework/src/Illuminate/Foundation/Http/Kernel.php(116): Illuminate\Foundation\Http\Kernel->sendRequestThroughRouter(Object(Illuminate\Http\Request))
#15 /var/www/html/Dev/ICNOW-DEV/public/index.php(53): Illuminate\Foundation\Http\Kernel->handle(Object(Illuminate\Http\Request))
#16 {main}  
[2018-09-27 16:22:50] local.ERROR: ReflectionException: Class YellowProject\Http\Controllers\API\v1\FWD\FWDEncryptController does not exist in /var/www/html/Dev/ICNOW-DEV/vendor/laravel/framework/src/Illuminate/Container/Container.php:729
Stack trace:
#0 /var/www/html/Dev/ICNOW-DEV/vendor/laravel/framework/src/Illuminate/Container/Container.php(729): ReflectionClass->__construct('YellowProject\\H...')
#1 /var/www/html/Dev/ICNOW-DEV/vendor/laravel/framework/src/Illuminate/Container/Container.php(608): Illuminate\Container\Container->build('YellowProject\\H...')
#2 /var/www/html/Dev/ICNOW-DEV/vendor/laravel/framework/src/Illuminate/Container/Container.php(575): Illuminate\Container\Container->resolve('YellowProject\\H...')
#3 /var/www/html/Dev/ICNOW-DEV/vendor/laravel/framework/src/Illuminate/Foundation/Application.php(728): Illuminate\Container\Container->make('YellowProject\\H...')
#4 /var/www/html/Dev/ICNOW-DEV/vendor/laravel/framework/src/Illuminate/Routing/Route.php(217): Illuminate\Foundation\Application->make('YellowProject\\H...')
#5 /var/www/html/Dev/ICNOW-DEV/vendor/laravel/framework/src/Illuminate/Routing/Route.php(747): Illuminate\Routing\Route->getController()
#6 /var/www/html/Dev/ICNOW-DEV/vendor/laravel/framework/src/Illuminate/Routing/Route.php(708): Illuminate\Routing\Route->controllerMiddleware()
#7 /var/www/html/Dev/ICNOW-DEV/vendor/laravel/framework/src/Illuminate/Routing/Router.php(587): Illuminate\Routing\Route->gatherMiddleware()
#8 /var/www/html/Dev/ICNOW-DEV/vendor/barryvdh/laravel-cors/src/HandlePreflight.php(60): Illuminate\Routing\Router->gatherRouteMiddleware(Object(Illuminate\Routing\Route))
#9 /var/www/html/Dev/ICNOW-DEV/vendor/barryvdh/laravel-cors/src/HandlePreflight.php(31): Barryvdh\Cors\HandlePreflight->hasMatchingCorsRoute(Object(Illuminate\Http\Request))
#10 /var/www/html/Dev/ICNOW-DEV/vendor/laravel/framework/src/Illuminate/Pipeline/Pipeline.php(148): Barryvdh\Cors\HandlePreflight->handle(Object(Illuminate\Http\Request), Object(Closure))
#11 /var/www/html/Dev/ICNOW-DEV/vendor/laravel/framework/src/Illuminate/Routing/Pipeline.php(53): Illuminate\Pipeline\Pipeline->Illuminate\Pipeline\{closure}(Object(Illuminate\Http\Request))
#12 /var/www/html/Dev/ICNOW-DEV/vendor/laravel/framework/src/Illuminate/Pipeline/Pipeline.php(102): Illuminate\Routing\Pipeline->Illuminate\Routing\{closure}(Object(Illuminate\Http\Request))
#13 /var/www/html/Dev/ICNOW-DEV/vendor/laravel/framework/src/Illuminate/Foundation/Http/Kernel.php(151): Illuminate\Pipeline\Pipeline->then(Object(Closure))
#14 /var/www/html/Dev/ICNOW-DEV/vendor/laravel/framework/src/Illuminate/Foundation/Http/Kernel.php(116): Illuminate\Foundation\Http\Kernel->sendRequestThroughRouter(Object(Illuminate\Http\Request))
#15 /var/www/html/Dev/ICNOW-DEV/public/index.php(53): Illuminate\Foundation\Http\Kernel->handle(Object(Illuminate\Http\Request))
#16 {main}  
[2018-09-27 16:22:50] local.ERROR: ReflectionException: Class YellowProject\Http\Controllers\API\v1\FWD\FWDEncryptController does not exist in /var/www/html/Dev/ICNOW-DEV/vendor/laravel/framework/src/Illuminate/Container/Container.php:729
Stack trace:
#0 /var/www/html/Dev/ICNOW-DEV/vendor/laravel/framework/src/Illuminate/Container/Container.php(729): ReflectionClass->__construct('YellowProject\\H...')
#1 /var/www/html/Dev/ICNOW-DEV/vendor/laravel/framework/src/Illuminate/Container/Container.php(608): Illuminate\Container\Container->build('YellowProject\\H...')
#2 /var/www/html/Dev/ICNOW-DEV/vendor/laravel/framework/src/Illuminate/Container/Container.php(575): Illuminate\Container\Container->resolve('YellowProject\\H...')
#3 /var/www/html/Dev/ICNOW-DEV/vendor/laravel/framework/src/Illuminate/Foundation/Application.php(728): Illuminate\Container\Container->make('YellowProject\\H...')
#4 /var/www/html/Dev/ICNOW-DEV/vendor/laravel/framework/src/Illuminate/Routing/Route.php(217): Illuminate\Foundation\Application->make('YellowProject\\H...')
#5 /var/www/html/Dev/ICNOW-DEV/vendor/laravel/framework/src/Illuminate/Routing/Route.php(747): Illuminate\Routing\Route->getController()
#6 /var/www/html/Dev/ICNOW-DEV/vendor/laravel/framework/src/Illuminate/Routing/Route.php(708): Illuminate\Routing\Route->controllerMiddleware()
#7 /var/www/html/Dev/ICNOW-DEV/vendor/laravel/framework/src/Illuminate/Routing/Router.php(587): Illuminate\Routing\Route->gatherMiddleware()
#8 /var/www/html/Dev/ICNOW-DEV/vendor/barryvdh/laravel-cors/src/HandlePreflight.php(60): Illuminate\Routing\Router->gatherRouteMiddleware(Object(Illuminate\Routing\Route))
#9 /var/www/html/Dev/ICNOW-DEV/vendor/barryvdh/laravel-cors/src/HandlePreflight.php(31): Barryvdh\Cors\HandlePreflight->hasMatchingCorsRoute(Object(Illuminate\Http\Request))
#10 /var/www/html/Dev/ICNOW-DEV/vendor/laravel/framework/src/Illuminate/Pipeline/Pipeline.php(148): Barryvdh\Cors\HandlePreflight->handle(Object(Illuminate\Http\Request), Object(Closure))
#11 /var/www/html/Dev/ICNOW-DEV/vendor/laravel/framework/src/Illuminate/Routing/Pipeline.php(53): Illuminate\Pipeline\Pipeline->Illuminate\Pipeline\{closure}(Object(Illuminate\Http\Request))
#12 /var/www/html/Dev/ICNOW-DEV/vendor/laravel/framework/src/Illuminate/Pipeline/Pipeline.php(102): Illuminate\Routing\Pipeline->Illuminate\Routing\{closure}(Object(Illuminate\Http\Request))
#13 /var/www/html/Dev/ICNOW-DEV/vendor/laravel/framework/src/Illuminate/Foundation/Http/Kernel.php(151): Illuminate\Pipeline\Pipeline->then(Object(Closure))
#14 /var/www/html/Dev/ICNOW-DEV/vendor/laravel/framework/src/Illuminate/Foundation/Http/Kernel.php(116): Illuminate\Foundation\Http\Kernel->sendRequestThroughRouter(Object(Illuminate\Http\Request))
#15 /var/www/html/Dev/ICNOW-DEV/public/index.php(53): Illuminate\Foundation\Http\Kernel->handle(Object(Illuminate\Http\Request))
#16 {main}  
[2018-09-27 16:22:52] local.ERROR: Symfony\Component\HttpKernel\Exception\NotFoundHttpException in /var/www/html/Dev/ICNOW-DEV/vendor/laravel/framework/src/Illuminate/Routing/RouteCollection.php:179
Stack trace:
#0 /var/www/html/Dev/ICNOW-DEV/vendor/barryvdh/laravel-cors/src/HandlePreflight.php(57): Illuminate\Routing\RouteCollection->match(Object(Illuminate\Http\Request))
#1 /var/www/html/Dev/ICNOW-DEV/vendor/barryvdh/laravel-cors/src/HandlePreflight.php(31): Barryvdh\Cors\HandlePreflight->hasMatchingCorsRoute(Object(Illuminate\Http\Request))
#2 /var/www/html/Dev/ICNOW-DEV/vendor/laravel/framework/src/Illuminate/Pipeline/Pipeline.php(148): Barryvdh\Cors\HandlePreflight->handle(Object(Illuminate\Http\Request), Object(Closure))
#3 /var/www/html/Dev/ICNOW-DEV/vendor/laravel/framework/src/Illuminate/Routing/Pipeline.php(53): Illuminate\Pipeline\Pipeline->Illuminate\Pipeline\{closure}(Object(Illuminate\Http\Request))
#4 /var/www/html/Dev/ICNOW-DEV/vendor/laravel/framework/src/Illuminate/Pipeline/Pipeline.php(102): Illuminate\Routing\Pipeline->Illuminate\Routing\{closure}(Object(Illuminate\Http\Request))
#5 /var/www/html/Dev/ICNOW-DEV/vendor/laravel/framework/src/Illuminate/Foundation/Http/Kernel.php(151): Illuminate\Pipeline\Pipeline->then(Object(Closure))
#6 /var/www/html/Dev/ICNOW-DEV/vendor/laravel/framework/src/Illuminate/Foundation/Http/Kernel.php(116): Illuminate\Foundation\Http\Kernel->sendRequestThroughRouter(Object(Illuminate\Http\Request))
#7 /var/www/html/Dev/ICNOW-DEV/public/index.php(53): Illuminate\Foundation\Http\Kernel->handle(Object(Illuminate\Http\Request))
#8 {main}  
[2018-09-27 16:22:52] local.ERROR: Symfony\Component\HttpKernel\Exception\NotFoundHttpException in /var/www/html/Dev/ICNOW-DEV/vendor/laravel/framework/src/Illuminate/Routing/RouteCollection.php:179
Stack trace:
#0 /var/www/html/Dev/ICNOW-DEV/vendor/barryvdh/laravel-cors/src/HandlePreflight.php(57): Illuminate\Routing\RouteCollection->match(Object(Illuminate\Http\Request))
#1 /var/www/html/Dev/ICNOW-DEV/vendor/barryvdh/laravel-cors/src/HandlePreflight.php(31): Barryvdh\Cors\HandlePreflight->hasMatchingCorsRoute(Object(Illuminate\Http\Request))
#2 /var/www/html/Dev/ICNOW-DEV/vendor/laravel/framework/src/Illuminate/Pipeline/Pipeline.php(148): Barryvdh\Cors\HandlePreflight->handle(Object(Illuminate\Http\Request), Object(Closure))
#3 /var/www/html/Dev/ICNOW-DEV/vendor/laravel/framework/src/Illuminate/Routing/Pipeline.php(53): Illuminate\Pipeline\Pipeline->Illuminate\Pipeline\{closure}(Object(Illuminate\Http\Request))
#4 /var/www/html/Dev/ICNOW-DEV/vendor/laravel/framework/src/Illuminate/Pipeline/Pipeline.php(102): Illuminate\Routing\Pipeline->Illuminate\Routing\{closure}(Object(Illuminate\Http\Request))
#5 /var/www/html/Dev/ICNOW-DEV/vendor/laravel/framework/src/Illuminate/Foundation/Http/Kernel.php(151): Illuminate\Pipeline\Pipeline->then(Object(Closure))
#6 /var/www/html/Dev/ICNOW-DEV/vendor/laravel/framework/src/Illuminate/Foundation/Http/Kernel.php(116): Illuminate\Foundation\Http\Kernel->sendRequestThroughRouter(Object(Illuminate\Http\Request))
#7 /var/www/html/Dev/ICNOW-DEV/public/index.php(53): Illuminate\Foundation\Http\Kernel->handle(Object(Illuminate\Http\Request))
#8 {main}  
[2018-09-27 16:22:53] local.ERROR: Symfony\Component\HttpKernel\Exception\NotFoundHttpException in /var/www/html/Dev/ICNOW-DEV/vendor/laravel/framework/src/Illuminate/Routing/RouteCollection.php:179
Stack trace:
#0 /var/www/html/Dev/ICNOW-DEV/vendor/barryvdh/laravel-cors/src/HandlePreflight.php(57): Illuminate\Routing\RouteCollection->match(Object(Illuminate\Http\Request))
#1 /var/www/html/Dev/ICNOW-DEV/vendor/barryvdh/laravel-cors/src/HandlePreflight.php(31): Barryvdh\Cors\HandlePreflight->hasMatchingCorsRoute(Object(Illuminate\Http\Request))
#2 /var/www/html/Dev/ICNOW-DEV/vendor/laravel/framework/src/Illuminate/Pipeline/Pipeline.php(148): Barryvdh\Cors\HandlePreflight->handle(Object(Illuminate\Http\Request), Object(Closure))
#3 /var/www/html/Dev/ICNOW-DEV/vendor/laravel/framework/src/Illuminate/Routing/Pipeline.php(53): Illuminate\Pipeline\Pipeline->Illuminate\Pipeline\{closure}(Object(Illuminate\Http\Request))
#4 /var/www/html/Dev/ICNOW-DEV/vendor/laravel/framework/src/Illuminate/Pipeline/Pipeline.php(102): Illuminate\Routing\Pipeline->Illuminate\Routing\{closure}(Object(Illuminate\Http\Request))
#5 /var/www/html/Dev/ICNOW-DEV/vendor/laravel/framework/src/Illuminate/Foundation/Http/Kernel.php(151): Illuminate\Pipeline\Pipeline->then(Object(Closure))
#6 /var/www/html/Dev/ICNOW-DEV/vendor/laravel/framework/src/Illuminate/Foundation/Http/Kernel.php(116): Illuminate\Foundation\Http\Kernel->sendRequestThroughRouter(Object(Illuminate\Http\Request))
#7 /var/www/html/Dev/ICNOW-DEV/public/index.php(53): Illuminate\Foundation\Http\Kernel->handle(Object(Illuminate\Http\Request))
#8 {main}  
[2018-09-27 16:22:53] local.ERROR: Symfony\Component\HttpKernel\Exception\NotFoundHttpException in /var/www/html/Dev/ICNOW-DEV/vendor/laravel/framework/src/Illuminate/Routing/RouteCollection.php:179
Stack trace:
#0 /var/www/html/Dev/ICNOW-DEV/vendor/barryvdh/laravel-cors/src/HandlePreflight.php(57): Illuminate\Routing\RouteCollection->match(Object(Illuminate\Http\Request))
#1 /var/www/html/Dev/ICNOW-DEV/vendor/barryvdh/laravel-cors/src/HandlePreflight.php(31): Barryvdh\Cors\HandlePreflight->hasMatchingCorsRoute(Object(Illuminate\Http\Request))
#2 /var/www/html/Dev/ICNOW-DEV/vendor/laravel/framework/src/Illuminate/Pipeline/Pipeline.php(148): Barryvdh\Cors\HandlePreflight->handle(Object(Illuminate\Http\Request), Object(Closure))
#3 /var/www/html/Dev/ICNOW-DEV/vendor/laravel/framework/src/Illuminate/Routing/Pipeline.php(53): Illuminate\Pipeline\Pipeline->Illuminate\Pipeline\{closure}(Object(Illuminate\Http\Request))
#4 /var/www/html/Dev/ICNOW-DEV/vendor/laravel/framework/src/Illuminate/Pipeline/Pipeline.php(102): Illuminate\Routing\Pipeline->Illuminate\Routing\{closure}(Object(Illuminate\Http\Request))
#5 /var/www/html/Dev/ICNOW-DEV/vendor/laravel/framework/src/Illuminate/Foundation/Http/Kernel.php(151): Illuminate\Pipeline\Pipeline->then(Object(Closure))
#6 /var/www/html/Dev/ICNOW-DEV/vendor/laravel/framework/src/Illuminate/Foundation/Http/Kernel.php(116): Illuminate\Foundation\Http\Kernel->sendRequestThroughRouter(Object(Illuminate\Http\Request))
#7 /var/www/html/Dev/ICNOW-DEV/public/index.php(53): Illuminate\Foundation\Http\Kernel->handle(Object(Illuminate\Http\Request))
#8 {main}  
[2018-09-27 16:23:25] local.ERROR: Symfony\Component\HttpKernel\Exception\NotFoundHttpException in /var/www/html/Dev/ICNOW-DEV/vendor/laravel/framework/src/Illuminate/Routing/RouteCollection.php:179
Stack trace:
#0 /var/www/html/Dev/ICNOW-DEV/vendor/barryvdh/laravel-cors/src/HandlePreflight.php(57): Illuminate\Routing\RouteCollection->match(Object(Illuminate\Http\Request))
#1 /var/www/html/Dev/ICNOW-DEV/vendor/barryvdh/laravel-cors/src/HandlePreflight.php(31): Barryvdh\Cors\HandlePreflight->hasMatchingCorsRoute(Object(Illuminate\Http\Request))
#2 /var/www/html/Dev/ICNOW-DEV/vendor/laravel/framework/src/Illuminate/Pipeline/Pipeline.php(148): Barryvdh\Cors\HandlePreflight->handle(Object(Illuminate\Http\Request), Object(Closure))
#3 /var/www/html/Dev/ICNOW-DEV/vendor/laravel/framework/src/Illuminate/Routing/Pipeline.php(53): Illuminate\Pipeline\Pipeline->Illuminate\Pipeline\{closure}(Object(Illuminate\Http\Request))
#4 /var/www/html/Dev/ICNOW-DEV/vendor/laravel/framework/src/Illuminate/Pipeline/Pipeline.php(102): Illuminate\Routing\Pipeline->Illuminate\Routing\{closure}(Object(Illuminate\Http\Request))
#5 /var/www/html/Dev/ICNOW-DEV/vendor/laravel/framework/src/Illuminate/Foundation/Http/Kernel.php(151): Illuminate\Pipeline\Pipeline->then(Object(Closure))
#6 /var/www/html/Dev/ICNOW-DEV/vendor/laravel/framework/src/Illuminate/Foundation/Http/Kernel.php(116): Illuminate\Foundation\Http\Kernel->sendRequestThroughRouter(Object(Illuminate\Http\Request))
#7 /var/www/html/Dev/ICNOW-DEV/public/index.php(53): Illuminate\Foundation\Http\Kernel->handle(Object(Illuminate\Http\Request))
#8 {main}  
[2018-09-27 16:23:25] local.ERROR: Symfony\Component\HttpKernel\Exception\NotFoundHttpException in /var/www/html/Dev/ICNOW-DEV/vendor/laravel/framework/src/Illuminate/Routing/RouteCollection.php:179
Stack trace:
#0 /var/www/html/Dev/ICNOW-DEV/vendor/barryvdh/laravel-cors/src/HandlePreflight.php(57): Illuminate\Routing\RouteCollection->match(Object(Illuminate\Http\Request))
#1 /var/www/html/Dev/ICNOW-DEV/vendor/barryvdh/laravel-cors/src/HandlePreflight.php(31): Barryvdh\Cors\HandlePreflight->hasMatchingCorsRoute(Object(Illuminate\Http\Request))
#2 /var/www/html/Dev/ICNOW-DEV/vendor/laravel/framework/src/Illuminate/Pipeline/Pipeline.php(148): Barryvdh\Cors\HandlePreflight->handle(Object(Illuminate\Http\Request), Object(Closure))
#3 /var/www/html/Dev/ICNOW-DEV/vendor/laravel/framework/src/Illuminate/Routing/Pipeline.php(53): Illuminate\Pipeline\Pipeline->Illuminate\Pipeline\{closure}(Object(Illuminate\Http\Request))
#4 /var/www/html/Dev/ICNOW-DEV/vendor/laravel/framework/src/Illuminate/Pipeline/Pipeline.php(102): Illuminate\Routing\Pipeline->Illuminate\Routing\{closure}(Object(Illuminate\Http\Request))
#5 /var/www/html/Dev/ICNOW-DEV/vendor/laravel/framework/src/Illuminate/Foundation/Http/Kernel.php(151): Illuminate\Pipeline\Pipeline->then(Object(Closure))
#6 /var/www/html/Dev/ICNOW-DEV/vendor/laravel/framework/src/Illuminate/Foundation/Http/Kernel.php(116): Illuminate\Foundation\Http\Kernel->sendRequestThroughRouter(Object(Illuminate\Http\Request))
#7 /var/www/html/Dev/ICNOW-DEV/public/index.php(53): Illuminate\Foundation\Http\Kernel->handle(Object(Illuminate\Http\Request))
#8 {main}  
[2018-09-27 16:23:26] local.ERROR: Symfony\Component\HttpKernel\Exception\NotFoundHttpException in /var/www/html/Dev/ICNOW-DEV/vendor/laravel/framework/src/Illuminate/Routing/RouteCollection.php:179
Stack trace:
#0 /var/www/html/Dev/ICNOW-DEV/vendor/barryvdh/laravel-cors/src/HandlePreflight.php(57): Illuminate\Routing\RouteCollection->match(Object(Illuminate\Http\Request))
#1 /var/www/html/Dev/ICNOW-DEV/vendor/barryvdh/laravel-cors/src/HandlePreflight.php(31): Barryvdh\Cors\HandlePreflight->hasMatchingCorsRoute(Object(Illuminate\Http\Request))
#2 /var/www/html/Dev/ICNOW-DEV/vendor/laravel/framework/src/Illuminate/Pipeline/Pipeline.php(148): Barryvdh\Cors\HandlePreflight->handle(Object(Illuminate\Http\Request), Object(Closure))
#3 /var/www/html/Dev/ICNOW-DEV/vendor/laravel/framework/src/Illuminate/Routing/Pipeline.php(53): Illuminate\Pipeline\Pipeline->Illuminate\Pipeline\{closure}(Object(Illuminate\Http\Request))
#4 /var/www/html/Dev/ICNOW-DEV/vendor/laravel/framework/src/Illuminate/Pipeline/Pipeline.php(102): Illuminate\Routing\Pipeline->Illuminate\Routing\{closure}(Object(Illuminate\Http\Request))
#5 /var/www/html/Dev/ICNOW-DEV/vendor/laravel/framework/src/Illuminate/Foundation/Http/Kernel.php(151): Illuminate\Pipeline\Pipeline->then(Object(Closure))
#6 /var/www/html/Dev/ICNOW-DEV/vendor/laravel/framework/src/Illuminate/Foundation/Http/Kernel.php(116): Illuminate\Foundation\Http\Kernel->sendRequestThroughRouter(Object(Illuminate\Http\Request))
#7 /var/www/html/Dev/ICNOW-DEV/public/index.php(53): Illuminate\Foundation\Http\Kernel->handle(Object(Illuminate\Http\Request))
#8 {main}  
[2018-09-27 16:23:26] local.ERROR: Symfony\Component\HttpKernel\Exception\NotFoundHttpException in /var/www/html/Dev/ICNOW-DEV/vendor/laravel/framework/src/Illuminate/Routing/RouteCollection.php:179
Stack trace:
#0 /var/www/html/Dev/ICNOW-DEV/vendor/barryvdh/laravel-cors/src/HandlePreflight.php(57): Illuminate\Routing\RouteCollection->match(Object(Illuminate\Http\Request))
#1 /var/www/html/Dev/ICNOW-DEV/vendor/barryvdh/laravel-cors/src/HandlePreflight.php(31): Barryvdh\Cors\HandlePreflight->hasMatchingCorsRoute(Object(Illuminate\Http\Request))
#2 /var/www/html/Dev/ICNOW-DEV/vendor/laravel/framework/src/Illuminate/Pipeline/Pipeline.php(148): Barryvdh\Cors\HandlePreflight->handle(Object(Illuminate\Http\Request), Object(Closure))
#3 /var/www/html/Dev/ICNOW-DEV/vendor/laravel/framework/src/Illuminate/Routing/Pipeline.php(53): Illuminate\Pipeline\Pipeline->Illuminate\Pipeline\{closure}(Object(Illuminate\Http\Request))
#4 /var/www/html/Dev/ICNOW-DEV/vendor/laravel/framework/src/Illuminate/Pipeline/Pipeline.php(102): Illuminate\Routing\Pipeline->Illuminate\Routing\{closure}(Object(Illuminate\Http\Request))
#5 /var/www/html/Dev/ICNOW-DEV/vendor/laravel/framework/src/Illuminate/Foundation/Http/Kernel.php(151): Illuminate\Pipeline\Pipeline->then(Object(Closure))
#6 /var/www/html/Dev/ICNOW-DEV/vendor/laravel/framework/src/Illuminate/Foundation/Http/Kernel.php(116): Illuminate\Foundation\Http\Kernel->sendRequestThroughRouter(Object(Illuminate\Http\Request))
#7 /var/www/html/Dev/ICNOW-DEV/public/index.php(53): Illuminate\Foundation\Http\Kernel->handle(Object(Illuminate\Http\Request))
#8 {main}  
[2018-09-27 16:25:28] local.ERROR: Symfony\Component\HttpKernel\Exception\NotFoundHttpException in /var/www/html/Dev/ICNOW-DEV/vendor/laravel/framework/src/Illuminate/Routing/RouteCollection.php:179
Stack trace:
#0 /var/www/html/Dev/ICNOW-DEV/vendor/barryvdh/laravel-cors/src/HandlePreflight.php(57): Illuminate\Routing\RouteCollection->match(Object(Illuminate\Http\Request))
#1 /var/www/html/Dev/ICNOW-DEV/vendor/barryvdh/laravel-cors/src/HandlePreflight.php(31): Barryvdh\Cors\HandlePreflight->hasMatchingCorsRoute(Object(Illuminate\Http\Request))
#2 /var/www/html/Dev/ICNOW-DEV/vendor/laravel/framework/src/Illuminate/Pipeline/Pipeline.php(148): Barryvdh\Cors\HandlePreflight->handle(Object(Illuminate\Http\Request), Object(Closure))
#3 /var/www/html/Dev/ICNOW-DEV/vendor/laravel/framework/src/Illuminate/Routing/Pipeline.php(53): Illuminate\Pipeline\Pipeline->Illuminate\Pipeline\{closure}(Object(Illuminate\Http\Request))
#4 /var/www/html/Dev/ICNOW-DEV/vendor/laravel/framework/src/Illuminate/Pipeline/Pipeline.php(102): Illuminate\Routing\Pipeline->Illuminate\Routing\{closure}(Object(Illuminate\Http\Request))
#5 /var/www/html/Dev/ICNOW-DEV/vendor/laravel/framework/src/Illuminate/Foundation/Http/Kernel.php(151): Illuminate\Pipeline\Pipeline->then(Object(Closure))
#6 /var/www/html/Dev/ICNOW-DEV/vendor/laravel/framework/src/Illuminate/Foundation/Http/Kernel.php(116): Illuminate\Foundation\Http\Kernel->sendRequestThroughRouter(Object(Illuminate\Http\Request))
#7 /var/www/html/Dev/ICNOW-DEV/public/index.php(53): Illuminate\Foundation\Http\Kernel->handle(Object(Illuminate\Http\Request))
#8 {main}  
[2018-09-27 16:25:28] local.ERROR: Symfony\Component\HttpKernel\Exception\NotFoundHttpException in /var/www/html/Dev/ICNOW-DEV/vendor/laravel/framework/src/Illuminate/Routing/RouteCollection.php:179
Stack trace:
#0 /var/www/html/Dev/ICNOW-DEV/vendor/barryvdh/laravel-cors/src/HandlePreflight.php(57): Illuminate\Routing\RouteCollection->match(Object(Illuminate\Http\Request))
#1 /var/www/html/Dev/ICNOW-DEV/vendor/barryvdh/laravel-cors/src/HandlePreflight.php(31): Barryvdh\Cors\HandlePreflight->hasMatchingCorsRoute(Object(Illuminate\Http\Request))
#2 /var/www/html/Dev/ICNOW-DEV/vendor/laravel/framework/src/Illuminate/Pipeline/Pipeline.php(148): Barryvdh\Cors\HandlePreflight->handle(Object(Illuminate\Http\Request), Object(Closure))
#3 /var/www/html/Dev/ICNOW-DEV/vendor/laravel/framework/src/Illuminate/Routing/Pipeline.php(53): Illuminate\Pipeline\Pipeline->Illuminate\Pipeline\{closure}(Object(Illuminate\Http\Request))
#4 /var/www/html/Dev/ICNOW-DEV/vendor/laravel/framework/src/Illuminate/Pipeline/Pipeline.php(102): Illuminate\Routing\Pipeline->Illuminate\Routing\{closure}(Object(Illuminate\Http\Request))
#5 /var/www/html/Dev/ICNOW-DEV/vendor/laravel/framework/src/Illuminate/Foundation/Http/Kernel.php(151): Illuminate\Pipeline\Pipeline->then(Object(Closure))
#6 /var/www/html/Dev/ICNOW-DEV/vendor/laravel/framework/src/Illuminate/Foundation/Http/Kernel.php(116): Illuminate\Foundation\Http\Kernel->sendRequestThroughRouter(Object(Illuminate\Http\Request))
#7 /var/www/html/Dev/ICNOW-DEV/public/index.php(53): Illuminate\Foundation\Http\Kernel->handle(Object(Illuminate\Http\Request))
#8 {main}  
[2018-09-27 16:25:28] local.ERROR: Symfony\Component\HttpKernel\Exception\NotFoundHttpException in /var/www/html/Dev/ICNOW-DEV/vendor/laravel/framework/src/Illuminate/Routing/RouteCollection.php:179
Stack trace:
#0 /var/www/html/Dev/ICNOW-DEV/vendor/barryvdh/laravel-cors/src/HandlePreflight.php(57): Illuminate\Routing\RouteCollection->match(Object(Illuminate\Http\Request))
#1 /var/www/html/Dev/ICNOW-DEV/vendor/barryvdh/laravel-cors/src/HandlePreflight.php(31): Barryvdh\Cors\HandlePreflight->hasMatchingCorsRoute(Object(Illuminate\Http\Request))
#2 /var/www/html/Dev/ICNOW-DEV/vendor/laravel/framework/src/Illuminate/Pipeline/Pipeline.php(148): Barryvdh\Cors\HandlePreflight->handle(Object(Illuminate\Http\Request), Object(Closure))
#3 /var/www/html/Dev/ICNOW-DEV/vendor/laravel/framework/src/Illuminate/Routing/Pipeline.php(53): Illuminate\Pipeline\Pipeline->Illuminate\Pipeline\{closure}(Object(Illuminate\Http\Request))
#4 /var/www/html/Dev/ICNOW-DEV/vendor/laravel/framework/src/Illuminate/Pipeline/Pipeline.php(102): Illuminate\Routing\Pipeline->Illuminate\Routing\{closure}(Object(Illuminate\Http\Request))
#5 /var/www/html/Dev/ICNOW-DEV/vendor/laravel/framework/src/Illuminate/Foundation/Http/Kernel.php(151): Illuminate\Pipeline\Pipeline->then(Object(Closure))
#6 /var/www/html/Dev/ICNOW-DEV/vendor/laravel/framework/src/Illuminate/Foundation/Http/Kernel.php(116): Illuminate\Foundation\Http\Kernel->sendRequestThroughRouter(Object(Illuminate\Http\Request))
#7 /var/www/html/Dev/ICNOW-DEV/public/index.php(53): Illuminate\Foundation\Http\Kernel->handle(Object(Illuminate\Http\Request))
#8 {main}  
[2018-09-27 16:25:28] local.ERROR: Symfony\Component\HttpKernel\Exception\NotFoundHttpException in /var/www/html/Dev/ICNOW-DEV/vendor/laravel/framework/src/Illuminate/Routing/RouteCollection.php:179
Stack trace:
#0 /var/www/html/Dev/ICNOW-DEV/vendor/barryvdh/laravel-cors/src/HandlePreflight.php(57): Illuminate\Routing\RouteCollection->match(Object(Illuminate\Http\Request))
#1 /var/www/html/Dev/ICNOW-DEV/vendor/barryvdh/laravel-cors/src/HandlePreflight.php(31): Barryvdh\Cors\HandlePreflight->hasMatchingCorsRoute(Object(Illuminate\Http\Request))
#2 /var/www/html/Dev/ICNOW-DEV/vendor/laravel/framework/src/Illuminate/Pipeline/Pipeline.php(148): Barryvdh\Cors\HandlePreflight->handle(Object(Illuminate\Http\Request), Object(Closure))
#3 /var/www/html/Dev/ICNOW-DEV/vendor/laravel/framework/src/Illuminate/Routing/Pipeline.php(53): Illuminate\Pipeline\Pipeline->Illuminate\Pipeline\{closure}(Object(Illuminate\Http\Request))
#4 /var/www/html/Dev/ICNOW-DEV/vendor/laravel/framework/src/Illuminate/Pipeline/Pipeline.php(102): Illuminate\Routing\Pipeline->Illuminate\Routing\{closure}(Object(Illuminate\Http\Request))
#5 /var/www/html/Dev/ICNOW-DEV/vendor/laravel/framework/src/Illuminate/Foundation/Http/Kernel.php(151): Illuminate\Pipeline\Pipeline->then(Object(Closure))
#6 /var/www/html/Dev/ICNOW-DEV/vendor/laravel/framework/src/Illuminate/Foundation/Http/Kernel.php(116): Illuminate\Foundation\Http\Kernel->sendRequestThroughRouter(Object(Illuminate\Http\Request))
#7 /var/www/html/Dev/ICNOW-DEV/public/index.php(53): Illuminate\Foundation\Http\Kernel->handle(Object(Illuminate\Http\Request))
#8 {main}  
[2018-09-27 16:25:34] local.ERROR: ReflectionException: Class YellowProject\Http\Controllers\API\v1\FWD\FWDEncryptController does not exist in /var/www/html/Dev/ICNOW-DEV/vendor/laravel/framework/src/Illuminate/Container/Container.php:729
Stack trace:
#0 /var/www/html/Dev/ICNOW-DEV/vendor/laravel/framework/src/Illuminate/Container/Container.php(729): ReflectionClass->__construct('YellowProject\\H...')
#1 /var/www/html/Dev/ICNOW-DEV/vendor/laravel/framework/src/Illuminate/Container/Container.php(608): Illuminate\Container\Container->build('YellowProject\\H...')
#2 /var/www/html/Dev/ICNOW-DEV/vendor/laravel/framework/src/Illuminate/Container/Container.php(575): Illuminate\Container\Container->resolve('YellowProject\\H...')
#3 /var/www/html/Dev/ICNOW-DEV/vendor/laravel/framework/src/Illuminate/Foundation/Application.php(728): Illuminate\Container\Container->make('YellowProject\\H...')
#4 /var/www/html/Dev/ICNOW-DEV/vendor/laravel/framework/src/Illuminate/Routing/Route.php(217): Illuminate\Foundation\Application->make('YellowProject\\H...')
#5 /var/www/html/Dev/ICNOW-DEV/vendor/laravel/framework/src/Illuminate/Routing/Route.php(747): Illuminate\Routing\Route->getController()
#6 /var/www/html/Dev/ICNOW-DEV/vendor/laravel/framework/src/Illuminate/Routing/Route.php(708): Illuminate\Routing\Route->controllerMiddleware()
#7 /var/www/html/Dev/ICNOW-DEV/vendor/laravel/framework/src/Illuminate/Routing/Router.php(587): Illuminate\Routing\Route->gatherMiddleware()
#8 /var/www/html/Dev/ICNOW-DEV/vendor/barryvdh/laravel-cors/src/HandlePreflight.php(60): Illuminate\Routing\Router->gatherRouteMiddleware(Object(Illuminate\Routing\Route))
#9 /var/www/html/Dev/ICNOW-DEV/vendor/barryvdh/laravel-cors/src/HandlePreflight.php(31): Barryvdh\Cors\HandlePreflight->hasMatchingCorsRoute(Object(Illuminate\Http\Request))
#10 /var/www/html/Dev/ICNOW-DEV/vendor/laravel/framework/src/Illuminate/Pipeline/Pipeline.php(148): Barryvdh\Cors\HandlePreflight->handle(Object(Illuminate\Http\Request), Object(Closure))
#11 /var/www/html/Dev/ICNOW-DEV/vendor/laravel/framework/src/Illuminate/Routing/Pipeline.php(53): Illuminate\Pipeline\Pipeline->Illuminate\Pipeline\{closure}(Object(Illuminate\Http\Request))
#12 /var/www/html/Dev/ICNOW-DEV/vendor/laravel/framework/src/Illuminate/Pipeline/Pipeline.php(102): Illuminate\Routing\Pipeline->Illuminate\Routing\{closure}(Object(Illuminate\Http\Request))
#13 /var/www/html/Dev/ICNOW-DEV/vendor/laravel/framework/src/Illuminate/Foundation/Http/Kernel.php(151): Illuminate\Pipeline\Pipeline->then(Object(Closure))
#14 /var/www/html/Dev/ICNOW-DEV/vendor/laravel/framework/src/Illuminate/Foundation/Http/Kernel.php(116): Illuminate\Foundation\Http\Kernel->sendRequestThroughRouter(Object(Illuminate\Http\Request))
#15 /var/www/html/Dev/ICNOW-DEV/public/index.php(53): Illuminate\Foundation\Http\Kernel->handle(Object(Illuminate\Http\Request))
#16 {main}  
[2018-09-27 16:25:34] local.ERROR: ReflectionException: Class YellowProject\Http\Controllers\API\v1\FWD\FWDEncryptController does not exist in /var/www/html/Dev/ICNOW-DEV/vendor/laravel/framework/src/Illuminate/Container/Container.php:729
Stack trace:
#0 /var/www/html/Dev/ICNOW-DEV/vendor/laravel/framework/src/Illuminate/Container/Container.php(729): ReflectionClass->__construct('YellowProject\\H...')
#1 /var/www/html/Dev/ICNOW-DEV/vendor/laravel/framework/src/Illuminate/Container/Container.php(608): Illuminate\Container\Container->build('YellowProject\\H...')
#2 /var/www/html/Dev/ICNOW-DEV/vendor/laravel/framework/src/Illuminate/Container/Container.php(575): Illuminate\Container\Container->resolve('YellowProject\\H...')
#3 /var/www/html/Dev/ICNOW-DEV/vendor/laravel/framework/src/Illuminate/Foundation/Application.php(728): Illuminate\Container\Container->make('YellowProject\\H...')
#4 /var/www/html/Dev/ICNOW-DEV/vendor/laravel/framework/src/Illuminate/Routing/Route.php(217): Illuminate\Foundation\Application->make('YellowProject\\H...')
#5 /var/www/html/Dev/ICNOW-DEV/vendor/laravel/framework/src/Illuminate/Routing/Route.php(747): Illuminate\Routing\Route->getController()
#6 /var/www/html/Dev/ICNOW-DEV/vendor/laravel/framework/src/Illuminate/Routing/Route.php(708): Illuminate\Routing\Route->controllerMiddleware()
#7 /var/www/html/Dev/ICNOW-DEV/vendor/laravel/framework/src/Illuminate/Routing/Router.php(587): Illuminate\Routing\Route->gatherMiddleware()
#8 /var/www/html/Dev/ICNOW-DEV/vendor/barryvdh/laravel-cors/src/HandlePreflight.php(60): Illuminate\Routing\Router->gatherRouteMiddleware(Object(Illuminate\Routing\Route))
#9 /var/www/html/Dev/ICNOW-DEV/vendor/barryvdh/laravel-cors/src/HandlePreflight.php(31): Barryvdh\Cors\HandlePreflight->hasMatchingCorsRoute(Object(Illuminate\Http\Request))
#10 /var/www/html/Dev/ICNOW-DEV/vendor/laravel/framework/src/Illuminate/Pipeline/Pipeline.php(148): Barryvdh\Cors\HandlePreflight->handle(Object(Illuminate\Http\Request), Object(Closure))
#11 /var/www/html/Dev/ICNOW-DEV/vendor/laravel/framework/src/Illuminate/Routing/Pipeline.php(53): Illuminate\Pipeline\Pipeline->Illuminate\Pipeline\{closure}(Object(Illuminate\Http\Request))
#12 /var/www/html/Dev/ICNOW-DEV/vendor/laravel/framework/src/Illuminate/Pipeline/Pipeline.php(102): Illuminate\Routing\Pipeline->Illuminate\Routing\{closure}(Object(Illuminate\Http\Request))
#13 /var/www/html/Dev/ICNOW-DEV/vendor/laravel/framework/src/Illuminate/Foundation/Http/Kernel.php(151): Illuminate\Pipeline\Pipeline->then(Object(Closure))
#14 /var/www/html/Dev/ICNOW-DEV/vendor/laravel/framework/src/Illuminate/Foundation/Http/Kernel.php(116): Illuminate\Foundation\Http\Kernel->sendRequestThroughRouter(Object(Illuminate\Http\Request))
#15 /var/www/html/Dev/ICNOW-DEV/public/index.php(53): Illuminate\Foundation\Http\Kernel->handle(Object(Illuminate\Http\Request))
#16 {main}  
[2018-09-27 16:34:55] local.ERROR: ReflectionException: Class YellowProject\Http\Controllers\API\v1\FWD\FWDEncryptController does not exist in /var/www/html/Dev/ICNOW-DEV/vendor/laravel/framework/src/Illuminate/Container/Container.php:729
Stack trace:
#0 /var/www/html/Dev/ICNOW-DEV/vendor/laravel/framework/src/Illuminate/Container/Container.php(729): ReflectionClass->__construct('YellowProject\\H...')
#1 /var/www/html/Dev/ICNOW-DEV/vendor/laravel/framework/src/Illuminate/Container/Container.php(608): Illuminate\Container\Container->build('YellowProject\\H...')
#2 /var/www/html/Dev/ICNOW-DEV/vendor/laravel/framework/src/Illuminate/Container/Container.php(575): Illuminate\Container\Container->resolve('YellowProject\\H...')
#3 /var/www/html/Dev/ICNOW-DEV/vendor/laravel/framework/src/Illuminate/Foundation/Application.php(728): Illuminate\Container\Container->make('YellowProject\\H...')
#4 /var/www/html/Dev/ICNOW-DEV/vendor/laravel/framework/src/Illuminate/Routing/Route.php(217): Illuminate\Foundation\Application->make('YellowProject\\H...')
#5 /var/www/html/Dev/ICNOW-DEV/vendor/laravel/framework/src/Illuminate/Routing/Route.php(747): Illuminate\Routing\Route->getController()
#6 /var/www/html/Dev/ICNOW-DEV/vendor/laravel/framework/src/Illuminate/Routing/Route.php(708): Illuminate\Routing\Route->controllerMiddleware()
#7 /var/www/html/Dev/ICNOW-DEV/vendor/laravel/framework/src/Illuminate/Routing/Router.php(587): Illuminate\Routing\Route->gatherMiddleware()
#8 /var/www/html/Dev/ICNOW-DEV/vendor/barryvdh/laravel-cors/src/HandlePreflight.php(60): Illuminate\Routing\Router->gatherRouteMiddleware(Object(Illuminate\Routing\Route))
#9 /var/www/html/Dev/ICNOW-DEV/vendor/barryvdh/laravel-cors/src/HandlePreflight.php(31): Barryvdh\Cors\HandlePreflight->hasMatchingCorsRoute(Object(Illuminate\Http\Request))
#10 /var/www/html/Dev/ICNOW-DEV/vendor/laravel/framework/src/Illuminate/Pipeline/Pipeline.php(148): Barryvdh\Cors\HandlePreflight->handle(Object(Illuminate\Http\Request), Object(Closure))
#11 /var/www/html/Dev/ICNOW-DEV/vendor/laravel/framework/src/Illuminate/Routing/Pipeline.php(53): Illuminate\Pipeline\Pipeline->Illuminate\Pipeline\{closure}(Object(Illuminate\Http\Request))
#12 /var/www/html/Dev/ICNOW-DEV/vendor/laravel/framework/src/Illuminate/Pipeline/Pipeline.php(102): Illuminate\Routing\Pipeline->Illuminate\Routing\{closure}(Object(Illuminate\Http\Request))
#13 /var/www/html/Dev/ICNOW-DEV/vendor/laravel/framework/src/Illuminate/Foundation/Http/Kernel.php(151): Illuminate\Pipeline\Pipeline->then(Object(Closure))
#14 /var/www/html/Dev/ICNOW-DEV/vendor/laravel/framework/src/Illuminate/Foundation/Http/Kernel.php(116): Illuminate\Foundation\Http\Kernel->sendRequestThroughRouter(Object(Illuminate\Http\Request))
#15 /var/www/html/Dev/ICNOW-DEV/public/index.php(53): Illuminate\Foundation\Http\Kernel->handle(Object(Illuminate\Http\Request))
#16 {main}  
[2018-09-27 16:34:56] local.ERROR: ReflectionException: Class YellowProject\Http\Controllers\API\v1\FWD\FWDEncryptController does not exist in /var/www/html/Dev/ICNOW-DEV/vendor/laravel/framework/src/Illuminate/Container/Container.php:729
Stack trace:
#0 /var/www/html/Dev/ICNOW-DEV/vendor/laravel/framework/src/Illuminate/Container/Container.php(729): ReflectionClass->__construct('YellowProject\\H...')
#1 /var/www/html/Dev/ICNOW-DEV/vendor/laravel/framework/src/Illuminate/Container/Container.php(608): Illuminate\Container\Container->build('YellowProject\\H...')
#2 /var/www/html/Dev/ICNOW-DEV/vendor/laravel/framework/src/Illuminate/Container/Container.php(575): Illuminate\Container\Container->resolve('YellowProject\\H...')
#3 /var/www/html/Dev/ICNOW-DEV/vendor/laravel/framework/src/Illuminate/Foundation/Application.php(728): Illuminate\Container\Container->make('YellowProject\\H...')
#4 /var/www/html/Dev/ICNOW-DEV/vendor/laravel/framework/src/Illuminate/Routing/Route.php(217): Illuminate\Foundation\Application->make('YellowProject\\H...')
#5 /var/www/html/Dev/ICNOW-DEV/vendor/laravel/framework/src/Illuminate/Routing/Route.php(747): Illuminate\Routing\Route->getController()
#6 /var/www/html/Dev/ICNOW-DEV/vendor/laravel/framework/src/Illuminate/Routing/Route.php(708): Illuminate\Routing\Route->controllerMiddleware()
#7 /var/www/html/Dev/ICNOW-DEV/vendor/laravel/framework/src/Illuminate/Routing/Router.php(587): Illuminate\Routing\Route->gatherMiddleware()
#8 /var/www/html/Dev/ICNOW-DEV/vendor/barryvdh/laravel-cors/src/HandlePreflight.php(60): Illuminate\Routing\Router->gatherRouteMiddleware(Object(Illuminate\Routing\Route))
#9 /var/www/html/Dev/ICNOW-DEV/vendor/barryvdh/laravel-cors/src/HandlePreflight.php(31): Barryvdh\Cors\HandlePreflight->hasMatchingCorsRoute(Object(Illuminate\Http\Request))
#10 /var/www/html/Dev/ICNOW-DEV/vendor/laravel/framework/src/Illuminate/Pipeline/Pipeline.php(148): Barryvdh\Cors\HandlePreflight->handle(Object(Illuminate\Http\Request), Object(Closure))
#11 /var/www/html/Dev/ICNOW-DEV/vendor/laravel/framework/src/Illuminate/Routing/Pipeline.php(53): Illuminate\Pipeline\Pipeline->Illuminate\Pipeline\{closure}(Object(Illuminate\Http\Request))
#12 /var/www/html/Dev/ICNOW-DEV/vendor/laravel/framework/src/Illuminate/Pipeline/Pipeline.php(102): Illuminate\Routing\Pipeline->Illuminate\Routing\{closure}(Object(Illuminate\Http\Request))
#13 /var/www/html/Dev/ICNOW-DEV/vendor/laravel/framework/src/Illuminate/Foundation/Http/Kernel.php(151): Illuminate\Pipeline\Pipeline->then(Object(Closure))
#14 /var/www/html/Dev/ICNOW-DEV/vendor/laravel/framework/src/Illuminate/Foundation/Http/Kernel.php(116): Illuminate\Foundation\Http\Kernel->sendRequestThroughRouter(Object(Illuminate\Http\Request))
#15 /var/www/html/Dev/ICNOW-DEV/public/index.php(53): Illuminate\Foundation\Http\Kernel->handle(Object(Illuminate\Http\Request))
#16 {main}  
[2018-09-27 16:34:58] local.ERROR: Symfony\Component\HttpKernel\Exception\NotFoundHttpException in /var/www/html/Dev/ICNOW-DEV/vendor/laravel/framework/src/Illuminate/Routing/RouteCollection.php:179
Stack trace:
#0 /var/www/html/Dev/ICNOW-DEV/vendor/barryvdh/laravel-cors/src/HandlePreflight.php(57): Illuminate\Routing\RouteCollection->match(Object(Illuminate\Http\Request))
#1 /var/www/html/Dev/ICNOW-DEV/vendor/barryvdh/laravel-cors/src/HandlePreflight.php(31): Barryvdh\Cors\HandlePreflight->hasMatchingCorsRoute(Object(Illuminate\Http\Request))
#2 /var/www/html/Dev/ICNOW-DEV/vendor/laravel/framework/src/Illuminate/Pipeline/Pipeline.php(148): Barryvdh\Cors\HandlePreflight->handle(Object(Illuminate\Http\Request), Object(Closure))
#3 /var/www/html/Dev/ICNOW-DEV/vendor/laravel/framework/src/Illuminate/Routing/Pipeline.php(53): Illuminate\Pipeline\Pipeline->Illuminate\Pipeline\{closure}(Object(Illuminate\Http\Request))
#4 /var/www/html/Dev/ICNOW-DEV/vendor/laravel/framework/src/Illuminate/Pipeline/Pipeline.php(102): Illuminate\Routing\Pipeline->Illuminate\Routing\{closure}(Object(Illuminate\Http\Request))
#5 /var/www/html/Dev/ICNOW-DEV/vendor/laravel/framework/src/Illuminate/Foundation/Http/Kernel.php(151): Illuminate\Pipeline\Pipeline->then(Object(Closure))
#6 /var/www/html/Dev/ICNOW-DEV/vendor/laravel/framework/src/Illuminate/Foundation/Http/Kernel.php(116): Illuminate\Foundation\Http\Kernel->sendRequestThroughRouter(Object(Illuminate\Http\Request))
#7 /var/www/html/Dev/ICNOW-DEV/public/index.php(53): Illuminate\Foundation\Http\Kernel->handle(Object(Illuminate\Http\Request))
#8 {main}  
[2018-09-27 16:34:58] local.ERROR: Symfony\Component\HttpKernel\Exception\NotFoundHttpException in /var/www/html/Dev/ICNOW-DEV/vendor/laravel/framework/src/Illuminate/Routing/RouteCollection.php:179
Stack trace:
#0 /var/www/html/Dev/ICNOW-DEV/vendor/barryvdh/laravel-cors/src/HandlePreflight.php(57): Illuminate\Routing\RouteCollection->match(Object(Illuminate\Http\Request))
#1 /var/www/html/Dev/ICNOW-DEV/vendor/barryvdh/laravel-cors/src/HandlePreflight.php(31): Barryvdh\Cors\HandlePreflight->hasMatchingCorsRoute(Object(Illuminate\Http\Request))
#2 /var/www/html/Dev/ICNOW-DEV/vendor/laravel/framework/src/Illuminate/Pipeline/Pipeline.php(148): Barryvdh\Cors\HandlePreflight->handle(Object(Illuminate\Http\Request), Object(Closure))
#3 /var/www/html/Dev/ICNOW-DEV/vendor/laravel/framework/src/Illuminate/Routing/Pipeline.php(53): Illuminate\Pipeline\Pipeline->Illuminate\Pipeline\{closure}(Object(Illuminate\Http\Request))
#4 /var/www/html/Dev/ICNOW-DEV/vendor/laravel/framework/src/Illuminate/Pipeline/Pipeline.php(102): Illuminate\Routing\Pipeline->Illuminate\Routing\{closure}(Object(Illuminate\Http\Request))
#5 /var/www/html/Dev/ICNOW-DEV/vendor/laravel/framework/src/Illuminate/Foundation/Http/Kernel.php(151): Illuminate\Pipeline\Pipeline->then(Object(Closure))
#6 /var/www/html/Dev/ICNOW-DEV/vendor/laravel/framework/src/Illuminate/Foundation/Http/Kernel.php(116): Illuminate\Foundation\Http\Kernel->sendRequestThroughRouter(Object(Illuminate\Http\Request))
#7 /var/www/html/Dev/ICNOW-DEV/public/index.php(53): Illuminate\Foundation\Http\Kernel->handle(Object(Illuminate\Http\Request))
#8 {main}  
[2018-09-27 16:34:59] local.ERROR: Symfony\Component\HttpKernel\Exception\NotFoundHttpException in /var/www/html/Dev/ICNOW-DEV/vendor/laravel/framework/src/Illuminate/Routing/RouteCollection.php:179
Stack trace:
#0 /var/www/html/Dev/ICNOW-DEV/vendor/barryvdh/laravel-cors/src/HandlePreflight.php(57): Illuminate\Routing\RouteCollection->match(Object(Illuminate\Http\Request))
#1 /var/www/html/Dev/ICNOW-DEV/vendor/barryvdh/laravel-cors/src/HandlePreflight.php(31): Barryvdh\Cors\HandlePreflight->hasMatchingCorsRoute(Object(Illuminate\Http\Request))
#2 /var/www/html/Dev/ICNOW-DEV/vendor/laravel/framework/src/Illuminate/Pipeline/Pipeline.php(148): Barryvdh\Cors\HandlePreflight->handle(Object(Illuminate\Http\Request), Object(Closure))
#3 /var/www/html/Dev/ICNOW-DEV/vendor/laravel/framework/src/Illuminate/Routing/Pipeline.php(53): Illuminate\Pipeline\Pipeline->Illuminate\Pipeline\{closure}(Object(Illuminate\Http\Request))
#4 /var/www/html/Dev/ICNOW-DEV/vendor/laravel/framework/src/Illuminate/Pipeline/Pipeline.php(102): Illuminate\Routing\Pipeline->Illuminate\Routing\{closure}(Object(Illuminate\Http\Request))
#5 /var/www/html/Dev/ICNOW-DEV/vendor/laravel/framework/src/Illuminate/Foundation/Http/Kernel.php(151): Illuminate\Pipeline\Pipeline->then(Object(Closure))
#6 /var/www/html/Dev/ICNOW-DEV/vendor/laravel/framework/src/Illuminate/Foundation/Http/Kernel.php(116): Illuminate\Foundation\Http\Kernel->sendRequestThroughRouter(Object(Illuminate\Http\Request))
#7 /var/www/html/Dev/ICNOW-DEV/public/index.php(53): Illuminate\Foundation\Http\Kernel->handle(Object(Illuminate\Http\Request))
#8 {main}  
[2018-09-27 16:35:08] local.ERROR: Symfony\Component\HttpKernel\Exception\NotFoundHttpException in /var/www/html/Dev/ICNOW-DEV/vendor/laravel/framework/src/Illuminate/Routing/RouteCollection.php:179
Stack trace:
#0 /var/www/html/Dev/ICNOW-DEV/vendor/barryvdh/laravel-cors/src/HandlePreflight.php(57): Illuminate\Routing\RouteCollection->match(Object(Illuminate\Http\Request))
#1 /var/www/html/Dev/ICNOW-DEV/vendor/barryvdh/laravel-cors/src/HandlePreflight.php(31): Barryvdh\Cors\HandlePreflight->hasMatchingCorsRoute(Object(Illuminate\Http\Request))
#2 /var/www/html/Dev/ICNOW-DEV/vendor/laravel/framework/src/Illuminate/Pipeline/Pipeline.php(148): Barryvdh\Cors\HandlePreflight->handle(Object(Illuminate\Http\Request), Object(Closure))
#3 /var/www/html/Dev/ICNOW-DEV/vendor/laravel/framework/src/Illuminate/Routing/Pipeline.php(53): Illuminate\Pipeline\Pipeline->Illuminate\Pipeline\{closure}(Object(Illuminate\Http\Request))
#4 /var/www/html/Dev/ICNOW-DEV/vendor/laravel/framework/src/Illuminate/Pipeline/Pipeline.php(102): Illuminate\Routing\Pipeline->Illuminate\Routing\{closure}(Object(Illuminate\Http\Request))
#5 /var/www/html/Dev/ICNOW-DEV/vendor/laravel/framework/src/Illuminate/Foundation/Http/Kernel.php(151): Illuminate\Pipeline\Pipeline->then(Object(Closure))
#6 /var/www/html/Dev/ICNOW-DEV/vendor/laravel/framework/src/Illuminate/Foundation/Http/Kernel.php(116): Illuminate\Foundation\Http\Kernel->sendRequestThroughRouter(Object(Illuminate\Http\Request))
#7 /var/www/html/Dev/ICNOW-DEV/public/index.php(53): Illuminate\Foundation\Http\Kernel->handle(Object(Illuminate\Http\Request))
#8 {main}  
