[2019-03-08 15:17:51] local.ERROR: PDOException: SQLSTATE[HY000] [1045] Access denied for user 'homested'@'182.232.167.155' (using password: YES) in /Users/swodsman/Desktop/Project/ICNOW-DEV/vendor/laravel/framework/src/Illuminate/Database/Connectors/Connector.php:68
Stack trace:
#0 /Users/swodsman/Desktop/Project/ICNOW-DEV/vendor/laravel/framework/src/Illuminate/Database/Connectors/Connector.php(68): PDO->__construct('mysql:host=172....', 'homested', 'xUmubR6xeqeS@aw...', Array)
#1 /Users/swodsman/Desktop/Project/ICNOW-DEV/vendor/laravel/framework/src/Illuminate/Database/Connectors/Connector.php(44): Illuminate\Database\Connectors\Connector->createPdoConnection('mysql:host=172....', 'homested', 'xUmubR6xeqeS@aw...', Array)
#2 /Users/swodsman/Desktop/Project/ICNOW-DEV/vendor/laravel/framework/src/Illuminate/Database/Connectors/MySqlConnector.php(24): Illuminate\Database\Connectors\Connector->createConnection('mysql:host=172....', Array, Array)
#3 /Users/swodsman/Desktop/Project/ICNOW-DEV/vendor/laravel/framework/src/Illuminate/Database/Connectors/ConnectionFactory.php(183): Illuminate\Database\Connectors\MySqlConnector->connect(Array)
#4 [internal function]: Illuminate\Database\Connectors\ConnectionFactory->Illuminate\Database\Connectors\{closure}()
#5 /Users/swodsman/Desktop/Project/ICNOW-DEV/vendor/laravel/framework/src/Illuminate/Database/Connection.php(883): call_user_func(Object(Closure))
#6 /Users/swodsman/Desktop/Project/ICNOW-DEV/vendor/laravel/framework/src/Illuminate/Database/Connection.php(904): Illuminate\Database\Connection->getPdo()
#7 /Users/swodsman/Desktop/Project/ICNOW-DEV/vendor/laravel/framework/src/Illuminate/Database/Connection.php(392): Illuminate\Database\Connection->getReadPdo()
#8 /Users/swodsman/Desktop/Project/ICNOW-DEV/vendor/laravel/framework/src/Illuminate/Database/Connection.php(318): Illuminate\Database\Connection->getPdoForSelect(true)
#9 /Users/swodsman/Desktop/Project/ICNOW-DEV/vendor/laravel/framework/src/Illuminate/Database/Connection.php(640): Illuminate\Database\Connection->Illuminate\Database\{closure}('select * from `...', Array)
#10 /Users/swodsman/Desktop/Project/ICNOW-DEV/vendor/laravel/framework/src/Illuminate/Database/Connection.php(607): Illuminate\Database\Connection->runQueryCallback('select * from `...', Array, Object(Closure))
#11 /Users/swodsman/Desktop/Project/ICNOW-DEV/vendor/laravel/framework/src/Illuminate/Database/Connection.php(326): Illuminate\Database\Connection->run('select * from `...', Array, Object(Closure))
#12 /Users/swodsman/Desktop/Project/ICNOW-DEV/vendor/laravel/framework/src/Illuminate/Database/Query/Builder.php(1711): Illuminate\Database\Connection->select('select * from `...', Array, true)
#13 /Users/swodsman/Desktop/Project/ICNOW-DEV/vendor/laravel/framework/src/Illuminate/Database/Query/Builder.php(1696): Illuminate\Database\Query\Builder->runSelect()
#14 /Users/swodsman/Desktop/Project/ICNOW-DEV/vendor/laravel/framework/src/Illuminate/Database/Eloquent/Builder.php(462): Illuminate\Database\Query\Builder->get(Array)
#15 /Users/swodsman/Desktop/Project/ICNOW-DEV/vendor/laravel/framework/src/Illuminate/Database/Eloquent/Builder.php(446): Illuminate\Database\Eloquent\Builder->getModels(Array)
#16 /Users/swodsman/Desktop/Project/ICNOW-DEV/vendor/laravel/framework/src/Illuminate/Database/Concerns/BuildsQueries.php(75): Illuminate\Database\Eloquent\Builder->get(Array)
#17 /Users/swodsman/Desktop/Project/ICNOW-DEV/vendor/laravel/framework/src/Illuminate/Database/Eloquent/Model.php(1372): Illuminate\Database\Eloquent\Builder->first()
#18 /Users/swodsman/Desktop/Project/ICNOW-DEV/vendor/laravel/framework/src/Illuminate/Database/Eloquent/Model.php(1384): Illuminate\Database\Eloquent\Model->__call('first', Array)
#19 /Users/swodsman/Desktop/Project/ICNOW-DEV/app/Providers/AppServiceProvider.php(17): Illuminate\Database\Eloquent\Model::__callStatic('first', Array)
#20 [internal function]: YellowProject\Providers\AppServiceProvider->boot()
#21 /Users/swodsman/Desktop/Project/ICNOW-DEV/vendor/laravel/framework/src/Illuminate/Container/BoundMethod.php(29): call_user_func_array(Array, Array)
#22 /Users/swodsman/Desktop/Project/ICNOW-DEV/vendor/laravel/framework/src/Illuminate/Container/BoundMethod.php(87): Illuminate\Container\BoundMethod::Illuminate\Container\{closure}()
#23 /Users/swodsman/Desktop/Project/ICNOW-DEV/vendor/laravel/framework/src/Illuminate/Container/BoundMethod.php(31): Illuminate\Container\BoundMethod::callBoundMethod(Object(Illuminate\Foundation\Application), Array, Object(Closure))
#24 /Users/swodsman/Desktop/Project/ICNOW-DEV/vendor/laravel/framework/src/Illuminate/Container/Container.php(539): Illuminate\Container\BoundMethod::call(Object(Illuminate\Foundation\Application), Array, Array, NULL)
#25 /Users/swodsman/Desktop/Project/ICNOW-DEV/vendor/laravel/framework/src/Illuminate/Foundation/Application.php(788): Illuminate\Container\Container->call(Array)
#26 /Users/swodsman/Desktop/Project/ICNOW-DEV/vendor/laravel/framework/src/Illuminate/Foundation/Application.php(771): Illuminate\Foundation\Application->bootProvider(Object(YellowProject\Providers\AppServiceProvider))
#27 [internal function]: Illuminate\Foundation\Application->Illuminate\Foundation\{closure}(Object(YellowProject\Providers\AppServiceProvider), 15)
#28 /Users/swodsman/Desktop/Project/ICNOW-DEV/vendor/laravel/framework/src/Illuminate/Foundation/Application.php(772): array_walk(Array, Object(Closure))
#29 /Users/swodsman/Desktop/Project/ICNOW-DEV/vendor/laravel/framework/src/Illuminate/Foundation/Bootstrap/BootProviders.php(17): Illuminate\Foundation\Application->boot()
#30 /Users/swodsman/Desktop/Project/ICNOW-DEV/vendor/laravel/framework/src/Illuminate/Foundation/Application.php(208): Illuminate\Foundation\Bootstrap\BootProviders->bootstrap(Object(Illuminate\Foundation\Application))
#31 /Users/swodsman/Desktop/Project/ICNOW-DEV/vendor/laravel/framework/src/Illuminate/Foundation/Console/Kernel.php(267): Illuminate\Foundation\Application->bootstrapWith(Array)
#32 /Users/swodsman/Desktop/Project/ICNOW-DEV/vendor/laravel/framework/src/Illuminate/Foundation/Console/Kernel.php(114): Illuminate\Foundation\Console\Kernel->bootstrap()
#33 /Users/swodsman/Desktop/Project/ICNOW-DEV/artisan(35): Illuminate\Foundation\Console\Kernel->handle(Object(Symfony\Component\Console\Input\ArgvInput), Object(Symfony\Component\Console\Output\ConsoleOutput))
#34 {main}  
[2019-03-08 15:17:51] local.ERROR: PDOException: SQLSTATE[HY000] [1045] Access denied for user 'homested'@'182.232.167.155' (using password: YES) in /Users/swodsman/Desktop/Project/ICNOW-DEV/vendor/laravel/framework/src/Illuminate/Database/Connectors/Connector.php:68
Stack trace:
#0 /Users/swodsman/Desktop/Project/ICNOW-DEV/vendor/laravel/framework/src/Illuminate/Database/Connectors/Connector.php(68): PDO->__construct('mysql:host=172....', 'homested', 'xUmubR6xeqeS@aw...', Array)
#1 /Users/swodsman/Desktop/Project/ICNOW-DEV/vendor/laravel/framework/src/Illuminate/Database/Connectors/Connector.php(44): Illuminate\Database\Connectors\Connector->createPdoConnection('mysql:host=172....', 'homested', 'xUmubR6xeqeS@aw...', Array)
#2 /Users/swodsman/Desktop/Project/ICNOW-DEV/vendor/laravel/framework/src/Illuminate/Database/Connectors/MySqlConnector.php(24): Illuminate\Database\Connectors\Connector->createConnection('mysql:host=172....', Array, Array)
#3 /Users/swodsman/Desktop/Project/ICNOW-DEV/vendor/laravel/framework/src/Illuminate/Database/Connectors/ConnectionFactory.php(183): Illuminate\Database\Connectors\MySqlConnector->connect(Array)
#4 [internal function]: Illuminate\Database\Connectors\ConnectionFactory->Illuminate\Database\Connectors\{closure}()
#5 /Users/swodsman/Desktop/Project/ICNOW-DEV/vendor/laravel/framework/src/Illuminate/Database/Connection.php(883): call_user_func(Object(Closure))
#6 /Users/swodsman/Desktop/Project/ICNOW-DEV/vendor/laravel/framework/src/Illuminate/Database/Connection.php(904): Illuminate\Database\Connection->getPdo()
#7 /Users/swodsman/Desktop/Project/ICNOW-DEV/vendor/laravel/framework/src/Illuminate/Database/Connection.php(392): Illuminate\Database\Connection->getReadPdo()
#8 /Users/swodsman/Desktop/Project/ICNOW-DEV/vendor/laravel/framework/src/Illuminate/Database/Connection.php(318): Illuminate\Database\Connection->getPdoForSelect(true)
#9 /Users/swodsman/Desktop/Project/ICNOW-DEV/vendor/laravel/framework/src/Illuminate/Database/Connection.php(640): Illuminate\Database\Connection->Illuminate\Database\{closure}('select * from `...', Array)
#10 /Users/swodsman/Desktop/Project/ICNOW-DEV/vendor/laravel/framework/src/Illuminate/Database/Connection.php(607): Illuminate\Database\Connection->runQueryCallback('select * from `...', Array, Object(Closure))
#11 /Users/swodsman/Desktop/Project/ICNOW-DEV/vendor/laravel/framework/src/Illuminate/Database/Connection.php(326): Illuminate\Database\Connection->run('select * from `...', Array, Object(Closure))
#12 /Users/swodsman/Desktop/Project/ICNOW-DEV/vendor/laravel/framework/src/Illuminate/Database/Query/Builder.php(1711): Illuminate\Database\Connection->select('select * from `...', Array, true)
#13 /Users/swodsman/Desktop/Project/ICNOW-DEV/vendor/laravel/framework/src/Illuminate/Database/Query/Builder.php(1696): Illuminate\Database\Query\Builder->runSelect()
#14 /Users/swodsman/Desktop/Project/ICNOW-DEV/vendor/laravel/framework/src/Illuminate/Database/Eloquent/Builder.php(462): Illuminate\Database\Query\Builder->get(Array)
#15 /Users/swodsman/Desktop/Project/ICNOW-DEV/vendor/laravel/framework/src/Illuminate/Database/Eloquent/Builder.php(446): Illuminate\Database\Eloquent\Builder->getModels(Array)
#16 /Users/swodsman/Desktop/Project/ICNOW-DEV/vendor/laravel/framework/src/Illuminate/Database/Concerns/BuildsQueries.php(75): Illuminate\Database\Eloquent\Builder->get(Array)
#17 /Users/swodsman/Desktop/Project/ICNOW-DEV/vendor/laravel/framework/src/Illuminate/Database/Eloquent/Model.php(1372): Illuminate\Database\Eloquent\Builder->first()
#18 /Users/swodsman/Desktop/Project/ICNOW-DEV/vendor/laravel/framework/src/Illuminate/Database/Eloquent/Model.php(1384): Illuminate\Database\Eloquent\Model->__call('first', Array)
#19 /Users/swodsman/Desktop/Project/ICNOW-DEV/app/Providers/AppServiceProvider.php(17): Illuminate\Database\Eloquent\Model::__callStatic('first', Array)
#20 [internal function]: YellowProject\Providers\AppServiceProvider->boot()
#21 /Users/swodsman/Desktop/Project/ICNOW-DEV/vendor/laravel/framework/src/Illuminate/Container/BoundMethod.php(29): call_user_func_array(Array, Array)
#22 /Users/swodsman/Desktop/Project/ICNOW-DEV/vendor/laravel/framework/src/Illuminate/Container/BoundMethod.php(87): Illuminate\Container\BoundMethod::Illuminate\Container\{closure}()
#23 /Users/swodsman/Desktop/Project/ICNOW-DEV/vendor/laravel/framework/src/Illuminate/Container/BoundMethod.php(31): Illuminate\Container\BoundMethod::callBoundMethod(Object(Illuminate\Foundation\Application), Array, Object(Closure))
#24 /Users/swodsman/Desktop/Project/ICNOW-DEV/vendor/laravel/framework/src/Illuminate/Container/Container.php(539): Illuminate\Container\BoundMethod::call(Object(Illuminate\Foundation\Application), Array, Array, NULL)
#25 /Users/swodsman/Desktop/Project/ICNOW-DEV/vendor/laravel/framework/src/Illuminate/Foundation/Application.php(788): Illuminate\Container\Container->call(Array)
#26 /Users/swodsman/Desktop/Project/ICNOW-DEV/vendor/laravel/framework/src/Illuminate/Foundation/Application.php(771): Illuminate\Foundation\Application->bootProvider(Object(YellowProject\Providers\AppServiceProvider))
#27 [internal function]: Illuminate\Foundation\Application->Illuminate\Foundation\{closure}(Object(YellowProject\Providers\AppServiceProvider), 15)
#28 /Users/swodsman/Desktop/Project/ICNOW-DEV/vendor/laravel/framework/src/Illuminate/Foundation/Application.php(772): array_walk(Array, Object(Closure))
#29 /Users/swodsman/Desktop/Project/ICNOW-DEV/vendor/laravel/framework/src/Illuminate/Foundation/Bootstrap/BootProviders.php(17): Illuminate\Foundation\Application->boot()
#30 /Users/swodsman/Desktop/Project/ICNOW-DEV/vendor/laravel/framework/src/Illuminate/Foundation/Application.php(208): Illuminate\Foundation\Bootstrap\BootProviders->bootstrap(Object(Illuminate\Foundation\Application))
#31 /Users/swodsman/Desktop/Project/ICNOW-DEV/vendor/laravel/framework/src/Illuminate/Foundation/Console/Kernel.php(267): Illuminate\Foundation\Application->bootstrapWith(Array)
#32 /Users/swodsman/Desktop/Project/ICNOW-DEV/vendor/laravel/framework/src/Illuminate/Foundation/Console/Kernel.php(114): Illuminate\Foundation\Console\Kernel->bootstrap()
#33 /Users/swodsman/Desktop/Project/ICNOW-DEV/artisan(35): Illuminate\Foundation\Console\Kernel->handle(Object(Symfony\Component\Console\Input\ArgvInput), Object(Symfony\Component\Console\Output\ConsoleOutput))
#34 {main}

Next Illuminate\Database\QueryException: SQLSTATE[HY000] [1045] Access denied for user 'homested'@'182.232.167.155' (using password: YES) (SQL: select * from `dim_php_mailer` where `dim_php_mailer`.`deleted_at` is null limit 1) in /Users/swodsman/Desktop/Project/ICNOW-DEV/vendor/laravel/framework/src/Illuminate/Database/Connection.php:647
Stack trace:
#0 /Users/swodsman/Desktop/Project/ICNOW-DEV/vendor/laravel/framework/src/Illuminate/Database/Connection.php(607): Illuminate\Database\Connection->runQueryCallback('select * from `...', Array, Object(Closure))
#1 /Users/swodsman/Desktop/Project/ICNOW-DEV/vendor/laravel/framework/src/Illuminate/Database/Connection.php(326): Illuminate\Database\Connection->run('select * from `...', Array, Object(Closure))
#2 /Users/swodsman/Desktop/Project/ICNOW-DEV/vendor/laravel/framework/src/Illuminate/Database/Query/Builder.php(1711): Illuminate\Database\Connection->select('select * from `...', Array, true)
#3 /Users/swodsman/Desktop/Project/ICNOW-DEV/vendor/laravel/framework/src/Illuminate/Database/Query/Builder.php(1696): Illuminate\Database\Query\Builder->runSelect()
#4 /Users/swodsman/Desktop/Project/ICNOW-DEV/vendor/laravel/framework/src/Illuminate/Database/Eloquent/Builder.php(462): Illuminate\Database\Query\Builder->get(Array)
#5 /Users/swodsman/Desktop/Project/ICNOW-DEV/vendor/laravel/framework/src/Illuminate/Database/Eloquent/Builder.php(446): Illuminate\Database\Eloquent\Builder->getModels(Array)
#6 /Users/swodsman/Desktop/Project/ICNOW-DEV/vendor/laravel/framework/src/Illuminate/Database/Concerns/BuildsQueries.php(75): Illuminate\Database\Eloquent\Builder->get(Array)
#7 /Users/swodsman/Desktop/Project/ICNOW-DEV/vendor/laravel/framework/src/Illuminate/Database/Eloquent/Model.php(1372): Illuminate\Database\Eloquent\Builder->first()
#8 /Users/swodsman/Desktop/Project/ICNOW-DEV/vendor/laravel/framework/src/Illuminate/Database/Eloquent/Model.php(1384): Illuminate\Database\Eloquent\Model->__call('first', Array)
#9 /Users/swodsman/Desktop/Project/ICNOW-DEV/app/Providers/AppServiceProvider.php(17): Illuminate\Database\Eloquent\Model::__callStatic('first', Array)
#10 [internal function]: YellowProject\Providers\AppServiceProvider->boot()
#11 /Users/swodsman/Desktop/Project/ICNOW-DEV/vendor/laravel/framework/src/Illuminate/Container/BoundMethod.php(29): call_user_func_array(Array, Array)
#12 /Users/swodsman/Desktop/Project/ICNOW-DEV/vendor/laravel/framework/src/Illuminate/Container/BoundMethod.php(87): Illuminate\Container\BoundMethod::Illuminate\Container\{closure}()
#13 /Users/swodsman/Desktop/Project/ICNOW-DEV/vendor/laravel/framework/src/Illuminate/Container/BoundMethod.php(31): Illuminate\Container\BoundMethod::callBoundMethod(Object(Illuminate\Foundation\Application), Array, Object(Closure))
#14 /Users/swodsman/Desktop/Project/ICNOW-DEV/vendor/laravel/framework/src/Illuminate/Container/Container.php(539): Illuminate\Container\BoundMethod::call(Object(Illuminate\Foundation\Application), Array, Array, NULL)
#15 /Users/swodsman/Desktop/Project/ICNOW-DEV/vendor/laravel/framework/src/Illuminate/Foundation/Application.php(788): Illuminate\Container\Container->call(Array)
#16 /Users/swodsman/Desktop/Project/ICNOW-DEV/vendor/laravel/framework/src/Illuminate/Foundation/Application.php(771): Illuminate\Foundation\Application->bootProvider(Object(YellowProject\Providers\AppServiceProvider))
#17 [internal function]: Illuminate\Foundation\Application->Illuminate\Foundation\{closure}(Object(YellowProject\Providers\AppServiceProvider), 15)
#18 /Users/swodsman/Desktop/Project/ICNOW-DEV/vendor/laravel/framework/src/Illuminate/Foundation/Application.php(772): array_walk(Array, Object(Closure))
#19 /Users/swodsman/Desktop/Project/ICNOW-DEV/vendor/laravel/framework/src/Illuminate/Foundation/Bootstrap/BootProviders.php(17): Illuminate\Foundation\Application->boot()
#20 /Users/swodsman/Desktop/Project/ICNOW-DEV/vendor/laravel/framework/src/Illuminate/Foundation/Application.php(208): Illuminate\Foundation\Bootstrap\BootProviders->bootstrap(Object(Illuminate\Foundation\Application))
#21 /Users/swodsman/Desktop/Project/ICNOW-DEV/vendor/laravel/framework/src/Illuminate/Foundation/Console/Kernel.php(267): Illuminate\Foundation\Application->bootstrapWith(Array)
#22 /Users/swodsman/Desktop/Project/ICNOW-DEV/vendor/laravel/framework/src/Illuminate/Foundation/Console/Kernel.php(114): Illuminate\Foundation\Console\Kernel->bootstrap()
#23 /Users/swodsman/Desktop/Project/ICNOW-DEV/artisan(35): Illuminate\Foundation\Console\Kernel->handle(Object(Symfony\Component\Console\Input\ArgvInput), Object(Symfony\Component\Console\Output\ConsoleOutput))
#24 {main}  
[2019-03-08 17:46:03] local.ERROR: PDOException: SQLSTATE[HY000] [2002] Network is unreachable in /Users/swodsman/Desktop/Project/ICNOW-DEV/vendor/laravel/framework/src/Illuminate/Database/Connectors/Connector.php:68
Stack trace:
#0 /Users/swodsman/Desktop/Project/ICNOW-DEV/vendor/laravel/framework/src/Illuminate/Database/Connectors/Connector.php(68): PDO->__construct('mysql:host=172....', 'homested', 'QTHXBzx4k2DGZjR...', Array)
#1 /Users/swodsman/Desktop/Project/ICNOW-DEV/vendor/laravel/framework/src/Illuminate/Database/Connectors/Connector.php(44): Illuminate\Database\Connectors\Connector->createPdoConnection('mysql:host=172....', 'homested', 'QTHXBzx4k2DGZjR...', Array)
#2 /Users/swodsman/Desktop/Project/ICNOW-DEV/vendor/laravel/framework/src/Illuminate/Database/Connectors/MySqlConnector.php(24): Illuminate\Database\Connectors\Connector->createConnection('mysql:host=172....', Array, Array)
#3 /Users/swodsman/Desktop/Project/ICNOW-DEV/vendor/laravel/framework/src/Illuminate/Database/Connectors/ConnectionFactory.php(183): Illuminate\Database\Connectors\MySqlConnector->connect(Array)
#4 [internal function]: Illuminate\Database\Connectors\ConnectionFactory->Illuminate\Database\Connectors\{closure}()
#5 /Users/swodsman/Desktop/Project/ICNOW-DEV/vendor/laravel/framework/src/Illuminate/Database/Connection.php(883): call_user_func(Object(Closure))
#6 /Users/swodsman/Desktop/Project/ICNOW-DEV/vendor/laravel/framework/src/Illuminate/Database/Connection.php(904): Illuminate\Database\Connection->getPdo()
#7 /Users/swodsman/Desktop/Project/ICNOW-DEV/vendor/laravel/framework/src/Illuminate/Database/Connection.php(392): Illuminate\Database\Connection->getReadPdo()
#8 /Users/swodsman/Desktop/Project/ICNOW-DEV/vendor/laravel/framework/src/Illuminate/Database/Connection.php(318): Illuminate\Database\Connection->getPdoForSelect(true)
#9 /Users/swodsman/Desktop/Project/ICNOW-DEV/vendor/laravel/framework/src/Illuminate/Database/Connection.php(640): Illuminate\Database\Connection->Illuminate\Database\{closure}('select * from `...', Array)
#10 /Users/swodsman/Desktop/Project/ICNOW-DEV/vendor/laravel/framework/src/Illuminate/Database/Connection.php(607): Illuminate\Database\Connection->runQueryCallback('select * from `...', Array, Object(Closure))
#11 /Users/swodsman/Desktop/Project/ICNOW-DEV/vendor/laravel/framework/src/Illuminate/Database/Connection.php(326): Illuminate\Database\Connection->run('select * from `...', Array, Object(Closure))
#12 /Users/swodsman/Desktop/Project/ICNOW-DEV/vendor/laravel/framework/src/Illuminate/Database/Query/Builder.php(1711): Illuminate\Database\Connection->select('select * from `...', Array, true)
#13 /Users/swodsman/Desktop/Project/ICNOW-DEV/vendor/laravel/framework/src/Illuminate/Database/Query/Builder.php(1696): Illuminate\Database\Query\Builder->runSelect()
#14 /Users/swodsman/Desktop/Project/ICNOW-DEV/vendor/laravel/framework/src/Illuminate/Database/Eloquent/Builder.php(462): Illuminate\Database\Query\Builder->get(Array)
#15 /Users/swodsman/Desktop/Project/ICNOW-DEV/vendor/laravel/framework/src/Illuminate/Database/Eloquent/Builder.php(446): Illuminate\Database\Eloquent\Builder->getModels(Array)
#16 /Users/swodsman/Desktop/Project/ICNOW-DEV/vendor/laravel/framework/src/Illuminate/Database/Concerns/BuildsQueries.php(75): Illuminate\Database\Eloquent\Builder->get(Array)
#17 /Users/swodsman/Desktop/Project/ICNOW-DEV/vendor/laravel/framework/src/Illuminate/Database/Eloquent/Model.php(1372): Illuminate\Database\Eloquent\Builder->first()
#18 /Users/swodsman/Desktop/Project/ICNOW-DEV/vendor/laravel/framework/src/Illuminate/Database/Eloquent/Model.php(1384): Illuminate\Database\Eloquent\Model->__call('first', Array)
#19 /Users/swodsman/Desktop/Project/ICNOW-DEV/app/Providers/AppServiceProvider.php(17): Illuminate\Database\Eloquent\Model::__callStatic('first', Array)
#20 [internal function]: YellowProject\Providers\AppServiceProvider->boot()
#21 /Users/swodsman/Desktop/Project/ICNOW-DEV/vendor/laravel/framework/src/Illuminate/Container/BoundMethod.php(29): call_user_func_array(Array, Array)
#22 /Users/swodsman/Desktop/Project/ICNOW-DEV/vendor/laravel/framework/src/Illuminate/Container/BoundMethod.php(87): Illuminate\Container\BoundMethod::Illuminate\Container\{closure}()
#23 /Users/swodsman/Desktop/Project/ICNOW-DEV/vendor/laravel/framework/src/Illuminate/Container/BoundMethod.php(31): Illuminate\Container\BoundMethod::callBoundMethod(Object(Illuminate\Foundation\Application), Array, Object(Closure))
#24 /Users/swodsman/Desktop/Project/ICNOW-DEV/vendor/laravel/framework/src/Illuminate/Container/Container.php(539): Illuminate\Container\BoundMethod::call(Object(Illuminate\Foundation\Application), Array, Array, NULL)
#25 /Users/swodsman/Desktop/Project/ICNOW-DEV/vendor/laravel/framework/src/Illuminate/Foundation/Application.php(788): Illuminate\Container\Container->call(Array)
#26 /Users/swodsman/Desktop/Project/ICNOW-DEV/vendor/laravel/framework/src/Illuminate/Foundation/Application.php(771): Illuminate\Foundation\Application->bootProvider(Object(YellowProject\Providers\AppServiceProvider))
#27 [internal function]: Illuminate\Foundation\Application->Illuminate\Foundation\{closure}(Object(YellowProject\Providers\AppServiceProvider), 15)
#28 /Users/swodsman/Desktop/Project/ICNOW-DEV/vendor/laravel/framework/src/Illuminate/Foundation/Application.php(772): array_walk(Array, Object(Closure))
#29 /Users/swodsman/Desktop/Project/ICNOW-DEV/vendor/laravel/framework/src/Illuminate/Foundation/Bootstrap/BootProviders.php(17): Illuminate\Foundation\Application->boot()
#30 /Users/swodsman/Desktop/Project/ICNOW-DEV/vendor/laravel/framework/src/Illuminate/Foundation/Application.php(208): Illuminate\Foundation\Bootstrap\BootProviders->bootstrap(Object(Illuminate\Foundation\Application))
#31 /Users/swodsman/Desktop/Project/ICNOW-DEV/vendor/laravel/framework/src/Illuminate/Foundation/Console/Kernel.php(267): Illuminate\Foundation\Application->bootstrapWith(Array)
#32 /Users/swodsman/Desktop/Project/ICNOW-DEV/vendor/laravel/framework/src/Illuminate/Foundation/Console/Kernel.php(114): Illuminate\Foundation\Console\Kernel->bootstrap()
#33 /Users/swodsman/Desktop/Project/ICNOW-DEV/artisan(35): Illuminate\Foundation\Console\Kernel->handle(Object(Symfony\Component\Console\Input\ArgvInput), Object(Symfony\Component\Console\Output\ConsoleOutput))
#34 {main}  
[2019-03-08 17:46:03] local.ERROR: PDOException: SQLSTATE[HY000] [2002] Network is unreachable in /Users/swodsman/Desktop/Project/ICNOW-DEV/vendor/laravel/framework/src/Illuminate/Database/Connectors/Connector.php:68
Stack trace:
#0 /Users/swodsman/Desktop/Project/ICNOW-DEV/vendor/laravel/framework/src/Illuminate/Database/Connectors/Connector.php(68): PDO->__construct('mysql:host=172....', 'homested', 'QTHXBzx4k2DGZjR...', Array)
#1 /Users/swodsman/Desktop/Project/ICNOW-DEV/vendor/laravel/framework/src/Illuminate/Database/Connectors/Connector.php(44): Illuminate\Database\Connectors\Connector->createPdoConnection('mysql:host=172....', 'homested', 'QTHXBzx4k2DGZjR...', Array)
#2 /Users/swodsman/Desktop/Project/ICNOW-DEV/vendor/laravel/framework/src/Illuminate/Database/Connectors/MySqlConnector.php(24): Illuminate\Database\Connectors\Connector->createConnection('mysql:host=172....', Array, Array)
#3 /Users/swodsman/Desktop/Project/ICNOW-DEV/vendor/laravel/framework/src/Illuminate/Database/Connectors/ConnectionFactory.php(183): Illuminate\Database\Connectors\MySqlConnector->connect(Array)
#4 [internal function]: Illuminate\Database\Connectors\ConnectionFactory->Illuminate\Database\Connectors\{closure}()
#5 /Users/swodsman/Desktop/Project/ICNOW-DEV/vendor/laravel/framework/src/Illuminate/Database/Connection.php(883): call_user_func(Object(Closure))
#6 /Users/swodsman/Desktop/Project/ICNOW-DEV/vendor/laravel/framework/src/Illuminate/Database/Connection.php(904): Illuminate\Database\Connection->getPdo()
#7 /Users/swodsman/Desktop/Project/ICNOW-DEV/vendor/laravel/framework/src/Illuminate/Database/Connection.php(392): Illuminate\Database\Connection->getReadPdo()
#8 /Users/swodsman/Desktop/Project/ICNOW-DEV/vendor/laravel/framework/src/Illuminate/Database/Connection.php(318): Illuminate\Database\Connection->getPdoForSelect(true)
#9 /Users/swodsman/Desktop/Project/ICNOW-DEV/vendor/laravel/framework/src/Illuminate/Database/Connection.php(640): Illuminate\Database\Connection->Illuminate\Database\{closure}('select * from `...', Array)
#10 /Users/swodsman/Desktop/Project/ICNOW-DEV/vendor/laravel/framework/src/Illuminate/Database/Connection.php(607): Illuminate\Database\Connection->runQueryCallback('select * from `...', Array, Object(Closure))
#11 /Users/swodsman/Desktop/Project/ICNOW-DEV/vendor/laravel/framework/src/Illuminate/Database/Connection.php(326): Illuminate\Database\Connection->run('select * from `...', Array, Object(Closure))
#12 /Users/swodsman/Desktop/Project/ICNOW-DEV/vendor/laravel/framework/src/Illuminate/Database/Query/Builder.php(1711): Illuminate\Database\Connection->select('select * from `...', Array, true)
#13 /Users/swodsman/Desktop/Project/ICNOW-DEV/vendor/laravel/framework/src/Illuminate/Database/Query/Builder.php(1696): Illuminate\Database\Query\Builder->runSelect()
#14 /Users/swodsman/Desktop/Project/ICNOW-DEV/vendor/laravel/framework/src/Illuminate/Database/Eloquent/Builder.php(462): Illuminate\Database\Query\Builder->get(Array)
#15 /Users/swodsman/Desktop/Project/ICNOW-DEV/vendor/laravel/framework/src/Illuminate/Database/Eloquent/Builder.php(446): Illuminate\Database\Eloquent\Builder->getModels(Array)
#16 /Users/swodsman/Desktop/Project/ICNOW-DEV/vendor/laravel/framework/src/Illuminate/Database/Concerns/BuildsQueries.php(75): Illuminate\Database\Eloquent\Builder->get(Array)
#17 /Users/swodsman/Desktop/Project/ICNOW-DEV/vendor/laravel/framework/src/Illuminate/Database/Eloquent/Model.php(1372): Illuminate\Database\Eloquent\Builder->first()
#18 /Users/swodsman/Desktop/Project/ICNOW-DEV/vendor/laravel/framework/src/Illuminate/Database/Eloquent/Model.php(1384): Illuminate\Database\Eloquent\Model->__call('first', Array)
#19 /Users/swodsman/Desktop/Project/ICNOW-DEV/app/Providers/AppServiceProvider.php(17): Illuminate\Database\Eloquent\Model::__callStatic('first', Array)
#20 [internal function]: YellowProject\Providers\AppServiceProvider->boot()
#21 /Users/swodsman/Desktop/Project/ICNOW-DEV/vendor/laravel/framework/src/Illuminate/Container/BoundMethod.php(29): call_user_func_array(Array, Array)
#22 /Users/swodsman/Desktop/Project/ICNOW-DEV/vendor/laravel/framework/src/Illuminate/Container/BoundMethod.php(87): Illuminate\Container\BoundMethod::Illuminate\Container\{closure}()
#23 /Users/swodsman/Desktop/Project/ICNOW-DEV/vendor/laravel/framework/src/Illuminate/Container/BoundMethod.php(31): Illuminate\Container\BoundMethod::callBoundMethod(Object(Illuminate\Foundation\Application), Array, Object(Closure))
#24 /Users/swodsman/Desktop/Project/ICNOW-DEV/vendor/laravel/framework/src/Illuminate/Container/Container.php(539): Illuminate\Container\BoundMethod::call(Object(Illuminate\Foundation\Application), Array, Array, NULL)
#25 /Users/swodsman/Desktop/Project/ICNOW-DEV/vendor/laravel/framework/src/Illuminate/Foundation/Application.php(788): Illuminate\Container\Container->call(Array)
#26 /Users/swodsman/Desktop/Project/ICNOW-DEV/vendor/laravel/framework/src/Illuminate/Foundation/Application.php(771): Illuminate\Foundation\Application->bootProvider(Object(YellowProject\Providers\AppServiceProvider))
#27 [internal function]: Illuminate\Foundation\Application->Illuminate\Foundation\{closure}(Object(YellowProject\Providers\AppServiceProvider), 15)
#28 /Users/swodsman/Desktop/Project/ICNOW-DEV/vendor/laravel/framework/src/Illuminate/Foundation/Application.php(772): array_walk(Array, Object(Closure))
#29 /Users/swodsman/Desktop/Project/ICNOW-DEV/vendor/laravel/framework/src/Illuminate/Foundation/Bootstrap/BootProviders.php(17): Illuminate\Foundation\Application->boot()
#30 /Users/swodsman/Desktop/Project/ICNOW-DEV/vendor/laravel/framework/src/Illuminate/Foundation/Application.php(208): Illuminate\Foundation\Bootstrap\BootProviders->bootstrap(Object(Illuminate\Foundation\Application))
#31 /Users/swodsman/Desktop/Project/ICNOW-DEV/vendor/laravel/framework/src/Illuminate/Foundation/Console/Kernel.php(267): Illuminate\Foundation\Application->bootstrapWith(Array)
#32 /Users/swodsman/Desktop/Project/ICNOW-DEV/vendor/laravel/framework/src/Illuminate/Foundation/Console/Kernel.php(114): Illuminate\Foundation\Console\Kernel->bootstrap()
#33 /Users/swodsman/Desktop/Project/ICNOW-DEV/artisan(35): Illuminate\Foundation\Console\Kernel->handle(Object(Symfony\Component\Console\Input\ArgvInput), Object(Symfony\Component\Console\Output\ConsoleOutput))
#34 {main}

Next Illuminate\Database\QueryException: SQLSTATE[HY000] [2002] Network is unreachable (SQL: select * from `dim_php_mailer` where `dim_php_mailer`.`deleted_at` is null limit 1) in /Users/swodsman/Desktop/Project/ICNOW-DEV/vendor/laravel/framework/src/Illuminate/Database/Connection.php:647
Stack trace:
#0 /Users/swodsman/Desktop/Project/ICNOW-DEV/vendor/laravel/framework/src/Illuminate/Database/Connection.php(607): Illuminate\Database\Connection->runQueryCallback('select * from `...', Array, Object(Closure))
#1 /Users/swodsman/Desktop/Project/ICNOW-DEV/vendor/laravel/framework/src/Illuminate/Database/Connection.php(326): Illuminate\Database\Connection->run('select * from `...', Array, Object(Closure))
#2 /Users/swodsman/Desktop/Project/ICNOW-DEV/vendor/laravel/framework/src/Illuminate/Database/Query/Builder.php(1711): Illuminate\Database\Connection->select('select * from `...', Array, true)
#3 /Users/swodsman/Desktop/Project/ICNOW-DEV/vendor/laravel/framework/src/Illuminate/Database/Query/Builder.php(1696): Illuminate\Database\Query\Builder->runSelect()
#4 /Users/swodsman/Desktop/Project/ICNOW-DEV/vendor/laravel/framework/src/Illuminate/Database/Eloquent/Builder.php(462): Illuminate\Database\Query\Builder->get(Array)
#5 /Users/swodsman/Desktop/Project/ICNOW-DEV/vendor/laravel/framework/src/Illuminate/Database/Eloquent/Builder.php(446): Illuminate\Database\Eloquent\Builder->getModels(Array)
#6 /Users/swodsman/Desktop/Project/ICNOW-DEV/vendor/laravel/framework/src/Illuminate/Database/Concerns/BuildsQueries.php(75): Illuminate\Database\Eloquent\Builder->get(Array)
#7 /Users/swodsman/Desktop/Project/ICNOW-DEV/vendor/laravel/framework/src/Illuminate/Database/Eloquent/Model.php(1372): Illuminate\Database\Eloquent\Builder->first()
#8 /Users/swodsman/Desktop/Project/ICNOW-DEV/vendor/laravel/framework/src/Illuminate/Database/Eloquent/Model.php(1384): Illuminate\Database\Eloquent\Model->__call('first', Array)
#9 /Users/swodsman/Desktop/Project/ICNOW-DEV/app/Providers/AppServiceProvider.php(17): Illuminate\Database\Eloquent\Model::__callStatic('first', Array)
#10 [internal function]: YellowProject\Providers\AppServiceProvider->boot()
#11 /Users/swodsman/Desktop/Project/ICNOW-DEV/vendor/laravel/framework/src/Illuminate/Container/BoundMethod.php(29): call_user_func_array(Array, Array)
#12 /Users/swodsman/Desktop/Project/ICNOW-DEV/vendor/laravel/framework/src/Illuminate/Container/BoundMethod.php(87): Illuminate\Container\BoundMethod::Illuminate\Container\{closure}()
#13 /Users/swodsman/Desktop/Project/ICNOW-DEV/vendor/laravel/framework/src/Illuminate/Container/BoundMethod.php(31): Illuminate\Container\BoundMethod::callBoundMethod(Object(Illuminate\Foundation\Application), Array, Object(Closure))
#14 /Users/swodsman/Desktop/Project/ICNOW-DEV/vendor/laravel/framework/src/Illuminate/Container/Container.php(539): Illuminate\Container\BoundMethod::call(Object(Illuminate\Foundation\Application), Array, Array, NULL)
#15 /Users/swodsman/Desktop/Project/ICNOW-DEV/vendor/laravel/framework/src/Illuminate/Foundation/Application.php(788): Illuminate\Container\Container->call(Array)
#16 /Users/swodsman/Desktop/Project/ICNOW-DEV/vendor/laravel/framework/src/Illuminate/Foundation/Application.php(771): Illuminate\Foundation\Application->bootProvider(Object(YellowProject\Providers\AppServiceProvider))
#17 [internal function]: Illuminate\Foundation\Application->Illuminate\Foundation\{closure}(Object(YellowProject\Providers\AppServiceProvider), 15)
#18 /Users/swodsman/Desktop/Project/ICNOW-DEV/vendor/laravel/framework/src/Illuminate/Foundation/Application.php(772): array_walk(Array, Object(Closure))
#19 /Users/swodsman/Desktop/Project/ICNOW-DEV/vendor/laravel/framework/src/Illuminate/Foundation/Bootstrap/BootProviders.php(17): Illuminate\Foundation\Application->boot()
#20 /Users/swodsman/Desktop/Project/ICNOW-DEV/vendor/laravel/framework/src/Illuminate/Foundation/Application.php(208): Illuminate\Foundation\Bootstrap\BootProviders->bootstrap(Object(Illuminate\Foundation\Application))
#21 /Users/swodsman/Desktop/Project/ICNOW-DEV/vendor/laravel/framework/src/Illuminate/Foundation/Console/Kernel.php(267): Illuminate\Foundation\Application->bootstrapWith(Array)
#22 /Users/swodsman/Desktop/Project/ICNOW-DEV/vendor/laravel/framework/src/Illuminate/Foundation/Console/Kernel.php(114): Illuminate\Foundation\Console\Kernel->bootstrap()
#23 /Users/swodsman/Desktop/Project/ICNOW-DEV/artisan(35): Illuminate\Foundation\Console\Kernel->handle(Object(Symfony\Component\Console\Input\ArgvInput), Object(Symfony\Component\Console\Output\ConsoleOutput))
#24 {main}  
[2019-03-08 17:46:37] local.ERROR: ErrorException: include(/Users/swodsman/Desktop/Project/ICNOW-DEV/vendor/composer/../../database/migrations/2019_03_08_152054_create_dim_icnow_product_custom_table.php): failed to open stream: No such file or directory in /Users/swodsman/Desktop/Project/ICNOW-DEV/vendor/composer/ClassLoader.php:444
Stack trace:
#0 /Users/swodsman/Desktop/Project/ICNOW-DEV/vendor/composer/ClassLoader.php(444): Illuminate\Foundation\Bootstrap\HandleExceptions->handleError(2, 'include(/Users/...', '/Users/swodsman...', 444, Array)
#1 /Users/swodsman/Desktop/Project/ICNOW-DEV/vendor/composer/ClassLoader.php(444): include()
#2 /Users/swodsman/Desktop/Project/ICNOW-DEV/vendor/composer/ClassLoader.php(322): Composer\Autoload\includeFile('/Users/swodsman...')
#3 [internal function]: Composer\Autoload\ClassLoader->loadClass('CreateDimIcnowP...')
#4 [internal function]: spl_autoload_call('CreateDimIcnowP...')
#5 /Users/swodsman/Desktop/Project/ICNOW-DEV/vendor/laravel/framework/src/Illuminate/Database/Migrations/MigrationCreator.php(79): class_exists('CreateDimIcnowP...')
#6 /Users/swodsman/Desktop/Project/ICNOW-DEV/vendor/laravel/framework/src/Illuminate/Database/Migrations/MigrationCreator.php(49): Illuminate\Database\Migrations\MigrationCreator->ensureMigrationDoesntAlreadyExist('create_dim_icno...')
#7 /Users/swodsman/Desktop/Project/ICNOW-DEV/vendor/laravel/framework/src/Illuminate/Database/Console/Migrations/MigrateMakeCommand.php(100): Illuminate\Database\Migrations\MigrationCreator->create('create_dim_icno...', '/Users/swodsman...', 'dim_icnow_produ...', true)
#8 /Users/swodsman/Desktop/Project/ICNOW-DEV/vendor/laravel/framework/src/Illuminate/Database/Console/Migrations/MigrateMakeCommand.php(84): Illuminate\Database\Console\Migrations\MigrateMakeCommand->writeMigration('create_dim_icno...', 'dim_icnow_produ...', true)
#9 [internal function]: Illuminate\Database\Console\Migrations\MigrateMakeCommand->fire()
#10 /Users/swodsman/Desktop/Project/ICNOW-DEV/vendor/laravel/framework/src/Illuminate/Container/BoundMethod.php(29): call_user_func_array(Array, Array)
#11 /Users/swodsman/Desktop/Project/ICNOW-DEV/vendor/laravel/framework/src/Illuminate/Container/BoundMethod.php(87): Illuminate\Container\BoundMethod::Illuminate\Container\{closure}()
#12 /Users/swodsman/Desktop/Project/ICNOW-DEV/vendor/laravel/framework/src/Illuminate/Container/BoundMethod.php(31): Illuminate\Container\BoundMethod::callBoundMethod(Object(Illuminate\Foundation\Application), Array, Object(Closure))
#13 /Users/swodsman/Desktop/Project/ICNOW-DEV/vendor/laravel/framework/src/Illuminate/Container/Container.php(539): Illuminate\Container\BoundMethod::call(Object(Illuminate\Foundation\Application), Array, Array, NULL)
#14 /Users/swodsman/Desktop/Project/ICNOW-DEV/vendor/laravel/framework/src/Illuminate/Console/Command.php(182): Illuminate\Container\Container->call(Array)
#15 /Users/swodsman/Desktop/Project/ICNOW-DEV/vendor/symfony/console/Command/Command.php(264): Illuminate\Console\Command->execute(Object(Symfony\Component\Console\Input\ArgvInput), Object(Illuminate\Console\OutputStyle))
#16 /Users/swodsman/Desktop/Project/ICNOW-DEV/vendor/laravel/framework/src/Illuminate/Console/Command.php(167): Symfony\Component\Console\Command\Command->run(Object(Symfony\Component\Console\Input\ArgvInput), Object(Illuminate\Console\OutputStyle))
#17 /Users/swodsman/Desktop/Project/ICNOW-DEV/vendor/symfony/console/Application.php(874): Illuminate\Console\Command->run(Object(Symfony\Component\Console\Input\ArgvInput), Object(Symfony\Component\Console\Output\ConsoleOutput))
#18 /Users/swodsman/Desktop/Project/ICNOW-DEV/vendor/symfony/console/Application.php(228): Symfony\Component\Console\Application->doRunCommand(Object(Illuminate\Database\Console\Migrations\MigrateMakeCommand), Object(Symfony\Component\Console\Input\ArgvInput), Object(Symfony\Component\Console\Output\ConsoleOutput))
#19 /Users/swodsman/Desktop/Project/ICNOW-DEV/vendor/symfony/console/Application.php(130): Symfony\Component\Console\Application->doRun(Object(Symfony\Component\Console\Input\ArgvInput), Object(Symfony\Component\Console\Output\ConsoleOutput))
#20 /Users/swodsman/Desktop/Project/ICNOW-DEV/vendor/laravel/framework/src/Illuminate/Foundation/Console/Kernel.php(122): Symfony\Component\Console\Application->run(Object(Symfony\Component\Console\Input\ArgvInput), Object(Symfony\Component\Console\Output\ConsoleOutput))
#21 /Users/swodsman/Desktop/Project/ICNOW-DEV/artisan(35): Illuminate\Foundation\Console\Kernel->handle(Object(Symfony\Component\Console\Input\ArgvInput), Object(Symfony\Component\Console\Output\ConsoleOutput))
#22 {main}  
[2019-03-08 17:51:57] local.ERROR: PDOException: SQLSTATE[42000]: Syntax error or access violation: 1064 You have an error in your SQL syntax; check the manual that corresponds to your MariaDB server version for the right syntax to use near 'https://icnow-dev.yellow-idea.com/file_uploads/icnow/images/04032019_162207-0.pn' at line 1 in /Users/swodsman/Desktop/Project/ICNOW-DEV/vendor/laravel/framework/src/Illuminate/Database/Connection.php:445
Stack trace:
#0 /Users/swodsman/Desktop/Project/ICNOW-DEV/vendor/laravel/framework/src/Illuminate/Database/Connection.php(445): PDO->prepare('create table `d...')
#1 /Users/swodsman/Desktop/Project/ICNOW-DEV/vendor/laravel/framework/src/Illuminate/Database/Connection.php(640): Illuminate\Database\Connection->Illuminate\Database\{closure}('create table `d...', Array)
#2 /Users/swodsman/Desktop/Project/ICNOW-DEV/vendor/laravel/framework/src/Illuminate/Database/Connection.php(607): Illuminate\Database\Connection->runQueryCallback('create table `d...', Array, Object(Closure))
#3 /Users/swodsman/Desktop/Project/ICNOW-DEV/vendor/laravel/framework/src/Illuminate/Database/Connection.php(450): Illuminate\Database\Connection->run('create table `d...', Array, Object(Closure))
#4 /Users/swodsman/Desktop/Project/ICNOW-DEV/vendor/laravel/framework/src/Illuminate/Database/Schema/Blueprint.php(86): Illuminate\Database\Connection->statement('create table `d...')
#5 /Users/swodsman/Desktop/Project/ICNOW-DEV/vendor/laravel/framework/src/Illuminate/Database/Schema/Builder.php(239): Illuminate\Database\Schema\Blueprint->build(Object(Illuminate\Database\MySqlConnection), Object(Illuminate\Database\Schema\Grammars\MySqlGrammar))
#6 /Users/swodsman/Desktop/Project/ICNOW-DEV/vendor/laravel/framework/src/Illuminate/Database/Schema/Builder.php(164): Illuminate\Database\Schema\Builder->build(Object(Illuminate\Database\Schema\Blueprint))
#7 /Users/swodsman/Desktop/Project/ICNOW-DEV/vendor/laravel/framework/src/Illuminate/Support/Facades/Facade.php(221): Illuminate\Database\Schema\Builder->create('dim_icnow_produ...', Object(Closure))
#8 /Users/swodsman/Desktop/Project/ICNOW-DEV/database/migrations/2019_03_08_174923_create_dim_icnow_product_custom_items_table.php(24): Illuminate\Support\Facades\Facade::__callStatic('create', Array)
#9 /Users/swodsman/Desktop/Project/ICNOW-DEV/vendor/laravel/framework/src/Illuminate/Database/Migrations/Migrator.php(357): CreateDimIcnowProductCustomItemsTable->up()
#10 /Users/swodsman/Desktop/Project/ICNOW-DEV/vendor/laravel/framework/src/Illuminate/Database/Migrations/Migrator.php(363): Illuminate\Database\Migrations\Migrator->Illuminate\Database\Migrations\{closure}()
#11 /Users/swodsman/Desktop/Project/ICNOW-DEV/vendor/laravel/framework/src/Illuminate/Database/Migrations/Migrator.php(177): Illuminate\Database\Migrations\Migrator->runMigration(Object(CreateDimIcnowProductCustomItemsTable), 'up')
#12 /Users/swodsman/Desktop/Project/ICNOW-DEV/vendor/laravel/framework/src/Illuminate/Database/Migrations/Migrator.php(146): Illuminate\Database\Migrations\Migrator->runUp('/Users/swodsman...', 27, false)
#13 /Users/swodsman/Desktop/Project/ICNOW-DEV/vendor/laravel/framework/src/Illuminate/Database/Migrations/Migrator.php(95): Illuminate\Database\Migrations\Migrator->runPending(Array, Array)
#14 /Users/swodsman/Desktop/Project/ICNOW-DEV/vendor/laravel/framework/src/Illuminate/Database/Console/Migrations/MigrateCommand.php(69): Illuminate\Database\Migrations\Migrator->run(Array, Array)
#15 [internal function]: Illuminate\Database\Console\Migrations\MigrateCommand->fire()
#16 /Users/swodsman/Desktop/Project/ICNOW-DEV/vendor/laravel/framework/src/Illuminate/Container/BoundMethod.php(29): call_user_func_array(Array, Array)
#17 /Users/swodsman/Desktop/Project/ICNOW-DEV/vendor/laravel/framework/src/Illuminate/Container/BoundMethod.php(87): Illuminate\Container\BoundMethod::Illuminate\Container\{closure}()
#18 /Users/swodsman/Desktop/Project/ICNOW-DEV/vendor/laravel/framework/src/Illuminate/Container/BoundMethod.php(31): Illuminate\Container\BoundMethod::callBoundMethod(Object(Illuminate\Foundation\Application), Array, Object(Closure))
#19 /Users/swodsman/Desktop/Project/ICNOW-DEV/vendor/laravel/framework/src/Illuminate/Container/Container.php(539): Illuminate\Container\BoundMethod::call(Object(Illuminate\Foundation\Application), Array, Array, NULL)
#20 /Users/swodsman/Desktop/Project/ICNOW-DEV/vendor/laravel/framework/src/Illuminate/Console/Command.php(182): Illuminate\Container\Container->call(Array)
#21 /Users/swodsman/Desktop/Project/ICNOW-DEV/vendor/symfony/console/Command/Command.php(264): Illuminate\Console\Command->execute(Object(Symfony\Component\Console\Input\ArgvInput), Object(Illuminate\Console\OutputStyle))
#22 /Users/swodsman/Desktop/Project/ICNOW-DEV/vendor/laravel/framework/src/Illuminate/Console/Command.php(167): Symfony\Component\Console\Command\Command->run(Object(Symfony\Component\Console\Input\ArgvInput), Object(Illuminate\Console\OutputStyle))
#23 /Users/swodsman/Desktop/Project/ICNOW-DEV/vendor/symfony/console/Application.php(874): Illuminate\Console\Command->run(Object(Symfony\Component\Console\Input\ArgvInput), Object(Symfony\Component\Console\Output\ConsoleOutput))
#24 /Users/swodsman/Desktop/Project/ICNOW-DEV/vendor/symfony/console/Application.php(228): Symfony\Component\Console\Application->doRunCommand(Object(Illuminate\Database\Console\Migrations\MigrateCommand), Object(Symfony\Component\Console\Input\ArgvInput), Object(Symfony\Component\Console\Output\ConsoleOutput))
#25 /Users/swodsman/Desktop/Project/ICNOW-DEV/vendor/symfony/console/Application.php(130): Symfony\Component\Console\Application->doRun(Object(Symfony\Component\Console\Input\ArgvInput), Object(Symfony\Component\Console\Output\ConsoleOutput))
#26 /Users/swodsman/Desktop/Project/ICNOW-DEV/vendor/laravel/framework/src/Illuminate/Foundation/Console/Kernel.php(122): Symfony\Component\Console\Application->run(Object(Symfony\Component\Console\Input\ArgvInput), Object(Symfony\Component\Console\Output\ConsoleOutput))
#27 /Users/swodsman/Desktop/Project/ICNOW-DEV/artisan(35): Illuminate\Foundation\Console\Kernel->handle(Object(Symfony\Component\Console\Input\ArgvInput), Object(Symfony\Component\Console\Output\ConsoleOutput))
#28 {main}

Next Illuminate\Database\QueryException: SQLSTATE[42000]: Syntax error or access violation: 1064 You have an error in your SQL syntax; check the manual that corresponds to your MariaDB server version for the right syntax to use near 'https://icnow-dev.yellow-idea.com/file_uploads/icnow/images/04032019_162207-0.pn' at line 1 (SQL: create table `dim_icnow_product_custom_items` (`id` int unsigned not null auto_increment primary key, `icnow_product_custom_set_id` int not null, `default_unit` int not null default '0', `value` varchar(100) null, `price` decimal(10, 2) null, `img_url` varchar(https://icnow-dev.yellow-idea.com/file_uploads/icnow/images/04032019_162207-0.png) null, `created_at` timestamp null, `updated_at` timestamp null) default character set utf8mb4 collate utf8mb4_unicode_ci) in /Users/swodsman/Desktop/Project/ICNOW-DEV/vendor/laravel/framework/src/Illuminate/Database/Connection.php:647
Stack trace:
#0 /Users/swodsman/Desktop/Project/ICNOW-DEV/vendor/laravel/framework/src/Illuminate/Database/Connection.php(607): Illuminate\Database\Connection->runQueryCallback('create table `d...', Array, Object(Closure))
#1 /Users/swodsman/Desktop/Project/ICNOW-DEV/vendor/laravel/framework/src/Illuminate/Database/Connection.php(450): Illuminate\Database\Connection->run('create table `d...', Array, Object(Closure))
#2 /Users/swodsman/Desktop/Project/ICNOW-DEV/vendor/laravel/framework/src/Illuminate/Database/Schema/Blueprint.php(86): Illuminate\Database\Connection->statement('create table `d...')
#3 /Users/swodsman/Desktop/Project/ICNOW-DEV/vendor/laravel/framework/src/Illuminate/Database/Schema/Builder.php(239): Illuminate\Database\Schema\Blueprint->build(Object(Illuminate\Database\MySqlConnection), Object(Illuminate\Database\Schema\Grammars\MySqlGrammar))
#4 /Users/swodsman/Desktop/Project/ICNOW-DEV/vendor/laravel/framework/src/Illuminate/Database/Schema/Builder.php(164): Illuminate\Database\Schema\Builder->build(Object(Illuminate\Database\Schema\Blueprint))
#5 /Users/swodsman/Desktop/Project/ICNOW-DEV/vendor/laravel/framework/src/Illuminate/Support/Facades/Facade.php(221): Illuminate\Database\Schema\Builder->create('dim_icnow_produ...', Object(Closure))
#6 /Users/swodsman/Desktop/Project/ICNOW-DEV/database/migrations/2019_03_08_174923_create_dim_icnow_product_custom_items_table.php(24): Illuminate\Support\Facades\Facade::__callStatic('create', Array)
#7 /Users/swodsman/Desktop/Project/ICNOW-DEV/vendor/laravel/framework/src/Illuminate/Database/Migrations/Migrator.php(357): CreateDimIcnowProductCustomItemsTable->up()
#8 /Users/swodsman/Desktop/Project/ICNOW-DEV/vendor/laravel/framework/src/Illuminate/Database/Migrations/Migrator.php(363): Illuminate\Database\Migrations\Migrator->Illuminate\Database\Migrations\{closure}()
#9 /Users/swodsman/Desktop/Project/ICNOW-DEV/vendor/laravel/framework/src/Illuminate/Database/Migrations/Migrator.php(177): Illuminate\Database\Migrations\Migrator->runMigration(Object(CreateDimIcnowProductCustomItemsTable), 'up')
#10 /Users/swodsman/Desktop/Project/ICNOW-DEV/vendor/laravel/framework/src/Illuminate/Database/Migrations/Migrator.php(146): Illuminate\Database\Migrations\Migrator->runUp('/Users/swodsman...', 27, false)
#11 /Users/swodsman/Desktop/Project/ICNOW-DEV/vendor/laravel/framework/src/Illuminate/Database/Migrations/Migrator.php(95): Illuminate\Database\Migrations\Migrator->runPending(Array, Array)
#12 /Users/swodsman/Desktop/Project/ICNOW-DEV/vendor/laravel/framework/src/Illuminate/Database/Console/Migrations/MigrateCommand.php(69): Illuminate\Database\Migrations\Migrator->run(Array, Array)
#13 [internal function]: Illuminate\Database\Console\Migrations\MigrateCommand->fire()
#14 /Users/swodsman/Desktop/Project/ICNOW-DEV/vendor/laravel/framework/src/Illuminate/Container/BoundMethod.php(29): call_user_func_array(Array, Array)
#15 /Users/swodsman/Desktop/Project/ICNOW-DEV/vendor/laravel/framework/src/Illuminate/Container/BoundMethod.php(87): Illuminate\Container\BoundMethod::Illuminate\Container\{closure}()
#16 /Users/swodsman/Desktop/Project/ICNOW-DEV/vendor/laravel/framework/src/Illuminate/Container/BoundMethod.php(31): Illuminate\Container\BoundMethod::callBoundMethod(Object(Illuminate\Foundation\Application), Array, Object(Closure))
#17 /Users/swodsman/Desktop/Project/ICNOW-DEV/vendor/laravel/framework/src/Illuminate/Container/Container.php(539): Illuminate\Container\BoundMethod::call(Object(Illuminate\Foundation\Application), Array, Array, NULL)
#18 /Users/swodsman/Desktop/Project/ICNOW-DEV/vendor/laravel/framework/src/Illuminate/Console/Command.php(182): Illuminate\Container\Container->call(Array)
#19 /Users/swodsman/Desktop/Project/ICNOW-DEV/vendor/symfony/console/Command/Command.php(264): Illuminate\Console\Command->execute(Object(Symfony\Component\Console\Input\ArgvInput), Object(Illuminate\Console\OutputStyle))
#20 /Users/swodsman/Desktop/Project/ICNOW-DEV/vendor/laravel/framework/src/Illuminate/Console/Command.php(167): Symfony\Component\Console\Command\Command->run(Object(Symfony\Component\Console\Input\ArgvInput), Object(Illuminate\Console\OutputStyle))
#21 /Users/swodsman/Desktop/Project/ICNOW-DEV/vendor/symfony/console/Application.php(874): Illuminate\Console\Command->run(Object(Symfony\Component\Console\Input\ArgvInput), Object(Symfony\Component\Console\Output\ConsoleOutput))
#22 /Users/swodsman/Desktop/Project/ICNOW-DEV/vendor/symfony/console/Application.php(228): Symfony\Component\Console\Application->doRunCommand(Object(Illuminate\Database\Console\Migrations\MigrateCommand), Object(Symfony\Component\Console\Input\ArgvInput), Object(Symfony\Component\Console\Output\ConsoleOutput))
#23 /Users/swodsman/Desktop/Project/ICNOW-DEV/vendor/symfony/console/Application.php(130): Symfony\Component\Console\Application->doRun(Object(Symfony\Component\Console\Input\ArgvInput), Object(Symfony\Component\Console\Output\ConsoleOutput))
#24 /Users/swodsman/Desktop/Project/ICNOW-DEV/vendor/laravel/framework/src/Illuminate/Foundation/Console/Kernel.php(122): Symfony\Component\Console\Application->run(Object(Symfony\Component\Console\Input\ArgvInput), Object(Symfony\Component\Console\Output\ConsoleOutput))
#25 /Users/swodsman/Desktop/Project/ICNOW-DEV/artisan(35): Illuminate\Foundation\Console\Kernel->handle(Object(Symfony\Component\Console\Input\ArgvInput), Object(Symfony\Component\Console\Output\ConsoleOutput))
#26 {main}  
