[2018-09-23 07:59:20] local.DEBUG: Lat => 13.342307Long => 100.99818240000002  
[2018-09-23 07:59:23] local.DEBUG: {"code":"1150","name":"473193_\u0e21\u0e34\u0e19\u0e34\u0e2d\u0e21\u0e15\u0e30\u0e19\u0e04\u0e23\u0e2a\u0e32\u0e21\u0e25\u0e49\u0e2d","dt_code":"50000456","dt_location":"CHONBURI"}  
[2018-09-23 07:59:23] local.DEBUG: Reply After eventFollow =>{}  
[2018-09-23 07:59:23] local.DEBUG: return  
[2018-09-23 07:59:23] local.DEBUG: Reply After eventFollow =>{}  
[2018-09-23 07:59:23] local.DEBUG: return  
[2018-09-23 08:19:01] local.DEBUG: Lat => 13.342307Long => 100.99818240000002  
[2018-09-23 08:19:04] local.DEBUG: {"code":"1150","name":"473193_\u0e21\u0e34\u0e19\u0e34\u0e2d\u0e21\u0e15\u0e30\u0e19\u0e04\u0e23\u0e2a\u0e32\u0e21\u0e25\u0e49\u0e2d","dt_code":"50000456","dt_location":"CHONBURI"}  
[2018-09-23 08:19:04] local.DEBUG: Reply After eventFollow =>{}  
[2018-09-23 08:19:04] local.DEBUG: return  
[2018-09-23 08:20:42] local.DEBUG: Lat => 13.342307Long => 100.99818240000002  
[2018-09-23 08:20:46] local.DEBUG: {"code":"1150","name":"473193_\u0e21\u0e34\u0e19\u0e34\u0e2d\u0e21\u0e15\u0e30\u0e19\u0e04\u0e23\u0e2a\u0e32\u0e21\u0e25\u0e49\u0e2d","dt_code":"50000456","dt_location":"CHONBURI"}  
[2018-09-23 08:20:46] local.DEBUG: Reply After eventFollow =>{"message":"A message (messages[1]) in the request body is invalid","details":[{"message":"invalid property","property":"/body/contents/2/contents/3/contents/1/text"}]}  
[2018-09-23 08:20:46] local.DEBUG: return  
[2018-09-23 08:21:40] local.DEBUG: Lat => 13.342307Long => 100.99818240000002  
[2018-09-23 08:21:43] local.DEBUG: {"code":"1150","name":"473193_\u0e21\u0e34\u0e19\u0e34\u0e2d\u0e21\u0e15\u0e30\u0e19\u0e04\u0e23\u0e2a\u0e32\u0e21\u0e25\u0e49\u0e2d","dt_code":"50000456","dt_location":"CHONBURI"}  
[2018-09-23 08:21:44] local.DEBUG: Reply After eventFollow =>{"message":"A message (messages[1]) in the request body is invalid","details":[{"message":"invalid property","property":"/body/contents/2/contents/3/contents/1/text"}]}  
[2018-09-23 08:21:44] local.DEBUG: return  
[2018-09-23 08:22:51] local.DEBUG: Lat => 13.342307Long => 100.99818240000002  
[2018-09-23 08:22:54] local.DEBUG: {"code":"1150","name":"473193_\u0e21\u0e34\u0e19\u0e34\u0e2d\u0e21\u0e15\u0e30\u0e19\u0e04\u0e23\u0e2a\u0e32\u0e21\u0e25\u0e49\u0e2d","dt_code":"50000456","dt_location":"CHONBURI"}  
[2018-09-23 08:22:55] local.DEBUG: Reply After eventFollow =>{}  
[2018-09-23 08:22:55] local.DEBUG: return  
[2018-09-23 10:09:46] local.DEBUG: Lat => 13.342307Long => 100.99818240000002  
[2018-09-23 10:09:49] local.DEBUG: {"code":"1150","name":"473193_\u0e21\u0e34\u0e19\u0e34\u0e2d\u0e21\u0e15\u0e30\u0e19\u0e04\u0e23\u0e2a\u0e32\u0e21\u0e25\u0e49\u0e2d","dt_code":"50000456","dt_location":"CHONBURI"}  
[2018-09-23 10:09:49] local.DEBUG: Reply After eventFollow =>{}  
[2018-09-23 10:09:49] local.DEBUG: return  
[2018-09-23 10:12:55] local.DEBUG: Lat => 13.342307Long => 100.99818240000002  
[2018-09-23 10:12:58] local.DEBUG: {"code":"1150","name":"473193_\u0e21\u0e34\u0e19\u0e34\u0e2d\u0e21\u0e15\u0e30\u0e19\u0e04\u0e23\u0e2a\u0e32\u0e21\u0e25\u0e49\u0e2d","dt_code":"50000456","dt_location":"CHONBURI"}  
[2018-09-23 10:12:59] local.DEBUG: Reply After eventFollow =>{}  
[2018-09-23 10:12:59] local.DEBUG: return  
[2018-09-23 18:56:58] local.ERROR: Symfony\Component\HttpKernel\Exception\NotFoundHttpException in /var/www/html/Dev/ICNOW-DEV/vendor/laravel/framework/src/Illuminate/Routing/RouteCollection.php:179
Stack trace:
#0 /var/www/html/Dev/ICNOW-DEV/vendor/barryvdh/laravel-cors/src/HandlePreflight.php(57): Illuminate\Routing\RouteCollection->match(Object(Illuminate\Http\Request))
#1 /var/www/html/Dev/ICNOW-DEV/vendor/barryvdh/laravel-cors/src/HandlePreflight.php(31): Barryvdh\Cors\HandlePreflight->hasMatchingCorsRoute(Object(Illuminate\Http\Request))
#2 /var/www/html/Dev/ICNOW-DEV/vendor/laravel/framework/src/Illuminate/Pipeline/Pipeline.php(148): Barryvdh\Cors\HandlePreflight->handle(Object(Illuminate\Http\Request), Object(Closure))
#3 /var/www/html/Dev/ICNOW-DEV/vendor/laravel/framework/src/Illuminate/Routing/Pipeline.php(53): Illuminate\Pipeline\Pipeline->Illuminate\Pipeline\{closure}(Object(Illuminate\Http\Request))
#4 /var/www/html/Dev/ICNOW-DEV/vendor/laravel/framework/src/Illuminate/Pipeline/Pipeline.php(102): Illuminate\Routing\Pipeline->Illuminate\Routing\{closure}(Object(Illuminate\Http\Request))
#5 /var/www/html/Dev/ICNOW-DEV/vendor/laravel/framework/src/Illuminate/Foundation/Http/Kernel.php(151): Illuminate\Pipeline\Pipeline->then(Object(Closure))
#6 /var/www/html/Dev/ICNOW-DEV/vendor/laravel/framework/src/Illuminate/Foundation/Http/Kernel.php(116): Illuminate\Foundation\Http\Kernel->sendRequestThroughRouter(Object(Illuminate\Http\Request))
#7 /var/www/html/Dev/ICNOW-DEV/public/index.php(53): Illuminate\Foundation\Http\Kernel->handle(Object(Illuminate\Http\Request))
#8 {main}  
[2018-09-23 19:06:50] local.ERROR: Symfony\Component\Debug\Exception\FatalThrowableError: Call to a member function update() on null in /var/www/html/Dev/ICNOW-DEV/app/Http/Controllers/API/v1/ICNOW/Product/ProductController.php:220
Stack trace:
#0 [internal function]: YellowProject\Http\Controllers\API\v1\ICNOW\Product\ProductController->update(Object(Illuminate\Http\Request), 'undefined')
#1 /var/www/html/Dev/ICNOW-DEV/vendor/laravel/framework/src/Illuminate/Routing/Controller.php(55): call_user_func_array(Array, Array)
#2 /var/www/html/Dev/ICNOW-DEV/vendor/laravel/framework/src/Illuminate/Routing/ControllerDispatcher.php(44): Illuminate\Routing\Controller->callAction('update', Array)
#3 /var/www/html/Dev/ICNOW-DEV/vendor/laravel/framework/src/Illuminate/Routing/Route.php(203): Illuminate\Routing\ControllerDispatcher->dispatch(Object(Illuminate\Routing\Route), Object(YellowProject\Http\Controllers\API\v1\ICNOW\Product\ProductController), 'update')
#4 /var/www/html/Dev/ICNOW-DEV/vendor/laravel/framework/src/Illuminate/Routing/Route.php(160): Illuminate\Routing\Route->runController()
#5 /var/www/html/Dev/ICNOW-DEV/vendor/laravel/framework/src/Illuminate/Routing/Router.php(574): Illuminate\Routing\Route->run()
#6 /var/www/html/Dev/ICNOW-DEV/vendor/laravel/framework/src/Illuminate/Routing/Pipeline.php(30): Illuminate\Routing\Router->Illuminate\Routing\{closure}(Object(Illuminate\Http\Request))
#7 /var/www/html/Dev/ICNOW-DEV/vendor/barryvdh/laravel-cors/src/HandleCors.php(42): Illuminate\Routing\Pipeline->Illuminate\Routing\{closure}(Object(Illuminate\Http\Request))
#8 /var/www/html/Dev/ICNOW-DEV/vendor/laravel/framework/src/Illuminate/Pipeline/Pipeline.php(148): Barryvdh\Cors\HandleCors->handle(Object(Illuminate\Http\Request), Object(Closure))
#9 /var/www/html/Dev/ICNOW-DEV/vendor/laravel/framework/src/Illuminate/Routing/Pipeline.php(53): Illuminate\Pipeline\Pipeline->Illuminate\Pipeline\{closure}(Object(Illuminate\Http\Request))
#10 /var/www/html/Dev/ICNOW-DEV/vendor/laravel/framework/src/Illuminate/Routing/Middleware/SubstituteBindings.php(41): Illuminate\Routing\Pipeline->Illuminate\Routing\{closure}(Object(Illuminate\Http\Request))
#11 /var/www/html/Dev/ICNOW-DEV/vendor/laravel/framework/src/Illuminate/Pipeline/Pipeline.php(148): Illuminate\Routing\Middleware\SubstituteBindings->handle(Object(Illuminate\Http\Request), Object(Closure))
#12 /var/www/html/Dev/ICNOW-DEV/vendor/laravel/framework/src/Illuminate/Routing/Pipeline.php(53): Illuminate\Pipeline\Pipeline->Illuminate\Pipeline\{closure}(Object(Illuminate\Http\Request))
#13 /var/www/html/Dev/ICNOW-DEV/vendor/laravel/framework/src/Illuminate/Routing/Middleware/ThrottleRequests.php(49): Illuminate\Routing\Pipeline->Illuminate\Routing\{closure}(Object(Illuminate\Http\Request))
#14 /var/www/html/Dev/ICNOW-DEV/vendor/laravel/framework/src/Illuminate/Pipeline/Pipeline.php(148): Illuminate\Routing\Middleware\ThrottleRequests->handle(Object(Illuminate\Http\Request), Object(Closure), '60', '1')
#15 /var/www/html/Dev/ICNOW-DEV/vendor/laravel/framework/src/Illuminate/Routing/Pipeline.php(53): Illuminate\Pipeline\Pipeline->Illuminate\Pipeline\{closure}(Object(Illuminate\Http\Request))
#16 /var/www/html/Dev/ICNOW-DEV/vendor/laravel/framework/src/Illuminate/Pipeline/Pipeline.php(102): Illuminate\Routing\Pipeline->Illuminate\Routing\{closure}(Object(Illuminate\Http\Request))
#17 /var/www/html/Dev/ICNOW-DEV/vendor/laravel/framework/src/Illuminate/Routing/Router.php(576): Illuminate\Pipeline\Pipeline->then(Object(Closure))
#18 /var/www/html/Dev/ICNOW-DEV/vendor/laravel/framework/src/Illuminate/Routing/Router.php(535): Illuminate\Routing\Router->runRouteWithinStack(Object(Illuminate\Routing\Route), Object(Illuminate\Http\Request))
#19 /var/www/html/Dev/ICNOW-DEV/vendor/laravel/framework/src/Illuminate/Routing/Router.php(513): Illuminate\Routing\Router->dispatchToRoute(Object(Illuminate\Http\Request))
#20 /var/www/html/Dev/ICNOW-DEV/vendor/laravel/framework/src/Illuminate/Foundation/Http/Kernel.php(176): Illuminate\Routing\Router->dispatch(Object(Illuminate\Http\Request))
#21 /var/www/html/Dev/ICNOW-DEV/vendor/laravel/framework/src/Illuminate/Routing/Pipeline.php(30): Illuminate\Foundation\Http\Kernel->Illuminate\Foundation\Http\{closure}(Object(Illuminate\Http\Request))
#22 /var/www/html/Dev/ICNOW-DEV/vendor/laravel/framework/src/Illuminate/Foundation/Http/Middleware/TransformsRequest.php(30): Illuminate\Routing\Pipeline->Illuminate\Routing\{closure}(Object(Illuminate\Http\Request))
#23 /var/www/html/Dev/ICNOW-DEV/vendor/laravel/framework/src/Illuminate/Pipeline/Pipeline.php(148): Illuminate\Foundation\Http\Middleware\TransformsRequest->handle(Object(Illuminate\Http\Request), Object(Closure))
#24 /var/www/html/Dev/ICNOW-DEV/vendor/laravel/framework/src/Illuminate/Routing/Pipeline.php(53): Illuminate\Pipeline\Pipeline->Illuminate\Pipeline\{closure}(Object(Illuminate\Http\Request))
#25 /var/www/html/Dev/ICNOW-DEV/vendor/laravel/framework/src/Illuminate/Foundation/Http/Middleware/TransformsRequest.php(30): Illuminate\Routing\Pipeline->Illuminate\Routing\{closure}(Object(Illuminate\Http\Request))
#26 /var/www/html/Dev/ICNOW-DEV/vendor/laravel/framework/src/Illuminate/Pipeline/Pipeline.php(148): Illuminate\Foundation\Http\Middleware\TransformsRequest->handle(Object(Illuminate\Http\Request), Object(Closure))
#27 /var/www/html/Dev/ICNOW-DEV/vendor/laravel/framework/src/Illuminate/Routing/Pipeline.php(53): Illuminate\Pipeline\Pipeline->Illuminate\Pipeline\{closure}(Object(Illuminate\Http\Request))
#28 /var/www/html/Dev/ICNOW-DEV/vendor/laravel/framework/src/Illuminate/Foundation/Http/Middleware/ValidatePostSize.php(27): Illuminate\Routing\Pipeline->Illuminate\Routing\{closure}(Object(Illuminate\Http\Request))
#29 /var/www/html/Dev/ICNOW-DEV/vendor/laravel/framework/src/Illuminate/Pipeline/Pipeline.php(148): Illuminate\Foundation\Http\Middleware\ValidatePostSize->handle(Object(Illuminate\Http\Request), Object(Closure))
#30 /var/www/html/Dev/ICNOW-DEV/vendor/laravel/framework/src/Illuminate/Routing/Pipeline.php(53): Illuminate\Pipeline\Pipeline->Illuminate\Pipeline\{closure}(Object(Illuminate\Http\Request))
#31 /var/www/html/Dev/ICNOW-DEV/vendor/laravel/framework/src/Illuminate/Foundation/Http/Middleware/CheckForMaintenanceMode.php(46): Illuminate\Routing\Pipeline->Illuminate\Routing\{closure}(Object(Illuminate\Http\Request))
#32 /var/www/html/Dev/ICNOW-DEV/vendor/laravel/framework/src/Illuminate/Pipeline/Pipeline.php(148): Illuminate\Foundation\Http\Middleware\CheckForMaintenanceMode->handle(Object(Illuminate\Http\Request), Object(Closure))
#33 /var/www/html/Dev/ICNOW-DEV/vendor/laravel/framework/src/Illuminate/Routing/Pipeline.php(53): Illuminate\Pipeline\Pipeline->Illuminate\Pipeline\{closure}(Object(Illuminate\Http\Request))
#34 /var/www/html/Dev/ICNOW-DEV/vendor/laravel/framework/src/Illuminate/Pipeline/Pipeline.php(102): Illuminate\Routing\Pipeline->Illuminate\Routing\{closure}(Object(Illuminate\Http\Request))
#35 /var/www/html/Dev/ICNOW-DEV/vendor/laravel/framework/src/Illuminate/Foundation/Http/Kernel.php(151): Illuminate\Pipeline\Pipeline->then(Object(Closure))
#36 /var/www/html/Dev/ICNOW-DEV/vendor/laravel/framework/src/Illuminate/Foundation/Http/Kernel.php(116): Illuminate\Foundation\Http\Kernel->sendRequestThroughRouter(Object(Illuminate\Http\Request))
#37 /var/www/html/Dev/ICNOW-DEV/public/index.php(53): Illuminate\Foundation\Http\Kernel->handle(Object(Illuminate\Http\Request))
#38 {main}  
[2018-09-23 19:07:26] local.ERROR: Symfony\Component\Debug\Exception\FatalThrowableError: Call to a member function update() on null in /var/www/html/Dev/ICNOW-DEV/app/Http/Controllers/API/v1/ICNOW/Product/ProductController.php:220
Stack trace:
#0 [internal function]: YellowProject\Http\Controllers\API\v1\ICNOW\Product\ProductController->update(Object(Illuminate\Http\Request), 'undefined')
#1 /var/www/html/Dev/ICNOW-DEV/vendor/laravel/framework/src/Illuminate/Routing/Controller.php(55): call_user_func_array(Array, Array)
#2 /var/www/html/Dev/ICNOW-DEV/vendor/laravel/framework/src/Illuminate/Routing/ControllerDispatcher.php(44): Illuminate\Routing\Controller->callAction('update', Array)
#3 /var/www/html/Dev/ICNOW-DEV/vendor/laravel/framework/src/Illuminate/Routing/Route.php(203): Illuminate\Routing\ControllerDispatcher->dispatch(Object(Illuminate\Routing\Route), Object(YellowProject\Http\Controllers\API\v1\ICNOW\Product\ProductController), 'update')
#4 /var/www/html/Dev/ICNOW-DEV/vendor/laravel/framework/src/Illuminate/Routing/Route.php(160): Illuminate\Routing\Route->runController()
#5 /var/www/html/Dev/ICNOW-DEV/vendor/laravel/framework/src/Illuminate/Routing/Router.php(574): Illuminate\Routing\Route->run()
#6 /var/www/html/Dev/ICNOW-DEV/vendor/laravel/framework/src/Illuminate/Routing/Pipeline.php(30): Illuminate\Routing\Router->Illuminate\Routing\{closure}(Object(Illuminate\Http\Request))
#7 /var/www/html/Dev/ICNOW-DEV/vendor/barryvdh/laravel-cors/src/HandleCors.php(42): Illuminate\Routing\Pipeline->Illuminate\Routing\{closure}(Object(Illuminate\Http\Request))
#8 /var/www/html/Dev/ICNOW-DEV/vendor/laravel/framework/src/Illuminate/Pipeline/Pipeline.php(148): Barryvdh\Cors\HandleCors->handle(Object(Illuminate\Http\Request), Object(Closure))
#9 /var/www/html/Dev/ICNOW-DEV/vendor/laravel/framework/src/Illuminate/Routing/Pipeline.php(53): Illuminate\Pipeline\Pipeline->Illuminate\Pipeline\{closure}(Object(Illuminate\Http\Request))
#10 /var/www/html/Dev/ICNOW-DEV/vendor/laravel/framework/src/Illuminate/Routing/Middleware/SubstituteBindings.php(41): Illuminate\Routing\Pipeline->Illuminate\Routing\{closure}(Object(Illuminate\Http\Request))
#11 /var/www/html/Dev/ICNOW-DEV/vendor/laravel/framework/src/Illuminate/Pipeline/Pipeline.php(148): Illuminate\Routing\Middleware\SubstituteBindings->handle(Object(Illuminate\Http\Request), Object(Closure))
#12 /var/www/html/Dev/ICNOW-DEV/vendor/laravel/framework/src/Illuminate/Routing/Pipeline.php(53): Illuminate\Pipeline\Pipeline->Illuminate\Pipeline\{closure}(Object(Illuminate\Http\Request))
#13 /var/www/html/Dev/ICNOW-DEV/vendor/laravel/framework/src/Illuminate/Routing/Middleware/ThrottleRequests.php(49): Illuminate\Routing\Pipeline->Illuminate\Routing\{closure}(Object(Illuminate\Http\Request))
#14 /var/www/html/Dev/ICNOW-DEV/vendor/laravel/framework/src/Illuminate/Pipeline/Pipeline.php(148): Illuminate\Routing\Middleware\ThrottleRequests->handle(Object(Illuminate\Http\Request), Object(Closure), '60', '1')
#15 /var/www/html/Dev/ICNOW-DEV/vendor/laravel/framework/src/Illuminate/Routing/Pipeline.php(53): Illuminate\Pipeline\Pipeline->Illuminate\Pipeline\{closure}(Object(Illuminate\Http\Request))
#16 /var/www/html/Dev/ICNOW-DEV/vendor/laravel/framework/src/Illuminate/Pipeline/Pipeline.php(102): Illuminate\Routing\Pipeline->Illuminate\Routing\{closure}(Object(Illuminate\Http\Request))
#17 /var/www/html/Dev/ICNOW-DEV/vendor/laravel/framework/src/Illuminate/Routing/Router.php(576): Illuminate\Pipeline\Pipeline->then(Object(Closure))
#18 /var/www/html/Dev/ICNOW-DEV/vendor/laravel/framework/src/Illuminate/Routing/Router.php(535): Illuminate\Routing\Router->runRouteWithinStack(Object(Illuminate\Routing\Route), Object(Illuminate\Http\Request))
#19 /var/www/html/Dev/ICNOW-DEV/vendor/laravel/framework/src/Illuminate/Routing/Router.php(513): Illuminate\Routing\Router->dispatchToRoute(Object(Illuminate\Http\Request))
#20 /var/www/html/Dev/ICNOW-DEV/vendor/laravel/framework/src/Illuminate/Foundation/Http/Kernel.php(176): Illuminate\Routing\Router->dispatch(Object(Illuminate\Http\Request))
#21 /var/www/html/Dev/ICNOW-DEV/vendor/laravel/framework/src/Illuminate/Routing/Pipeline.php(30): Illuminate\Foundation\Http\Kernel->Illuminate\Foundation\Http\{closure}(Object(Illuminate\Http\Request))
#22 /var/www/html/Dev/ICNOW-DEV/vendor/laravel/framework/src/Illuminate/Foundation/Http/Middleware/TransformsRequest.php(30): Illuminate\Routing\Pipeline->Illuminate\Routing\{closure}(Object(Illuminate\Http\Request))
#23 /var/www/html/Dev/ICNOW-DEV/vendor/laravel/framework/src/Illuminate/Pipeline/Pipeline.php(148): Illuminate\Foundation\Http\Middleware\TransformsRequest->handle(Object(Illuminate\Http\Request), Object(Closure))
#24 /var/www/html/Dev/ICNOW-DEV/vendor/laravel/framework/src/Illuminate/Routing/Pipeline.php(53): Illuminate\Pipeline\Pipeline->Illuminate\Pipeline\{closure}(Object(Illuminate\Http\Request))
#25 /var/www/html/Dev/ICNOW-DEV/vendor/laravel/framework/src/Illuminate/Foundation/Http/Middleware/TransformsRequest.php(30): Illuminate\Routing\Pipeline->Illuminate\Routing\{closure}(Object(Illuminate\Http\Request))
#26 /var/www/html/Dev/ICNOW-DEV/vendor/laravel/framework/src/Illuminate/Pipeline/Pipeline.php(148): Illuminate\Foundation\Http\Middleware\TransformsRequest->handle(Object(Illuminate\Http\Request), Object(Closure))
#27 /var/www/html/Dev/ICNOW-DEV/vendor/laravel/framework/src/Illuminate/Routing/Pipeline.php(53): Illuminate\Pipeline\Pipeline->Illuminate\Pipeline\{closure}(Object(Illuminate\Http\Request))
#28 /var/www/html/Dev/ICNOW-DEV/vendor/laravel/framework/src/Illuminate/Foundation/Http/Middleware/ValidatePostSize.php(27): Illuminate\Routing\Pipeline->Illuminate\Routing\{closure}(Object(Illuminate\Http\Request))
#29 /var/www/html/Dev/ICNOW-DEV/vendor/laravel/framework/src/Illuminate/Pipeline/Pipeline.php(148): Illuminate\Foundation\Http\Middleware\ValidatePostSize->handle(Object(Illuminate\Http\Request), Object(Closure))
#30 /var/www/html/Dev/ICNOW-DEV/vendor/laravel/framework/src/Illuminate/Routing/Pipeline.php(53): Illuminate\Pipeline\Pipeline->Illuminate\Pipeline\{closure}(Object(Illuminate\Http\Request))
#31 /var/www/html/Dev/ICNOW-DEV/vendor/laravel/framework/src/Illuminate/Foundation/Http/Middleware/CheckForMaintenanceMode.php(46): Illuminate\Routing\Pipeline->Illuminate\Routing\{closure}(Object(Illuminate\Http\Request))
#32 /var/www/html/Dev/ICNOW-DEV/vendor/laravel/framework/src/Illuminate/Pipeline/Pipeline.php(148): Illuminate\Foundation\Http\Middleware\CheckForMaintenanceMode->handle(Object(Illuminate\Http\Request), Object(Closure))
#33 /var/www/html/Dev/ICNOW-DEV/vendor/laravel/framework/src/Illuminate/Routing/Pipeline.php(53): Illuminate\Pipeline\Pipeline->Illuminate\Pipeline\{closure}(Object(Illuminate\Http\Request))
#34 /var/www/html/Dev/ICNOW-DEV/vendor/laravel/framework/src/Illuminate/Pipeline/Pipeline.php(102): Illuminate\Routing\Pipeline->Illuminate\Routing\{closure}(Object(Illuminate\Http\Request))
#35 /var/www/html/Dev/ICNOW-DEV/vendor/laravel/framework/src/Illuminate/Foundation/Http/Kernel.php(151): Illuminate\Pipeline\Pipeline->then(Object(Closure))
#36 /var/www/html/Dev/ICNOW-DEV/vendor/laravel/framework/src/Illuminate/Foundation/Http/Kernel.php(116): Illuminate\Foundation\Http\Kernel->sendRequestThroughRouter(Object(Illuminate\Http\Request))
#37 /var/www/html/Dev/ICNOW-DEV/public/index.php(53): Illuminate\Foundation\Http\Kernel->handle(Object(Illuminate\Http\Request))
#38 {main}  
[2018-09-23 19:09:55] local.ERROR: Symfony\Component\Debug\Exception\FatalThrowableError: Call to a member function update() on null in /var/www/html/Dev/ICNOW-DEV/app/Http/Controllers/API/v1/ICNOW/Product/ProductController.php:220
Stack trace:
#0 [internal function]: YellowProject\Http\Controllers\API\v1\ICNOW\Product\ProductController->update(Object(Illuminate\Http\Request), 'undefined')
#1 /var/www/html/Dev/ICNOW-DEV/vendor/laravel/framework/src/Illuminate/Routing/Controller.php(55): call_user_func_array(Array, Array)
#2 /var/www/html/Dev/ICNOW-DEV/vendor/laravel/framework/src/Illuminate/Routing/ControllerDispatcher.php(44): Illuminate\Routing\Controller->callAction('update', Array)
#3 /var/www/html/Dev/ICNOW-DEV/vendor/laravel/framework/src/Illuminate/Routing/Route.php(203): Illuminate\Routing\ControllerDispatcher->dispatch(Object(Illuminate\Routing\Route), Object(YellowProject\Http\Controllers\API\v1\ICNOW\Product\ProductController), 'update')
#4 /var/www/html/Dev/ICNOW-DEV/vendor/laravel/framework/src/Illuminate/Routing/Route.php(160): Illuminate\Routing\Route->runController()
#5 /var/www/html/Dev/ICNOW-DEV/vendor/laravel/framework/src/Illuminate/Routing/Router.php(574): Illuminate\Routing\Route->run()
#6 /var/www/html/Dev/ICNOW-DEV/vendor/laravel/framework/src/Illuminate/Routing/Pipeline.php(30): Illuminate\Routing\Router->Illuminate\Routing\{closure}(Object(Illuminate\Http\Request))
#7 /var/www/html/Dev/ICNOW-DEV/vendor/barryvdh/laravel-cors/src/HandleCors.php(42): Illuminate\Routing\Pipeline->Illuminate\Routing\{closure}(Object(Illuminate\Http\Request))
#8 /var/www/html/Dev/ICNOW-DEV/vendor/laravel/framework/src/Illuminate/Pipeline/Pipeline.php(148): Barryvdh\Cors\HandleCors->handle(Object(Illuminate\Http\Request), Object(Closure))
#9 /var/www/html/Dev/ICNOW-DEV/vendor/laravel/framework/src/Illuminate/Routing/Pipeline.php(53): Illuminate\Pipeline\Pipeline->Illuminate\Pipeline\{closure}(Object(Illuminate\Http\Request))
#10 /var/www/html/Dev/ICNOW-DEV/vendor/laravel/framework/src/Illuminate/Routing/Middleware/SubstituteBindings.php(41): Illuminate\Routing\Pipeline->Illuminate\Routing\{closure}(Object(Illuminate\Http\Request))
#11 /var/www/html/Dev/ICNOW-DEV/vendor/laravel/framework/src/Illuminate/Pipeline/Pipeline.php(148): Illuminate\Routing\Middleware\SubstituteBindings->handle(Object(Illuminate\Http\Request), Object(Closure))
#12 /var/www/html/Dev/ICNOW-DEV/vendor/laravel/framework/src/Illuminate/Routing/Pipeline.php(53): Illuminate\Pipeline\Pipeline->Illuminate\Pipeline\{closure}(Object(Illuminate\Http\Request))
#13 /var/www/html/Dev/ICNOW-DEV/vendor/laravel/framework/src/Illuminate/Routing/Middleware/ThrottleRequests.php(49): Illuminate\Routing\Pipeline->Illuminate\Routing\{closure}(Object(Illuminate\Http\Request))
#14 /var/www/html/Dev/ICNOW-DEV/vendor/laravel/framework/src/Illuminate/Pipeline/Pipeline.php(148): Illuminate\Routing\Middleware\ThrottleRequests->handle(Object(Illuminate\Http\Request), Object(Closure), '60', '1')
#15 /var/www/html/Dev/ICNOW-DEV/vendor/laravel/framework/src/Illuminate/Routing/Pipeline.php(53): Illuminate\Pipeline\Pipeline->Illuminate\Pipeline\{closure}(Object(Illuminate\Http\Request))
#16 /var/www/html/Dev/ICNOW-DEV/vendor/laravel/framework/src/Illuminate/Pipeline/Pipeline.php(102): Illuminate\Routing\Pipeline->Illuminate\Routing\{closure}(Object(Illuminate\Http\Request))
#17 /var/www/html/Dev/ICNOW-DEV/vendor/laravel/framework/src/Illuminate/Routing/Router.php(576): Illuminate\Pipeline\Pipeline->then(Object(Closure))
#18 /var/www/html/Dev/ICNOW-DEV/vendor/laravel/framework/src/Illuminate/Routing/Router.php(535): Illuminate\Routing\Router->runRouteWithinStack(Object(Illuminate\Routing\Route), Object(Illuminate\Http\Request))
#19 /var/www/html/Dev/ICNOW-DEV/vendor/laravel/framework/src/Illuminate/Routing/Router.php(513): Illuminate\Routing\Router->dispatchToRoute(Object(Illuminate\Http\Request))
#20 /var/www/html/Dev/ICNOW-DEV/vendor/laravel/framework/src/Illuminate/Foundation/Http/Kernel.php(176): Illuminate\Routing\Router->dispatch(Object(Illuminate\Http\Request))
#21 /var/www/html/Dev/ICNOW-DEV/vendor/laravel/framework/src/Illuminate/Routing/Pipeline.php(30): Illuminate\Foundation\Http\Kernel->Illuminate\Foundation\Http\{closure}(Object(Illuminate\Http\Request))
#22 /var/www/html/Dev/ICNOW-DEV/vendor/laravel/framework/src/Illuminate/Foundation/Http/Middleware/TransformsRequest.php(30): Illuminate\Routing\Pipeline->Illuminate\Routing\{closure}(Object(Illuminate\Http\Request))
#23 /var/www/html/Dev/ICNOW-DEV/vendor/laravel/framework/src/Illuminate/Pipeline/Pipeline.php(148): Illuminate\Foundation\Http\Middleware\TransformsRequest->handle(Object(Illuminate\Http\Request), Object(Closure))
#24 /var/www/html/Dev/ICNOW-DEV/vendor/laravel/framework/src/Illuminate/Routing/Pipeline.php(53): Illuminate\Pipeline\Pipeline->Illuminate\Pipeline\{closure}(Object(Illuminate\Http\Request))
#25 /var/www/html/Dev/ICNOW-DEV/vendor/laravel/framework/src/Illuminate/Foundation/Http/Middleware/TransformsRequest.php(30): Illuminate\Routing\Pipeline->Illuminate\Routing\{closure}(Object(Illuminate\Http\Request))
#26 /var/www/html/Dev/ICNOW-DEV/vendor/laravel/framework/src/Illuminate/Pipeline/Pipeline.php(148): Illuminate\Foundation\Http\Middleware\TransformsRequest->handle(Object(Illuminate\Http\Request), Object(Closure))
#27 /var/www/html/Dev/ICNOW-DEV/vendor/laravel/framework/src/Illuminate/Routing/Pipeline.php(53): Illuminate\Pipeline\Pipeline->Illuminate\Pipeline\{closure}(Object(Illuminate\Http\Request))
#28 /var/www/html/Dev/ICNOW-DEV/vendor/laravel/framework/src/Illuminate/Foundation/Http/Middleware/ValidatePostSize.php(27): Illuminate\Routing\Pipeline->Illuminate\Routing\{closure}(Object(Illuminate\Http\Request))
#29 /var/www/html/Dev/ICNOW-DEV/vendor/laravel/framework/src/Illuminate/Pipeline/Pipeline.php(148): Illuminate\Foundation\Http\Middleware\ValidatePostSize->handle(Object(Illuminate\Http\Request), Object(Closure))
#30 /var/www/html/Dev/ICNOW-DEV/vendor/laravel/framework/src/Illuminate/Routing/Pipeline.php(53): Illuminate\Pipeline\Pipeline->Illuminate\Pipeline\{closure}(Object(Illuminate\Http\Request))
#31 /var/www/html/Dev/ICNOW-DEV/vendor/laravel/framework/src/Illuminate/Foundation/Http/Middleware/CheckForMaintenanceMode.php(46): Illuminate\Routing\Pipeline->Illuminate\Routing\{closure}(Object(Illuminate\Http\Request))
#32 /var/www/html/Dev/ICNOW-DEV/vendor/laravel/framework/src/Illuminate/Pipeline/Pipeline.php(148): Illuminate\Foundation\Http\Middleware\CheckForMaintenanceMode->handle(Object(Illuminate\Http\Request), Object(Closure))
#33 /var/www/html/Dev/ICNOW-DEV/vendor/laravel/framework/src/Illuminate/Routing/Pipeline.php(53): Illuminate\Pipeline\Pipeline->Illuminate\Pipeline\{closure}(Object(Illuminate\Http\Request))
#34 /var/www/html/Dev/ICNOW-DEV/vendor/laravel/framework/src/Illuminate/Pipeline/Pipeline.php(102): Illuminate\Routing\Pipeline->Illuminate\Routing\{closure}(Object(Illuminate\Http\Request))
#35 /var/www/html/Dev/ICNOW-DEV/vendor/laravel/framework/src/Illuminate/Foundation/Http/Kernel.php(151): Illuminate\Pipeline\Pipeline->then(Object(Closure))
#36 /var/www/html/Dev/ICNOW-DEV/vendor/laravel/framework/src/Illuminate/Foundation/Http/Kernel.php(116): Illuminate\Foundation\Http\Kernel->sendRequestThroughRouter(Object(Illuminate\Http\Request))
#37 /var/www/html/Dev/ICNOW-DEV/public/index.php(53): Illuminate\Foundation\Http\Kernel->handle(Object(Illuminate\Http\Request))
#38 {main}  
[2018-09-23 19:32:53] local.ERROR: Symfony\Component\HttpKernel\Exception\NotFoundHttpException in /var/www/html/Dev/ICNOW-DEV/vendor/laravel/framework/src/Illuminate/Routing/RouteCollection.php:179
Stack trace:
#0 /var/www/html/Dev/ICNOW-DEV/vendor/barryvdh/laravel-cors/src/HandlePreflight.php(57): Illuminate\Routing\RouteCollection->match(Object(Illuminate\Http\Request))
#1 /var/www/html/Dev/ICNOW-DEV/vendor/barryvdh/laravel-cors/src/HandlePreflight.php(31): Barryvdh\Cors\HandlePreflight->hasMatchingCorsRoute(Object(Illuminate\Http\Request))
#2 /var/www/html/Dev/ICNOW-DEV/vendor/laravel/framework/src/Illuminate/Pipeline/Pipeline.php(148): Barryvdh\Cors\HandlePreflight->handle(Object(Illuminate\Http\Request), Object(Closure))
#3 /var/www/html/Dev/ICNOW-DEV/vendor/laravel/framework/src/Illuminate/Routing/Pipeline.php(53): Illuminate\Pipeline\Pipeline->Illuminate\Pipeline\{closure}(Object(Illuminate\Http\Request))
#4 /var/www/html/Dev/ICNOW-DEV/vendor/laravel/framework/src/Illuminate/Pipeline/Pipeline.php(102): Illuminate\Routing\Pipeline->Illuminate\Routing\{closure}(Object(Illuminate\Http\Request))
#5 /var/www/html/Dev/ICNOW-DEV/vendor/laravel/framework/src/Illuminate/Foundation/Http/Kernel.php(151): Illuminate\Pipeline\Pipeline->then(Object(Closure))
#6 /var/www/html/Dev/ICNOW-DEV/vendor/laravel/framework/src/Illuminate/Foundation/Http/Kernel.php(116): Illuminate\Foundation\Http\Kernel->sendRequestThroughRouter(Object(Illuminate\Http\Request))
#7 /var/www/html/Dev/ICNOW-DEV/public/index.php(53): Illuminate\Foundation\Http\Kernel->handle(Object(Illuminate\Http\Request))
#8 {main}  
[2018-09-23 20:55:02] local.ERROR: Symfony\Component\Debug\Exception\FatalThrowableError: Class 'YellowProject\Console\JobScheduleFunction' not found in /var/www/html/Dev/ICNOW-DEV/app/Console/Kernel.php:36
Stack trace:
#0 [internal function]: YellowProject\Console\Kernel->YellowProject\Console\{closure}()
#1 /var/www/html/Dev/ICNOW-DEV/vendor/laravel/framework/src/Illuminate/Container/BoundMethod.php(29): call_user_func_array(Object(Closure), Array)
#2 /var/www/html/Dev/ICNOW-DEV/vendor/laravel/framework/src/Illuminate/Container/BoundMethod.php(75): Illuminate\Container\BoundMethod::Illuminate\Container\{closure}()
#3 /var/www/html/Dev/ICNOW-DEV/vendor/laravel/framework/src/Illuminate/Container/BoundMethod.php(31): Illuminate\Container\BoundMethod::callBoundMethod(Object(Illuminate\Foundation\Application), Object(Closure), Object(Closure))
#4 /var/www/html/Dev/ICNOW-DEV/vendor/laravel/framework/src/Illuminate/Container/Container.php(539): Illuminate\Container\BoundMethod::call(Object(Illuminate\Foundation\Application), Object(Closure), Array, NULL)
#5 /var/www/html/Dev/ICNOW-DEV/vendor/laravel/framework/src/Illuminate/Console/Scheduling/CallbackEvent.php(68): Illuminate\Container\Container->call(Object(Closure), Array)
#6 /var/www/html/Dev/ICNOW-DEV/vendor/laravel/framework/src/Illuminate/Console/Scheduling/ScheduleRunCommand.php(59): Illuminate\Console\Scheduling\CallbackEvent->run(Object(Illuminate\Foundation\Application))
#7 [internal function]: Illuminate\Console\Scheduling\ScheduleRunCommand->fire()
#8 /var/www/html/Dev/ICNOW-DEV/vendor/laravel/framework/src/Illuminate/Container/BoundMethod.php(29): call_user_func_array(Array, Array)
#9 /var/www/html/Dev/ICNOW-DEV/vendor/laravel/framework/src/Illuminate/Container/BoundMethod.php(87): Illuminate\Container\BoundMethod::Illuminate\Container\{closure}()
#10 /var/www/html/Dev/ICNOW-DEV/vendor/laravel/framework/src/Illuminate/Container/BoundMethod.php(31): Illuminate\Container\BoundMethod::callBoundMethod(Object(Illuminate\Foundation\Application), Array, Object(Closure))
#11 /var/www/html/Dev/ICNOW-DEV/vendor/laravel/framework/src/Illuminate/Container/Container.php(539): Illuminate\Container\BoundMethod::call(Object(Illuminate\Foundation\Application), Array, Array, NULL)
#12 /var/www/html/Dev/ICNOW-DEV/vendor/laravel/framework/src/Illuminate/Console/Command.php(182): Illuminate\Container\Container->call(Array)
#13 /var/www/html/Dev/ICNOW-DEV/vendor/symfony/console/Command/Command.php(264): Illuminate\Console\Command->execute(Object(Symfony\Component\Console\Input\ArgvInput), Object(Illuminate\Console\OutputStyle))
#14 /var/www/html/Dev/ICNOW-DEV/vendor/laravel/framework/src/Illuminate/Console/Command.php(167): Symfony\Component\Console\Command\Command->run(Object(Symfony\Component\Console\Input\ArgvInput), Object(Illuminate\Console\OutputStyle))
#15 /var/www/html/Dev/ICNOW-DEV/vendor/symfony/console/Application.php(874): Illuminate\Console\Command->run(Object(Symfony\Component\Console\Input\ArgvInput), Object(Symfony\Component\Console\Output\ConsoleOutput))
#16 /var/www/html/Dev/ICNOW-DEV/vendor/symfony/console/Application.php(228): Symfony\Component\Console\Application->doRunCommand(Object(Illuminate\Console\Scheduling\ScheduleRunCommand), Object(Symfony\Component\Console\Input\ArgvInput), Object(Symfony\Component\Console\Output\ConsoleOutput))
#17 /var/www/html/Dev/ICNOW-DEV/vendor/symfony/console/Application.php(130): Symfony\Component\Console\Application->doRun(Object(Symfony\Component\Console\Input\ArgvInput), Object(Symfony\Component\Console\Output\ConsoleOutput))
#18 /var/www/html/Dev/ICNOW-DEV/vendor/laravel/framework/src/Illuminate/Foundation/Console/Kernel.php(122): Symfony\Component\Console\Application->run(Object(Symfony\Component\Console\Input\ArgvInput), Object(Symfony\Component\Console\Output\ConsoleOutput))
#19 /var/www/html/Dev/ICNOW-DEV/artisan(35): Illuminate\Foundation\Console\Kernel->handle(Object(Symfony\Component\Console\Input\ArgvInput), Object(Symfony\Component\Console\Output\ConsoleOutput))
#20 {main}  
[2018-09-23 20:56:02] local.ERROR: Symfony\Component\Debug\Exception\FatalThrowableError: Class 'YellowProject\Console\JobScheduleFunction' not found in /var/www/html/Dev/ICNOW-DEV/app/Console/Kernel.php:36
Stack trace:
#0 [internal function]: YellowProject\Console\Kernel->YellowProject\Console\{closure}()
#1 /var/www/html/Dev/ICNOW-DEV/vendor/laravel/framework/src/Illuminate/Container/BoundMethod.php(29): call_user_func_array(Object(Closure), Array)
#2 /var/www/html/Dev/ICNOW-DEV/vendor/laravel/framework/src/Illuminate/Container/BoundMethod.php(75): Illuminate\Container\BoundMethod::Illuminate\Container\{closure}()
#3 /var/www/html/Dev/ICNOW-DEV/vendor/laravel/framework/src/Illuminate/Container/BoundMethod.php(31): Illuminate\Container\BoundMethod::callBoundMethod(Object(Illuminate\Foundation\Application), Object(Closure), Object(Closure))
#4 /var/www/html/Dev/ICNOW-DEV/vendor/laravel/framework/src/Illuminate/Container/Container.php(539): Illuminate\Container\BoundMethod::call(Object(Illuminate\Foundation\Application), Object(Closure), Array, NULL)
#5 /var/www/html/Dev/ICNOW-DEV/vendor/laravel/framework/src/Illuminate/Console/Scheduling/CallbackEvent.php(68): Illuminate\Container\Container->call(Object(Closure), Array)
#6 /var/www/html/Dev/ICNOW-DEV/vendor/laravel/framework/src/Illuminate/Console/Scheduling/ScheduleRunCommand.php(59): Illuminate\Console\Scheduling\CallbackEvent->run(Object(Illuminate\Foundation\Application))
#7 [internal function]: Illuminate\Console\Scheduling\ScheduleRunCommand->fire()
#8 /var/www/html/Dev/ICNOW-DEV/vendor/laravel/framework/src/Illuminate/Container/BoundMethod.php(29): call_user_func_array(Array, Array)
#9 /var/www/html/Dev/ICNOW-DEV/vendor/laravel/framework/src/Illuminate/Container/BoundMethod.php(87): Illuminate\Container\BoundMethod::Illuminate\Container\{closure}()
#10 /var/www/html/Dev/ICNOW-DEV/vendor/laravel/framework/src/Illuminate/Container/BoundMethod.php(31): Illuminate\Container\BoundMethod::callBoundMethod(Object(Illuminate\Foundation\Application), Array, Object(Closure))
#11 /var/www/html/Dev/ICNOW-DEV/vendor/laravel/framework/src/Illuminate/Container/Container.php(539): Illuminate\Container\BoundMethod::call(Object(Illuminate\Foundation\Application), Array, Array, NULL)
#12 /var/www/html/Dev/ICNOW-DEV/vendor/laravel/framework/src/Illuminate/Console/Command.php(182): Illuminate\Container\Container->call(Array)
#13 /var/www/html/Dev/ICNOW-DEV/vendor/symfony/console/Command/Command.php(264): Illuminate\Console\Command->execute(Object(Symfony\Component\Console\Input\ArgvInput), Object(Illuminate\Console\OutputStyle))
#14 /var/www/html/Dev/ICNOW-DEV/vendor/laravel/framework/src/Illuminate/Console/Command.php(167): Symfony\Component\Console\Command\Command->run(Object(Symfony\Component\Console\Input\ArgvInput), Object(Illuminate\Console\OutputStyle))
#15 /var/www/html/Dev/ICNOW-DEV/vendor/symfony/console/Application.php(874): Illuminate\Console\Command->run(Object(Symfony\Component\Console\Input\ArgvInput), Object(Symfony\Component\Console\Output\ConsoleOutput))
#16 /var/www/html/Dev/ICNOW-DEV/vendor/symfony/console/Application.php(228): Symfony\Component\Console\Application->doRunCommand(Object(Illuminate\Console\Scheduling\ScheduleRunCommand), Object(Symfony\Component\Console\Input\ArgvInput), Object(Symfony\Component\Console\Output\ConsoleOutput))
#17 /var/www/html/Dev/ICNOW-DEV/vendor/symfony/console/Application.php(130): Symfony\Component\Console\Application->doRun(Object(Symfony\Component\Console\Input\ArgvInput), Object(Symfony\Component\Console\Output\ConsoleOutput))
#18 /var/www/html/Dev/ICNOW-DEV/vendor/laravel/framework/src/Illuminate/Foundation/Console/Kernel.php(122): Symfony\Component\Console\Application->run(Object(Symfony\Component\Console\Input\ArgvInput), Object(Symfony\Component\Console\Output\ConsoleOutput))
#19 /var/www/html/Dev/ICNOW-DEV/artisan(35): Illuminate\Foundation\Console\Kernel->handle(Object(Symfony\Component\Console\Input\ArgvInput), Object(Symfony\Component\Console\Output\ConsoleOutput))
#20 {main}  
[2018-09-23 20:57:02] local.ERROR: Symfony\Component\Debug\Exception\FatalThrowableError: Class 'YellowProject\Console\JobScheduleFunction' not found in /var/www/html/Dev/ICNOW-DEV/app/Console/Kernel.php:36
Stack trace:
#0 [internal function]: YellowProject\Console\Kernel->YellowProject\Console\{closure}()
#1 /var/www/html/Dev/ICNOW-DEV/vendor/laravel/framework/src/Illuminate/Container/BoundMethod.php(29): call_user_func_array(Object(Closure), Array)
#2 /var/www/html/Dev/ICNOW-DEV/vendor/laravel/framework/src/Illuminate/Container/BoundMethod.php(75): Illuminate\Container\BoundMethod::Illuminate\Container\{closure}()
#3 /var/www/html/Dev/ICNOW-DEV/vendor/laravel/framework/src/Illuminate/Container/BoundMethod.php(31): Illuminate\Container\BoundMethod::callBoundMethod(Object(Illuminate\Foundation\Application), Object(Closure), Object(Closure))
#4 /var/www/html/Dev/ICNOW-DEV/vendor/laravel/framework/src/Illuminate/Container/Container.php(539): Illuminate\Container\BoundMethod::call(Object(Illuminate\Foundation\Application), Object(Closure), Array, NULL)
#5 /var/www/html/Dev/ICNOW-DEV/vendor/laravel/framework/src/Illuminate/Console/Scheduling/CallbackEvent.php(68): Illuminate\Container\Container->call(Object(Closure), Array)
#6 /var/www/html/Dev/ICNOW-DEV/vendor/laravel/framework/src/Illuminate/Console/Scheduling/ScheduleRunCommand.php(59): Illuminate\Console\Scheduling\CallbackEvent->run(Object(Illuminate\Foundation\Application))
#7 [internal function]: Illuminate\Console\Scheduling\ScheduleRunCommand->fire()
#8 /var/www/html/Dev/ICNOW-DEV/vendor/laravel/framework/src/Illuminate/Container/BoundMethod.php(29): call_user_func_array(Array, Array)
#9 /var/www/html/Dev/ICNOW-DEV/vendor/laravel/framework/src/Illuminate/Container/BoundMethod.php(87): Illuminate\Container\BoundMethod::Illuminate\Container\{closure}()
#10 /var/www/html/Dev/ICNOW-DEV/vendor/laravel/framework/src/Illuminate/Container/BoundMethod.php(31): Illuminate\Container\BoundMethod::callBoundMethod(Object(Illuminate\Foundation\Application), Array, Object(Closure))
#11 /var/www/html/Dev/ICNOW-DEV/vendor/laravel/framework/src/Illuminate/Container/Container.php(539): Illuminate\Container\BoundMethod::call(Object(Illuminate\Foundation\Application), Array, Array, NULL)
#12 /var/www/html/Dev/ICNOW-DEV/vendor/laravel/framework/src/Illuminate/Console/Command.php(182): Illuminate\Container\Container->call(Array)
#13 /var/www/html/Dev/ICNOW-DEV/vendor/symfony/console/Command/Command.php(264): Illuminate\Console\Command->execute(Object(Symfony\Component\Console\Input\ArgvInput), Object(Illuminate\Console\OutputStyle))
#14 /var/www/html/Dev/ICNOW-DEV/vendor/laravel/framework/src/Illuminate/Console/Command.php(167): Symfony\Component\Console\Command\Command->run(Object(Symfony\Component\Console\Input\ArgvInput), Object(Illuminate\Console\OutputStyle))
#15 /var/www/html/Dev/ICNOW-DEV/vendor/symfony/console/Application.php(874): Illuminate\Console\Command->run(Object(Symfony\Component\Console\Input\ArgvInput), Object(Symfony\Component\Console\Output\ConsoleOutput))
#16 /var/www/html/Dev/ICNOW-DEV/vendor/symfony/console/Application.php(228): Symfony\Component\Console\Application->doRunCommand(Object(Illuminate\Console\Scheduling\ScheduleRunCommand), Object(Symfony\Component\Console\Input\ArgvInput), Object(Symfony\Component\Console\Output\ConsoleOutput))
#17 /var/www/html/Dev/ICNOW-DEV/vendor/symfony/console/Application.php(130): Symfony\Component\Console\Application->doRun(Object(Symfony\Component\Console\Input\ArgvInput), Object(Symfony\Component\Console\Output\ConsoleOutput))
#18 /var/www/html/Dev/ICNOW-DEV/vendor/laravel/framework/src/Illuminate/Foundation/Console/Kernel.php(122): Symfony\Component\Console\Application->run(Object(Symfony\Component\Console\Input\ArgvInput), Object(Symfony\Component\Console\Output\ConsoleOutput))
#19 /var/www/html/Dev/ICNOW-DEV/artisan(35): Illuminate\Foundation\Console\Kernel->handle(Object(Symfony\Component\Console\Input\ArgvInput), Object(Symfony\Component\Console\Output\ConsoleOutput))
#20 {main}  
[2018-09-23 20:58:02] local.ERROR: Symfony\Component\Debug\Exception\FatalThrowableError: Class 'YellowProject\Console\JobScheduleFunction' not found in /var/www/html/Dev/ICNOW-DEV/app/Console/Kernel.php:36
Stack trace:
#0 [internal function]: YellowProject\Console\Kernel->YellowProject\Console\{closure}()
#1 /var/www/html/Dev/ICNOW-DEV/vendor/laravel/framework/src/Illuminate/Container/BoundMethod.php(29): call_user_func_array(Object(Closure), Array)
#2 /var/www/html/Dev/ICNOW-DEV/vendor/laravel/framework/src/Illuminate/Container/BoundMethod.php(75): Illuminate\Container\BoundMethod::Illuminate\Container\{closure}()
#3 /var/www/html/Dev/ICNOW-DEV/vendor/laravel/framework/src/Illuminate/Container/BoundMethod.php(31): Illuminate\Container\BoundMethod::callBoundMethod(Object(Illuminate\Foundation\Application), Object(Closure), Object(Closure))
#4 /var/www/html/Dev/ICNOW-DEV/vendor/laravel/framework/src/Illuminate/Container/Container.php(539): Illuminate\Container\BoundMethod::call(Object(Illuminate\Foundation\Application), Object(Closure), Array, NULL)
#5 /var/www/html/Dev/ICNOW-DEV/vendor/laravel/framework/src/Illuminate/Console/Scheduling/CallbackEvent.php(68): Illuminate\Container\Container->call(Object(Closure), Array)
#6 /var/www/html/Dev/ICNOW-DEV/vendor/laravel/framework/src/Illuminate/Console/Scheduling/ScheduleRunCommand.php(59): Illuminate\Console\Scheduling\CallbackEvent->run(Object(Illuminate\Foundation\Application))
#7 [internal function]: Illuminate\Console\Scheduling\ScheduleRunCommand->fire()
#8 /var/www/html/Dev/ICNOW-DEV/vendor/laravel/framework/src/Illuminate/Container/BoundMethod.php(29): call_user_func_array(Array, Array)
#9 /var/www/html/Dev/ICNOW-DEV/vendor/laravel/framework/src/Illuminate/Container/BoundMethod.php(87): Illuminate\Container\BoundMethod::Illuminate\Container\{closure}()
#10 /var/www/html/Dev/ICNOW-DEV/vendor/laravel/framework/src/Illuminate/Container/BoundMethod.php(31): Illuminate\Container\BoundMethod::callBoundMethod(Object(Illuminate\Foundation\Application), Array, Object(Closure))
#11 /var/www/html/Dev/ICNOW-DEV/vendor/laravel/framework/src/Illuminate/Container/Container.php(539): Illuminate\Container\BoundMethod::call(Object(Illuminate\Foundation\Application), Array, Array, NULL)
#12 /var/www/html/Dev/ICNOW-DEV/vendor/laravel/framework/src/Illuminate/Console/Command.php(182): Illuminate\Container\Container->call(Array)
#13 /var/www/html/Dev/ICNOW-DEV/vendor/symfony/console/Command/Command.php(264): Illuminate\Console\Command->execute(Object(Symfony\Component\Console\Input\ArgvInput), Object(Illuminate\Console\OutputStyle))
#14 /var/www/html/Dev/ICNOW-DEV/vendor/laravel/framework/src/Illuminate/Console/Command.php(167): Symfony\Component\Console\Command\Command->run(Object(Symfony\Component\Console\Input\ArgvInput), Object(Illuminate\Console\OutputStyle))
#15 /var/www/html/Dev/ICNOW-DEV/vendor/symfony/console/Application.php(874): Illuminate\Console\Command->run(Object(Symfony\Component\Console\Input\ArgvInput), Object(Symfony\Component\Console\Output\ConsoleOutput))
#16 /var/www/html/Dev/ICNOW-DEV/vendor/symfony/console/Application.php(228): Symfony\Component\Console\Application->doRunCommand(Object(Illuminate\Console\Scheduling\ScheduleRunCommand), Object(Symfony\Component\Console\Input\ArgvInput), Object(Symfony\Component\Console\Output\ConsoleOutput))
#17 /var/www/html/Dev/ICNOW-DEV/vendor/symfony/console/Application.php(130): Symfony\Component\Console\Application->doRun(Object(Symfony\Component\Console\Input\ArgvInput), Object(Symfony\Component\Console\Output\ConsoleOutput))
#18 /var/www/html/Dev/ICNOW-DEV/vendor/laravel/framework/src/Illuminate/Foundation/Console/Kernel.php(122): Symfony\Component\Console\Application->run(Object(Symfony\Component\Console\Input\ArgvInput), Object(Symfony\Component\Console\Output\ConsoleOutput))
#19 /var/www/html/Dev/ICNOW-DEV/artisan(35): Illuminate\Foundation\Console\Kernel->handle(Object(Symfony\Component\Console\Input\ArgvInput), Object(Symfony\Component\Console\Output\ConsoleOutput))
#20 {main}  
[2018-09-23 20:59:02] local.ERROR: Symfony\Component\Debug\Exception\FatalThrowableError: Class 'YellowProject\Console\JobScheduleFunction' not found in /var/www/html/Dev/ICNOW-DEV/app/Console/Kernel.php:36
Stack trace:
#0 [internal function]: YellowProject\Console\Kernel->YellowProject\Console\{closure}()
#1 /var/www/html/Dev/ICNOW-DEV/vendor/laravel/framework/src/Illuminate/Container/BoundMethod.php(29): call_user_func_array(Object(Closure), Array)
#2 /var/www/html/Dev/ICNOW-DEV/vendor/laravel/framework/src/Illuminate/Container/BoundMethod.php(75): Illuminate\Container\BoundMethod::Illuminate\Container\{closure}()
#3 /var/www/html/Dev/ICNOW-DEV/vendor/laravel/framework/src/Illuminate/Container/BoundMethod.php(31): Illuminate\Container\BoundMethod::callBoundMethod(Object(Illuminate\Foundation\Application), Object(Closure), Object(Closure))
#4 /var/www/html/Dev/ICNOW-DEV/vendor/laravel/framework/src/Illuminate/Container/Container.php(539): Illuminate\Container\BoundMethod::call(Object(Illuminate\Foundation\Application), Object(Closure), Array, NULL)
#5 /var/www/html/Dev/ICNOW-DEV/vendor/laravel/framework/src/Illuminate/Console/Scheduling/CallbackEvent.php(68): Illuminate\Container\Container->call(Object(Closure), Array)
#6 /var/www/html/Dev/ICNOW-DEV/vendor/laravel/framework/src/Illuminate/Console/Scheduling/ScheduleRunCommand.php(59): Illuminate\Console\Scheduling\CallbackEvent->run(Object(Illuminate\Foundation\Application))
#7 [internal function]: Illuminate\Console\Scheduling\ScheduleRunCommand->fire()
#8 /var/www/html/Dev/ICNOW-DEV/vendor/laravel/framework/src/Illuminate/Container/BoundMethod.php(29): call_user_func_array(Array, Array)
#9 /var/www/html/Dev/ICNOW-DEV/vendor/laravel/framework/src/Illuminate/Container/BoundMethod.php(87): Illuminate\Container\BoundMethod::Illuminate\Container\{closure}()
#10 /var/www/html/Dev/ICNOW-DEV/vendor/laravel/framework/src/Illuminate/Container/BoundMethod.php(31): Illuminate\Container\BoundMethod::callBoundMethod(Object(Illuminate\Foundation\Application), Array, Object(Closure))
#11 /var/www/html/Dev/ICNOW-DEV/vendor/laravel/framework/src/Illuminate/Container/Container.php(539): Illuminate\Container\BoundMethod::call(Object(Illuminate\Foundation\Application), Array, Array, NULL)
#12 /var/www/html/Dev/ICNOW-DEV/vendor/laravel/framework/src/Illuminate/Console/Command.php(182): Illuminate\Container\Container->call(Array)
#13 /var/www/html/Dev/ICNOW-DEV/vendor/symfony/console/Command/Command.php(264): Illuminate\Console\Command->execute(Object(Symfony\Component\Console\Input\ArgvInput), Object(Illuminate\Console\OutputStyle))
#14 /var/www/html/Dev/ICNOW-DEV/vendor/laravel/framework/src/Illuminate/Console/Command.php(167): Symfony\Component\Console\Command\Command->run(Object(Symfony\Component\Console\Input\ArgvInput), Object(Illuminate\Console\OutputStyle))
#15 /var/www/html/Dev/ICNOW-DEV/vendor/symfony/console/Application.php(874): Illuminate\Console\Command->run(Object(Symfony\Component\Console\Input\ArgvInput), Object(Symfony\Component\Console\Output\ConsoleOutput))
#16 /var/www/html/Dev/ICNOW-DEV/vendor/symfony/console/Application.php(228): Symfony\Component\Console\Application->doRunCommand(Object(Illuminate\Console\Scheduling\ScheduleRunCommand), Object(Symfony\Component\Console\Input\ArgvInput), Object(Symfony\Component\Console\Output\ConsoleOutput))
#17 /var/www/html/Dev/ICNOW-DEV/vendor/symfony/console/Application.php(130): Symfony\Component\Console\Application->doRun(Object(Symfony\Component\Console\Input\ArgvInput), Object(Symfony\Component\Console\Output\ConsoleOutput))
#18 /var/www/html/Dev/ICNOW-DEV/vendor/laravel/framework/src/Illuminate/Foundation/Console/Kernel.php(122): Symfony\Component\Console\Application->run(Object(Symfony\Component\Console\Input\ArgvInput), Object(Symfony\Component\Console\Output\ConsoleOutput))
#19 /var/www/html/Dev/ICNOW-DEV/artisan(35): Illuminate\Foundation\Console\Kernel->handle(Object(Symfony\Component\Console\Input\ArgvInput), Object(Symfony\Component\Console\Output\ConsoleOutput))
#20 {main}  
[2018-09-23 21:00:02] local.ERROR: Symfony\Component\Debug\Exception\FatalThrowableError: Class 'YellowProject\Console\JobScheduleFunction' not found in /var/www/html/Dev/ICNOW-DEV/app/Console/Kernel.php:36
Stack trace:
#0 [internal function]: YellowProject\Console\Kernel->YellowProject\Console\{closure}()
#1 /var/www/html/Dev/ICNOW-DEV/vendor/laravel/framework/src/Illuminate/Container/BoundMethod.php(29): call_user_func_array(Object(Closure), Array)
#2 /var/www/html/Dev/ICNOW-DEV/vendor/laravel/framework/src/Illuminate/Container/BoundMethod.php(75): Illuminate\Container\BoundMethod::Illuminate\Container\{closure}()
#3 /var/www/html/Dev/ICNOW-DEV/vendor/laravel/framework/src/Illuminate/Container/BoundMethod.php(31): Illuminate\Container\BoundMethod::callBoundMethod(Object(Illuminate\Foundation\Application), Object(Closure), Object(Closure))
#4 /var/www/html/Dev/ICNOW-DEV/vendor/laravel/framework/src/Illuminate/Container/Container.php(539): Illuminate\Container\BoundMethod::call(Object(Illuminate\Foundation\Application), Object(Closure), Array, NULL)
#5 /var/www/html/Dev/ICNOW-DEV/vendor/laravel/framework/src/Illuminate/Console/Scheduling/CallbackEvent.php(68): Illuminate\Container\Container->call(Object(Closure), Array)
#6 /var/www/html/Dev/ICNOW-DEV/vendor/laravel/framework/src/Illuminate/Console/Scheduling/ScheduleRunCommand.php(59): Illuminate\Console\Scheduling\CallbackEvent->run(Object(Illuminate\Foundation\Application))
#7 [internal function]: Illuminate\Console\Scheduling\ScheduleRunCommand->fire()
#8 /var/www/html/Dev/ICNOW-DEV/vendor/laravel/framework/src/Illuminate/Container/BoundMethod.php(29): call_user_func_array(Array, Array)
#9 /var/www/html/Dev/ICNOW-DEV/vendor/laravel/framework/src/Illuminate/Container/BoundMethod.php(87): Illuminate\Container\BoundMethod::Illuminate\Container\{closure}()
#10 /var/www/html/Dev/ICNOW-DEV/vendor/laravel/framework/src/Illuminate/Container/BoundMethod.php(31): Illuminate\Container\BoundMethod::callBoundMethod(Object(Illuminate\Foundation\Application), Array, Object(Closure))
#11 /var/www/html/Dev/ICNOW-DEV/vendor/laravel/framework/src/Illuminate/Container/Container.php(539): Illuminate\Container\BoundMethod::call(Object(Illuminate\Foundation\Application), Array, Array, NULL)
#12 /var/www/html/Dev/ICNOW-DEV/vendor/laravel/framework/src/Illuminate/Console/Command.php(182): Illuminate\Container\Container->call(Array)
#13 /var/www/html/Dev/ICNOW-DEV/vendor/symfony/console/Command/Command.php(264): Illuminate\Console\Command->execute(Object(Symfony\Component\Console\Input\ArgvInput), Object(Illuminate\Console\OutputStyle))
#14 /var/www/html/Dev/ICNOW-DEV/vendor/laravel/framework/src/Illuminate/Console/Command.php(167): Symfony\Component\Console\Command\Command->run(Object(Symfony\Component\Console\Input\ArgvInput), Object(Illuminate\Console\OutputStyle))
#15 /var/www/html/Dev/ICNOW-DEV/vendor/symfony/console/Application.php(874): Illuminate\Console\Command->run(Object(Symfony\Component\Console\Input\ArgvInput), Object(Symfony\Component\Console\Output\ConsoleOutput))
#16 /var/www/html/Dev/ICNOW-DEV/vendor/symfony/console/Application.php(228): Symfony\Component\Console\Application->doRunCommand(Object(Illuminate\Console\Scheduling\ScheduleRunCommand), Object(Symfony\Component\Console\Input\ArgvInput), Object(Symfony\Component\Console\Output\ConsoleOutput))
#17 /var/www/html/Dev/ICNOW-DEV/vendor/symfony/console/Application.php(130): Symfony\Component\Console\Application->doRun(Object(Symfony\Component\Console\Input\ArgvInput), Object(Symfony\Component\Console\Output\ConsoleOutput))
#18 /var/www/html/Dev/ICNOW-DEV/vendor/laravel/framework/src/Illuminate/Foundation/Console/Kernel.php(122): Symfony\Component\Console\Application->run(Object(Symfony\Component\Console\Input\ArgvInput), Object(Symfony\Component\Console\Output\ConsoleOutput))
#19 /var/www/html/Dev/ICNOW-DEV/artisan(35): Illuminate\Foundation\Console\Kernel->handle(Object(Symfony\Component\Console\Input\ArgvInput), Object(Symfony\Component\Console\Output\ConsoleOutput))
#20 {main}  
[2018-09-23 21:01:02] local.ERROR: Symfony\Component\Debug\Exception\FatalThrowableError: Class 'YellowProject\Console\JobScheduleFunction' not found in /var/www/html/Dev/ICNOW-DEV/app/Console/Kernel.php:36
Stack trace:
#0 [internal function]: YellowProject\Console\Kernel->YellowProject\Console\{closure}()
#1 /var/www/html/Dev/ICNOW-DEV/vendor/laravel/framework/src/Illuminate/Container/BoundMethod.php(29): call_user_func_array(Object(Closure), Array)
#2 /var/www/html/Dev/ICNOW-DEV/vendor/laravel/framework/src/Illuminate/Container/BoundMethod.php(75): Illuminate\Container\BoundMethod::Illuminate\Container\{closure}()
#3 /var/www/html/Dev/ICNOW-DEV/vendor/laravel/framework/src/Illuminate/Container/BoundMethod.php(31): Illuminate\Container\BoundMethod::callBoundMethod(Object(Illuminate\Foundation\Application), Object(Closure), Object(Closure))
#4 /var/www/html/Dev/ICNOW-DEV/vendor/laravel/framework/src/Illuminate/Container/Container.php(539): Illuminate\Container\BoundMethod::call(Object(Illuminate\Foundation\Application), Object(Closure), Array, NULL)
#5 /var/www/html/Dev/ICNOW-DEV/vendor/laravel/framework/src/Illuminate/Console/Scheduling/CallbackEvent.php(68): Illuminate\Container\Container->call(Object(Closure), Array)
#6 /var/www/html/Dev/ICNOW-DEV/vendor/laravel/framework/src/Illuminate/Console/Scheduling/ScheduleRunCommand.php(59): Illuminate\Console\Scheduling\CallbackEvent->run(Object(Illuminate\Foundation\Application))
#7 [internal function]: Illuminate\Console\Scheduling\ScheduleRunCommand->fire()
#8 /var/www/html/Dev/ICNOW-DEV/vendor/laravel/framework/src/Illuminate/Container/BoundMethod.php(29): call_user_func_array(Array, Array)
#9 /var/www/html/Dev/ICNOW-DEV/vendor/laravel/framework/src/Illuminate/Container/BoundMethod.php(87): Illuminate\Container\BoundMethod::Illuminate\Container\{closure}()
#10 /var/www/html/Dev/ICNOW-DEV/vendor/laravel/framework/src/Illuminate/Container/BoundMethod.php(31): Illuminate\Container\BoundMethod::callBoundMethod(Object(Illuminate\Foundation\Application), Array, Object(Closure))
#11 /var/www/html/Dev/ICNOW-DEV/vendor/laravel/framework/src/Illuminate/Container/Container.php(539): Illuminate\Container\BoundMethod::call(Object(Illuminate\Foundation\Application), Array, Array, NULL)
#12 /var/www/html/Dev/ICNOW-DEV/vendor/laravel/framework/src/Illuminate/Console/Command.php(182): Illuminate\Container\Container->call(Array)
#13 /var/www/html/Dev/ICNOW-DEV/vendor/symfony/console/Command/Command.php(264): Illuminate\Console\Command->execute(Object(Symfony\Component\Console\Input\ArgvInput), Object(Illuminate\Console\OutputStyle))
#14 /var/www/html/Dev/ICNOW-DEV/vendor/laravel/framework/src/Illuminate/Console/Command.php(167): Symfony\Component\Console\Command\Command->run(Object(Symfony\Component\Console\Input\ArgvInput), Object(Illuminate\Console\OutputStyle))
#15 /var/www/html/Dev/ICNOW-DEV/vendor/symfony/console/Application.php(874): Illuminate\Console\Command->run(Object(Symfony\Component\Console\Input\ArgvInput), Object(Symfony\Component\Console\Output\ConsoleOutput))
#16 /var/www/html/Dev/ICNOW-DEV/vendor/symfony/console/Application.php(228): Symfony\Component\Console\Application->doRunCommand(Object(Illuminate\Console\Scheduling\ScheduleRunCommand), Object(Symfony\Component\Console\Input\ArgvInput), Object(Symfony\Component\Console\Output\ConsoleOutput))
#17 /var/www/html/Dev/ICNOW-DEV/vendor/symfony/console/Application.php(130): Symfony\Component\Console\Application->doRun(Object(Symfony\Component\Console\Input\ArgvInput), Object(Symfony\Component\Console\Output\ConsoleOutput))
#18 /var/www/html/Dev/ICNOW-DEV/vendor/laravel/framework/src/Illuminate/Foundation/Console/Kernel.php(122): Symfony\Component\Console\Application->run(Object(Symfony\Component\Console\Input\ArgvInput), Object(Symfony\Component\Console\Output\ConsoleOutput))
#19 /var/www/html/Dev/ICNOW-DEV/artisan(35): Illuminate\Foundation\Console\Kernel->handle(Object(Symfony\Component\Console\Input\ArgvInput), Object(Symfony\Component\Console\Output\ConsoleOutput))
#20 {main}  
[2018-09-23 21:02:02] local.ERROR: Symfony\Component\Debug\Exception\FatalThrowableError: Class 'YellowProject\Console\JobScheduleFunction' not found in /var/www/html/Dev/ICNOW-DEV/app/Console/Kernel.php:36
Stack trace:
#0 [internal function]: YellowProject\Console\Kernel->YellowProject\Console\{closure}()
#1 /var/www/html/Dev/ICNOW-DEV/vendor/laravel/framework/src/Illuminate/Container/BoundMethod.php(29): call_user_func_array(Object(Closure), Array)
#2 /var/www/html/Dev/ICNOW-DEV/vendor/laravel/framework/src/Illuminate/Container/BoundMethod.php(75): Illuminate\Container\BoundMethod::Illuminate\Container\{closure}()
#3 /var/www/html/Dev/ICNOW-DEV/vendor/laravel/framework/src/Illuminate/Container/BoundMethod.php(31): Illuminate\Container\BoundMethod::callBoundMethod(Object(Illuminate\Foundation\Application), Object(Closure), Object(Closure))
#4 /var/www/html/Dev/ICNOW-DEV/vendor/laravel/framework/src/Illuminate/Container/Container.php(539): Illuminate\Container\BoundMethod::call(Object(Illuminate\Foundation\Application), Object(Closure), Array, NULL)
#5 /var/www/html/Dev/ICNOW-DEV/vendor/laravel/framework/src/Illuminate/Console/Scheduling/CallbackEvent.php(68): Illuminate\Container\Container->call(Object(Closure), Array)
#6 /var/www/html/Dev/ICNOW-DEV/vendor/laravel/framework/src/Illuminate/Console/Scheduling/ScheduleRunCommand.php(59): Illuminate\Console\Scheduling\CallbackEvent->run(Object(Illuminate\Foundation\Application))
#7 [internal function]: Illuminate\Console\Scheduling\ScheduleRunCommand->fire()
#8 /var/www/html/Dev/ICNOW-DEV/vendor/laravel/framework/src/Illuminate/Container/BoundMethod.php(29): call_user_func_array(Array, Array)
#9 /var/www/html/Dev/ICNOW-DEV/vendor/laravel/framework/src/Illuminate/Container/BoundMethod.php(87): Illuminate\Container\BoundMethod::Illuminate\Container\{closure}()
#10 /var/www/html/Dev/ICNOW-DEV/vendor/laravel/framework/src/Illuminate/Container/BoundMethod.php(31): Illuminate\Container\BoundMethod::callBoundMethod(Object(Illuminate\Foundation\Application), Array, Object(Closure))
#11 /var/www/html/Dev/ICNOW-DEV/vendor/laravel/framework/src/Illuminate/Container/Container.php(539): Illuminate\Container\BoundMethod::call(Object(Illuminate\Foundation\Application), Array, Array, NULL)
#12 /var/www/html/Dev/ICNOW-DEV/vendor/laravel/framework/src/Illuminate/Console/Command.php(182): Illuminate\Container\Container->call(Array)
#13 /var/www/html/Dev/ICNOW-DEV/vendor/symfony/console/Command/Command.php(264): Illuminate\Console\Command->execute(Object(Symfony\Component\Console\Input\ArgvInput), Object(Illuminate\Console\OutputStyle))
#14 /var/www/html/Dev/ICNOW-DEV/vendor/laravel/framework/src/Illuminate/Console/Command.php(167): Symfony\Component\Console\Command\Command->run(Object(Symfony\Component\Console\Input\ArgvInput), Object(Illuminate\Console\OutputStyle))
#15 /var/www/html/Dev/ICNOW-DEV/vendor/symfony/console/Application.php(874): Illuminate\Console\Command->run(Object(Symfony\Component\Console\Input\ArgvInput), Object(Symfony\Component\Console\Output\ConsoleOutput))
#16 /var/www/html/Dev/ICNOW-DEV/vendor/symfony/console/Application.php(228): Symfony\Component\Console\Application->doRunCommand(Object(Illuminate\Console\Scheduling\ScheduleRunCommand), Object(Symfony\Component\Console\Input\ArgvInput), Object(Symfony\Component\Console\Output\ConsoleOutput))
#17 /var/www/html/Dev/ICNOW-DEV/vendor/symfony/console/Application.php(130): Symfony\Component\Console\Application->doRun(Object(Symfony\Component\Console\Input\ArgvInput), Object(Symfony\Component\Console\Output\ConsoleOutput))
#18 /var/www/html/Dev/ICNOW-DEV/vendor/laravel/framework/src/Illuminate/Foundation/Console/Kernel.php(122): Symfony\Component\Console\Application->run(Object(Symfony\Component\Console\Input\ArgvInput), Object(Symfony\Component\Console\Output\ConsoleOutput))
#19 /var/www/html/Dev/ICNOW-DEV/artisan(35): Illuminate\Foundation\Console\Kernel->handle(Object(Symfony\Component\Console\Input\ArgvInput), Object(Symfony\Component\Console\Output\ConsoleOutput))
#20 {main}  
[2018-09-23 21:03:02] local.ERROR: Symfony\Component\Debug\Exception\FatalThrowableError: Class 'YellowProject\Console\JobScheduleFunction' not found in /var/www/html/Dev/ICNOW-DEV/app/Console/Kernel.php:36
Stack trace:
#0 [internal function]: YellowProject\Console\Kernel->YellowProject\Console\{closure}()
#1 /var/www/html/Dev/ICNOW-DEV/vendor/laravel/framework/src/Illuminate/Container/BoundMethod.php(29): call_user_func_array(Object(Closure), Array)
#2 /var/www/html/Dev/ICNOW-DEV/vendor/laravel/framework/src/Illuminate/Container/BoundMethod.php(75): Illuminate\Container\BoundMethod::Illuminate\Container\{closure}()
#3 /var/www/html/Dev/ICNOW-DEV/vendor/laravel/framework/src/Illuminate/Container/BoundMethod.php(31): Illuminate\Container\BoundMethod::callBoundMethod(Object(Illuminate\Foundation\Application), Object(Closure), Object(Closure))
#4 /var/www/html/Dev/ICNOW-DEV/vendor/laravel/framework/src/Illuminate/Container/Container.php(539): Illuminate\Container\BoundMethod::call(Object(Illuminate\Foundation\Application), Object(Closure), Array, NULL)
#5 /var/www/html/Dev/ICNOW-DEV/vendor/laravel/framework/src/Illuminate/Console/Scheduling/CallbackEvent.php(68): Illuminate\Container\Container->call(Object(Closure), Array)
#6 /var/www/html/Dev/ICNOW-DEV/vendor/laravel/framework/src/Illuminate/Console/Scheduling/ScheduleRunCommand.php(59): Illuminate\Console\Scheduling\CallbackEvent->run(Object(Illuminate\Foundation\Application))
#7 [internal function]: Illuminate\Console\Scheduling\ScheduleRunCommand->fire()
#8 /var/www/html/Dev/ICNOW-DEV/vendor/laravel/framework/src/Illuminate/Container/BoundMethod.php(29): call_user_func_array(Array, Array)
#9 /var/www/html/Dev/ICNOW-DEV/vendor/laravel/framework/src/Illuminate/Container/BoundMethod.php(87): Illuminate\Container\BoundMethod::Illuminate\Container\{closure}()
#10 /var/www/html/Dev/ICNOW-DEV/vendor/laravel/framework/src/Illuminate/Container/BoundMethod.php(31): Illuminate\Container\BoundMethod::callBoundMethod(Object(Illuminate\Foundation\Application), Array, Object(Closure))
#11 /var/www/html/Dev/ICNOW-DEV/vendor/laravel/framework/src/Illuminate/Container/Container.php(539): Illuminate\Container\BoundMethod::call(Object(Illuminate\Foundation\Application), Array, Array, NULL)
#12 /var/www/html/Dev/ICNOW-DEV/vendor/laravel/framework/src/Illuminate/Console/Command.php(182): Illuminate\Container\Container->call(Array)
#13 /var/www/html/Dev/ICNOW-DEV/vendor/symfony/console/Command/Command.php(264): Illuminate\Console\Command->execute(Object(Symfony\Component\Console\Input\ArgvInput), Object(Illuminate\Console\OutputStyle))
#14 /var/www/html/Dev/ICNOW-DEV/vendor/laravel/framework/src/Illuminate/Console/Command.php(167): Symfony\Component\Console\Command\Command->run(Object(Symfony\Component\Console\Input\ArgvInput), Object(Illuminate\Console\OutputStyle))
#15 /var/www/html/Dev/ICNOW-DEV/vendor/symfony/console/Application.php(874): Illuminate\Console\Command->run(Object(Symfony\Component\Console\Input\ArgvInput), Object(Symfony\Component\Console\Output\ConsoleOutput))
#16 /var/www/html/Dev/ICNOW-DEV/vendor/symfony/console/Application.php(228): Symfony\Component\Console\Application->doRunCommand(Object(Illuminate\Console\Scheduling\ScheduleRunCommand), Object(Symfony\Component\Console\Input\ArgvInput), Object(Symfony\Component\Console\Output\ConsoleOutput))
#17 /var/www/html/Dev/ICNOW-DEV/vendor/symfony/console/Application.php(130): Symfony\Component\Console\Application->doRun(Object(Symfony\Component\Console\Input\ArgvInput), Object(Symfony\Component\Console\Output\ConsoleOutput))
#18 /var/www/html/Dev/ICNOW-DEV/vendor/laravel/framework/src/Illuminate/Foundation/Console/Kernel.php(122): Symfony\Component\Console\Application->run(Object(Symfony\Component\Console\Input\ArgvInput), Object(Symfony\Component\Console\Output\ConsoleOutput))
#19 /var/www/html/Dev/ICNOW-DEV/artisan(35): Illuminate\Foundation\Console\Kernel->handle(Object(Symfony\Component\Console\Input\ArgvInput), Object(Symfony\Component\Console\Output\ConsoleOutput))
#20 {main}  
[2018-09-23 21:04:03] local.DEBUG: Reply After eventFollow =>{"message":"A message (messages[0]) in the request body is invalid","details":[{"message":"must be specified","property":"/body/contents/3/contents/2/contents/1/text"}]}  
[2018-09-23 21:04:03] local.DEBUG: return  
[2018-09-23 21:04:04] local.DEBUG: Reply After eventFollow =>{}  
[2018-09-23 21:04:04] local.DEBUG: return  
[2018-09-23 21:04:04] local.DEBUG: Reply After eventFollow =>{}  
[2018-09-23 21:04:04] local.DEBUG: return  
[2018-09-23 21:04:04] local.ERROR: ErrorException: Trying to get property 'first_name' of non-object in /var/www/html/Dev/ICNOW-DEV/app/ICNOW/CoreLineFunction/CoreLineFunction.php:52
Stack trace:
#0 /var/www/html/Dev/ICNOW-DEV/app/ICNOW/CoreLineFunction/CoreLineFunction.php(52): Illuminate\Foundation\Bootstrap\HandleExceptions->handleError(8, 'Trying to get p...', '/var/www/html/D...', 52, Array)
#1 /var/www/html/Dev/ICNOW-DEV/app/ICNOW/CoreLineFunction/CoreLineFunction.php(1335): YellowProject\ICNOW\CoreLineFunction\CoreLineFunction::getQueryDatas(Object(YellowProject\ICNOW\OrderCustomer\OrderCustomer))
#2 /var/www/html/Dev/ICNOW-DEV/app/JobScheduleFunction.php(84): YellowProject\ICNOW\CoreLineFunction\CoreLineFunction::pushMessageToCustomerCancleBySystem(Object(YellowProject\ICNOW\OrderCustomer\OrderCustomer))
#3 /var/www/html/Dev/ICNOW-DEV/app/Console/Kernel.php(53): YellowProject\JobScheduleFunction::checkMiniNoResponse()
#4 [internal function]: YellowProject\Console\Kernel->YellowProject\Console\{closure}()
#5 /var/www/html/Dev/ICNOW-DEV/vendor/laravel/framework/src/Illuminate/Container/BoundMethod.php(29): call_user_func_array(Object(Closure), Array)
#6 /var/www/html/Dev/ICNOW-DEV/vendor/laravel/framework/src/Illuminate/Container/BoundMethod.php(75): Illuminate\Container\BoundMethod::Illuminate\Container\{closure}()
#7 /var/www/html/Dev/ICNOW-DEV/vendor/laravel/framework/src/Illuminate/Container/BoundMethod.php(31): Illuminate\Container\BoundMethod::callBoundMethod(Object(Illuminate\Foundation\Application), Object(Closure), Object(Closure))
#8 /var/www/html/Dev/ICNOW-DEV/vendor/laravel/framework/src/Illuminate/Container/Container.php(539): Illuminate\Container\BoundMethod::call(Object(Illuminate\Foundation\Application), Object(Closure), Array, NULL)
#9 /var/www/html/Dev/ICNOW-DEV/vendor/laravel/framework/src/Illuminate/Console/Scheduling/CallbackEvent.php(68): Illuminate\Container\Container->call(Object(Closure), Array)
#10 /var/www/html/Dev/ICNOW-DEV/vendor/laravel/framework/src/Illuminate/Console/Scheduling/ScheduleRunCommand.php(59): Illuminate\Console\Scheduling\CallbackEvent->run(Object(Illuminate\Foundation\Application))
#11 [internal function]: Illuminate\Console\Scheduling\ScheduleRunCommand->fire()
#12 /var/www/html/Dev/ICNOW-DEV/vendor/laravel/framework/src/Illuminate/Container/BoundMethod.php(29): call_user_func_array(Array, Array)
#13 /var/www/html/Dev/ICNOW-DEV/vendor/laravel/framework/src/Illuminate/Container/BoundMethod.php(87): Illuminate\Container\BoundMethod::Illuminate\Container\{closure}()
#14 /var/www/html/Dev/ICNOW-DEV/vendor/laravel/framework/src/Illuminate/Container/BoundMethod.php(31): Illuminate\Container\BoundMethod::callBoundMethod(Object(Illuminate\Foundation\Application), Array, Object(Closure))
#15 /var/www/html/Dev/ICNOW-DEV/vendor/laravel/framework/src/Illuminate/Container/Container.php(539): Illuminate\Container\BoundMethod::call(Object(Illuminate\Foundation\Application), Array, Array, NULL)
#16 /var/www/html/Dev/ICNOW-DEV/vendor/laravel/framework/src/Illuminate/Console/Command.php(182): Illuminate\Container\Container->call(Array)
#17 /var/www/html/Dev/ICNOW-DEV/vendor/symfony/console/Command/Command.php(264): Illuminate\Console\Command->execute(Object(Symfony\Component\Console\Input\ArgvInput), Object(Illuminate\Console\OutputStyle))
#18 /var/www/html/Dev/ICNOW-DEV/vendor/laravel/framework/src/Illuminate/Console/Command.php(167): Symfony\Component\Console\Command\Command->run(Object(Symfony\Component\Console\Input\ArgvInput), Object(Illuminate\Console\OutputStyle))
#19 /var/www/html/Dev/ICNOW-DEV/vendor/symfony/console/Application.php(874): Illuminate\Console\Command->run(Object(Symfony\Component\Console\Input\ArgvInput), Object(Symfony\Component\Console\Output\ConsoleOutput))
#20 /var/www/html/Dev/ICNOW-DEV/vendor/symfony/console/Application.php(228): Symfony\Component\Console\Application->doRunCommand(Object(Illuminate\Console\Scheduling\ScheduleRunCommand), Object(Symfony\Component\Console\Input\ArgvInput), Object(Symfony\Component\Console\Output\ConsoleOutput))
#21 /var/www/html/Dev/ICNOW-DEV/vendor/symfony/console/Application.php(130): Symfony\Component\Console\Application->doRun(Object(Symfony\Component\Console\Input\ArgvInput), Object(Symfony\Component\Console\Output\ConsoleOutput))
#22 /var/www/html/Dev/ICNOW-DEV/vendor/laravel/framework/src/Illuminate/Foundation/Console/Kernel.php(122): Symfony\Component\Console\Application->run(Object(Symfony\Component\Console\Input\ArgvInput), Object(Symfony\Component\Console\Output\ConsoleOutput))
#23 /var/www/html/Dev/ICNOW-DEV/artisan(35): Illuminate\Foundation\Console\Kernel->handle(Object(Symfony\Component\Console\Input\ArgvInput), Object(Symfony\Component\Console\Output\ConsoleOutput))
#24 {main}  
[2018-09-23 21:05:02] local.ERROR: ErrorException: Trying to get property 'first_name' of non-object in /var/www/html/Dev/ICNOW-DEV/app/ICNOW/CoreLineFunction/CoreLineFunction.php:52
Stack trace:
#0 /var/www/html/Dev/ICNOW-DEV/app/ICNOW/CoreLineFunction/CoreLineFunction.php(52): Illuminate\Foundation\Bootstrap\HandleExceptions->handleError(8, 'Trying to get p...', '/var/www/html/D...', 52, Array)
#1 /var/www/html/Dev/ICNOW-DEV/app/ICNOW/CoreLineFunction/CoreLineFunction.php(1335): YellowProject\ICNOW\CoreLineFunction\CoreLineFunction::getQueryDatas(Object(YellowProject\ICNOW\OrderCustomer\OrderCustomer))
#2 /var/www/html/Dev/ICNOW-DEV/app/JobScheduleFunction.php(84): YellowProject\ICNOW\CoreLineFunction\CoreLineFunction::pushMessageToCustomerCancleBySystem(Object(YellowProject\ICNOW\OrderCustomer\OrderCustomer))
#3 /var/www/html/Dev/ICNOW-DEV/app/Console/Kernel.php(53): YellowProject\JobScheduleFunction::checkMiniNoResponse()
#4 [internal function]: YellowProject\Console\Kernel->YellowProject\Console\{closure}()
#5 /var/www/html/Dev/ICNOW-DEV/vendor/laravel/framework/src/Illuminate/Container/BoundMethod.php(29): call_user_func_array(Object(Closure), Array)
#6 /var/www/html/Dev/ICNOW-DEV/vendor/laravel/framework/src/Illuminate/Container/BoundMethod.php(75): Illuminate\Container\BoundMethod::Illuminate\Container\{closure}()
#7 /var/www/html/Dev/ICNOW-DEV/vendor/laravel/framework/src/Illuminate/Container/BoundMethod.php(31): Illuminate\Container\BoundMethod::callBoundMethod(Object(Illuminate\Foundation\Application), Object(Closure), Object(Closure))
#8 /var/www/html/Dev/ICNOW-DEV/vendor/laravel/framework/src/Illuminate/Container/Container.php(539): Illuminate\Container\BoundMethod::call(Object(Illuminate\Foundation\Application), Object(Closure), Array, NULL)
#9 /var/www/html/Dev/ICNOW-DEV/vendor/laravel/framework/src/Illuminate/Console/Scheduling/CallbackEvent.php(68): Illuminate\Container\Container->call(Object(Closure), Array)
#10 /var/www/html/Dev/ICNOW-DEV/vendor/laravel/framework/src/Illuminate/Console/Scheduling/ScheduleRunCommand.php(59): Illuminate\Console\Scheduling\CallbackEvent->run(Object(Illuminate\Foundation\Application))
#11 [internal function]: Illuminate\Console\Scheduling\ScheduleRunCommand->fire()
#12 /var/www/html/Dev/ICNOW-DEV/vendor/laravel/framework/src/Illuminate/Container/BoundMethod.php(29): call_user_func_array(Array, Array)
#13 /var/www/html/Dev/ICNOW-DEV/vendor/laravel/framework/src/Illuminate/Container/BoundMethod.php(87): Illuminate\Container\BoundMethod::Illuminate\Container\{closure}()
#14 /var/www/html/Dev/ICNOW-DEV/vendor/laravel/framework/src/Illuminate/Container/BoundMethod.php(31): Illuminate\Container\BoundMethod::callBoundMethod(Object(Illuminate\Foundation\Application), Array, Object(Closure))
#15 /var/www/html/Dev/ICNOW-DEV/vendor/laravel/framework/src/Illuminate/Container/Container.php(539): Illuminate\Container\BoundMethod::call(Object(Illuminate\Foundation\Application), Array, Array, NULL)
#16 /var/www/html/Dev/ICNOW-DEV/vendor/laravel/framework/src/Illuminate/Console/Command.php(182): Illuminate\Container\Container->call(Array)
#17 /var/www/html/Dev/ICNOW-DEV/vendor/symfony/console/Command/Command.php(264): Illuminate\Console\Command->execute(Object(Symfony\Component\Console\Input\ArgvInput), Object(Illuminate\Console\OutputStyle))
#18 /var/www/html/Dev/ICNOW-DEV/vendor/laravel/framework/src/Illuminate/Console/Command.php(167): Symfony\Component\Console\Command\Command->run(Object(Symfony\Component\Console\Input\ArgvInput), Object(Illuminate\Console\OutputStyle))
#19 /var/www/html/Dev/ICNOW-DEV/vendor/symfony/console/Application.php(874): Illuminate\Console\Command->run(Object(Symfony\Component\Console\Input\ArgvInput), Object(Symfony\Component\Console\Output\ConsoleOutput))
#20 /var/www/html/Dev/ICNOW-DEV/vendor/symfony/console/Application.php(228): Symfony\Component\Console\Application->doRunCommand(Object(Illuminate\Console\Scheduling\ScheduleRunCommand), Object(Symfony\Component\Console\Input\ArgvInput), Object(Symfony\Component\Console\Output\ConsoleOutput))
#21 /var/www/html/Dev/ICNOW-DEV/vendor/symfony/console/Application.php(130): Symfony\Component\Console\Application->doRun(Object(Symfony\Component\Console\Input\ArgvInput), Object(Symfony\Component\Console\Output\ConsoleOutput))
#22 /var/www/html/Dev/ICNOW-DEV/vendor/laravel/framework/src/Illuminate/Foundation/Console/Kernel.php(122): Symfony\Component\Console\Application->run(Object(Symfony\Component\Console\Input\ArgvInput), Object(Symfony\Component\Console\Output\ConsoleOutput))
#23 /var/www/html/Dev/ICNOW-DEV/artisan(35): Illuminate\Foundation\Console\Kernel->handle(Object(Symfony\Component\Console\Input\ArgvInput), Object(Symfony\Component\Console\Output\ConsoleOutput))
#24 {main}  
[2018-09-23 21:06:02] local.DEBUG: Reply After eventFollow =>{}  
[2018-09-23 21:06:02] local.DEBUG: return  
[2018-09-23 21:06:02] local.ERROR: ErrorException: Trying to get property 'first_name' of non-object in /var/www/html/Dev/ICNOW-DEV/app/ICNOW/CoreLineFunction/CoreLineFunction.php:52
Stack trace:
#0 /var/www/html/Dev/ICNOW-DEV/app/ICNOW/CoreLineFunction/CoreLineFunction.php(52): Illuminate\Foundation\Bootstrap\HandleExceptions->handleError(8, 'Trying to get p...', '/var/www/html/D...', 52, Array)
#1 /var/www/html/Dev/ICNOW-DEV/app/ICNOW/CoreLineFunction/CoreLineFunction.php(1335): YellowProject\ICNOW\CoreLineFunction\CoreLineFunction::getQueryDatas(Object(YellowProject\ICNOW\OrderCustomer\OrderCustomer))
#2 /var/www/html/Dev/ICNOW-DEV/app/JobScheduleFunction.php(84): YellowProject\ICNOW\CoreLineFunction\CoreLineFunction::pushMessageToCustomerCancleBySystem(Object(YellowProject\ICNOW\OrderCustomer\OrderCustomer))
#3 /var/www/html/Dev/ICNOW-DEV/app/Console/Kernel.php(53): YellowProject\JobScheduleFunction::checkMiniNoResponse()
#4 [internal function]: YellowProject\Console\Kernel->YellowProject\Console\{closure}()
#5 /var/www/html/Dev/ICNOW-DEV/vendor/laravel/framework/src/Illuminate/Container/BoundMethod.php(29): call_user_func_array(Object(Closure), Array)
#6 /var/www/html/Dev/ICNOW-DEV/vendor/laravel/framework/src/Illuminate/Container/BoundMethod.php(75): Illuminate\Container\BoundMethod::Illuminate\Container\{closure}()
#7 /var/www/html/Dev/ICNOW-DEV/vendor/laravel/framework/src/Illuminate/Container/BoundMethod.php(31): Illuminate\Container\BoundMethod::callBoundMethod(Object(Illuminate\Foundation\Application), Object(Closure), Object(Closure))
#8 /var/www/html/Dev/ICNOW-DEV/vendor/laravel/framework/src/Illuminate/Container/Container.php(539): Illuminate\Container\BoundMethod::call(Object(Illuminate\Foundation\Application), Object(Closure), Array, NULL)
#9 /var/www/html/Dev/ICNOW-DEV/vendor/laravel/framework/src/Illuminate/Console/Scheduling/CallbackEvent.php(68): Illuminate\Container\Container->call(Object(Closure), Array)
#10 /var/www/html/Dev/ICNOW-DEV/vendor/laravel/framework/src/Illuminate/Console/Scheduling/ScheduleRunCommand.php(59): Illuminate\Console\Scheduling\CallbackEvent->run(Object(Illuminate\Foundation\Application))
#11 [internal function]: Illuminate\Console\Scheduling\ScheduleRunCommand->fire()
#12 /var/www/html/Dev/ICNOW-DEV/vendor/laravel/framework/src/Illuminate/Container/BoundMethod.php(29): call_user_func_array(Array, Array)
#13 /var/www/html/Dev/ICNOW-DEV/vendor/laravel/framework/src/Illuminate/Container/BoundMethod.php(87): Illuminate\Container\BoundMethod::Illuminate\Container\{closure}()
#14 /var/www/html/Dev/ICNOW-DEV/vendor/laravel/framework/src/Illuminate/Container/BoundMethod.php(31): Illuminate\Container\BoundMethod::callBoundMethod(Object(Illuminate\Foundation\Application), Array, Object(Closure))
#15 /var/www/html/Dev/ICNOW-DEV/vendor/laravel/framework/src/Illuminate/Container/Container.php(539): Illuminate\Container\BoundMethod::call(Object(Illuminate\Foundation\Application), Array, Array, NULL)
#16 /var/www/html/Dev/ICNOW-DEV/vendor/laravel/framework/src/Illuminate/Console/Command.php(182): Illuminate\Container\Container->call(Array)
#17 /var/www/html/Dev/ICNOW-DEV/vendor/symfony/console/Command/Command.php(264): Illuminate\Console\Command->execute(Object(Symfony\Component\Console\Input\ArgvInput), Object(Illuminate\Console\OutputStyle))
#18 /var/www/html/Dev/ICNOW-DEV/vendor/laravel/framework/src/Illuminate/Console/Command.php(167): Symfony\Component\Console\Command\Command->run(Object(Symfony\Component\Console\Input\ArgvInput), Object(Illuminate\Console\OutputStyle))
#19 /var/www/html/Dev/ICNOW-DEV/vendor/symfony/console/Application.php(874): Illuminate\Console\Command->run(Object(Symfony\Component\Console\Input\ArgvInput), Object(Symfony\Component\Console\Output\ConsoleOutput))
#20 /var/www/html/Dev/ICNOW-DEV/vendor/symfony/console/Application.php(228): Symfony\Component\Console\Application->doRunCommand(Object(Illuminate\Console\Scheduling\ScheduleRunCommand), Object(Symfony\Component\Console\Input\ArgvInput), Object(Symfony\Component\Console\Output\ConsoleOutput))
#21 /var/www/html/Dev/ICNOW-DEV/vendor/symfony/console/Application.php(130): Symfony\Component\Console\Application->doRun(Object(Symfony\Component\Console\Input\ArgvInput), Object(Symfony\Component\Console\Output\ConsoleOutput))
#22 /var/www/html/Dev/ICNOW-DEV/vendor/laravel/framework/src/Illuminate/Foundation/Console/Kernel.php(122): Symfony\Component\Console\Application->run(Object(Symfony\Component\Console\Input\ArgvInput), Object(Symfony\Component\Console\Output\ConsoleOutput))
#23 /var/www/html/Dev/ICNOW-DEV/artisan(35): Illuminate\Foundation\Console\Kernel->handle(Object(Symfony\Component\Console\Input\ArgvInput), Object(Symfony\Component\Console\Output\ConsoleOutput))
#24 {main}  
[2018-09-23 21:07:03] local.DEBUG: Reply After eventFollow =>{}  
[2018-09-23 21:07:03] local.DEBUG: return  
[2018-09-23 21:07:04] local.DEBUG: Reply After eventFollow =>{}  
[2018-09-23 21:07:04] local.DEBUG: return  
[2018-09-23 21:07:04] local.DEBUG: Reply After eventFollow =>{}  
[2018-09-23 21:07:04] local.DEBUG: return  
[2018-09-23 21:07:05] local.DEBUG: Reply After eventFollow =>{}  
[2018-09-23 21:07:05] local.DEBUG: return  
[2018-09-23 21:07:05] local.DEBUG: Reply After eventFollow =>{}  
[2018-09-23 21:07:05] local.DEBUG: return  
[2018-09-23 21:07:06] local.DEBUG: Reply After eventFollow =>{}  
[2018-09-23 21:07:06] local.DEBUG: return  
[2018-09-23 21:07:06] local.DEBUG: Reply After eventFollow =>{}  
[2018-09-23 21:07:06] local.DEBUG: return  
[2018-09-23 21:07:07] local.DEBUG: Reply After eventFollow =>{}  
[2018-09-23 21:07:07] local.DEBUG: return  
[2018-09-23 21:07:08] local.DEBUG: Reply After eventFollow =>{}  
[2018-09-23 21:07:08] local.DEBUG: return  
[2018-09-23 21:07:08] local.DEBUG: Reply After eventFollow =>{}  
[2018-09-23 21:07:08] local.DEBUG: return  
[2018-09-23 21:07:09] local.DEBUG: Reply After eventFollow =>{}  
[2018-09-23 21:07:09] local.DEBUG: return  
[2018-09-23 21:07:11] local.DEBUG: Reply After eventFollow =>{}  
[2018-09-23 21:07:11] local.DEBUG: return  
[2018-09-23 21:31:22] local.ERROR: Symfony\Component\Debug\Exception\FatalThrowableError: Class 'User' not found in /var/www/html/Dev/ICNOW-DEV/app/Http/Controllers/ICNOW/View/AdminUserController.php:34
Stack trace:
#0 [internal function]: YellowProject\Http\Controllers\ICNOW\View\AdminUserController->adminUserStore(Object(Illuminate\Http\Request))
#1 /var/www/html/Dev/ICNOW-DEV/vendor/laravel/framework/src/Illuminate/Routing/Controller.php(55): call_user_func_array(Array, Array)
#2 /var/www/html/Dev/ICNOW-DEV/vendor/laravel/framework/src/Illuminate/Routing/ControllerDispatcher.php(44): Illuminate\Routing\Controller->callAction('adminUserStore', Array)
#3 /var/www/html/Dev/ICNOW-DEV/vendor/laravel/framework/src/Illuminate/Routing/Route.php(203): Illuminate\Routing\ControllerDispatcher->dispatch(Object(Illuminate\Routing\Route), Object(YellowProject\Http\Controllers\ICNOW\View\AdminUserController), 'adminUserStore')
#4 /var/www/html/Dev/ICNOW-DEV/vendor/laravel/framework/src/Illuminate/Routing/Route.php(160): Illuminate\Routing\Route->runController()
#5 /var/www/html/Dev/ICNOW-DEV/vendor/laravel/framework/src/Illuminate/Routing/Router.php(574): Illuminate\Routing\Route->run()
#6 /var/www/html/Dev/ICNOW-DEV/vendor/laravel/framework/src/Illuminate/Routing/Pipeline.php(30): Illuminate\Routing\Router->Illuminate\Routing\{closure}(Object(Illuminate\Http\Request))
#7 /var/www/html/Dev/ICNOW-DEV/vendor/laravel/framework/src/Illuminate/Routing/Middleware/SubstituteBindings.php(41): Illuminate\Routing\Pipeline->Illuminate\Routing\{closure}(Object(Illuminate\Http\Request))
#8 /var/www/html/Dev/ICNOW-DEV/vendor/laravel/framework/src/Illuminate/Pipeline/Pipeline.php(148): Illuminate\Routing\Middleware\SubstituteBindings->handle(Object(Illuminate\Http\Request), Object(Closure))
#9 /var/www/html/Dev/ICNOW-DEV/vendor/laravel/framework/src/Illuminate/Routing/Pipeline.php(53): Illuminate\Pipeline\Pipeline->Illuminate\Pipeline\{closure}(Object(Illuminate\Http\Request))
#10 /var/www/html/Dev/ICNOW-DEV/vendor/laravel/framework/src/Illuminate/View/Middleware/ShareErrorsFromSession.php(49): Illuminate\Routing\Pipeline->Illuminate\Routing\{closure}(Object(Illuminate\Http\Request))
#11 /var/www/html/Dev/ICNOW-DEV/vendor/laravel/framework/src/Illuminate/Pipeline/Pipeline.php(148): Illuminate\View\Middleware\ShareErrorsFromSession->handle(Object(Illuminate\Http\Request), Object(Closure))
#12 /var/www/html/Dev/ICNOW-DEV/vendor/laravel/framework/src/Illuminate/Routing/Pipeline.php(53): Illuminate\Pipeline\Pipeline->Illuminate\Pipeline\{closure}(Object(Illuminate\Http\Request))
#13 /var/www/html/Dev/ICNOW-DEV/vendor/laravel/framework/src/Illuminate/Session/Middleware/StartSession.php(64): Illuminate\Routing\Pipeline->Illuminate\Routing\{closure}(Object(Illuminate\Http\Request))
#14 /var/www/html/Dev/ICNOW-DEV/vendor/laravel/framework/src/Illuminate/Pipeline/Pipeline.php(148): Illuminate\Session\Middleware\StartSession->handle(Object(Illuminate\Http\Request), Object(Closure))
#15 /var/www/html/Dev/ICNOW-DEV/vendor/laravel/framework/src/Illuminate/Routing/Pipeline.php(53): Illuminate\Pipeline\Pipeline->Illuminate\Pipeline\{closure}(Object(Illuminate\Http\Request))
#16 /var/www/html/Dev/ICNOW-DEV/vendor/laravel/framework/src/Illuminate/Cookie/Middleware/AddQueuedCookiesToResponse.php(37): Illuminate\Routing\Pipeline->Illuminate\Routing\{closure}(Object(Illuminate\Http\Request))
#17 /var/www/html/Dev/ICNOW-DEV/vendor/laravel/framework/src/Illuminate/Pipeline/Pipeline.php(148): Illuminate\Cookie\Middleware\AddQueuedCookiesToResponse->handle(Object(Illuminate\Http\Request), Object(Closure))
#18 /var/www/html/Dev/ICNOW-DEV/vendor/laravel/framework/src/Illuminate/Routing/Pipeline.php(53): Illuminate\Pipeline\Pipeline->Illuminate\Pipeline\{closure}(Object(Illuminate\Http\Request))
#19 /var/www/html/Dev/ICNOW-DEV/vendor/laravel/framework/src/Illuminate/Cookie/Middleware/EncryptCookies.php(59): Illuminate\Routing\Pipeline->Illuminate\Routing\{closure}(Object(Illuminate\Http\Request))
#20 /var/www/html/Dev/ICNOW-DEV/vendor/laravel/framework/src/Illuminate/Pipeline/Pipeline.php(148): Illuminate\Cookie\Middleware\EncryptCookies->handle(Object(Illuminate\Http\Request), Object(Closure))
#21 /var/www/html/Dev/ICNOW-DEV/vendor/laravel/framework/src/Illuminate/Routing/Pipeline.php(53): Illuminate\Pipeline\Pipeline->Illuminate\Pipeline\{closure}(Object(Illuminate\Http\Request))
#22 /var/www/html/Dev/ICNOW-DEV/vendor/laravel/framework/src/Illuminate/Pipeline/Pipeline.php(102): Illuminate\Routing\Pipeline->Illuminate\Routing\{closure}(Object(Illuminate\Http\Request))
#23 /var/www/html/Dev/ICNOW-DEV/vendor/laravel/framework/src/Illuminate/Routing/Router.php(576): Illuminate\Pipeline\Pipeline->then(Object(Closure))
#24 /var/www/html/Dev/ICNOW-DEV/vendor/laravel/framework/src/Illuminate/Routing/Router.php(535): Illuminate\Routing\Router->runRouteWithinStack(Object(Illuminate\Routing\Route), Object(Illuminate\Http\Request))
#25 /var/www/html/Dev/ICNOW-DEV/vendor/laravel/framework/src/Illuminate/Routing/Router.php(513): Illuminate\Routing\Router->dispatchToRoute(Object(Illuminate\Http\Request))
#26 /var/www/html/Dev/ICNOW-DEV/vendor/laravel/framework/src/Illuminate/Foundation/Http/Kernel.php(176): Illuminate\Routing\Router->dispatch(Object(Illuminate\Http\Request))
#27 /var/www/html/Dev/ICNOW-DEV/vendor/laravel/framework/src/Illuminate/Routing/Pipeline.php(30): Illuminate\Foundation\Http\Kernel->Illuminate\Foundation\Http\{closure}(Object(Illuminate\Http\Request))
#28 /var/www/html/Dev/ICNOW-DEV/vendor/laravel/framework/src/Illuminate/Foundation/Http/Middleware/TransformsRequest.php(30): Illuminate\Routing\Pipeline->Illuminate\Routing\{closure}(Object(Illuminate\Http\Request))
#29 /var/www/html/Dev/ICNOW-DEV/vendor/laravel/framework/src/Illuminate/Pipeline/Pipeline.php(148): Illuminate\Foundation\Http\Middleware\TransformsRequest->handle(Object(Illuminate\Http\Request), Object(Closure))
#30 /var/www/html/Dev/ICNOW-DEV/vendor/laravel/framework/src/Illuminate/Routing/Pipeline.php(53): Illuminate\Pipeline\Pipeline->Illuminate\Pipeline\{closure}(Object(Illuminate\Http\Request))
#31 /var/www/html/Dev/ICNOW-DEV/vendor/laravel/framework/src/Illuminate/Foundation/Http/Middleware/TransformsRequest.php(30): Illuminate\Routing\Pipeline->Illuminate\Routing\{closure}(Object(Illuminate\Http\Request))
#32 /var/www/html/Dev/ICNOW-DEV/vendor/laravel/framework/src/Illuminate/Pipeline/Pipeline.php(148): Illuminate\Foundation\Http\Middleware\TransformsRequest->handle(Object(Illuminate\Http\Request), Object(Closure))
#33 /var/www/html/Dev/ICNOW-DEV/vendor/laravel/framework/src/Illuminate/Routing/Pipeline.php(53): Illuminate\Pipeline\Pipeline->Illuminate\Pipeline\{closure}(Object(Illuminate\Http\Request))
#34 /var/www/html/Dev/ICNOW-DEV/vendor/laravel/framework/src/Illuminate/Foundation/Http/Middleware/ValidatePostSize.php(27): Illuminate\Routing\Pipeline->Illuminate\Routing\{closure}(Object(Illuminate\Http\Request))
#35 /var/www/html/Dev/ICNOW-DEV/vendor/laravel/framework/src/Illuminate/Pipeline/Pipeline.php(148): Illuminate\Foundation\Http\Middleware\ValidatePostSize->handle(Object(Illuminate\Http\Request), Object(Closure))
#36 /var/www/html/Dev/ICNOW-DEV/vendor/laravel/framework/src/Illuminate/Routing/Pipeline.php(53): Illuminate\Pipeline\Pipeline->Illuminate\Pipeline\{closure}(Object(Illuminate\Http\Request))
#37 /var/www/html/Dev/ICNOW-DEV/vendor/laravel/framework/src/Illuminate/Foundation/Http/Middleware/CheckForMaintenanceMode.php(46): Illuminate\Routing\Pipeline->Illuminate\Routing\{closure}(Object(Illuminate\Http\Request))
#38 /var/www/html/Dev/ICNOW-DEV/vendor/laravel/framework/src/Illuminate/Pipeline/Pipeline.php(148): Illuminate\Foundation\Http\Middleware\CheckForMaintenanceMode->handle(Object(Illuminate\Http\Request), Object(Closure))
#39 /var/www/html/Dev/ICNOW-DEV/vendor/laravel/framework/src/Illuminate/Routing/Pipeline.php(53): Illuminate\Pipeline\Pipeline->Illuminate\Pipeline\{closure}(Object(Illuminate\Http\Request))
#40 /var/www/html/Dev/ICNOW-DEV/vendor/laravel/framework/src/Illuminate/Pipeline/Pipeline.php(102): Illuminate\Routing\Pipeline->Illuminate\Routing\{closure}(Object(Illuminate\Http\Request))
#41 /var/www/html/Dev/ICNOW-DEV/vendor/laravel/framework/src/Illuminate/Foundation/Http/Kernel.php(151): Illuminate\Pipeline\Pipeline->then(Object(Closure))
#42 /var/www/html/Dev/ICNOW-DEV/vendor/laravel/framework/src/Illuminate/Foundation/Http/Kernel.php(116): Illuminate\Foundation\Http\Kernel->sendRequestThroughRouter(Object(Illuminate\Http\Request))
#43 /var/www/html/Dev/ICNOW-DEV/public/index.php(53): Illuminate\Foundation\Http\Kernel->handle(Object(Illuminate\Http\Request))
#44 {main}  
[2018-09-23 21:43:40] local.ERROR: Symfony\Component\Debug\Exception\FatalThrowableError: Parse error: syntax error, unexpected '}', expecting ';' in /var/www/html/Dev/ICNOW-DEV/app/Http/Controllers/ICNOW/View/AdminUserController.php:51
Stack trace:
#0 /var/www/html/Dev/ICNOW-DEV/vendor/composer/ClassLoader.php(322): Composer\Autoload\includeFile('/var/www/html/D...')
#1 [internal function]: Composer\Autoload\ClassLoader->loadClass('YellowProject\\H...')
#2 [internal function]: spl_autoload_call('YellowProject\\H...')
#3 /var/www/html/Dev/ICNOW-DEV/vendor/laravel/framework/src/Illuminate/Container/Container.php(729): ReflectionClass->__construct('YellowProject\\H...')
#4 /var/www/html/Dev/ICNOW-DEV/vendor/laravel/framework/src/Illuminate/Container/Container.php(608): Illuminate\Container\Container->build('YellowProject\\H...')
#5 /var/www/html/Dev/ICNOW-DEV/vendor/laravel/framework/src/Illuminate/Container/Container.php(575): Illuminate\Container\Container->resolve('YellowProject\\H...')
#6 /var/www/html/Dev/ICNOW-DEV/vendor/laravel/framework/src/Illuminate/Foundation/Application.php(728): Illuminate\Container\Container->make('YellowProject\\H...')
#7 /var/www/html/Dev/ICNOW-DEV/vendor/laravel/framework/src/Illuminate/Routing/Route.php(217): Illuminate\Foundation\Application->make('YellowProject\\H...')
#8 /var/www/html/Dev/ICNOW-DEV/vendor/laravel/framework/src/Illuminate/Routing/Route.php(747): Illuminate\Routing\Route->getController()
#9 /var/www/html/Dev/ICNOW-DEV/vendor/laravel/framework/src/Illuminate/Routing/Route.php(708): Illuminate\Routing\Route->controllerMiddleware()
#10 /var/www/html/Dev/ICNOW-DEV/vendor/laravel/framework/src/Illuminate/Routing/Router.php(587): Illuminate\Routing\Route->gatherMiddleware()
#11 /var/www/html/Dev/ICNOW-DEV/vendor/laravel/framework/src/Illuminate/Routing/Router.php(567): Illuminate\Routing\Router->gatherRouteMiddleware(Object(Illuminate\Routing\Route))
#12 /var/www/html/Dev/ICNOW-DEV/vendor/laravel/framework/src/Illuminate/Routing/Router.php(535): Illuminate\Routing\Router->runRouteWithinStack(Object(Illuminate\Routing\Route), Object(Illuminate\Http\Request))
#13 /var/www/html/Dev/ICNOW-DEV/vendor/laravel/framework/src/Illuminate/Routing/Router.php(513): Illuminate\Routing\Router->dispatchToRoute(Object(Illuminate\Http\Request))
#14 /var/www/html/Dev/ICNOW-DEV/vendor/laravel/framework/src/Illuminate/Foundation/Http/Kernel.php(176): Illuminate\Routing\Router->dispatch(Object(Illuminate\Http\Request))
#15 /var/www/html/Dev/ICNOW-DEV/vendor/laravel/framework/src/Illuminate/Routing/Pipeline.php(30): Illuminate\Foundation\Http\Kernel->Illuminate\Foundation\Http\{closure}(Object(Illuminate\Http\Request))
#16 /var/www/html/Dev/ICNOW-DEV/vendor/laravel/framework/src/Illuminate/Foundation/Http/Middleware/TransformsRequest.php(30): Illuminate\Routing\Pipeline->Illuminate\Routing\{closure}(Object(Illuminate\Http\Request))
#17 /var/www/html/Dev/ICNOW-DEV/vendor/laravel/framework/src/Illuminate/Pipeline/Pipeline.php(148): Illuminate\Foundation\Http\Middleware\TransformsRequest->handle(Object(Illuminate\Http\Request), Object(Closure))
#18 /var/www/html/Dev/ICNOW-DEV/vendor/laravel/framework/src/Illuminate/Routing/Pipeline.php(53): Illuminate\Pipeline\Pipeline->Illuminate\Pipeline\{closure}(Object(Illuminate\Http\Request))
#19 /var/www/html/Dev/ICNOW-DEV/vendor/laravel/framework/src/Illuminate/Foundation/Http/Middleware/TransformsRequest.php(30): Illuminate\Routing\Pipeline->Illuminate\Routing\{closure}(Object(Illuminate\Http\Request))
#20 /var/www/html/Dev/ICNOW-DEV/vendor/laravel/framework/src/Illuminate/Pipeline/Pipeline.php(148): Illuminate\Foundation\Http\Middleware\TransformsRequest->handle(Object(Illuminate\Http\Request), Object(Closure))
#21 /var/www/html/Dev/ICNOW-DEV/vendor/laravel/framework/src/Illuminate/Routing/Pipeline.php(53): Illuminate\Pipeline\Pipeline->Illuminate\Pipeline\{closure}(Object(Illuminate\Http\Request))
#22 /var/www/html/Dev/ICNOW-DEV/vendor/laravel/framework/src/Illuminate/Foundation/Http/Middleware/ValidatePostSize.php(27): Illuminate\Routing\Pipeline->Illuminate\Routing\{closure}(Object(Illuminate\Http\Request))
#23 /var/www/html/Dev/ICNOW-DEV/vendor/laravel/framework/src/Illuminate/Pipeline/Pipeline.php(148): Illuminate\Foundation\Http\Middleware\ValidatePostSize->handle(Object(Illuminate\Http\Request), Object(Closure))
#24 /var/www/html/Dev/ICNOW-DEV/vendor/laravel/framework/src/Illuminate/Routing/Pipeline.php(53): Illuminate\Pipeline\Pipeline->Illuminate\Pipeline\{closure}(Object(Illuminate\Http\Request))
#25 /var/www/html/Dev/ICNOW-DEV/vendor/laravel/framework/src/Illuminate/Foundation/Http/Middleware/CheckForMaintenanceMode.php(46): Illuminate\Routing\Pipeline->Illuminate\Routing\{closure}(Object(Illuminate\Http\Request))
#26 /var/www/html/Dev/ICNOW-DEV/vendor/laravel/framework/src/Illuminate/Pipeline/Pipeline.php(148): Illuminate\Foundation\Http\Middleware\CheckForMaintenanceMode->handle(Object(Illuminate\Http\Request), Object(Closure))
#27 /var/www/html/Dev/ICNOW-DEV/vendor/laravel/framework/src/Illuminate/Routing/Pipeline.php(53): Illuminate\Pipeline\Pipeline->Illuminate\Pipeline\{closure}(Object(Illuminate\Http\Request))
#28 /var/www/html/Dev/ICNOW-DEV/vendor/laravel/framework/src/Illuminate/Pipeline/Pipeline.php(102): Illuminate\Routing\Pipeline->Illuminate\Routing\{closure}(Object(Illuminate\Http\Request))
#29 /var/www/html/Dev/ICNOW-DEV/vendor/laravel/framework/src/Illuminate/Foundation/Http/Kernel.php(151): Illuminate\Pipeline\Pipeline->then(Object(Closure))
#30 /var/www/html/Dev/ICNOW-DEV/vendor/laravel/framework/src/Illuminate/Foundation/Http/Kernel.php(116): Illuminate\Foundation\Http\Kernel->sendRequestThroughRouter(Object(Illuminate\Http\Request))
#31 /var/www/html/Dev/ICNOW-DEV/public/index.php(53): Illuminate\Foundation\Http\Kernel->handle(Object(Illuminate\Http\Request))
#32 {main}  
