[2018-09-11 04:04:37] local.ERROR: PDOException: SQLSTATE[42S02]: Base table or view not found: 1146 Table 'ICNOW_UAT.dim_ecommerce_product' doesn't exist in /var/www/html/Dev/ICNOW-DEV/vendor/laravel/framework/src/Illuminate/Database/Connection.php:319
Stack trace:
#0 /var/www/html/Dev/ICNOW-DEV/vendor/laravel/framework/src/Illuminate/Database/Connection.php(319): PDO->prepare('select * from `...')
#1 /var/www/html/Dev/ICNOW-DEV/vendor/laravel/framework/src/Illuminate/Database/Connection.php(640): Illuminate\Database\Connection->Illuminate\Database\{closure}('select * from `...', Array)
#2 /var/www/html/Dev/ICNOW-DEV/vendor/laravel/framework/src/Illuminate/Database/Connection.php(607): Illuminate\Database\Connection->runQueryCallback('select * from `...', Array, Object(Closure))
#3 /var/www/html/Dev/ICNOW-DEV/vendor/laravel/framework/src/Illuminate/Database/Connection.php(326): Illuminate\Database\Connection->run('select * from `...', Array, Object(Closure))
#4 /var/www/html/Dev/ICNOW-DEV/vendor/laravel/framework/src/Illuminate/Database/Query/Builder.php(1711): Illuminate\Database\Connection->select('select * from `...', Array, true)
#5 /var/www/html/Dev/ICNOW-DEV/vendor/laravel/framework/src/Illuminate/Database/Query/Builder.php(1696): Illuminate\Database\Query\Builder->runSelect()
#6 /var/www/html/Dev/ICNOW-DEV/vendor/laravel/framework/src/Illuminate/Database/Eloquent/Builder.php(462): Illuminate\Database\Query\Builder->get(Array)
#7 /var/www/html/Dev/ICNOW-DEV/vendor/laravel/framework/src/Illuminate/Database/Eloquent/Builder.php(446): Illuminate\Database\Eloquent\Builder->getModels(Array)
#8 /var/www/html/Dev/ICNOW-DEV/vendor/laravel/framework/src/Illuminate/Database/Eloquent/Model.php(347): Illuminate\Database\Eloquent\Builder->get(Array)
#9 /var/www/html/Dev/ICNOW-DEV/app/Http/Controllers/API/v1/Ecommerce/ProductController.php(25): Illuminate\Database\Eloquent\Model::all()
#10 [internal function]: YellowProject\Http\Controllers\API\v1\Ecommerce\ProductController->index()
#11 /var/www/html/Dev/ICNOW-DEV/vendor/laravel/framework/src/Illuminate/Routing/Controller.php(55): call_user_func_array(Array, Array)
#12 /var/www/html/Dev/ICNOW-DEV/vendor/laravel/framework/src/Illuminate/Routing/ControllerDispatcher.php(44): Illuminate\Routing\Controller->callAction('index', Array)
#13 /var/www/html/Dev/ICNOW-DEV/vendor/laravel/framework/src/Illuminate/Routing/Route.php(203): Illuminate\Routing\ControllerDispatcher->dispatch(Object(Illuminate\Routing\Route), Object(YellowProject\Http\Controllers\API\v1\Ecommerce\ProductController), 'index')
#14 /var/www/html/Dev/ICNOW-DEV/vendor/laravel/framework/src/Illuminate/Routing/Route.php(160): Illuminate\Routing\Route->runController()
#15 /var/www/html/Dev/ICNOW-DEV/vendor/laravel/framework/src/Illuminate/Routing/Router.php(574): Illuminate\Routing\Route->run()
#16 /var/www/html/Dev/ICNOW-DEV/vendor/laravel/framework/src/Illuminate/Routing/Pipeline.php(30): Illuminate\Routing\Router->Illuminate\Routing\{closure}(Object(Illuminate\Http\Request))
#17 /var/www/html/Dev/ICNOW-DEV/vendor/barryvdh/laravel-cors/src/HandleCors.php(34): Illuminate\Routing\Pipeline->Illuminate\Routing\{closure}(Object(Illuminate\Http\Request))
#18 /var/www/html/Dev/ICNOW-DEV/vendor/laravel/framework/src/Illuminate/Pipeline/Pipeline.php(148): Barryvdh\Cors\HandleCors->handle(Object(Illuminate\Http\Request), Object(Closure))
#19 /var/www/html/Dev/ICNOW-DEV/vendor/laravel/framework/src/Illuminate/Routing/Pipeline.php(53): Illuminate\Pipeline\Pipeline->Illuminate\Pipeline\{closure}(Object(Illuminate\Http\Request))
#20 /var/www/html/Dev/ICNOW-DEV/vendor/laravel/framework/src/Illuminate/Routing/Middleware/SubstituteBindings.php(41): Illuminate\Routing\Pipeline->Illuminate\Routing\{closure}(Object(Illuminate\Http\Request))
#21 /var/www/html/Dev/ICNOW-DEV/vendor/laravel/framework/src/Illuminate/Pipeline/Pipeline.php(148): Illuminate\Routing\Middleware\SubstituteBindings->handle(Object(Illuminate\Http\Request), Object(Closure))
#22 /var/www/html/Dev/ICNOW-DEV/vendor/laravel/framework/src/Illuminate/Routing/Pipeline.php(53): Illuminate\Pipeline\Pipeline->Illuminate\Pipeline\{closure}(Object(Illuminate\Http\Request))
#23 /var/www/html/Dev/ICNOW-DEV/vendor/laravel/framework/src/Illuminate/Routing/Middleware/ThrottleRequests.php(49): Illuminate\Routing\Pipeline->Illuminate\Routing\{closure}(Object(Illuminate\Http\Request))
#24 /var/www/html/Dev/ICNOW-DEV/vendor/laravel/framework/src/Illuminate/Pipeline/Pipeline.php(148): Illuminate\Routing\Middleware\ThrottleRequests->handle(Object(Illuminate\Http\Request), Object(Closure), '60', '1')
#25 /var/www/html/Dev/ICNOW-DEV/vendor/laravel/framework/src/Illuminate/Routing/Pipeline.php(53): Illuminate\Pipeline\Pipeline->Illuminate\Pipeline\{closure}(Object(Illuminate\Http\Request))
#26 /var/www/html/Dev/ICNOW-DEV/vendor/laravel/framework/src/Illuminate/Pipeline/Pipeline.php(102): Illuminate\Routing\Pipeline->Illuminate\Routing\{closure}(Object(Illuminate\Http\Request))
#27 /var/www/html/Dev/ICNOW-DEV/vendor/laravel/framework/src/Illuminate/Routing/Router.php(576): Illuminate\Pipeline\Pipeline->then(Object(Closure))
#28 /var/www/html/Dev/ICNOW-DEV/vendor/laravel/framework/src/Illuminate/Routing/Router.php(535): Illuminate\Routing\Router->runRouteWithinStack(Object(Illuminate\Routing\Route), Object(Illuminate\Http\Request))
#29 /var/www/html/Dev/ICNOW-DEV/vendor/laravel/framework/src/Illuminate/Routing/Router.php(513): Illuminate\Routing\Router->dispatchToRoute(Object(Illuminate\Http\Request))
#30 /var/www/html/Dev/ICNOW-DEV/vendor/laravel/framework/src/Illuminate/Foundation/Http/Kernel.php(176): Illuminate\Routing\Router->dispatch(Object(Illuminate\Http\Request))
#31 /var/www/html/Dev/ICNOW-DEV/vendor/laravel/framework/src/Illuminate/Routing/Pipeline.php(30): Illuminate\Foundation\Http\Kernel->Illuminate\Foundation\Http\{closure}(Object(Illuminate\Http\Request))
#32 /var/www/html/Dev/ICNOW-DEV/vendor/laravel/framework/src/Illuminate/Foundation/Http/Middleware/TransformsRequest.php(30): Illuminate\Routing\Pipeline->Illuminate\Routing\{closure}(Object(Illuminate\Http\Request))
#33 /var/www/html/Dev/ICNOW-DEV/vendor/laravel/framework/src/Illuminate/Pipeline/Pipeline.php(148): Illuminate\Foundation\Http\Middleware\TransformsRequest->handle(Object(Illuminate\Http\Request), Object(Closure))
#34 /var/www/html/Dev/ICNOW-DEV/vendor/laravel/framework/src/Illuminate/Routing/Pipeline.php(53): Illuminate\Pipeline\Pipeline->Illuminate\Pipeline\{closure}(Object(Illuminate\Http\Request))
#35 /var/www/html/Dev/ICNOW-DEV/vendor/laravel/framework/src/Illuminate/Foundation/Http/Middleware/TransformsRequest.php(30): Illuminate\Routing\Pipeline->Illuminate\Routing\{closure}(Object(Illuminate\Http\Request))
#36 /var/www/html/Dev/ICNOW-DEV/vendor/laravel/framework/src/Illuminate/Pipeline/Pipeline.php(148): Illuminate\Foundation\Http\Middleware\TransformsRequest->handle(Object(Illuminate\Http\Request), Object(Closure))
#37 /var/www/html/Dev/ICNOW-DEV/vendor/laravel/framework/src/Illuminate/Routing/Pipeline.php(53): Illuminate\Pipeline\Pipeline->Illuminate\Pipeline\{closure}(Object(Illuminate\Http\Request))
#38 /var/www/html/Dev/ICNOW-DEV/vendor/laravel/framework/src/Illuminate/Foundation/Http/Middleware/ValidatePostSize.php(27): Illuminate\Routing\Pipeline->Illuminate\Routing\{closure}(Object(Illuminate\Http\Request))
#39 /var/www/html/Dev/ICNOW-DEV/vendor/laravel/framework/src/Illuminate/Pipeline/Pipeline.php(148): Illuminate\Foundation\Http\Middleware\ValidatePostSize->handle(Object(Illuminate\Http\Request), Object(Closure))
#40 /var/www/html/Dev/ICNOW-DEV/vendor/laravel/framework/src/Illuminate/Routing/Pipeline.php(53): Illuminate\Pipeline\Pipeline->Illuminate\Pipeline\{closure}(Object(Illuminate\Http\Request))
#41 /var/www/html/Dev/ICNOW-DEV/vendor/laravel/framework/src/Illuminate/Foundation/Http/Middleware/CheckForMaintenanceMode.php(46): Illuminate\Routing\Pipeline->Illuminate\Routing\{closure}(Object(Illuminate\Http\Request))
#42 /var/www/html/Dev/ICNOW-DEV/vendor/laravel/framework/src/Illuminate/Pipeline/Pipeline.php(148): Illuminate\Foundation\Http\Middleware\CheckForMaintenanceMode->handle(Object(Illuminate\Http\Request), Object(Closure))
#43 /var/www/html/Dev/ICNOW-DEV/vendor/laravel/framework/src/Illuminate/Routing/Pipeline.php(53): Illuminate\Pipeline\Pipeline->Illuminate\Pipeline\{closure}(Object(Illuminate\Http\Request))
#44 /var/www/html/Dev/ICNOW-DEV/vendor/laravel/framework/src/Illuminate/Pipeline/Pipeline.php(102): Illuminate\Routing\Pipeline->Illuminate\Routing\{closure}(Object(Illuminate\Http\Request))
#45 /var/www/html/Dev/ICNOW-DEV/vendor/laravel/framework/src/Illuminate/Foundation/Http/Kernel.php(151): Illuminate\Pipeline\Pipeline->then(Object(Closure))
#46 /var/www/html/Dev/ICNOW-DEV/vendor/laravel/framework/src/Illuminate/Foundation/Http/Kernel.php(116): Illuminate\Foundation\Http\Kernel->sendRequestThroughRouter(Object(Illuminate\Http\Request))
#47 /var/www/html/Dev/ICNOW-DEV/public/index.php(53): Illuminate\Foundation\Http\Kernel->handle(Object(Illuminate\Http\Request))
#48 {main}

Next Illuminate\Database\QueryException: SQLSTATE[42S02]: Base table or view not found: 1146 Table 'ICNOW_UAT.dim_ecommerce_product' doesn't exist (SQL: select * from `dim_ecommerce_product`) in /var/www/html/Dev/ICNOW-DEV/vendor/laravel/framework/src/Illuminate/Database/Connection.php:647
Stack trace:
#0 /var/www/html/Dev/ICNOW-DEV/vendor/laravel/framework/src/Illuminate/Database/Connection.php(607): Illuminate\Database\Connection->runQueryCallback('select * from `...', Array, Object(Closure))
#1 /var/www/html/Dev/ICNOW-DEV/vendor/laravel/framework/src/Illuminate/Database/Connection.php(326): Illuminate\Database\Connection->run('select * from `...', Array, Object(Closure))
#2 /var/www/html/Dev/ICNOW-DEV/vendor/laravel/framework/src/Illuminate/Database/Query/Builder.php(1711): Illuminate\Database\Connection->select('select * from `...', Array, true)
#3 /var/www/html/Dev/ICNOW-DEV/vendor/laravel/framework/src/Illuminate/Database/Query/Builder.php(1696): Illuminate\Database\Query\Builder->runSelect()
#4 /var/www/html/Dev/ICNOW-DEV/vendor/laravel/framework/src/Illuminate/Database/Eloquent/Builder.php(462): Illuminate\Database\Query\Builder->get(Array)
#5 /var/www/html/Dev/ICNOW-DEV/vendor/laravel/framework/src/Illuminate/Database/Eloquent/Builder.php(446): Illuminate\Database\Eloquent\Builder->getModels(Array)
#6 /var/www/html/Dev/ICNOW-DEV/vendor/laravel/framework/src/Illuminate/Database/Eloquent/Model.php(347): Illuminate\Database\Eloquent\Builder->get(Array)
#7 /var/www/html/Dev/ICNOW-DEV/app/Http/Controllers/API/v1/Ecommerce/ProductController.php(25): Illuminate\Database\Eloquent\Model::all()
#8 [internal function]: YellowProject\Http\Controllers\API\v1\Ecommerce\ProductController->index()
#9 /var/www/html/Dev/ICNOW-DEV/vendor/laravel/framework/src/Illuminate/Routing/Controller.php(55): call_user_func_array(Array, Array)
#10 /var/www/html/Dev/ICNOW-DEV/vendor/laravel/framework/src/Illuminate/Routing/ControllerDispatcher.php(44): Illuminate\Routing\Controller->callAction('index', Array)
#11 /var/www/html/Dev/ICNOW-DEV/vendor/laravel/framework/src/Illuminate/Routing/Route.php(203): Illuminate\Routing\ControllerDispatcher->dispatch(Object(Illuminate\Routing\Route), Object(YellowProject\Http\Controllers\API\v1\Ecommerce\ProductController), 'index')
#12 /var/www/html/Dev/ICNOW-DEV/vendor/laravel/framework/src/Illuminate/Routing/Route.php(160): Illuminate\Routing\Route->runController()
#13 /var/www/html/Dev/ICNOW-DEV/vendor/laravel/framework/src/Illuminate/Routing/Router.php(574): Illuminate\Routing\Route->run()
#14 /var/www/html/Dev/ICNOW-DEV/vendor/laravel/framework/src/Illuminate/Routing/Pipeline.php(30): Illuminate\Routing\Router->Illuminate\Routing\{closure}(Object(Illuminate\Http\Request))
#15 /var/www/html/Dev/ICNOW-DEV/vendor/barryvdh/laravel-cors/src/HandleCors.php(34): Illuminate\Routing\Pipeline->Illuminate\Routing\{closure}(Object(Illuminate\Http\Request))
#16 /var/www/html/Dev/ICNOW-DEV/vendor/laravel/framework/src/Illuminate/Pipeline/Pipeline.php(148): Barryvdh\Cors\HandleCors->handle(Object(Illuminate\Http\Request), Object(Closure))
#17 /var/www/html/Dev/ICNOW-DEV/vendor/laravel/framework/src/Illuminate/Routing/Pipeline.php(53): Illuminate\Pipeline\Pipeline->Illuminate\Pipeline\{closure}(Object(Illuminate\Http\Request))
#18 /var/www/html/Dev/ICNOW-DEV/vendor/laravel/framework/src/Illuminate/Routing/Middleware/SubstituteBindings.php(41): Illuminate\Routing\Pipeline->Illuminate\Routing\{closure}(Object(Illuminate\Http\Request))
#19 /var/www/html/Dev/ICNOW-DEV/vendor/laravel/framework/src/Illuminate/Pipeline/Pipeline.php(148): Illuminate\Routing\Middleware\SubstituteBindings->handle(Object(Illuminate\Http\Request), Object(Closure))
#20 /var/www/html/Dev/ICNOW-DEV/vendor/laravel/framework/src/Illuminate/Routing/Pipeline.php(53): Illuminate\Pipeline\Pipeline->Illuminate\Pipeline\{closure}(Object(Illuminate\Http\Request))
#21 /var/www/html/Dev/ICNOW-DEV/vendor/laravel/framework/src/Illuminate/Routing/Middleware/ThrottleRequests.php(49): Illuminate\Routing\Pipeline->Illuminate\Routing\{closure}(Object(Illuminate\Http\Request))
#22 /var/www/html/Dev/ICNOW-DEV/vendor/laravel/framework/src/Illuminate/Pipeline/Pipeline.php(148): Illuminate\Routing\Middleware\ThrottleRequests->handle(Object(Illuminate\Http\Request), Object(Closure), '60', '1')
#23 /var/www/html/Dev/ICNOW-DEV/vendor/laravel/framework/src/Illuminate/Routing/Pipeline.php(53): Illuminate\Pipeline\Pipeline->Illuminate\Pipeline\{closure}(Object(Illuminate\Http\Request))
#24 /var/www/html/Dev/ICNOW-DEV/vendor/laravel/framework/src/Illuminate/Pipeline/Pipeline.php(102): Illuminate\Routing\Pipeline->Illuminate\Routing\{closure}(Object(Illuminate\Http\Request))
#25 /var/www/html/Dev/ICNOW-DEV/vendor/laravel/framework/src/Illuminate/Routing/Router.php(576): Illuminate\Pipeline\Pipeline->then(Object(Closure))
#26 /var/www/html/Dev/ICNOW-DEV/vendor/laravel/framework/src/Illuminate/Routing/Router.php(535): Illuminate\Routing\Router->runRouteWithinStack(Object(Illuminate\Routing\Route), Object(Illuminate\Http\Request))
#27 /var/www/html/Dev/ICNOW-DEV/vendor/laravel/framework/src/Illuminate/Routing/Router.php(513): Illuminate\Routing\Router->dispatchToRoute(Object(Illuminate\Http\Request))
#28 /var/www/html/Dev/ICNOW-DEV/vendor/laravel/framework/src/Illuminate/Foundation/Http/Kernel.php(176): Illuminate\Routing\Router->dispatch(Object(Illuminate\Http\Request))
#29 /var/www/html/Dev/ICNOW-DEV/vendor/laravel/framework/src/Illuminate/Routing/Pipeline.php(30): Illuminate\Foundation\Http\Kernel->Illuminate\Foundation\Http\{closure}(Object(Illuminate\Http\Request))
#30 /var/www/html/Dev/ICNOW-DEV/vendor/laravel/framework/src/Illuminate/Foundation/Http/Middleware/TransformsRequest.php(30): Illuminate\Routing\Pipeline->Illuminate\Routing\{closure}(Object(Illuminate\Http\Request))
#31 /var/www/html/Dev/ICNOW-DEV/vendor/laravel/framework/src/Illuminate/Pipeline/Pipeline.php(148): Illuminate\Foundation\Http\Middleware\TransformsRequest->handle(Object(Illuminate\Http\Request), Object(Closure))
#32 /var/www/html/Dev/ICNOW-DEV/vendor/laravel/framework/src/Illuminate/Routing/Pipeline.php(53): Illuminate\Pipeline\Pipeline->Illuminate\Pipeline\{closure}(Object(Illuminate\Http\Request))
#33 /var/www/html/Dev/ICNOW-DEV/vendor/laravel/framework/src/Illuminate/Foundation/Http/Middleware/TransformsRequest.php(30): Illuminate\Routing\Pipeline->Illuminate\Routing\{closure}(Object(Illuminate\Http\Request))
#34 /var/www/html/Dev/ICNOW-DEV/vendor/laravel/framework/src/Illuminate/Pipeline/Pipeline.php(148): Illuminate\Foundation\Http\Middleware\TransformsRequest->handle(Object(Illuminate\Http\Request), Object(Closure))
#35 /var/www/html/Dev/ICNOW-DEV/vendor/laravel/framework/src/Illuminate/Routing/Pipeline.php(53): Illuminate\Pipeline\Pipeline->Illuminate\Pipeline\{closure}(Object(Illuminate\Http\Request))
#36 /var/www/html/Dev/ICNOW-DEV/vendor/laravel/framework/src/Illuminate/Foundation/Http/Middleware/ValidatePostSize.php(27): Illuminate\Routing\Pipeline->Illuminate\Routing\{closure}(Object(Illuminate\Http\Request))
#37 /var/www/html/Dev/ICNOW-DEV/vendor/laravel/framework/src/Illuminate/Pipeline/Pipeline.php(148): Illuminate\Foundation\Http\Middleware\ValidatePostSize->handle(Object(Illuminate\Http\Request), Object(Closure))
#38 /var/www/html/Dev/ICNOW-DEV/vendor/laravel/framework/src/Illuminate/Routing/Pipeline.php(53): Illuminate\Pipeline\Pipeline->Illuminate\Pipeline\{closure}(Object(Illuminate\Http\Request))
#39 /var/www/html/Dev/ICNOW-DEV/vendor/laravel/framework/src/Illuminate/Foundation/Http/Middleware/CheckForMaintenanceMode.php(46): Illuminate\Routing\Pipeline->Illuminate\Routing\{closure}(Object(Illuminate\Http\Request))
#40 /var/www/html/Dev/ICNOW-DEV/vendor/laravel/framework/src/Illuminate/Pipeline/Pipeline.php(148): Illuminate\Foundation\Http\Middleware\CheckForMaintenanceMode->handle(Object(Illuminate\Http\Request), Object(Closure))
#41 /var/www/html/Dev/ICNOW-DEV/vendor/laravel/framework/src/Illuminate/Routing/Pipeline.php(53): Illuminate\Pipeline\Pipeline->Illuminate\Pipeline\{closure}(Object(Illuminate\Http\Request))
#42 /var/www/html/Dev/ICNOW-DEV/vendor/laravel/framework/src/Illuminate/Pipeline/Pipeline.php(102): Illuminate\Routing\Pipeline->Illuminate\Routing\{closure}(Object(Illuminate\Http\Request))
#43 /var/www/html/Dev/ICNOW-DEV/vendor/laravel/framework/src/Illuminate/Foundation/Http/Kernel.php(151): Illuminate\Pipeline\Pipeline->then(Object(Closure))
#44 /var/www/html/Dev/ICNOW-DEV/vendor/laravel/framework/src/Illuminate/Foundation/Http/Kernel.php(116): Illuminate\Foundation\Http\Kernel->sendRequestThroughRouter(Object(Illuminate\Http\Request))
#45 /var/www/html/Dev/ICNOW-DEV/public/index.php(53): Illuminate\Foundation\Http\Kernel->handle(Object(Illuminate\Http\Request))
#46 {main}  
[2018-09-11 04:04:37] local.ERROR: PDOException: SQLSTATE[42S02]: Base table or view not found: 1146 Table 'ICNOW_UAT.dim_ecommerce_category' doesn't exist in /var/www/html/Dev/ICNOW-DEV/vendor/laravel/framework/src/Illuminate/Database/Connection.php:319
Stack trace:
#0 /var/www/html/Dev/ICNOW-DEV/vendor/laravel/framework/src/Illuminate/Database/Connection.php(319): PDO->prepare('select * from `...')
#1 /var/www/html/Dev/ICNOW-DEV/vendor/laravel/framework/src/Illuminate/Database/Connection.php(640): Illuminate\Database\Connection->Illuminate\Database\{closure}('select * from `...', Array)
#2 /var/www/html/Dev/ICNOW-DEV/vendor/laravel/framework/src/Illuminate/Database/Connection.php(607): Illuminate\Database\Connection->runQueryCallback('select * from `...', Array, Object(Closure))
#3 /var/www/html/Dev/ICNOW-DEV/vendor/laravel/framework/src/Illuminate/Database/Connection.php(326): Illuminate\Database\Connection->run('select * from `...', Array, Object(Closure))
#4 /var/www/html/Dev/ICNOW-DEV/vendor/laravel/framework/src/Illuminate/Database/Query/Builder.php(1711): Illuminate\Database\Connection->select('select * from `...', Array, true)
#5 /var/www/html/Dev/ICNOW-DEV/vendor/laravel/framework/src/Illuminate/Database/Query/Builder.php(1696): Illuminate\Database\Query\Builder->runSelect()
#6 /var/www/html/Dev/ICNOW-DEV/vendor/laravel/framework/src/Illuminate/Database/Eloquent/Builder.php(462): Illuminate\Database\Query\Builder->get(Array)
#7 /var/www/html/Dev/ICNOW-DEV/vendor/laravel/framework/src/Illuminate/Database/Eloquent/Builder.php(446): Illuminate\Database\Eloquent\Builder->getModels(Array)
#8 /var/www/html/Dev/ICNOW-DEV/app/Http/Controllers/API/v1/Ecommerce/CategoryController.php(20): Illuminate\Database\Eloquent\Builder->get()
#9 [internal function]: YellowProject\Http\Controllers\API\v1\Ecommerce\CategoryController->index()
#10 /var/www/html/Dev/ICNOW-DEV/vendor/laravel/framework/src/Illuminate/Routing/Controller.php(55): call_user_func_array(Array, Array)
#11 /var/www/html/Dev/ICNOW-DEV/vendor/laravel/framework/src/Illuminate/Routing/ControllerDispatcher.php(44): Illuminate\Routing\Controller->callAction('index', Array)
#12 /var/www/html/Dev/ICNOW-DEV/vendor/laravel/framework/src/Illuminate/Routing/Route.php(203): Illuminate\Routing\ControllerDispatcher->dispatch(Object(Illuminate\Routing\Route), Object(YellowProject\Http\Controllers\API\v1\Ecommerce\CategoryController), 'index')
#13 /var/www/html/Dev/ICNOW-DEV/vendor/laravel/framework/src/Illuminate/Routing/Route.php(160): Illuminate\Routing\Route->runController()
#14 /var/www/html/Dev/ICNOW-DEV/vendor/laravel/framework/src/Illuminate/Routing/Router.php(574): Illuminate\Routing\Route->run()
#15 /var/www/html/Dev/ICNOW-DEV/vendor/laravel/framework/src/Illuminate/Routing/Pipeline.php(30): Illuminate\Routing\Router->Illuminate\Routing\{closure}(Object(Illuminate\Http\Request))
#16 /var/www/html/Dev/ICNOW-DEV/vendor/barryvdh/laravel-cors/src/HandleCors.php(34): Illuminate\Routing\Pipeline->Illuminate\Routing\{closure}(Object(Illuminate\Http\Request))
#17 /var/www/html/Dev/ICNOW-DEV/vendor/laravel/framework/src/Illuminate/Pipeline/Pipeline.php(148): Barryvdh\Cors\HandleCors->handle(Object(Illuminate\Http\Request), Object(Closure))
#18 /var/www/html/Dev/ICNOW-DEV/vendor/laravel/framework/src/Illuminate/Routing/Pipeline.php(53): Illuminate\Pipeline\Pipeline->Illuminate\Pipeline\{closure}(Object(Illuminate\Http\Request))
#19 /var/www/html/Dev/ICNOW-DEV/vendor/laravel/framework/src/Illuminate/Routing/Middleware/SubstituteBindings.php(41): Illuminate\Routing\Pipeline->Illuminate\Routing\{closure}(Object(Illuminate\Http\Request))
#20 /var/www/html/Dev/ICNOW-DEV/vendor/laravel/framework/src/Illuminate/Pipeline/Pipeline.php(148): Illuminate\Routing\Middleware\SubstituteBindings->handle(Object(Illuminate\Http\Request), Object(Closure))
#21 /var/www/html/Dev/ICNOW-DEV/vendor/laravel/framework/src/Illuminate/Routing/Pipeline.php(53): Illuminate\Pipeline\Pipeline->Illuminate\Pipeline\{closure}(Object(Illuminate\Http\Request))
#22 /var/www/html/Dev/ICNOW-DEV/vendor/laravel/framework/src/Illuminate/Routing/Middleware/ThrottleRequests.php(49): Illuminate\Routing\Pipeline->Illuminate\Routing\{closure}(Object(Illuminate\Http\Request))
#23 /var/www/html/Dev/ICNOW-DEV/vendor/laravel/framework/src/Illuminate/Pipeline/Pipeline.php(148): Illuminate\Routing\Middleware\ThrottleRequests->handle(Object(Illuminate\Http\Request), Object(Closure), '60', '1')
#24 /var/www/html/Dev/ICNOW-DEV/vendor/laravel/framework/src/Illuminate/Routing/Pipeline.php(53): Illuminate\Pipeline\Pipeline->Illuminate\Pipeline\{closure}(Object(Illuminate\Http\Request))
#25 /var/www/html/Dev/ICNOW-DEV/vendor/laravel/framework/src/Illuminate/Pipeline/Pipeline.php(102): Illuminate\Routing\Pipeline->Illuminate\Routing\{closure}(Object(Illuminate\Http\Request))
#26 /var/www/html/Dev/ICNOW-DEV/vendor/laravel/framework/src/Illuminate/Routing/Router.php(576): Illuminate\Pipeline\Pipeline->then(Object(Closure))
#27 /var/www/html/Dev/ICNOW-DEV/vendor/laravel/framework/src/Illuminate/Routing/Router.php(535): Illuminate\Routing\Router->runRouteWithinStack(Object(Illuminate\Routing\Route), Object(Illuminate\Http\Request))
#28 /var/www/html/Dev/ICNOW-DEV/vendor/laravel/framework/src/Illuminate/Routing/Router.php(513): Illuminate\Routing\Router->dispatchToRoute(Object(Illuminate\Http\Request))
#29 /var/www/html/Dev/ICNOW-DEV/vendor/laravel/framework/src/Illuminate/Foundation/Http/Kernel.php(176): Illuminate\Routing\Router->dispatch(Object(Illuminate\Http\Request))
#30 /var/www/html/Dev/ICNOW-DEV/vendor/laravel/framework/src/Illuminate/Routing/Pipeline.php(30): Illuminate\Foundation\Http\Kernel->Illuminate\Foundation\Http\{closure}(Object(Illuminate\Http\Request))
#31 /var/www/html/Dev/ICNOW-DEV/vendor/laravel/framework/src/Illuminate/Foundation/Http/Middleware/TransformsRequest.php(30): Illuminate\Routing\Pipeline->Illuminate\Routing\{closure}(Object(Illuminate\Http\Request))
#32 /var/www/html/Dev/ICNOW-DEV/vendor/laravel/framework/src/Illuminate/Pipeline/Pipeline.php(148): Illuminate\Foundation\Http\Middleware\TransformsRequest->handle(Object(Illuminate\Http\Request), Object(Closure))
#33 /var/www/html/Dev/ICNOW-DEV/vendor/laravel/framework/src/Illuminate/Routing/Pipeline.php(53): Illuminate\Pipeline\Pipeline->Illuminate\Pipeline\{closure}(Object(Illuminate\Http\Request))
#34 /var/www/html/Dev/ICNOW-DEV/vendor/laravel/framework/src/Illuminate/Foundation/Http/Middleware/TransformsRequest.php(30): Illuminate\Routing\Pipeline->Illuminate\Routing\{closure}(Object(Illuminate\Http\Request))
#35 /var/www/html/Dev/ICNOW-DEV/vendor/laravel/framework/src/Illuminate/Pipeline/Pipeline.php(148): Illuminate\Foundation\Http\Middleware\TransformsRequest->handle(Object(Illuminate\Http\Request), Object(Closure))
#36 /var/www/html/Dev/ICNOW-DEV/vendor/laravel/framework/src/Illuminate/Routing/Pipeline.php(53): Illuminate\Pipeline\Pipeline->Illuminate\Pipeline\{closure}(Object(Illuminate\Http\Request))
#37 /var/www/html/Dev/ICNOW-DEV/vendor/laravel/framework/src/Illuminate/Foundation/Http/Middleware/ValidatePostSize.php(27): Illuminate\Routing\Pipeline->Illuminate\Routing\{closure}(Object(Illuminate\Http\Request))
#38 /var/www/html/Dev/ICNOW-DEV/vendor/laravel/framework/src/Illuminate/Pipeline/Pipeline.php(148): Illuminate\Foundation\Http\Middleware\ValidatePostSize->handle(Object(Illuminate\Http\Request), Object(Closure))
#39 /var/www/html/Dev/ICNOW-DEV/vendor/laravel/framework/src/Illuminate/Routing/Pipeline.php(53): Illuminate\Pipeline\Pipeline->Illuminate\Pipeline\{closure}(Object(Illuminate\Http\Request))
#40 /var/www/html/Dev/ICNOW-DEV/vendor/laravel/framework/src/Illuminate/Foundation/Http/Middleware/CheckForMaintenanceMode.php(46): Illuminate\Routing\Pipeline->Illuminate\Routing\{closure}(Object(Illuminate\Http\Request))
#41 /var/www/html/Dev/ICNOW-DEV/vendor/laravel/framework/src/Illuminate/Pipeline/Pipeline.php(148): Illuminate\Foundation\Http\Middleware\CheckForMaintenanceMode->handle(Object(Illuminate\Http\Request), Object(Closure))
#42 /var/www/html/Dev/ICNOW-DEV/vendor/laravel/framework/src/Illuminate/Routing/Pipeline.php(53): Illuminate\Pipeline\Pipeline->Illuminate\Pipeline\{closure}(Object(Illuminate\Http\Request))
#43 /var/www/html/Dev/ICNOW-DEV/vendor/laravel/framework/src/Illuminate/Pipeline/Pipeline.php(102): Illuminate\Routing\Pipeline->Illuminate\Routing\{closure}(Object(Illuminate\Http\Request))
#44 /var/www/html/Dev/ICNOW-DEV/vendor/laravel/framework/src/Illuminate/Foundation/Http/Kernel.php(151): Illuminate\Pipeline\Pipeline->then(Object(Closure))
#45 /var/www/html/Dev/ICNOW-DEV/vendor/laravel/framework/src/Illuminate/Foundation/Http/Kernel.php(116): Illuminate\Foundation\Http\Kernel->sendRequestThroughRouter(Object(Illuminate\Http\Request))
#46 /var/www/html/Dev/ICNOW-DEV/public/index.php(53): Illuminate\Foundation\Http\Kernel->handle(Object(Illuminate\Http\Request))
#47 {main}

Next Illuminate\Database\QueryException: SQLSTATE[42S02]: Base table or view not found: 1146 Table 'ICNOW_UAT.dim_ecommerce_category' doesn't exist (SQL: select * from `dim_ecommerce_category` where `is_sub_category` = 0) in /var/www/html/Dev/ICNOW-DEV/vendor/laravel/framework/src/Illuminate/Database/Connection.php:647
Stack trace:
#0 /var/www/html/Dev/ICNOW-DEV/vendor/laravel/framework/src/Illuminate/Database/Connection.php(607): Illuminate\Database\Connection->runQueryCallback('select * from `...', Array, Object(Closure))
#1 /var/www/html/Dev/ICNOW-DEV/vendor/laravel/framework/src/Illuminate/Database/Connection.php(326): Illuminate\Database\Connection->run('select * from `...', Array, Object(Closure))
#2 /var/www/html/Dev/ICNOW-DEV/vendor/laravel/framework/src/Illuminate/Database/Query/Builder.php(1711): Illuminate\Database\Connection->select('select * from `...', Array, true)
#3 /var/www/html/Dev/ICNOW-DEV/vendor/laravel/framework/src/Illuminate/Database/Query/Builder.php(1696): Illuminate\Database\Query\Builder->runSelect()
#4 /var/www/html/Dev/ICNOW-DEV/vendor/laravel/framework/src/Illuminate/Database/Eloquent/Builder.php(462): Illuminate\Database\Query\Builder->get(Array)
#5 /var/www/html/Dev/ICNOW-DEV/vendor/laravel/framework/src/Illuminate/Database/Eloquent/Builder.php(446): Illuminate\Database\Eloquent\Builder->getModels(Array)
#6 /var/www/html/Dev/ICNOW-DEV/app/Http/Controllers/API/v1/Ecommerce/CategoryController.php(20): Illuminate\Database\Eloquent\Builder->get()
#7 [internal function]: YellowProject\Http\Controllers\API\v1\Ecommerce\CategoryController->index()
#8 /var/www/html/Dev/ICNOW-DEV/vendor/laravel/framework/src/Illuminate/Routing/Controller.php(55): call_user_func_array(Array, Array)
#9 /var/www/html/Dev/ICNOW-DEV/vendor/laravel/framework/src/Illuminate/Routing/ControllerDispatcher.php(44): Illuminate\Routing\Controller->callAction('index', Array)
#10 /var/www/html/Dev/ICNOW-DEV/vendor/laravel/framework/src/Illuminate/Routing/Route.php(203): Illuminate\Routing\ControllerDispatcher->dispatch(Object(Illuminate\Routing\Route), Object(YellowProject\Http\Controllers\API\v1\Ecommerce\CategoryController), 'index')
#11 /var/www/html/Dev/ICNOW-DEV/vendor/laravel/framework/src/Illuminate/Routing/Route.php(160): Illuminate\Routing\Route->runController()
#12 /var/www/html/Dev/ICNOW-DEV/vendor/laravel/framework/src/Illuminate/Routing/Router.php(574): Illuminate\Routing\Route->run()
#13 /var/www/html/Dev/ICNOW-DEV/vendor/laravel/framework/src/Illuminate/Routing/Pipeline.php(30): Illuminate\Routing\Router->Illuminate\Routing\{closure}(Object(Illuminate\Http\Request))
#14 /var/www/html/Dev/ICNOW-DEV/vendor/barryvdh/laravel-cors/src/HandleCors.php(34): Illuminate\Routing\Pipeline->Illuminate\Routing\{closure}(Object(Illuminate\Http\Request))
#15 /var/www/html/Dev/ICNOW-DEV/vendor/laravel/framework/src/Illuminate/Pipeline/Pipeline.php(148): Barryvdh\Cors\HandleCors->handle(Object(Illuminate\Http\Request), Object(Closure))
#16 /var/www/html/Dev/ICNOW-DEV/vendor/laravel/framework/src/Illuminate/Routing/Pipeline.php(53): Illuminate\Pipeline\Pipeline->Illuminate\Pipeline\{closure}(Object(Illuminate\Http\Request))
#17 /var/www/html/Dev/ICNOW-DEV/vendor/laravel/framework/src/Illuminate/Routing/Middleware/SubstituteBindings.php(41): Illuminate\Routing\Pipeline->Illuminate\Routing\{closure}(Object(Illuminate\Http\Request))
#18 /var/www/html/Dev/ICNOW-DEV/vendor/laravel/framework/src/Illuminate/Pipeline/Pipeline.php(148): Illuminate\Routing\Middleware\SubstituteBindings->handle(Object(Illuminate\Http\Request), Object(Closure))
#19 /var/www/html/Dev/ICNOW-DEV/vendor/laravel/framework/src/Illuminate/Routing/Pipeline.php(53): Illuminate\Pipeline\Pipeline->Illuminate\Pipeline\{closure}(Object(Illuminate\Http\Request))
#20 /var/www/html/Dev/ICNOW-DEV/vendor/laravel/framework/src/Illuminate/Routing/Middleware/ThrottleRequests.php(49): Illuminate\Routing\Pipeline->Illuminate\Routing\{closure}(Object(Illuminate\Http\Request))
#21 /var/www/html/Dev/ICNOW-DEV/vendor/laravel/framework/src/Illuminate/Pipeline/Pipeline.php(148): Illuminate\Routing\Middleware\ThrottleRequests->handle(Object(Illuminate\Http\Request), Object(Closure), '60', '1')
#22 /var/www/html/Dev/ICNOW-DEV/vendor/laravel/framework/src/Illuminate/Routing/Pipeline.php(53): Illuminate\Pipeline\Pipeline->Illuminate\Pipeline\{closure}(Object(Illuminate\Http\Request))
#23 /var/www/html/Dev/ICNOW-DEV/vendor/laravel/framework/src/Illuminate/Pipeline/Pipeline.php(102): Illuminate\Routing\Pipeline->Illuminate\Routing\{closure}(Object(Illuminate\Http\Request))
#24 /var/www/html/Dev/ICNOW-DEV/vendor/laravel/framework/src/Illuminate/Routing/Router.php(576): Illuminate\Pipeline\Pipeline->then(Object(Closure))
#25 /var/www/html/Dev/ICNOW-DEV/vendor/laravel/framework/src/Illuminate/Routing/Router.php(535): Illuminate\Routing\Router->runRouteWithinStack(Object(Illuminate\Routing\Route), Object(Illuminate\Http\Request))
#26 /var/www/html/Dev/ICNOW-DEV/vendor/laravel/framework/src/Illuminate/Routing/Router.php(513): Illuminate\Routing\Router->dispatchToRoute(Object(Illuminate\Http\Request))
#27 /var/www/html/Dev/ICNOW-DEV/vendor/laravel/framework/src/Illuminate/Foundation/Http/Kernel.php(176): Illuminate\Routing\Router->dispatch(Object(Illuminate\Http\Request))
#28 /var/www/html/Dev/ICNOW-DEV/vendor/laravel/framework/src/Illuminate/Routing/Pipeline.php(30): Illuminate\Foundation\Http\Kernel->Illuminate\Foundation\Http\{closure}(Object(Illuminate\Http\Request))
#29 /var/www/html/Dev/ICNOW-DEV/vendor/laravel/framework/src/Illuminate/Foundation/Http/Middleware/TransformsRequest.php(30): Illuminate\Routing\Pipeline->Illuminate\Routing\{closure}(Object(Illuminate\Http\Request))
#30 /var/www/html/Dev/ICNOW-DEV/vendor/laravel/framework/src/Illuminate/Pipeline/Pipeline.php(148): Illuminate\Foundation\Http\Middleware\TransformsRequest->handle(Object(Illuminate\Http\Request), Object(Closure))
#31 /var/www/html/Dev/ICNOW-DEV/vendor/laravel/framework/src/Illuminate/Routing/Pipeline.php(53): Illuminate\Pipeline\Pipeline->Illuminate\Pipeline\{closure}(Object(Illuminate\Http\Request))
#32 /var/www/html/Dev/ICNOW-DEV/vendor/laravel/framework/src/Illuminate/Foundation/Http/Middleware/TransformsRequest.php(30): Illuminate\Routing\Pipeline->Illuminate\Routing\{closure}(Object(Illuminate\Http\Request))
#33 /var/www/html/Dev/ICNOW-DEV/vendor/laravel/framework/src/Illuminate/Pipeline/Pipeline.php(148): Illuminate\Foundation\Http\Middleware\TransformsRequest->handle(Object(Illuminate\Http\Request), Object(Closure))
#34 /var/www/html/Dev/ICNOW-DEV/vendor/laravel/framework/src/Illuminate/Routing/Pipeline.php(53): Illuminate\Pipeline\Pipeline->Illuminate\Pipeline\{closure}(Object(Illuminate\Http\Request))
#35 /var/www/html/Dev/ICNOW-DEV/vendor/laravel/framework/src/Illuminate/Foundation/Http/Middleware/ValidatePostSize.php(27): Illuminate\Routing\Pipeline->Illuminate\Routing\{closure}(Object(Illuminate\Http\Request))
#36 /var/www/html/Dev/ICNOW-DEV/vendor/laravel/framework/src/Illuminate/Pipeline/Pipeline.php(148): Illuminate\Foundation\Http\Middleware\ValidatePostSize->handle(Object(Illuminate\Http\Request), Object(Closure))
#37 /var/www/html/Dev/ICNOW-DEV/vendor/laravel/framework/src/Illuminate/Routing/Pipeline.php(53): Illuminate\Pipeline\Pipeline->Illuminate\Pipeline\{closure}(Object(Illuminate\Http\Request))
#38 /var/www/html/Dev/ICNOW-DEV/vendor/laravel/framework/src/Illuminate/Foundation/Http/Middleware/CheckForMaintenanceMode.php(46): Illuminate\Routing\Pipeline->Illuminate\Routing\{closure}(Object(Illuminate\Http\Request))
#39 /var/www/html/Dev/ICNOW-DEV/vendor/laravel/framework/src/Illuminate/Pipeline/Pipeline.php(148): Illuminate\Foundation\Http\Middleware\CheckForMaintenanceMode->handle(Object(Illuminate\Http\Request), Object(Closure))
#40 /var/www/html/Dev/ICNOW-DEV/vendor/laravel/framework/src/Illuminate/Routing/Pipeline.php(53): Illuminate\Pipeline\Pipeline->Illuminate\Pipeline\{closure}(Object(Illuminate\Http\Request))
#41 /var/www/html/Dev/ICNOW-DEV/vendor/laravel/framework/src/Illuminate/Pipeline/Pipeline.php(102): Illuminate\Routing\Pipeline->Illuminate\Routing\{closure}(Object(Illuminate\Http\Request))
#42 /var/www/html/Dev/ICNOW-DEV/vendor/laravel/framework/src/Illuminate/Foundation/Http/Kernel.php(151): Illuminate\Pipeline\Pipeline->then(Object(Closure))
#43 /var/www/html/Dev/ICNOW-DEV/vendor/laravel/framework/src/Illuminate/Foundation/Http/Kernel.php(116): Illuminate\Foundation\Http\Kernel->sendRequestThroughRouter(Object(Illuminate\Http\Request))
#44 /var/www/html/Dev/ICNOW-DEV/public/index.php(53): Illuminate\Foundation\Http\Kernel->handle(Object(Illuminate\Http\Request))
#45 {main}  
[2018-09-11 07:09:52] local.ERROR: ErrorException: Undefined variable: request in /var/www/html/Dev/ICNOW-DEV/app/Http/Controllers/API/v1/ICNOW/Mini/MiniController.php:18
Stack trace:
#0 /var/www/html/Dev/ICNOW-DEV/app/Http/Controllers/API/v1/ICNOW/Mini/MiniController.php(18): Illuminate\Foundation\Bootstrap\HandleExceptions->handleError(8, 'Undefined varia...', '/var/www/html/D...', 18, Array)
#1 [internal function]: YellowProject\Http\Controllers\API\v1\ICNOW\Mini\MiniController->index()
#2 /var/www/html/Dev/ICNOW-DEV/vendor/laravel/framework/src/Illuminate/Routing/Controller.php(55): call_user_func_array(Array, Array)
#3 /var/www/html/Dev/ICNOW-DEV/vendor/laravel/framework/src/Illuminate/Routing/ControllerDispatcher.php(44): Illuminate\Routing\Controller->callAction('index', Array)
#4 /var/www/html/Dev/ICNOW-DEV/vendor/laravel/framework/src/Illuminate/Routing/Route.php(203): Illuminate\Routing\ControllerDispatcher->dispatch(Object(Illuminate\Routing\Route), Object(YellowProject\Http\Controllers\API\v1\ICNOW\Mini\MiniController), 'index')
#5 /var/www/html/Dev/ICNOW-DEV/vendor/laravel/framework/src/Illuminate/Routing/Route.php(160): Illuminate\Routing\Route->runController()
#6 /var/www/html/Dev/ICNOW-DEV/vendor/laravel/framework/src/Illuminate/Routing/Router.php(574): Illuminate\Routing\Route->run()
#7 /var/www/html/Dev/ICNOW-DEV/vendor/laravel/framework/src/Illuminate/Routing/Pipeline.php(30): Illuminate\Routing\Router->Illuminate\Routing\{closure}(Object(Illuminate\Http\Request))
#8 /var/www/html/Dev/ICNOW-DEV/vendor/barryvdh/laravel-cors/src/HandleCors.php(34): Illuminate\Routing\Pipeline->Illuminate\Routing\{closure}(Object(Illuminate\Http\Request))
#9 /var/www/html/Dev/ICNOW-DEV/vendor/laravel/framework/src/Illuminate/Pipeline/Pipeline.php(148): Barryvdh\Cors\HandleCors->handle(Object(Illuminate\Http\Request), Object(Closure))
#10 /var/www/html/Dev/ICNOW-DEV/vendor/laravel/framework/src/Illuminate/Routing/Pipeline.php(53): Illuminate\Pipeline\Pipeline->Illuminate\Pipeline\{closure}(Object(Illuminate\Http\Request))
#11 /var/www/html/Dev/ICNOW-DEV/vendor/laravel/framework/src/Illuminate/Routing/Middleware/SubstituteBindings.php(41): Illuminate\Routing\Pipeline->Illuminate\Routing\{closure}(Object(Illuminate\Http\Request))
#12 /var/www/html/Dev/ICNOW-DEV/vendor/laravel/framework/src/Illuminate/Pipeline/Pipeline.php(148): Illuminate\Routing\Middleware\SubstituteBindings->handle(Object(Illuminate\Http\Request), Object(Closure))
#13 /var/www/html/Dev/ICNOW-DEV/vendor/laravel/framework/src/Illuminate/Routing/Pipeline.php(53): Illuminate\Pipeline\Pipeline->Illuminate\Pipeline\{closure}(Object(Illuminate\Http\Request))
#14 /var/www/html/Dev/ICNOW-DEV/vendor/laravel/framework/src/Illuminate/Routing/Middleware/ThrottleRequests.php(49): Illuminate\Routing\Pipeline->Illuminate\Routing\{closure}(Object(Illuminate\Http\Request))
#15 /var/www/html/Dev/ICNOW-DEV/vendor/laravel/framework/src/Illuminate/Pipeline/Pipeline.php(148): Illuminate\Routing\Middleware\ThrottleRequests->handle(Object(Illuminate\Http\Request), Object(Closure), '60', '1')
#16 /var/www/html/Dev/ICNOW-DEV/vendor/laravel/framework/src/Illuminate/Routing/Pipeline.php(53): Illuminate\Pipeline\Pipeline->Illuminate\Pipeline\{closure}(Object(Illuminate\Http\Request))
#17 /var/www/html/Dev/ICNOW-DEV/vendor/laravel/framework/src/Illuminate/Pipeline/Pipeline.php(102): Illuminate\Routing\Pipeline->Illuminate\Routing\{closure}(Object(Illuminate\Http\Request))
#18 /var/www/html/Dev/ICNOW-DEV/vendor/laravel/framework/src/Illuminate/Routing/Router.php(576): Illuminate\Pipeline\Pipeline->then(Object(Closure))
#19 /var/www/html/Dev/ICNOW-DEV/vendor/laravel/framework/src/Illuminate/Routing/Router.php(535): Illuminate\Routing\Router->runRouteWithinStack(Object(Illuminate\Routing\Route), Object(Illuminate\Http\Request))
#20 /var/www/html/Dev/ICNOW-DEV/vendor/laravel/framework/src/Illuminate/Routing/Router.php(513): Illuminate\Routing\Router->dispatchToRoute(Object(Illuminate\Http\Request))
#21 /var/www/html/Dev/ICNOW-DEV/vendor/laravel/framework/src/Illuminate/Foundation/Http/Kernel.php(176): Illuminate\Routing\Router->dispatch(Object(Illuminate\Http\Request))
#22 /var/www/html/Dev/ICNOW-DEV/vendor/laravel/framework/src/Illuminate/Routing/Pipeline.php(30): Illuminate\Foundation\Http\Kernel->Illuminate\Foundation\Http\{closure}(Object(Illuminate\Http\Request))
#23 /var/www/html/Dev/ICNOW-DEV/vendor/laravel/framework/src/Illuminate/Foundation/Http/Middleware/TransformsRequest.php(30): Illuminate\Routing\Pipeline->Illuminate\Routing\{closure}(Object(Illuminate\Http\Request))
#24 /var/www/html/Dev/ICNOW-DEV/vendor/laravel/framework/src/Illuminate/Pipeline/Pipeline.php(148): Illuminate\Foundation\Http\Middleware\TransformsRequest->handle(Object(Illuminate\Http\Request), Object(Closure))
#25 /var/www/html/Dev/ICNOW-DEV/vendor/laravel/framework/src/Illuminate/Routing/Pipeline.php(53): Illuminate\Pipeline\Pipeline->Illuminate\Pipeline\{closure}(Object(Illuminate\Http\Request))
#26 /var/www/html/Dev/ICNOW-DEV/vendor/laravel/framework/src/Illuminate/Foundation/Http/Middleware/TransformsRequest.php(30): Illuminate\Routing\Pipeline->Illuminate\Routing\{closure}(Object(Illuminate\Http\Request))
#27 /var/www/html/Dev/ICNOW-DEV/vendor/laravel/framework/src/Illuminate/Pipeline/Pipeline.php(148): Illuminate\Foundation\Http\Middleware\TransformsRequest->handle(Object(Illuminate\Http\Request), Object(Closure))
#28 /var/www/html/Dev/ICNOW-DEV/vendor/laravel/framework/src/Illuminate/Routing/Pipeline.php(53): Illuminate\Pipeline\Pipeline->Illuminate\Pipeline\{closure}(Object(Illuminate\Http\Request))
#29 /var/www/html/Dev/ICNOW-DEV/vendor/laravel/framework/src/Illuminate/Foundation/Http/Middleware/ValidatePostSize.php(27): Illuminate\Routing\Pipeline->Illuminate\Routing\{closure}(Object(Illuminate\Http\Request))
#30 /var/www/html/Dev/ICNOW-DEV/vendor/laravel/framework/src/Illuminate/Pipeline/Pipeline.php(148): Illuminate\Foundation\Http\Middleware\ValidatePostSize->handle(Object(Illuminate\Http\Request), Object(Closure))
#31 /var/www/html/Dev/ICNOW-DEV/vendor/laravel/framework/src/Illuminate/Routing/Pipeline.php(53): Illuminate\Pipeline\Pipeline->Illuminate\Pipeline\{closure}(Object(Illuminate\Http\Request))
#32 /var/www/html/Dev/ICNOW-DEV/vendor/laravel/framework/src/Illuminate/Foundation/Http/Middleware/CheckForMaintenanceMode.php(46): Illuminate\Routing\Pipeline->Illuminate\Routing\{closure}(Object(Illuminate\Http\Request))
#33 /var/www/html/Dev/ICNOW-DEV/vendor/laravel/framework/src/Illuminate/Pipeline/Pipeline.php(148): Illuminate\Foundation\Http\Middleware\CheckForMaintenanceMode->handle(Object(Illuminate\Http\Request), Object(Closure))
#34 /var/www/html/Dev/ICNOW-DEV/vendor/laravel/framework/src/Illuminate/Routing/Pipeline.php(53): Illuminate\Pipeline\Pipeline->Illuminate\Pipeline\{closure}(Object(Illuminate\Http\Request))
#35 /var/www/html/Dev/ICNOW-DEV/vendor/laravel/framework/src/Illuminate/Pipeline/Pipeline.php(102): Illuminate\Routing\Pipeline->Illuminate\Routing\{closure}(Object(Illuminate\Http\Request))
#36 /var/www/html/Dev/ICNOW-DEV/vendor/laravel/framework/src/Illuminate/Foundation/Http/Kernel.php(151): Illuminate\Pipeline\Pipeline->then(Object(Closure))
#37 /var/www/html/Dev/ICNOW-DEV/vendor/laravel/framework/src/Illuminate/Foundation/Http/Kernel.php(116): Illuminate\Foundation\Http\Kernel->sendRequestThroughRouter(Object(Illuminate\Http\Request))
#38 /var/www/html/Dev/ICNOW-DEV/public/index.php(53): Illuminate\Foundation\Http\Kernel->handle(Object(Illuminate\Http\Request))
#39 {main}  
[2018-09-11 07:11:05] local.ERROR: ErrorException: Undefined variable: data in /var/www/html/Dev/ICNOW-DEV/app/Http/Controllers/API/v1/ICNOW/Mini/MiniController.php:83
Stack trace:
#0 /var/www/html/Dev/ICNOW-DEV/app/Http/Controllers/API/v1/ICNOW/Mini/MiniController.php(83): Illuminate\Foundation\Bootstrap\HandleExceptions->handleError(8, 'Undefined varia...', '/var/www/html/D...', 83, Array)
#1 [internal function]: YellowProject\Http\Controllers\API\v1\ICNOW\Mini\MiniController->store(Object(Illuminate\Http\Request))
#2 /var/www/html/Dev/ICNOW-DEV/vendor/laravel/framework/src/Illuminate/Routing/Controller.php(55): call_user_func_array(Array, Array)
#3 /var/www/html/Dev/ICNOW-DEV/vendor/laravel/framework/src/Illuminate/Routing/ControllerDispatcher.php(44): Illuminate\Routing\Controller->callAction('store', Array)
#4 /var/www/html/Dev/ICNOW-DEV/vendor/laravel/framework/src/Illuminate/Routing/Route.php(203): Illuminate\Routing\ControllerDispatcher->dispatch(Object(Illuminate\Routing\Route), Object(YellowProject\Http\Controllers\API\v1\ICNOW\Mini\MiniController), 'store')
#5 /var/www/html/Dev/ICNOW-DEV/vendor/laravel/framework/src/Illuminate/Routing/Route.php(160): Illuminate\Routing\Route->runController()
#6 /var/www/html/Dev/ICNOW-DEV/vendor/laravel/framework/src/Illuminate/Routing/Router.php(574): Illuminate\Routing\Route->run()
#7 /var/www/html/Dev/ICNOW-DEV/vendor/laravel/framework/src/Illuminate/Routing/Pipeline.php(30): Illuminate\Routing\Router->Illuminate\Routing\{closure}(Object(Illuminate\Http\Request))
#8 /var/www/html/Dev/ICNOW-DEV/vendor/barryvdh/laravel-cors/src/HandleCors.php(34): Illuminate\Routing\Pipeline->Illuminate\Routing\{closure}(Object(Illuminate\Http\Request))
#9 /var/www/html/Dev/ICNOW-DEV/vendor/laravel/framework/src/Illuminate/Pipeline/Pipeline.php(148): Barryvdh\Cors\HandleCors->handle(Object(Illuminate\Http\Request), Object(Closure))
#10 /var/www/html/Dev/ICNOW-DEV/vendor/laravel/framework/src/Illuminate/Routing/Pipeline.php(53): Illuminate\Pipeline\Pipeline->Illuminate\Pipeline\{closure}(Object(Illuminate\Http\Request))
#11 /var/www/html/Dev/ICNOW-DEV/vendor/laravel/framework/src/Illuminate/Routing/Middleware/SubstituteBindings.php(41): Illuminate\Routing\Pipeline->Illuminate\Routing\{closure}(Object(Illuminate\Http\Request))
#12 /var/www/html/Dev/ICNOW-DEV/vendor/laravel/framework/src/Illuminate/Pipeline/Pipeline.php(148): Illuminate\Routing\Middleware\SubstituteBindings->handle(Object(Illuminate\Http\Request), Object(Closure))
#13 /var/www/html/Dev/ICNOW-DEV/vendor/laravel/framework/src/Illuminate/Routing/Pipeline.php(53): Illuminate\Pipeline\Pipeline->Illuminate\Pipeline\{closure}(Object(Illuminate\Http\Request))
#14 /var/www/html/Dev/ICNOW-DEV/vendor/laravel/framework/src/Illuminate/Routing/Middleware/ThrottleRequests.php(49): Illuminate\Routing\Pipeline->Illuminate\Routing\{closure}(Object(Illuminate\Http\Request))
#15 /var/www/html/Dev/ICNOW-DEV/vendor/laravel/framework/src/Illuminate/Pipeline/Pipeline.php(148): Illuminate\Routing\Middleware\ThrottleRequests->handle(Object(Illuminate\Http\Request), Object(Closure), '60', '1')
#16 /var/www/html/Dev/ICNOW-DEV/vendor/laravel/framework/src/Illuminate/Routing/Pipeline.php(53): Illuminate\Pipeline\Pipeline->Illuminate\Pipeline\{closure}(Object(Illuminate\Http\Request))
#17 /var/www/html/Dev/ICNOW-DEV/vendor/laravel/framework/src/Illuminate/Pipeline/Pipeline.php(102): Illuminate\Routing\Pipeline->Illuminate\Routing\{closure}(Object(Illuminate\Http\Request))
#18 /var/www/html/Dev/ICNOW-DEV/vendor/laravel/framework/src/Illuminate/Routing/Router.php(576): Illuminate\Pipeline\Pipeline->then(Object(Closure))
#19 /var/www/html/Dev/ICNOW-DEV/vendor/laravel/framework/src/Illuminate/Routing/Router.php(535): Illuminate\Routing\Router->runRouteWithinStack(Object(Illuminate\Routing\Route), Object(Illuminate\Http\Request))
#20 /var/www/html/Dev/ICNOW-DEV/vendor/laravel/framework/src/Illuminate/Routing/Router.php(513): Illuminate\Routing\Router->dispatchToRoute(Object(Illuminate\Http\Request))
#21 /var/www/html/Dev/ICNOW-DEV/vendor/laravel/framework/src/Illuminate/Foundation/Http/Kernel.php(176): Illuminate\Routing\Router->dispatch(Object(Illuminate\Http\Request))
#22 /var/www/html/Dev/ICNOW-DEV/vendor/laravel/framework/src/Illuminate/Routing/Pipeline.php(30): Illuminate\Foundation\Http\Kernel->Illuminate\Foundation\Http\{closure}(Object(Illuminate\Http\Request))
#23 /var/www/html/Dev/ICNOW-DEV/vendor/laravel/framework/src/Illuminate/Foundation/Http/Middleware/TransformsRequest.php(30): Illuminate\Routing\Pipeline->Illuminate\Routing\{closure}(Object(Illuminate\Http\Request))
#24 /var/www/html/Dev/ICNOW-DEV/vendor/laravel/framework/src/Illuminate/Pipeline/Pipeline.php(148): Illuminate\Foundation\Http\Middleware\TransformsRequest->handle(Object(Illuminate\Http\Request), Object(Closure))
#25 /var/www/html/Dev/ICNOW-DEV/vendor/laravel/framework/src/Illuminate/Routing/Pipeline.php(53): Illuminate\Pipeline\Pipeline->Illuminate\Pipeline\{closure}(Object(Illuminate\Http\Request))
#26 /var/www/html/Dev/ICNOW-DEV/vendor/laravel/framework/src/Illuminate/Foundation/Http/Middleware/TransformsRequest.php(30): Illuminate\Routing\Pipeline->Illuminate\Routing\{closure}(Object(Illuminate\Http\Request))
#27 /var/www/html/Dev/ICNOW-DEV/vendor/laravel/framework/src/Illuminate/Pipeline/Pipeline.php(148): Illuminate\Foundation\Http\Middleware\TransformsRequest->handle(Object(Illuminate\Http\Request), Object(Closure))
#28 /var/www/html/Dev/ICNOW-DEV/vendor/laravel/framework/src/Illuminate/Routing/Pipeline.php(53): Illuminate\Pipeline\Pipeline->Illuminate\Pipeline\{closure}(Object(Illuminate\Http\Request))
#29 /var/www/html/Dev/ICNOW-DEV/vendor/laravel/framework/src/Illuminate/Foundation/Http/Middleware/ValidatePostSize.php(27): Illuminate\Routing\Pipeline->Illuminate\Routing\{closure}(Object(Illuminate\Http\Request))
#30 /var/www/html/Dev/ICNOW-DEV/vendor/laravel/framework/src/Illuminate/Pipeline/Pipeline.php(148): Illuminate\Foundation\Http\Middleware\ValidatePostSize->handle(Object(Illuminate\Http\Request), Object(Closure))
#31 /var/www/html/Dev/ICNOW-DEV/vendor/laravel/framework/src/Illuminate/Routing/Pipeline.php(53): Illuminate\Pipeline\Pipeline->Illuminate\Pipeline\{closure}(Object(Illuminate\Http\Request))
#32 /var/www/html/Dev/ICNOW-DEV/vendor/laravel/framework/src/Illuminate/Foundation/Http/Middleware/CheckForMaintenanceMode.php(46): Illuminate\Routing\Pipeline->Illuminate\Routing\{closure}(Object(Illuminate\Http\Request))
#33 /var/www/html/Dev/ICNOW-DEV/vendor/laravel/framework/src/Illuminate/Pipeline/Pipeline.php(148): Illuminate\Foundation\Http\Middleware\CheckForMaintenanceMode->handle(Object(Illuminate\Http\Request), Object(Closure))
#34 /var/www/html/Dev/ICNOW-DEV/vendor/laravel/framework/src/Illuminate/Routing/Pipeline.php(53): Illuminate\Pipeline\Pipeline->Illuminate\Pipeline\{closure}(Object(Illuminate\Http\Request))
#35 /var/www/html/Dev/ICNOW-DEV/vendor/laravel/framework/src/Illuminate/Pipeline/Pipeline.php(102): Illuminate\Routing\Pipeline->Illuminate\Routing\{closure}(Object(Illuminate\Http\Request))
#36 /var/www/html/Dev/ICNOW-DEV/vendor/laravel/framework/src/Illuminate/Foundation/Http/Kernel.php(151): Illuminate\Pipeline\Pipeline->then(Object(Closure))
#37 /var/www/html/Dev/ICNOW-DEV/vendor/laravel/framework/src/Illuminate/Foundation/Http/Kernel.php(116): Illuminate\Foundation\Http\Kernel->sendRequestThroughRouter(Object(Illuminate\Http\Request))
#38 /var/www/html/Dev/ICNOW-DEV/public/index.php(53): Illuminate\Foundation\Http\Kernel->handle(Object(Illuminate\Http\Request))
#39 {main}  
