[2018-10-05 00:06:36] local.DEBUG: Lat => 13.342307Long => 100.99818240000002  
[2018-10-05 00:06:39] local.DEBUG: {"code":"1150","name":"473193_\u0e21\u0e34\u0e19\u0e34\u0e2d\u0e21\u0e15\u0e30\u0e19\u0e04\u0e23\u0e2a\u0e32\u0e21\u0e25\u0e49\u0e2d","dt_code":"50000456","dt_location":"CHONBURI"}  
[2018-10-05 00:06:40] local.DEBUG: Reply After eventFollow =>{}  
[2018-10-05 00:06:40] local.DEBUG: return  
[2018-10-05 00:06:40] local.DEBUG: Reply After eventFollow =>{}  
[2018-10-05 00:06:40] local.DEBUG: return  
[2018-10-05 00:06:41] local.DEBUG: Reply After eventFollow =>{}  
[2018-10-05 00:06:41] local.DEBUG: return  
[2018-10-05 00:06:45] local.ERROR: Symfony\Component\Debug\Exception\FatalThrowableError: Parse error: syntax error, unexpected '$shoppingCartItemDetailDiy' (T_VARIABLE) in /var/www/html/Dev/ICNOW-DEV/app/Http/Controllers/ICNOW/View/ProfileController.php:120
Stack trace:
#0 /var/www/html/Dev/ICNOW-DEV/vendor/composer/ClassLoader.php(322): Composer\Autoload\includeFile('/var/www/html/D...')
#1 [internal function]: Composer\Autoload\ClassLoader->loadClass('YellowProject\\H...')
#2 [internal function]: spl_autoload_call('YellowProject\\H...')
#3 /var/www/html/Dev/ICNOW-DEV/vendor/laravel/framework/src/Illuminate/Container/Container.php(729): ReflectionClass->__construct('YellowProject\\H...')
#4 /var/www/html/Dev/ICNOW-DEV/vendor/laravel/framework/src/Illuminate/Container/Container.php(608): Illuminate\Container\Container->build('YellowProject\\H...')
#5 /var/www/html/Dev/ICNOW-DEV/vendor/laravel/framework/src/Illuminate/Container/Container.php(575): Illuminate\Container\Container->resolve('YellowProject\\H...')
#6 /var/www/html/Dev/ICNOW-DEV/vendor/laravel/framework/src/Illuminate/Foundation/Application.php(728): Illuminate\Container\Container->make('YellowProject\\H...')
#7 /var/www/html/Dev/ICNOW-DEV/vendor/laravel/framework/src/Illuminate/Routing/Route.php(217): Illuminate\Foundation\Application->make('YellowProject\\H...')
#8 /var/www/html/Dev/ICNOW-DEV/vendor/laravel/framework/src/Illuminate/Routing/Route.php(747): Illuminate\Routing\Route->getController()
#9 /var/www/html/Dev/ICNOW-DEV/vendor/laravel/framework/src/Illuminate/Routing/Route.php(708): Illuminate\Routing\Route->controllerMiddleware()
#10 /var/www/html/Dev/ICNOW-DEV/vendor/laravel/framework/src/Illuminate/Routing/Router.php(587): Illuminate\Routing\Route->gatherMiddleware()
#11 /var/www/html/Dev/ICNOW-DEV/vendor/laravel/framework/src/Illuminate/Routing/Router.php(567): Illuminate\Routing\Router->gatherRouteMiddleware(Object(Illuminate\Routing\Route))
#12 /var/www/html/Dev/ICNOW-DEV/vendor/laravel/framework/src/Illuminate/Routing/Router.php(535): Illuminate\Routing\Router->runRouteWithinStack(Object(Illuminate\Routing\Route), Object(Illuminate\Http\Request))
#13 /var/www/html/Dev/ICNOW-DEV/vendor/laravel/framework/src/Illuminate/Routing/Router.php(513): Illuminate\Routing\Router->dispatchToRoute(Object(Illuminate\Http\Request))
#14 /var/www/html/Dev/ICNOW-DEV/vendor/laravel/framework/src/Illuminate/Foundation/Http/Kernel.php(176): Illuminate\Routing\Router->dispatch(Object(Illuminate\Http\Request))
#15 /var/www/html/Dev/ICNOW-DEV/vendor/laravel/framework/src/Illuminate/Routing/Pipeline.php(30): Illuminate\Foundation\Http\Kernel->Illuminate\Foundation\Http\{closure}(Object(Illuminate\Http\Request))
#16 /var/www/html/Dev/ICNOW-DEV/vendor/laravel/framework/src/Illuminate/Foundation/Http/Middleware/TransformsRequest.php(30): Illuminate\Routing\Pipeline->Illuminate\Routing\{closure}(Object(Illuminate\Http\Request))
#17 /var/www/html/Dev/ICNOW-DEV/vendor/laravel/framework/src/Illuminate/Pipeline/Pipeline.php(148): Illuminate\Foundation\Http\Middleware\TransformsRequest->handle(Object(Illuminate\Http\Request), Object(Closure))
#18 /var/www/html/Dev/ICNOW-DEV/vendor/laravel/framework/src/Illuminate/Routing/Pipeline.php(53): Illuminate\Pipeline\Pipeline->Illuminate\Pipeline\{closure}(Object(Illuminate\Http\Request))
#19 /var/www/html/Dev/ICNOW-DEV/vendor/laravel/framework/src/Illuminate/Foundation/Http/Middleware/TransformsRequest.php(30): Illuminate\Routing\Pipeline->Illuminate\Routing\{closure}(Object(Illuminate\Http\Request))
#20 /var/www/html/Dev/ICNOW-DEV/vendor/laravel/framework/src/Illuminate/Pipeline/Pipeline.php(148): Illuminate\Foundation\Http\Middleware\TransformsRequest->handle(Object(Illuminate\Http\Request), Object(Closure))
#21 /var/www/html/Dev/ICNOW-DEV/vendor/laravel/framework/src/Illuminate/Routing/Pipeline.php(53): Illuminate\Pipeline\Pipeline->Illuminate\Pipeline\{closure}(Object(Illuminate\Http\Request))
#22 /var/www/html/Dev/ICNOW-DEV/vendor/laravel/framework/src/Illuminate/Foundation/Http/Middleware/ValidatePostSize.php(27): Illuminate\Routing\Pipeline->Illuminate\Routing\{closure}(Object(Illuminate\Http\Request))
#23 /var/www/html/Dev/ICNOW-DEV/vendor/laravel/framework/src/Illuminate/Pipeline/Pipeline.php(148): Illuminate\Foundation\Http\Middleware\ValidatePostSize->handle(Object(Illuminate\Http\Request), Object(Closure))
#24 /var/www/html/Dev/ICNOW-DEV/vendor/laravel/framework/src/Illuminate/Routing/Pipeline.php(53): Illuminate\Pipeline\Pipeline->Illuminate\Pipeline\{closure}(Object(Illuminate\Http\Request))
#25 /var/www/html/Dev/ICNOW-DEV/vendor/laravel/framework/src/Illuminate/Foundation/Http/Middleware/CheckForMaintenanceMode.php(46): Illuminate\Routing\Pipeline->Illuminate\Routing\{closure}(Object(Illuminate\Http\Request))
#26 /var/www/html/Dev/ICNOW-DEV/vendor/laravel/framework/src/Illuminate/Pipeline/Pipeline.php(148): Illuminate\Foundation\Http\Middleware\CheckForMaintenanceMode->handle(Object(Illuminate\Http\Request), Object(Closure))
#27 /var/www/html/Dev/ICNOW-DEV/vendor/laravel/framework/src/Illuminate/Routing/Pipeline.php(53): Illuminate\Pipeline\Pipeline->Illuminate\Pipeline\{closure}(Object(Illuminate\Http\Request))
#28 /var/www/html/Dev/ICNOW-DEV/vendor/laravel/framework/src/Illuminate/Pipeline/Pipeline.php(102): Illuminate\Routing\Pipeline->Illuminate\Routing\{closure}(Object(Illuminate\Http\Request))
#29 /var/www/html/Dev/ICNOW-DEV/vendor/laravel/framework/src/Illuminate/Foundation/Http/Kernel.php(151): Illuminate\Pipeline\Pipeline->then(Object(Closure))
#30 /var/www/html/Dev/ICNOW-DEV/vendor/laravel/framework/src/Illuminate/Foundation/Http/Kernel.php(116): Illuminate\Foundation\Http\Kernel->sendRequestThroughRouter(Object(Illuminate\Http\Request))
#31 /var/www/html/Dev/ICNOW-DEV/public/index.php(53): Illuminate\Foundation\Http\Kernel->handle(Object(Illuminate\Http\Request))
#32 {main}  
[2018-10-05 00:08:33] local.ERROR: ErrorException: Undefined variable: isPromotion in /var/www/html/Dev/ICNOW-DEV/app/Http/Controllers/ICNOW/View/ProfileController.php:71
Stack trace:
#0 /var/www/html/Dev/ICNOW-DEV/app/Http/Controllers/ICNOW/View/ProfileController.php(71): Illuminate\Foundation\Bootstrap\HandleExceptions->handleError(8, 'Undefined varia...', '/var/www/html/D...', 71, Array)
#1 [internal function]: YellowProject\Http\Controllers\ICNOW\View\ProfileController->recentOrder('54')
#2 /var/www/html/Dev/ICNOW-DEV/vendor/laravel/framework/src/Illuminate/Routing/Controller.php(55): call_user_func_array(Array, Array)
#3 /var/www/html/Dev/ICNOW-DEV/vendor/laravel/framework/src/Illuminate/Routing/ControllerDispatcher.php(44): Illuminate\Routing\Controller->callAction('recentOrder', Array)
#4 /var/www/html/Dev/ICNOW-DEV/vendor/laravel/framework/src/Illuminate/Routing/Route.php(203): Illuminate\Routing\ControllerDispatcher->dispatch(Object(Illuminate\Routing\Route), Object(YellowProject\Http\Controllers\ICNOW\View\ProfileController), 'recentOrder')
#5 /var/www/html/Dev/ICNOW-DEV/vendor/laravel/framework/src/Illuminate/Routing/Route.php(160): Illuminate\Routing\Route->runController()
#6 /var/www/html/Dev/ICNOW-DEV/vendor/laravel/framework/src/Illuminate/Routing/Router.php(574): Illuminate\Routing\Route->run()
#7 /var/www/html/Dev/ICNOW-DEV/vendor/laravel/framework/src/Illuminate/Routing/Pipeline.php(30): Illuminate\Routing\Router->Illuminate\Routing\{closure}(Object(Illuminate\Http\Request))
#8 /var/www/html/Dev/ICNOW-DEV/vendor/laravel/framework/src/Illuminate/Routing/Middleware/SubstituteBindings.php(41): Illuminate\Routing\Pipeline->Illuminate\Routing\{closure}(Object(Illuminate\Http\Request))
#9 /var/www/html/Dev/ICNOW-DEV/vendor/laravel/framework/src/Illuminate/Pipeline/Pipeline.php(148): Illuminate\Routing\Middleware\SubstituteBindings->handle(Object(Illuminate\Http\Request), Object(Closure))
#10 /var/www/html/Dev/ICNOW-DEV/vendor/laravel/framework/src/Illuminate/Routing/Pipeline.php(53): Illuminate\Pipeline\Pipeline->Illuminate\Pipeline\{closure}(Object(Illuminate\Http\Request))
#11 /var/www/html/Dev/ICNOW-DEV/vendor/laravel/framework/src/Illuminate/View/Middleware/ShareErrorsFromSession.php(49): Illuminate\Routing\Pipeline->Illuminate\Routing\{closure}(Object(Illuminate\Http\Request))
#12 /var/www/html/Dev/ICNOW-DEV/vendor/laravel/framework/src/Illuminate/Pipeline/Pipeline.php(148): Illuminate\View\Middleware\ShareErrorsFromSession->handle(Object(Illuminate\Http\Request), Object(Closure))
#13 /var/www/html/Dev/ICNOW-DEV/vendor/laravel/framework/src/Illuminate/Routing/Pipeline.php(53): Illuminate\Pipeline\Pipeline->Illuminate\Pipeline\{closure}(Object(Illuminate\Http\Request))
#14 /var/www/html/Dev/ICNOW-DEV/vendor/laravel/framework/src/Illuminate/Session/Middleware/StartSession.php(64): Illuminate\Routing\Pipeline->Illuminate\Routing\{closure}(Object(Illuminate\Http\Request))
#15 /var/www/html/Dev/ICNOW-DEV/vendor/laravel/framework/src/Illuminate/Pipeline/Pipeline.php(148): Illuminate\Session\Middleware\StartSession->handle(Object(Illuminate\Http\Request), Object(Closure))
#16 /var/www/html/Dev/ICNOW-DEV/vendor/laravel/framework/src/Illuminate/Routing/Pipeline.php(53): Illuminate\Pipeline\Pipeline->Illuminate\Pipeline\{closure}(Object(Illuminate\Http\Request))
#17 /var/www/html/Dev/ICNOW-DEV/vendor/laravel/framework/src/Illuminate/Cookie/Middleware/AddQueuedCookiesToResponse.php(37): Illuminate\Routing\Pipeline->Illuminate\Routing\{closure}(Object(Illuminate\Http\Request))
#18 /var/www/html/Dev/ICNOW-DEV/vendor/laravel/framework/src/Illuminate/Pipeline/Pipeline.php(148): Illuminate\Cookie\Middleware\AddQueuedCookiesToResponse->handle(Object(Illuminate\Http\Request), Object(Closure))
#19 /var/www/html/Dev/ICNOW-DEV/vendor/laravel/framework/src/Illuminate/Routing/Pipeline.php(53): Illuminate\Pipeline\Pipeline->Illuminate\Pipeline\{closure}(Object(Illuminate\Http\Request))
#20 /var/www/html/Dev/ICNOW-DEV/vendor/laravel/framework/src/Illuminate/Cookie/Middleware/EncryptCookies.php(59): Illuminate\Routing\Pipeline->Illuminate\Routing\{closure}(Object(Illuminate\Http\Request))
#21 /var/www/html/Dev/ICNOW-DEV/vendor/laravel/framework/src/Illuminate/Pipeline/Pipeline.php(148): Illuminate\Cookie\Middleware\EncryptCookies->handle(Object(Illuminate\Http\Request), Object(Closure))
#22 /var/www/html/Dev/ICNOW-DEV/vendor/laravel/framework/src/Illuminate/Routing/Pipeline.php(53): Illuminate\Pipeline\Pipeline->Illuminate\Pipeline\{closure}(Object(Illuminate\Http\Request))
#23 /var/www/html/Dev/ICNOW-DEV/vendor/laravel/framework/src/Illuminate/Pipeline/Pipeline.php(102): Illuminate\Routing\Pipeline->Illuminate\Routing\{closure}(Object(Illuminate\Http\Request))
#24 /var/www/html/Dev/ICNOW-DEV/vendor/laravel/framework/src/Illuminate/Routing/Router.php(576): Illuminate\Pipeline\Pipeline->then(Object(Closure))
#25 /var/www/html/Dev/ICNOW-DEV/vendor/laravel/framework/src/Illuminate/Routing/Router.php(535): Illuminate\Routing\Router->runRouteWithinStack(Object(Illuminate\Routing\Route), Object(Illuminate\Http\Request))
#26 /var/www/html/Dev/ICNOW-DEV/vendor/laravel/framework/src/Illuminate/Routing/Router.php(513): Illuminate\Routing\Router->dispatchToRoute(Object(Illuminate\Http\Request))
#27 /var/www/html/Dev/ICNOW-DEV/vendor/laravel/framework/src/Illuminate/Foundation/Http/Kernel.php(176): Illuminate\Routing\Router->dispatch(Object(Illuminate\Http\Request))
#28 /var/www/html/Dev/ICNOW-DEV/vendor/laravel/framework/src/Illuminate/Routing/Pipeline.php(30): Illuminate\Foundation\Http\Kernel->Illuminate\Foundation\Http\{closure}(Object(Illuminate\Http\Request))
#29 /var/www/html/Dev/ICNOW-DEV/vendor/laravel/framework/src/Illuminate/Foundation/Http/Middleware/TransformsRequest.php(30): Illuminate\Routing\Pipeline->Illuminate\Routing\{closure}(Object(Illuminate\Http\Request))
#30 /var/www/html/Dev/ICNOW-DEV/vendor/laravel/framework/src/Illuminate/Pipeline/Pipeline.php(148): Illuminate\Foundation\Http\Middleware\TransformsRequest->handle(Object(Illuminate\Http\Request), Object(Closure))
#31 /var/www/html/Dev/ICNOW-DEV/vendor/laravel/framework/src/Illuminate/Routing/Pipeline.php(53): Illuminate\Pipeline\Pipeline->Illuminate\Pipeline\{closure}(Object(Illuminate\Http\Request))
#32 /var/www/html/Dev/ICNOW-DEV/vendor/laravel/framework/src/Illuminate/Foundation/Http/Middleware/TransformsRequest.php(30): Illuminate\Routing\Pipeline->Illuminate\Routing\{closure}(Object(Illuminate\Http\Request))
#33 /var/www/html/Dev/ICNOW-DEV/vendor/laravel/framework/src/Illuminate/Pipeline/Pipeline.php(148): Illuminate\Foundation\Http\Middleware\TransformsRequest->handle(Object(Illuminate\Http\Request), Object(Closure))
#34 /var/www/html/Dev/ICNOW-DEV/vendor/laravel/framework/src/Illuminate/Routing/Pipeline.php(53): Illuminate\Pipeline\Pipeline->Illuminate\Pipeline\{closure}(Object(Illuminate\Http\Request))
#35 /var/www/html/Dev/ICNOW-DEV/vendor/laravel/framework/src/Illuminate/Foundation/Http/Middleware/ValidatePostSize.php(27): Illuminate\Routing\Pipeline->Illuminate\Routing\{closure}(Object(Illuminate\Http\Request))
#36 /var/www/html/Dev/ICNOW-DEV/vendor/laravel/framework/src/Illuminate/Pipeline/Pipeline.php(148): Illuminate\Foundation\Http\Middleware\ValidatePostSize->handle(Object(Illuminate\Http\Request), Object(Closure))
#37 /var/www/html/Dev/ICNOW-DEV/vendor/laravel/framework/src/Illuminate/Routing/Pipeline.php(53): Illuminate\Pipeline\Pipeline->Illuminate\Pipeline\{closure}(Object(Illuminate\Http\Request))
#38 /var/www/html/Dev/ICNOW-DEV/vendor/laravel/framework/src/Illuminate/Foundation/Http/Middleware/CheckForMaintenanceMode.php(46): Illuminate\Routing\Pipeline->Illuminate\Routing\{closure}(Object(Illuminate\Http\Request))
#39 /var/www/html/Dev/ICNOW-DEV/vendor/laravel/framework/src/Illuminate/Pipeline/Pipeline.php(148): Illuminate\Foundation\Http\Middleware\CheckForMaintenanceMode->handle(Object(Illuminate\Http\Request), Object(Closure))
#40 /var/www/html/Dev/ICNOW-DEV/vendor/laravel/framework/src/Illuminate/Routing/Pipeline.php(53): Illuminate\Pipeline\Pipeline->Illuminate\Pipeline\{closure}(Object(Illuminate\Http\Request))
#41 /var/www/html/Dev/ICNOW-DEV/vendor/laravel/framework/src/Illuminate/Pipeline/Pipeline.php(102): Illuminate\Routing\Pipeline->Illuminate\Routing\{closure}(Object(Illuminate\Http\Request))
#42 /var/www/html/Dev/ICNOW-DEV/vendor/laravel/framework/src/Illuminate/Foundation/Http/Kernel.php(151): Illuminate\Pipeline\Pipeline->then(Object(Closure))
#43 /var/www/html/Dev/ICNOW-DEV/vendor/laravel/framework/src/Illuminate/Foundation/Http/Kernel.php(116): Illuminate\Foundation\Http\Kernel->sendRequestThroughRouter(Object(Illuminate\Http\Request))
#44 /var/www/html/Dev/ICNOW-DEV/public/index.php(53): Illuminate\Foundation\Http\Kernel->handle(Object(Illuminate\Http\Request))
#45 {main}  
[2018-10-05 00:09:17] local.ERROR: ErrorException: Trying to get property 'person_in_party' of non-object in /var/www/html/Dev/ICNOW-DEV/app/Http/Controllers/ICNOW/View/ProfileController.php:123
Stack trace:
#0 /var/www/html/Dev/ICNOW-DEV/app/Http/Controllers/ICNOW/View/ProfileController.php(123): Illuminate\Foundation\Bootstrap\HandleExceptions->handleError(8, 'Trying to get p...', '/var/www/html/D...', 123, Array)
#1 [internal function]: YellowProject\Http\Controllers\ICNOW\View\ProfileController->recentOrder('54')
#2 /var/www/html/Dev/ICNOW-DEV/vendor/laravel/framework/src/Illuminate/Routing/Controller.php(55): call_user_func_array(Array, Array)
#3 /var/www/html/Dev/ICNOW-DEV/vendor/laravel/framework/src/Illuminate/Routing/ControllerDispatcher.php(44): Illuminate\Routing\Controller->callAction('recentOrder', Array)
#4 /var/www/html/Dev/ICNOW-DEV/vendor/laravel/framework/src/Illuminate/Routing/Route.php(203): Illuminate\Routing\ControllerDispatcher->dispatch(Object(Illuminate\Routing\Route), Object(YellowProject\Http\Controllers\ICNOW\View\ProfileController), 'recentOrder')
#5 /var/www/html/Dev/ICNOW-DEV/vendor/laravel/framework/src/Illuminate/Routing/Route.php(160): Illuminate\Routing\Route->runController()
#6 /var/www/html/Dev/ICNOW-DEV/vendor/laravel/framework/src/Illuminate/Routing/Router.php(574): Illuminate\Routing\Route->run()
#7 /var/www/html/Dev/ICNOW-DEV/vendor/laravel/framework/src/Illuminate/Routing/Pipeline.php(30): Illuminate\Routing\Router->Illuminate\Routing\{closure}(Object(Illuminate\Http\Request))
#8 /var/www/html/Dev/ICNOW-DEV/vendor/laravel/framework/src/Illuminate/Routing/Middleware/SubstituteBindings.php(41): Illuminate\Routing\Pipeline->Illuminate\Routing\{closure}(Object(Illuminate\Http\Request))
#9 /var/www/html/Dev/ICNOW-DEV/vendor/laravel/framework/src/Illuminate/Pipeline/Pipeline.php(148): Illuminate\Routing\Middleware\SubstituteBindings->handle(Object(Illuminate\Http\Request), Object(Closure))
#10 /var/www/html/Dev/ICNOW-DEV/vendor/laravel/framework/src/Illuminate/Routing/Pipeline.php(53): Illuminate\Pipeline\Pipeline->Illuminate\Pipeline\{closure}(Object(Illuminate\Http\Request))
#11 /var/www/html/Dev/ICNOW-DEV/vendor/laravel/framework/src/Illuminate/View/Middleware/ShareErrorsFromSession.php(49): Illuminate\Routing\Pipeline->Illuminate\Routing\{closure}(Object(Illuminate\Http\Request))
#12 /var/www/html/Dev/ICNOW-DEV/vendor/laravel/framework/src/Illuminate/Pipeline/Pipeline.php(148): Illuminate\View\Middleware\ShareErrorsFromSession->handle(Object(Illuminate\Http\Request), Object(Closure))
#13 /var/www/html/Dev/ICNOW-DEV/vendor/laravel/framework/src/Illuminate/Routing/Pipeline.php(53): Illuminate\Pipeline\Pipeline->Illuminate\Pipeline\{closure}(Object(Illuminate\Http\Request))
#14 /var/www/html/Dev/ICNOW-DEV/vendor/laravel/framework/src/Illuminate/Session/Middleware/StartSession.php(64): Illuminate\Routing\Pipeline->Illuminate\Routing\{closure}(Object(Illuminate\Http\Request))
#15 /var/www/html/Dev/ICNOW-DEV/vendor/laravel/framework/src/Illuminate/Pipeline/Pipeline.php(148): Illuminate\Session\Middleware\StartSession->handle(Object(Illuminate\Http\Request), Object(Closure))
#16 /var/www/html/Dev/ICNOW-DEV/vendor/laravel/framework/src/Illuminate/Routing/Pipeline.php(53): Illuminate\Pipeline\Pipeline->Illuminate\Pipeline\{closure}(Object(Illuminate\Http\Request))
#17 /var/www/html/Dev/ICNOW-DEV/vendor/laravel/framework/src/Illuminate/Cookie/Middleware/AddQueuedCookiesToResponse.php(37): Illuminate\Routing\Pipeline->Illuminate\Routing\{closure}(Object(Illuminate\Http\Request))
#18 /var/www/html/Dev/ICNOW-DEV/vendor/laravel/framework/src/Illuminate/Pipeline/Pipeline.php(148): Illuminate\Cookie\Middleware\AddQueuedCookiesToResponse->handle(Object(Illuminate\Http\Request), Object(Closure))
#19 /var/www/html/Dev/ICNOW-DEV/vendor/laravel/framework/src/Illuminate/Routing/Pipeline.php(53): Illuminate\Pipeline\Pipeline->Illuminate\Pipeline\{closure}(Object(Illuminate\Http\Request))
#20 /var/www/html/Dev/ICNOW-DEV/vendor/laravel/framework/src/Illuminate/Cookie/Middleware/EncryptCookies.php(59): Illuminate\Routing\Pipeline->Illuminate\Routing\{closure}(Object(Illuminate\Http\Request))
#21 /var/www/html/Dev/ICNOW-DEV/vendor/laravel/framework/src/Illuminate/Pipeline/Pipeline.php(148): Illuminate\Cookie\Middleware\EncryptCookies->handle(Object(Illuminate\Http\Request), Object(Closure))
#22 /var/www/html/Dev/ICNOW-DEV/vendor/laravel/framework/src/Illuminate/Routing/Pipeline.php(53): Illuminate\Pipeline\Pipeline->Illuminate\Pipeline\{closure}(Object(Illuminate\Http\Request))
#23 /var/www/html/Dev/ICNOW-DEV/vendor/laravel/framework/src/Illuminate/Pipeline/Pipeline.php(102): Illuminate\Routing\Pipeline->Illuminate\Routing\{closure}(Object(Illuminate\Http\Request))
#24 /var/www/html/Dev/ICNOW-DEV/vendor/laravel/framework/src/Illuminate/Routing/Router.php(576): Illuminate\Pipeline\Pipeline->then(Object(Closure))
#25 /var/www/html/Dev/ICNOW-DEV/vendor/laravel/framework/src/Illuminate/Routing/Router.php(535): Illuminate\Routing\Router->runRouteWithinStack(Object(Illuminate\Routing\Route), Object(Illuminate\Http\Request))
#26 /var/www/html/Dev/ICNOW-DEV/vendor/laravel/framework/src/Illuminate/Routing/Router.php(513): Illuminate\Routing\Router->dispatchToRoute(Object(Illuminate\Http\Request))
#27 /var/www/html/Dev/ICNOW-DEV/vendor/laravel/framework/src/Illuminate/Foundation/Http/Kernel.php(176): Illuminate\Routing\Router->dispatch(Object(Illuminate\Http\Request))
#28 /var/www/html/Dev/ICNOW-DEV/vendor/laravel/framework/src/Illuminate/Routing/Pipeline.php(30): Illuminate\Foundation\Http\Kernel->Illuminate\Foundation\Http\{closure}(Object(Illuminate\Http\Request))
#29 /var/www/html/Dev/ICNOW-DEV/vendor/laravel/framework/src/Illuminate/Foundation/Http/Middleware/TransformsRequest.php(30): Illuminate\Routing\Pipeline->Illuminate\Routing\{closure}(Object(Illuminate\Http\Request))
#30 /var/www/html/Dev/ICNOW-DEV/vendor/laravel/framework/src/Illuminate/Pipeline/Pipeline.php(148): Illuminate\Foundation\Http\Middleware\TransformsRequest->handle(Object(Illuminate\Http\Request), Object(Closure))
#31 /var/www/html/Dev/ICNOW-DEV/vendor/laravel/framework/src/Illuminate/Routing/Pipeline.php(53): Illuminate\Pipeline\Pipeline->Illuminate\Pipeline\{closure}(Object(Illuminate\Http\Request))
#32 /var/www/html/Dev/ICNOW-DEV/vendor/laravel/framework/src/Illuminate/Foundation/Http/Middleware/TransformsRequest.php(30): Illuminate\Routing\Pipeline->Illuminate\Routing\{closure}(Object(Illuminate\Http\Request))
#33 /var/www/html/Dev/ICNOW-DEV/vendor/laravel/framework/src/Illuminate/Pipeline/Pipeline.php(148): Illuminate\Foundation\Http\Middleware\TransformsRequest->handle(Object(Illuminate\Http\Request), Object(Closure))
#34 /var/www/html/Dev/ICNOW-DEV/vendor/laravel/framework/src/Illuminate/Routing/Pipeline.php(53): Illuminate\Pipeline\Pipeline->Illuminate\Pipeline\{closure}(Object(Illuminate\Http\Request))
#35 /var/www/html/Dev/ICNOW-DEV/vendor/laravel/framework/src/Illuminate/Foundation/Http/Middleware/ValidatePostSize.php(27): Illuminate\Routing\Pipeline->Illuminate\Routing\{closure}(Object(Illuminate\Http\Request))
#36 /var/www/html/Dev/ICNOW-DEV/vendor/laravel/framework/src/Illuminate/Pipeline/Pipeline.php(148): Illuminate\Foundation\Http\Middleware\ValidatePostSize->handle(Object(Illuminate\Http\Request), Object(Closure))
#37 /var/www/html/Dev/ICNOW-DEV/vendor/laravel/framework/src/Illuminate/Routing/Pipeline.php(53): Illuminate\Pipeline\Pipeline->Illuminate\Pipeline\{closure}(Object(Illuminate\Http\Request))
#38 /var/www/html/Dev/ICNOW-DEV/vendor/laravel/framework/src/Illuminate/Foundation/Http/Middleware/CheckForMaintenanceMode.php(46): Illuminate\Routing\Pipeline->Illuminate\Routing\{closure}(Object(Illuminate\Http\Request))
#39 /var/www/html/Dev/ICNOW-DEV/vendor/laravel/framework/src/Illuminate/Pipeline/Pipeline.php(148): Illuminate\Foundation\Http\Middleware\CheckForMaintenanceMode->handle(Object(Illuminate\Http\Request), Object(Closure))
#40 /var/www/html/Dev/ICNOW-DEV/vendor/laravel/framework/src/Illuminate/Routing/Pipeline.php(53): Illuminate\Pipeline\Pipeline->Illuminate\Pipeline\{closure}(Object(Illuminate\Http\Request))
#41 /var/www/html/Dev/ICNOW-DEV/vendor/laravel/framework/src/Illuminate/Pipeline/Pipeline.php(102): Illuminate\Routing\Pipeline->Illuminate\Routing\{closure}(Object(Illuminate\Http\Request))
#42 /var/www/html/Dev/ICNOW-DEV/vendor/laravel/framework/src/Illuminate/Foundation/Http/Kernel.php(151): Illuminate\Pipeline\Pipeline->then(Object(Closure))
#43 /var/www/html/Dev/ICNOW-DEV/vendor/laravel/framework/src/Illuminate/Foundation/Http/Kernel.php(116): Illuminate\Foundation\Http\Kernel->sendRequestThroughRouter(Object(Illuminate\Http\Request))
#44 /var/www/html/Dev/ICNOW-DEV/public/index.php(53): Illuminate\Foundation\Http\Kernel->handle(Object(Illuminate\Http\Request))
#45 {main}  
[2018-10-05 00:11:41] local.ERROR: ErrorException: Trying to get property 'person_in_party' of non-object in /var/www/html/Dev/ICNOW-DEV/app/Http/Controllers/ICNOW/View/ProfileController.php:123
Stack trace:
#0 /var/www/html/Dev/ICNOW-DEV/app/Http/Controllers/ICNOW/View/ProfileController.php(123): Illuminate\Foundation\Bootstrap\HandleExceptions->handleError(8, 'Trying to get p...', '/var/www/html/D...', 123, Array)
#1 [internal function]: YellowProject\Http\Controllers\ICNOW\View\ProfileController->recentOrder('55')
#2 /var/www/html/Dev/ICNOW-DEV/vendor/laravel/framework/src/Illuminate/Routing/Controller.php(55): call_user_func_array(Array, Array)
#3 /var/www/html/Dev/ICNOW-DEV/vendor/laravel/framework/src/Illuminate/Routing/ControllerDispatcher.php(44): Illuminate\Routing\Controller->callAction('recentOrder', Array)
#4 /var/www/html/Dev/ICNOW-DEV/vendor/laravel/framework/src/Illuminate/Routing/Route.php(203): Illuminate\Routing\ControllerDispatcher->dispatch(Object(Illuminate\Routing\Route), Object(YellowProject\Http\Controllers\ICNOW\View\ProfileController), 'recentOrder')
#5 /var/www/html/Dev/ICNOW-DEV/vendor/laravel/framework/src/Illuminate/Routing/Route.php(160): Illuminate\Routing\Route->runController()
#6 /var/www/html/Dev/ICNOW-DEV/vendor/laravel/framework/src/Illuminate/Routing/Router.php(574): Illuminate\Routing\Route->run()
#7 /var/www/html/Dev/ICNOW-DEV/vendor/laravel/framework/src/Illuminate/Routing/Pipeline.php(30): Illuminate\Routing\Router->Illuminate\Routing\{closure}(Object(Illuminate\Http\Request))
#8 /var/www/html/Dev/ICNOW-DEV/vendor/laravel/framework/src/Illuminate/Routing/Middleware/SubstituteBindings.php(41): Illuminate\Routing\Pipeline->Illuminate\Routing\{closure}(Object(Illuminate\Http\Request))
#9 /var/www/html/Dev/ICNOW-DEV/vendor/laravel/framework/src/Illuminate/Pipeline/Pipeline.php(148): Illuminate\Routing\Middleware\SubstituteBindings->handle(Object(Illuminate\Http\Request), Object(Closure))
#10 /var/www/html/Dev/ICNOW-DEV/vendor/laravel/framework/src/Illuminate/Routing/Pipeline.php(53): Illuminate\Pipeline\Pipeline->Illuminate\Pipeline\{closure}(Object(Illuminate\Http\Request))
#11 /var/www/html/Dev/ICNOW-DEV/vendor/laravel/framework/src/Illuminate/View/Middleware/ShareErrorsFromSession.php(49): Illuminate\Routing\Pipeline->Illuminate\Routing\{closure}(Object(Illuminate\Http\Request))
#12 /var/www/html/Dev/ICNOW-DEV/vendor/laravel/framework/src/Illuminate/Pipeline/Pipeline.php(148): Illuminate\View\Middleware\ShareErrorsFromSession->handle(Object(Illuminate\Http\Request), Object(Closure))
#13 /var/www/html/Dev/ICNOW-DEV/vendor/laravel/framework/src/Illuminate/Routing/Pipeline.php(53): Illuminate\Pipeline\Pipeline->Illuminate\Pipeline\{closure}(Object(Illuminate\Http\Request))
#14 /var/www/html/Dev/ICNOW-DEV/vendor/laravel/framework/src/Illuminate/Session/Middleware/StartSession.php(64): Illuminate\Routing\Pipeline->Illuminate\Routing\{closure}(Object(Illuminate\Http\Request))
#15 /var/www/html/Dev/ICNOW-DEV/vendor/laravel/framework/src/Illuminate/Pipeline/Pipeline.php(148): Illuminate\Session\Middleware\StartSession->handle(Object(Illuminate\Http\Request), Object(Closure))
#16 /var/www/html/Dev/ICNOW-DEV/vendor/laravel/framework/src/Illuminate/Routing/Pipeline.php(53): Illuminate\Pipeline\Pipeline->Illuminate\Pipeline\{closure}(Object(Illuminate\Http\Request))
#17 /var/www/html/Dev/ICNOW-DEV/vendor/laravel/framework/src/Illuminate/Cookie/Middleware/AddQueuedCookiesToResponse.php(37): Illuminate\Routing\Pipeline->Illuminate\Routing\{closure}(Object(Illuminate\Http\Request))
#18 /var/www/html/Dev/ICNOW-DEV/vendor/laravel/framework/src/Illuminate/Pipeline/Pipeline.php(148): Illuminate\Cookie\Middleware\AddQueuedCookiesToResponse->handle(Object(Illuminate\Http\Request), Object(Closure))
#19 /var/www/html/Dev/ICNOW-DEV/vendor/laravel/framework/src/Illuminate/Routing/Pipeline.php(53): Illuminate\Pipeline\Pipeline->Illuminate\Pipeline\{closure}(Object(Illuminate\Http\Request))
#20 /var/www/html/Dev/ICNOW-DEV/vendor/laravel/framework/src/Illuminate/Cookie/Middleware/EncryptCookies.php(59): Illuminate\Routing\Pipeline->Illuminate\Routing\{closure}(Object(Illuminate\Http\Request))
#21 /var/www/html/Dev/ICNOW-DEV/vendor/laravel/framework/src/Illuminate/Pipeline/Pipeline.php(148): Illuminate\Cookie\Middleware\EncryptCookies->handle(Object(Illuminate\Http\Request), Object(Closure))
#22 /var/www/html/Dev/ICNOW-DEV/vendor/laravel/framework/src/Illuminate/Routing/Pipeline.php(53): Illuminate\Pipeline\Pipeline->Illuminate\Pipeline\{closure}(Object(Illuminate\Http\Request))
#23 /var/www/html/Dev/ICNOW-DEV/vendor/laravel/framework/src/Illuminate/Pipeline/Pipeline.php(102): Illuminate\Routing\Pipeline->Illuminate\Routing\{closure}(Object(Illuminate\Http\Request))
#24 /var/www/html/Dev/ICNOW-DEV/vendor/laravel/framework/src/Illuminate/Routing/Router.php(576): Illuminate\Pipeline\Pipeline->then(Object(Closure))
#25 /var/www/html/Dev/ICNOW-DEV/vendor/laravel/framework/src/Illuminate/Routing/Router.php(535): Illuminate\Routing\Router->runRouteWithinStack(Object(Illuminate\Routing\Route), Object(Illuminate\Http\Request))
#26 /var/www/html/Dev/ICNOW-DEV/vendor/laravel/framework/src/Illuminate/Routing/Router.php(513): Illuminate\Routing\Router->dispatchToRoute(Object(Illuminate\Http\Request))
#27 /var/www/html/Dev/ICNOW-DEV/vendor/laravel/framework/src/Illuminate/Foundation/Http/Kernel.php(176): Illuminate\Routing\Router->dispatch(Object(Illuminate\Http\Request))
#28 /var/www/html/Dev/ICNOW-DEV/vendor/laravel/framework/src/Illuminate/Routing/Pipeline.php(30): Illuminate\Foundation\Http\Kernel->Illuminate\Foundation\Http\{closure}(Object(Illuminate\Http\Request))
#29 /var/www/html/Dev/ICNOW-DEV/vendor/laravel/framework/src/Illuminate/Foundation/Http/Middleware/TransformsRequest.php(30): Illuminate\Routing\Pipeline->Illuminate\Routing\{closure}(Object(Illuminate\Http\Request))
#30 /var/www/html/Dev/ICNOW-DEV/vendor/laravel/framework/src/Illuminate/Pipeline/Pipeline.php(148): Illuminate\Foundation\Http\Middleware\TransformsRequest->handle(Object(Illuminate\Http\Request), Object(Closure))
#31 /var/www/html/Dev/ICNOW-DEV/vendor/laravel/framework/src/Illuminate/Routing/Pipeline.php(53): Illuminate\Pipeline\Pipeline->Illuminate\Pipeline\{closure}(Object(Illuminate\Http\Request))
#32 /var/www/html/Dev/ICNOW-DEV/vendor/laravel/framework/src/Illuminate/Foundation/Http/Middleware/TransformsRequest.php(30): Illuminate\Routing\Pipeline->Illuminate\Routing\{closure}(Object(Illuminate\Http\Request))
#33 /var/www/html/Dev/ICNOW-DEV/vendor/laravel/framework/src/Illuminate/Pipeline/Pipeline.php(148): Illuminate\Foundation\Http\Middleware\TransformsRequest->handle(Object(Illuminate\Http\Request), Object(Closure))
#34 /var/www/html/Dev/ICNOW-DEV/vendor/laravel/framework/src/Illuminate/Routing/Pipeline.php(53): Illuminate\Pipeline\Pipeline->Illuminate\Pipeline\{closure}(Object(Illuminate\Http\Request))
#35 /var/www/html/Dev/ICNOW-DEV/vendor/laravel/framework/src/Illuminate/Foundation/Http/Middleware/ValidatePostSize.php(27): Illuminate\Routing\Pipeline->Illuminate\Routing\{closure}(Object(Illuminate\Http\Request))
#36 /var/www/html/Dev/ICNOW-DEV/vendor/laravel/framework/src/Illuminate/Pipeline/Pipeline.php(148): Illuminate\Foundation\Http\Middleware\ValidatePostSize->handle(Object(Illuminate\Http\Request), Object(Closure))
#37 /var/www/html/Dev/ICNOW-DEV/vendor/laravel/framework/src/Illuminate/Routing/Pipeline.php(53): Illuminate\Pipeline\Pipeline->Illuminate\Pipeline\{closure}(Object(Illuminate\Http\Request))
#38 /var/www/html/Dev/ICNOW-DEV/vendor/laravel/framework/src/Illuminate/Foundation/Http/Middleware/CheckForMaintenanceMode.php(46): Illuminate\Routing\Pipeline->Illuminate\Routing\{closure}(Object(Illuminate\Http\Request))
#39 /var/www/html/Dev/ICNOW-DEV/vendor/laravel/framework/src/Illuminate/Pipeline/Pipeline.php(148): Illuminate\Foundation\Http\Middleware\CheckForMaintenanceMode->handle(Object(Illuminate\Http\Request), Object(Closure))
#40 /var/www/html/Dev/ICNOW-DEV/vendor/laravel/framework/src/Illuminate/Routing/Pipeline.php(53): Illuminate\Pipeline\Pipeline->Illuminate\Pipeline\{closure}(Object(Illuminate\Http\Request))
#41 /var/www/html/Dev/ICNOW-DEV/vendor/laravel/framework/src/Illuminate/Pipeline/Pipeline.php(102): Illuminate\Routing\Pipeline->Illuminate\Routing\{closure}(Object(Illuminate\Http\Request))
#42 /var/www/html/Dev/ICNOW-DEV/vendor/laravel/framework/src/Illuminate/Foundation/Http/Kernel.php(151): Illuminate\Pipeline\Pipeline->then(Object(Closure))
#43 /var/www/html/Dev/ICNOW-DEV/vendor/laravel/framework/src/Illuminate/Foundation/Http/Kernel.php(116): Illuminate\Foundation\Http\Kernel->sendRequestThroughRouter(Object(Illuminate\Http\Request))
#44 /var/www/html/Dev/ICNOW-DEV/public/index.php(53): Illuminate\Foundation\Http\Kernel->handle(Object(Illuminate\Http\Request))
#45 {main}  
[2018-10-05 00:23:03] local.ERROR: ErrorException: Trying to get property 'person_in_party' of non-object in /var/www/html/Dev/ICNOW-DEV/app/Http/Controllers/ICNOW/View/ProfileController.php:124
Stack trace:
#0 /var/www/html/Dev/ICNOW-DEV/app/Http/Controllers/ICNOW/View/ProfileController.php(124): Illuminate\Foundation\Bootstrap\HandleExceptions->handleError(8, 'Trying to get p...', '/var/www/html/D...', 124, Array)
#1 [internal function]: YellowProject\Http\Controllers\ICNOW\View\ProfileController->recentOrder('55')
#2 /var/www/html/Dev/ICNOW-DEV/vendor/laravel/framework/src/Illuminate/Routing/Controller.php(55): call_user_func_array(Array, Array)
#3 /var/www/html/Dev/ICNOW-DEV/vendor/laravel/framework/src/Illuminate/Routing/ControllerDispatcher.php(44): Illuminate\Routing\Controller->callAction('recentOrder', Array)
#4 /var/www/html/Dev/ICNOW-DEV/vendor/laravel/framework/src/Illuminate/Routing/Route.php(203): Illuminate\Routing\ControllerDispatcher->dispatch(Object(Illuminate\Routing\Route), Object(YellowProject\Http\Controllers\ICNOW\View\ProfileController), 'recentOrder')
#5 /var/www/html/Dev/ICNOW-DEV/vendor/laravel/framework/src/Illuminate/Routing/Route.php(160): Illuminate\Routing\Route->runController()
#6 /var/www/html/Dev/ICNOW-DEV/vendor/laravel/framework/src/Illuminate/Routing/Router.php(574): Illuminate\Routing\Route->run()
#7 /var/www/html/Dev/ICNOW-DEV/vendor/laravel/framework/src/Illuminate/Routing/Pipeline.php(30): Illuminate\Routing\Router->Illuminate\Routing\{closure}(Object(Illuminate\Http\Request))
#8 /var/www/html/Dev/ICNOW-DEV/vendor/laravel/framework/src/Illuminate/Routing/Middleware/SubstituteBindings.php(41): Illuminate\Routing\Pipeline->Illuminate\Routing\{closure}(Object(Illuminate\Http\Request))
#9 /var/www/html/Dev/ICNOW-DEV/vendor/laravel/framework/src/Illuminate/Pipeline/Pipeline.php(148): Illuminate\Routing\Middleware\SubstituteBindings->handle(Object(Illuminate\Http\Request), Object(Closure))
#10 /var/www/html/Dev/ICNOW-DEV/vendor/laravel/framework/src/Illuminate/Routing/Pipeline.php(53): Illuminate\Pipeline\Pipeline->Illuminate\Pipeline\{closure}(Object(Illuminate\Http\Request))
#11 /var/www/html/Dev/ICNOW-DEV/vendor/laravel/framework/src/Illuminate/View/Middleware/ShareErrorsFromSession.php(49): Illuminate\Routing\Pipeline->Illuminate\Routing\{closure}(Object(Illuminate\Http\Request))
#12 /var/www/html/Dev/ICNOW-DEV/vendor/laravel/framework/src/Illuminate/Pipeline/Pipeline.php(148): Illuminate\View\Middleware\ShareErrorsFromSession->handle(Object(Illuminate\Http\Request), Object(Closure))
#13 /var/www/html/Dev/ICNOW-DEV/vendor/laravel/framework/src/Illuminate/Routing/Pipeline.php(53): Illuminate\Pipeline\Pipeline->Illuminate\Pipeline\{closure}(Object(Illuminate\Http\Request))
#14 /var/www/html/Dev/ICNOW-DEV/vendor/laravel/framework/src/Illuminate/Session/Middleware/StartSession.php(64): Illuminate\Routing\Pipeline->Illuminate\Routing\{closure}(Object(Illuminate\Http\Request))
#15 /var/www/html/Dev/ICNOW-DEV/vendor/laravel/framework/src/Illuminate/Pipeline/Pipeline.php(148): Illuminate\Session\Middleware\StartSession->handle(Object(Illuminate\Http\Request), Object(Closure))
#16 /var/www/html/Dev/ICNOW-DEV/vendor/laravel/framework/src/Illuminate/Routing/Pipeline.php(53): Illuminate\Pipeline\Pipeline->Illuminate\Pipeline\{closure}(Object(Illuminate\Http\Request))
#17 /var/www/html/Dev/ICNOW-DEV/vendor/laravel/framework/src/Illuminate/Cookie/Middleware/AddQueuedCookiesToResponse.php(37): Illuminate\Routing\Pipeline->Illuminate\Routing\{closure}(Object(Illuminate\Http\Request))
#18 /var/www/html/Dev/ICNOW-DEV/vendor/laravel/framework/src/Illuminate/Pipeline/Pipeline.php(148): Illuminate\Cookie\Middleware\AddQueuedCookiesToResponse->handle(Object(Illuminate\Http\Request), Object(Closure))
#19 /var/www/html/Dev/ICNOW-DEV/vendor/laravel/framework/src/Illuminate/Routing/Pipeline.php(53): Illuminate\Pipeline\Pipeline->Illuminate\Pipeline\{closure}(Object(Illuminate\Http\Request))
#20 /var/www/html/Dev/ICNOW-DEV/vendor/laravel/framework/src/Illuminate/Cookie/Middleware/EncryptCookies.php(59): Illuminate\Routing\Pipeline->Illuminate\Routing\{closure}(Object(Illuminate\Http\Request))
#21 /var/www/html/Dev/ICNOW-DEV/vendor/laravel/framework/src/Illuminate/Pipeline/Pipeline.php(148): Illuminate\Cookie\Middleware\EncryptCookies->handle(Object(Illuminate\Http\Request), Object(Closure))
#22 /var/www/html/Dev/ICNOW-DEV/vendor/laravel/framework/src/Illuminate/Routing/Pipeline.php(53): Illuminate\Pipeline\Pipeline->Illuminate\Pipeline\{closure}(Object(Illuminate\Http\Request))
#23 /var/www/html/Dev/ICNOW-DEV/vendor/laravel/framework/src/Illuminate/Pipeline/Pipeline.php(102): Illuminate\Routing\Pipeline->Illuminate\Routing\{closure}(Object(Illuminate\Http\Request))
#24 /var/www/html/Dev/ICNOW-DEV/vendor/laravel/framework/src/Illuminate/Routing/Router.php(576): Illuminate\Pipeline\Pipeline->then(Object(Closure))
#25 /var/www/html/Dev/ICNOW-DEV/vendor/laravel/framework/src/Illuminate/Routing/Router.php(535): Illuminate\Routing\Router->runRouteWithinStack(Object(Illuminate\Routing\Route), Object(Illuminate\Http\Request))
#26 /var/www/html/Dev/ICNOW-DEV/vendor/laravel/framework/src/Illuminate/Routing/Router.php(513): Illuminate\Routing\Router->dispatchToRoute(Object(Illuminate\Http\Request))
#27 /var/www/html/Dev/ICNOW-DEV/vendor/laravel/framework/src/Illuminate/Foundation/Http/Kernel.php(176): Illuminate\Routing\Router->dispatch(Object(Illuminate\Http\Request))
#28 /var/www/html/Dev/ICNOW-DEV/vendor/laravel/framework/src/Illuminate/Routing/Pipeline.php(30): Illuminate\Foundation\Http\Kernel->Illuminate\Foundation\Http\{closure}(Object(Illuminate\Http\Request))
#29 /var/www/html/Dev/ICNOW-DEV/vendor/laravel/framework/src/Illuminate/Foundation/Http/Middleware/TransformsRequest.php(30): Illuminate\Routing\Pipeline->Illuminate\Routing\{closure}(Object(Illuminate\Http\Request))
#30 /var/www/html/Dev/ICNOW-DEV/vendor/laravel/framework/src/Illuminate/Pipeline/Pipeline.php(148): Illuminate\Foundation\Http\Middleware\TransformsRequest->handle(Object(Illuminate\Http\Request), Object(Closure))
#31 /var/www/html/Dev/ICNOW-DEV/vendor/laravel/framework/src/Illuminate/Routing/Pipeline.php(53): Illuminate\Pipeline\Pipeline->Illuminate\Pipeline\{closure}(Object(Illuminate\Http\Request))
#32 /var/www/html/Dev/ICNOW-DEV/vendor/laravel/framework/src/Illuminate/Foundation/Http/Middleware/TransformsRequest.php(30): Illuminate\Routing\Pipeline->Illuminate\Routing\{closure}(Object(Illuminate\Http\Request))
#33 /var/www/html/Dev/ICNOW-DEV/vendor/laravel/framework/src/Illuminate/Pipeline/Pipeline.php(148): Illuminate\Foundation\Http\Middleware\TransformsRequest->handle(Object(Illuminate\Http\Request), Object(Closure))
#34 /var/www/html/Dev/ICNOW-DEV/vendor/laravel/framework/src/Illuminate/Routing/Pipeline.php(53): Illuminate\Pipeline\Pipeline->Illuminate\Pipeline\{closure}(Object(Illuminate\Http\Request))
#35 /var/www/html/Dev/ICNOW-DEV/vendor/laravel/framework/src/Illuminate/Foundation/Http/Middleware/ValidatePostSize.php(27): Illuminate\Routing\Pipeline->Illuminate\Routing\{closure}(Object(Illuminate\Http\Request))
#36 /var/www/html/Dev/ICNOW-DEV/vendor/laravel/framework/src/Illuminate/Pipeline/Pipeline.php(148): Illuminate\Foundation\Http\Middleware\ValidatePostSize->handle(Object(Illuminate\Http\Request), Object(Closure))
#37 /var/www/html/Dev/ICNOW-DEV/vendor/laravel/framework/src/Illuminate/Routing/Pipeline.php(53): Illuminate\Pipeline\Pipeline->Illuminate\Pipeline\{closure}(Object(Illuminate\Http\Request))
#38 /var/www/html/Dev/ICNOW-DEV/vendor/laravel/framework/src/Illuminate/Foundation/Http/Middleware/CheckForMaintenanceMode.php(46): Illuminate\Routing\Pipeline->Illuminate\Routing\{closure}(Object(Illuminate\Http\Request))
#39 /var/www/html/Dev/ICNOW-DEV/vendor/laravel/framework/src/Illuminate/Pipeline/Pipeline.php(148): Illuminate\Foundation\Http\Middleware\CheckForMaintenanceMode->handle(Object(Illuminate\Http\Request), Object(Closure))
#40 /var/www/html/Dev/ICNOW-DEV/vendor/laravel/framework/src/Illuminate/Routing/Pipeline.php(53): Illuminate\Pipeline\Pipeline->Illuminate\Pipeline\{closure}(Object(Illuminate\Http\Request))
#41 /var/www/html/Dev/ICNOW-DEV/vendor/laravel/framework/src/Illuminate/Pipeline/Pipeline.php(102): Illuminate\Routing\Pipeline->Illuminate\Routing\{closure}(Object(Illuminate\Http\Request))
#42 /var/www/html/Dev/ICNOW-DEV/vendor/laravel/framework/src/Illuminate/Foundation/Http/Kernel.php(151): Illuminate\Pipeline\Pipeline->then(Object(Closure))
#43 /var/www/html/Dev/ICNOW-DEV/vendor/laravel/framework/src/Illuminate/Foundation/Http/Kernel.php(116): Illuminate\Foundation\Http\Kernel->sendRequestThroughRouter(Object(Illuminate\Http\Request))
#44 /var/www/html/Dev/ICNOW-DEV/public/index.php(53): Illuminate\Foundation\Http\Kernel->handle(Object(Illuminate\Http\Request))
#45 {main}  
[2018-10-05 00:25:04] local.ERROR: ErrorException: Trying to get property 'person_in_party' of non-object in /var/www/html/Dev/ICNOW-DEV/app/Http/Controllers/ICNOW/View/ProfileController.php:124
Stack trace:
#0 /var/www/html/Dev/ICNOW-DEV/app/Http/Controllers/ICNOW/View/ProfileController.php(124): Illuminate\Foundation\Bootstrap\HandleExceptions->handleError(8, 'Trying to get p...', '/var/www/html/D...', 124, Array)
#1 [internal function]: YellowProject\Http\Controllers\ICNOW\View\ProfileController->recentOrder('55')
#2 /var/www/html/Dev/ICNOW-DEV/vendor/laravel/framework/src/Illuminate/Routing/Controller.php(55): call_user_func_array(Array, Array)
#3 /var/www/html/Dev/ICNOW-DEV/vendor/laravel/framework/src/Illuminate/Routing/ControllerDispatcher.php(44): Illuminate\Routing\Controller->callAction('recentOrder', Array)
#4 /var/www/html/Dev/ICNOW-DEV/vendor/laravel/framework/src/Illuminate/Routing/Route.php(203): Illuminate\Routing\ControllerDispatcher->dispatch(Object(Illuminate\Routing\Route), Object(YellowProject\Http\Controllers\ICNOW\View\ProfileController), 'recentOrder')
#5 /var/www/html/Dev/ICNOW-DEV/vendor/laravel/framework/src/Illuminate/Routing/Route.php(160): Illuminate\Routing\Route->runController()
#6 /var/www/html/Dev/ICNOW-DEV/vendor/laravel/framework/src/Illuminate/Routing/Router.php(574): Illuminate\Routing\Route->run()
#7 /var/www/html/Dev/ICNOW-DEV/vendor/laravel/framework/src/Illuminate/Routing/Pipeline.php(30): Illuminate\Routing\Router->Illuminate\Routing\{closure}(Object(Illuminate\Http\Request))
#8 /var/www/html/Dev/ICNOW-DEV/vendor/laravel/framework/src/Illuminate/Routing/Middleware/SubstituteBindings.php(41): Illuminate\Routing\Pipeline->Illuminate\Routing\{closure}(Object(Illuminate\Http\Request))
#9 /var/www/html/Dev/ICNOW-DEV/vendor/laravel/framework/src/Illuminate/Pipeline/Pipeline.php(148): Illuminate\Routing\Middleware\SubstituteBindings->handle(Object(Illuminate\Http\Request), Object(Closure))
#10 /var/www/html/Dev/ICNOW-DEV/vendor/laravel/framework/src/Illuminate/Routing/Pipeline.php(53): Illuminate\Pipeline\Pipeline->Illuminate\Pipeline\{closure}(Object(Illuminate\Http\Request))
#11 /var/www/html/Dev/ICNOW-DEV/vendor/laravel/framework/src/Illuminate/View/Middleware/ShareErrorsFromSession.php(49): Illuminate\Routing\Pipeline->Illuminate\Routing\{closure}(Object(Illuminate\Http\Request))
#12 /var/www/html/Dev/ICNOW-DEV/vendor/laravel/framework/src/Illuminate/Pipeline/Pipeline.php(148): Illuminate\View\Middleware\ShareErrorsFromSession->handle(Object(Illuminate\Http\Request), Object(Closure))
#13 /var/www/html/Dev/ICNOW-DEV/vendor/laravel/framework/src/Illuminate/Routing/Pipeline.php(53): Illuminate\Pipeline\Pipeline->Illuminate\Pipeline\{closure}(Object(Illuminate\Http\Request))
#14 /var/www/html/Dev/ICNOW-DEV/vendor/laravel/framework/src/Illuminate/Session/Middleware/StartSession.php(64): Illuminate\Routing\Pipeline->Illuminate\Routing\{closure}(Object(Illuminate\Http\Request))
#15 /var/www/html/Dev/ICNOW-DEV/vendor/laravel/framework/src/Illuminate/Pipeline/Pipeline.php(148): Illuminate\Session\Middleware\StartSession->handle(Object(Illuminate\Http\Request), Object(Closure))
#16 /var/www/html/Dev/ICNOW-DEV/vendor/laravel/framework/src/Illuminate/Routing/Pipeline.php(53): Illuminate\Pipeline\Pipeline->Illuminate\Pipeline\{closure}(Object(Illuminate\Http\Request))
#17 /var/www/html/Dev/ICNOW-DEV/vendor/laravel/framework/src/Illuminate/Cookie/Middleware/AddQueuedCookiesToResponse.php(37): Illuminate\Routing\Pipeline->Illuminate\Routing\{closure}(Object(Illuminate\Http\Request))
#18 /var/www/html/Dev/ICNOW-DEV/vendor/laravel/framework/src/Illuminate/Pipeline/Pipeline.php(148): Illuminate\Cookie\Middleware\AddQueuedCookiesToResponse->handle(Object(Illuminate\Http\Request), Object(Closure))
#19 /var/www/html/Dev/ICNOW-DEV/vendor/laravel/framework/src/Illuminate/Routing/Pipeline.php(53): Illuminate\Pipeline\Pipeline->Illuminate\Pipeline\{closure}(Object(Illuminate\Http\Request))
#20 /var/www/html/Dev/ICNOW-DEV/vendor/laravel/framework/src/Illuminate/Cookie/Middleware/EncryptCookies.php(59): Illuminate\Routing\Pipeline->Illuminate\Routing\{closure}(Object(Illuminate\Http\Request))
#21 /var/www/html/Dev/ICNOW-DEV/vendor/laravel/framework/src/Illuminate/Pipeline/Pipeline.php(148): Illuminate\Cookie\Middleware\EncryptCookies->handle(Object(Illuminate\Http\Request), Object(Closure))
#22 /var/www/html/Dev/ICNOW-DEV/vendor/laravel/framework/src/Illuminate/Routing/Pipeline.php(53): Illuminate\Pipeline\Pipeline->Illuminate\Pipeline\{closure}(Object(Illuminate\Http\Request))
#23 /var/www/html/Dev/ICNOW-DEV/vendor/laravel/framework/src/Illuminate/Pipeline/Pipeline.php(102): Illuminate\Routing\Pipeline->Illuminate\Routing\{closure}(Object(Illuminate\Http\Request))
#24 /var/www/html/Dev/ICNOW-DEV/vendor/laravel/framework/src/Illuminate/Routing/Router.php(576): Illuminate\Pipeline\Pipeline->then(Object(Closure))
#25 /var/www/html/Dev/ICNOW-DEV/vendor/laravel/framework/src/Illuminate/Routing/Router.php(535): Illuminate\Routing\Router->runRouteWithinStack(Object(Illuminate\Routing\Route), Object(Illuminate\Http\Request))
#26 /var/www/html/Dev/ICNOW-DEV/vendor/laravel/framework/src/Illuminate/Routing/Router.php(513): Illuminate\Routing\Router->dispatchToRoute(Object(Illuminate\Http\Request))
#27 /var/www/html/Dev/ICNOW-DEV/vendor/laravel/framework/src/Illuminate/Foundation/Http/Kernel.php(176): Illuminate\Routing\Router->dispatch(Object(Illuminate\Http\Request))
#28 /var/www/html/Dev/ICNOW-DEV/vendor/laravel/framework/src/Illuminate/Routing/Pipeline.php(30): Illuminate\Foundation\Http\Kernel->Illuminate\Foundation\Http\{closure}(Object(Illuminate\Http\Request))
#29 /var/www/html/Dev/ICNOW-DEV/vendor/laravel/framework/src/Illuminate/Foundation/Http/Middleware/TransformsRequest.php(30): Illuminate\Routing\Pipeline->Illuminate\Routing\{closure}(Object(Illuminate\Http\Request))
#30 /var/www/html/Dev/ICNOW-DEV/vendor/laravel/framework/src/Illuminate/Pipeline/Pipeline.php(148): Illuminate\Foundation\Http\Middleware\TransformsRequest->handle(Object(Illuminate\Http\Request), Object(Closure))
#31 /var/www/html/Dev/ICNOW-DEV/vendor/laravel/framework/src/Illuminate/Routing/Pipeline.php(53): Illuminate\Pipeline\Pipeline->Illuminate\Pipeline\{closure}(Object(Illuminate\Http\Request))
#32 /var/www/html/Dev/ICNOW-DEV/vendor/laravel/framework/src/Illuminate/Foundation/Http/Middleware/TransformsRequest.php(30): Illuminate\Routing\Pipeline->Illuminate\Routing\{closure}(Object(Illuminate\Http\Request))
#33 /var/www/html/Dev/ICNOW-DEV/vendor/laravel/framework/src/Illuminate/Pipeline/Pipeline.php(148): Illuminate\Foundation\Http\Middleware\TransformsRequest->handle(Object(Illuminate\Http\Request), Object(Closure))
#34 /var/www/html/Dev/ICNOW-DEV/vendor/laravel/framework/src/Illuminate/Routing/Pipeline.php(53): Illuminate\Pipeline\Pipeline->Illuminate\Pipeline\{closure}(Object(Illuminate\Http\Request))
#35 /var/www/html/Dev/ICNOW-DEV/vendor/laravel/framework/src/Illuminate/Foundation/Http/Middleware/ValidatePostSize.php(27): Illuminate\Routing\Pipeline->Illuminate\Routing\{closure}(Object(Illuminate\Http\Request))
#36 /var/www/html/Dev/ICNOW-DEV/vendor/laravel/framework/src/Illuminate/Pipeline/Pipeline.php(148): Illuminate\Foundation\Http\Middleware\ValidatePostSize->handle(Object(Illuminate\Http\Request), Object(Closure))
#37 /var/www/html/Dev/ICNOW-DEV/vendor/laravel/framework/src/Illuminate/Routing/Pipeline.php(53): Illuminate\Pipeline\Pipeline->Illuminate\Pipeline\{closure}(Object(Illuminate\Http\Request))
#38 /var/www/html/Dev/ICNOW-DEV/vendor/laravel/framework/src/Illuminate/Foundation/Http/Middleware/CheckForMaintenanceMode.php(46): Illuminate\Routing\Pipeline->Illuminate\Routing\{closure}(Object(Illuminate\Http\Request))
#39 /var/www/html/Dev/ICNOW-DEV/vendor/laravel/framework/src/Illuminate/Pipeline/Pipeline.php(148): Illuminate\Foundation\Http\Middleware\CheckForMaintenanceMode->handle(Object(Illuminate\Http\Request), Object(Closure))
#40 /var/www/html/Dev/ICNOW-DEV/vendor/laravel/framework/src/Illuminate/Routing/Pipeline.php(53): Illuminate\Pipeline\Pipeline->Illuminate\Pipeline\{closure}(Object(Illuminate\Http\Request))
#41 /var/www/html/Dev/ICNOW-DEV/vendor/laravel/framework/src/Illuminate/Pipeline/Pipeline.php(102): Illuminate\Routing\Pipeline->Illuminate\Routing\{closure}(Object(Illuminate\Http\Request))
#42 /var/www/html/Dev/ICNOW-DEV/vendor/laravel/framework/src/Illuminate/Foundation/Http/Kernel.php(151): Illuminate\Pipeline\Pipeline->then(Object(Closure))
#43 /var/www/html/Dev/ICNOW-DEV/vendor/laravel/framework/src/Illuminate/Foundation/Http/Kernel.php(116): Illuminate\Foundation\Http\Kernel->sendRequestThroughRouter(Object(Illuminate\Http\Request))
#44 /var/www/html/Dev/ICNOW-DEV/public/index.php(53): Illuminate\Foundation\Http\Kernel->handle(Object(Illuminate\Http\Request))
#45 {main}  
[2018-10-05 00:29:08] local.ERROR: ErrorException: Trying to get property 'person_in_party' of non-object in /var/www/html/Dev/ICNOW-DEV/app/Http/Controllers/ICNOW/View/ProfileController.php:124
Stack trace:
#0 /var/www/html/Dev/ICNOW-DEV/app/Http/Controllers/ICNOW/View/ProfileController.php(124): Illuminate\Foundation\Bootstrap\HandleExceptions->handleError(8, 'Trying to get p...', '/var/www/html/D...', 124, Array)
#1 [internal function]: YellowProject\Http\Controllers\ICNOW\View\ProfileController->recentOrder('55')
#2 /var/www/html/Dev/ICNOW-DEV/vendor/laravel/framework/src/Illuminate/Routing/Controller.php(55): call_user_func_array(Array, Array)
#3 /var/www/html/Dev/ICNOW-DEV/vendor/laravel/framework/src/Illuminate/Routing/ControllerDispatcher.php(44): Illuminate\Routing\Controller->callAction('recentOrder', Array)
#4 /var/www/html/Dev/ICNOW-DEV/vendor/laravel/framework/src/Illuminate/Routing/Route.php(203): Illuminate\Routing\ControllerDispatcher->dispatch(Object(Illuminate\Routing\Route), Object(YellowProject\Http\Controllers\ICNOW\View\ProfileController), 'recentOrder')
#5 /var/www/html/Dev/ICNOW-DEV/vendor/laravel/framework/src/Illuminate/Routing/Route.php(160): Illuminate\Routing\Route->runController()
#6 /var/www/html/Dev/ICNOW-DEV/vendor/laravel/framework/src/Illuminate/Routing/Router.php(574): Illuminate\Routing\Route->run()
#7 /var/www/html/Dev/ICNOW-DEV/vendor/laravel/framework/src/Illuminate/Routing/Pipeline.php(30): Illuminate\Routing\Router->Illuminate\Routing\{closure}(Object(Illuminate\Http\Request))
#8 /var/www/html/Dev/ICNOW-DEV/vendor/laravel/framework/src/Illuminate/Routing/Middleware/SubstituteBindings.php(41): Illuminate\Routing\Pipeline->Illuminate\Routing\{closure}(Object(Illuminate\Http\Request))
#9 /var/www/html/Dev/ICNOW-DEV/vendor/laravel/framework/src/Illuminate/Pipeline/Pipeline.php(148): Illuminate\Routing\Middleware\SubstituteBindings->handle(Object(Illuminate\Http\Request), Object(Closure))
#10 /var/www/html/Dev/ICNOW-DEV/vendor/laravel/framework/src/Illuminate/Routing/Pipeline.php(53): Illuminate\Pipeline\Pipeline->Illuminate\Pipeline\{closure}(Object(Illuminate\Http\Request))
#11 /var/www/html/Dev/ICNOW-DEV/vendor/laravel/framework/src/Illuminate/View/Middleware/ShareErrorsFromSession.php(49): Illuminate\Routing\Pipeline->Illuminate\Routing\{closure}(Object(Illuminate\Http\Request))
#12 /var/www/html/Dev/ICNOW-DEV/vendor/laravel/framework/src/Illuminate/Pipeline/Pipeline.php(148): Illuminate\View\Middleware\ShareErrorsFromSession->handle(Object(Illuminate\Http\Request), Object(Closure))
#13 /var/www/html/Dev/ICNOW-DEV/vendor/laravel/framework/src/Illuminate/Routing/Pipeline.php(53): Illuminate\Pipeline\Pipeline->Illuminate\Pipeline\{closure}(Object(Illuminate\Http\Request))
#14 /var/www/html/Dev/ICNOW-DEV/vendor/laravel/framework/src/Illuminate/Session/Middleware/StartSession.php(64): Illuminate\Routing\Pipeline->Illuminate\Routing\{closure}(Object(Illuminate\Http\Request))
#15 /var/www/html/Dev/ICNOW-DEV/vendor/laravel/framework/src/Illuminate/Pipeline/Pipeline.php(148): Illuminate\Session\Middleware\StartSession->handle(Object(Illuminate\Http\Request), Object(Closure))
#16 /var/www/html/Dev/ICNOW-DEV/vendor/laravel/framework/src/Illuminate/Routing/Pipeline.php(53): Illuminate\Pipeline\Pipeline->Illuminate\Pipeline\{closure}(Object(Illuminate\Http\Request))
#17 /var/www/html/Dev/ICNOW-DEV/vendor/laravel/framework/src/Illuminate/Cookie/Middleware/AddQueuedCookiesToResponse.php(37): Illuminate\Routing\Pipeline->Illuminate\Routing\{closure}(Object(Illuminate\Http\Request))
#18 /var/www/html/Dev/ICNOW-DEV/vendor/laravel/framework/src/Illuminate/Pipeline/Pipeline.php(148): Illuminate\Cookie\Middleware\AddQueuedCookiesToResponse->handle(Object(Illuminate\Http\Request), Object(Closure))
#19 /var/www/html/Dev/ICNOW-DEV/vendor/laravel/framework/src/Illuminate/Routing/Pipeline.php(53): Illuminate\Pipeline\Pipeline->Illuminate\Pipeline\{closure}(Object(Illuminate\Http\Request))
#20 /var/www/html/Dev/ICNOW-DEV/vendor/laravel/framework/src/Illuminate/Cookie/Middleware/EncryptCookies.php(59): Illuminate\Routing\Pipeline->Illuminate\Routing\{closure}(Object(Illuminate\Http\Request))
#21 /var/www/html/Dev/ICNOW-DEV/vendor/laravel/framework/src/Illuminate/Pipeline/Pipeline.php(148): Illuminate\Cookie\Middleware\EncryptCookies->handle(Object(Illuminate\Http\Request), Object(Closure))
#22 /var/www/html/Dev/ICNOW-DEV/vendor/laravel/framework/src/Illuminate/Routing/Pipeline.php(53): Illuminate\Pipeline\Pipeline->Illuminate\Pipeline\{closure}(Object(Illuminate\Http\Request))
#23 /var/www/html/Dev/ICNOW-DEV/vendor/laravel/framework/src/Illuminate/Pipeline/Pipeline.php(102): Illuminate\Routing\Pipeline->Illuminate\Routing\{closure}(Object(Illuminate\Http\Request))
#24 /var/www/html/Dev/ICNOW-DEV/vendor/laravel/framework/src/Illuminate/Routing/Router.php(576): Illuminate\Pipeline\Pipeline->then(Object(Closure))
#25 /var/www/html/Dev/ICNOW-DEV/vendor/laravel/framework/src/Illuminate/Routing/Router.php(535): Illuminate\Routing\Router->runRouteWithinStack(Object(Illuminate\Routing\Route), Object(Illuminate\Http\Request))
#26 /var/www/html/Dev/ICNOW-DEV/vendor/laravel/framework/src/Illuminate/Routing/Router.php(513): Illuminate\Routing\Router->dispatchToRoute(Object(Illuminate\Http\Request))
#27 /var/www/html/Dev/ICNOW-DEV/vendor/laravel/framework/src/Illuminate/Foundation/Http/Kernel.php(176): Illuminate\Routing\Router->dispatch(Object(Illuminate\Http\Request))
#28 /var/www/html/Dev/ICNOW-DEV/vendor/laravel/framework/src/Illuminate/Routing/Pipeline.php(30): Illuminate\Foundation\Http\Kernel->Illuminate\Foundation\Http\{closure}(Object(Illuminate\Http\Request))
#29 /var/www/html/Dev/ICNOW-DEV/vendor/laravel/framework/src/Illuminate/Foundation/Http/Middleware/TransformsRequest.php(30): Illuminate\Routing\Pipeline->Illuminate\Routing\{closure}(Object(Illuminate\Http\Request))
#30 /var/www/html/Dev/ICNOW-DEV/vendor/laravel/framework/src/Illuminate/Pipeline/Pipeline.php(148): Illuminate\Foundation\Http\Middleware\TransformsRequest->handle(Object(Illuminate\Http\Request), Object(Closure))
#31 /var/www/html/Dev/ICNOW-DEV/vendor/laravel/framework/src/Illuminate/Routing/Pipeline.php(53): Illuminate\Pipeline\Pipeline->Illuminate\Pipeline\{closure}(Object(Illuminate\Http\Request))
#32 /var/www/html/Dev/ICNOW-DEV/vendor/laravel/framework/src/Illuminate/Foundation/Http/Middleware/TransformsRequest.php(30): Illuminate\Routing\Pipeline->Illuminate\Routing\{closure}(Object(Illuminate\Http\Request))
#33 /var/www/html/Dev/ICNOW-DEV/vendor/laravel/framework/src/Illuminate/Pipeline/Pipeline.php(148): Illuminate\Foundation\Http\Middleware\TransformsRequest->handle(Object(Illuminate\Http\Request), Object(Closure))
#34 /var/www/html/Dev/ICNOW-DEV/vendor/laravel/framework/src/Illuminate/Routing/Pipeline.php(53): Illuminate\Pipeline\Pipeline->Illuminate\Pipeline\{closure}(Object(Illuminate\Http\Request))
#35 /var/www/html/Dev/ICNOW-DEV/vendor/laravel/framework/src/Illuminate/Foundation/Http/Middleware/ValidatePostSize.php(27): Illuminate\Routing\Pipeline->Illuminate\Routing\{closure}(Object(Illuminate\Http\Request))
#36 /var/www/html/Dev/ICNOW-DEV/vendor/laravel/framework/src/Illuminate/Pipeline/Pipeline.php(148): Illuminate\Foundation\Http\Middleware\ValidatePostSize->handle(Object(Illuminate\Http\Request), Object(Closure))
#37 /var/www/html/Dev/ICNOW-DEV/vendor/laravel/framework/src/Illuminate/Routing/Pipeline.php(53): Illuminate\Pipeline\Pipeline->Illuminate\Pipeline\{closure}(Object(Illuminate\Http\Request))
#38 /var/www/html/Dev/ICNOW-DEV/vendor/laravel/framework/src/Illuminate/Foundation/Http/Middleware/CheckForMaintenanceMode.php(46): Illuminate\Routing\Pipeline->Illuminate\Routing\{closure}(Object(Illuminate\Http\Request))
#39 /var/www/html/Dev/ICNOW-DEV/vendor/laravel/framework/src/Illuminate/Pipeline/Pipeline.php(148): Illuminate\Foundation\Http\Middleware\CheckForMaintenanceMode->handle(Object(Illuminate\Http\Request), Object(Closure))
#40 /var/www/html/Dev/ICNOW-DEV/vendor/laravel/framework/src/Illuminate/Routing/Pipeline.php(53): Illuminate\Pipeline\Pipeline->Illuminate\Pipeline\{closure}(Object(Illuminate\Http\Request))
#41 /var/www/html/Dev/ICNOW-DEV/vendor/laravel/framework/src/Illuminate/Pipeline/Pipeline.php(102): Illuminate\Routing\Pipeline->Illuminate\Routing\{closure}(Object(Illuminate\Http\Request))
#42 /var/www/html/Dev/ICNOW-DEV/vendor/laravel/framework/src/Illuminate/Foundation/Http/Kernel.php(151): Illuminate\Pipeline\Pipeline->then(Object(Closure))
#43 /var/www/html/Dev/ICNOW-DEV/vendor/laravel/framework/src/Illuminate/Foundation/Http/Kernel.php(116): Illuminate\Foundation\Http\Kernel->sendRequestThroughRouter(Object(Illuminate\Http\Request))
#44 /var/www/html/Dev/ICNOW-DEV/public/index.php(53): Illuminate\Foundation\Http\Kernel->handle(Object(Illuminate\Http\Request))
#45 {main}  
[2018-10-05 01:20:51] local.DEBUG: Lat => 14.2024704Long => 101.2006912  
[2018-10-05 01:20:53] local.DEBUG: []  
[2018-10-05 09:59:03] local.DEBUG: Reply After eventFollow =>{}  
[2018-10-05 09:59:03] local.DEBUG: return  
[2018-10-05 09:59:03] local.DEBUG: Reply After eventFollow =>{}  
[2018-10-05 09:59:03] local.DEBUG: return  
[2018-10-05 13:13:09] local.ERROR: Symfony\Component\HttpKernel\Exception\NotFoundHttpException in /var/www/html/Dev/ICNOW-DEV/vendor/laravel/framework/src/Illuminate/Routing/RouteCollection.php:179
Stack trace:
#0 /var/www/html/Dev/ICNOW-DEV/vendor/barryvdh/laravel-cors/src/HandlePreflight.php(57): Illuminate\Routing\RouteCollection->match(Object(Illuminate\Http\Request))
#1 /var/www/html/Dev/ICNOW-DEV/vendor/barryvdh/laravel-cors/src/HandlePreflight.php(31): Barryvdh\Cors\HandlePreflight->hasMatchingCorsRoute(Object(Illuminate\Http\Request))
#2 /var/www/html/Dev/ICNOW-DEV/vendor/laravel/framework/src/Illuminate/Pipeline/Pipeline.php(148): Barryvdh\Cors\HandlePreflight->handle(Object(Illuminate\Http\Request), Object(Closure))
#3 /var/www/html/Dev/ICNOW-DEV/vendor/laravel/framework/src/Illuminate/Routing/Pipeline.php(53): Illuminate\Pipeline\Pipeline->Illuminate\Pipeline\{closure}(Object(Illuminate\Http\Request))
#4 /var/www/html/Dev/ICNOW-DEV/vendor/laravel/framework/src/Illuminate/Pipeline/Pipeline.php(102): Illuminate\Routing\Pipeline->Illuminate\Routing\{closure}(Object(Illuminate\Http\Request))
#5 /var/www/html/Dev/ICNOW-DEV/vendor/laravel/framework/src/Illuminate/Foundation/Http/Kernel.php(151): Illuminate\Pipeline\Pipeline->then(Object(Closure))
#6 /var/www/html/Dev/ICNOW-DEV/vendor/laravel/framework/src/Illuminate/Foundation/Http/Kernel.php(116): Illuminate\Foundation\Http\Kernel->sendRequestThroughRouter(Object(Illuminate\Http\Request))
#7 /var/www/html/Dev/ICNOW-DEV/public/index.php(53): Illuminate\Foundation\Http\Kernel->handle(Object(Illuminate\Http\Request))
#8 {main}  
[2018-10-05 13:52:55] local.DEBUG: Lat => 13.781067192755295Long => 100.63363865025872  
[2018-10-05 13:52:57] local.DEBUG: []  
[2018-10-05 14:45:43] local.DEBUG: Lat => 13.34231354403652Long => 100.99817276000977  
[2018-10-05 14:45:46] local.DEBUG: {"code":"1150","name":"473193_\u0e21\u0e34\u0e19\u0e34\u0e2d\u0e21\u0e15\u0e30\u0e19\u0e04\u0e23\u0e2a\u0e32\u0e21\u0e25\u0e49\u0e2d","dt_code":"50000456","dt_location":"CHONBURI"}  
[2018-10-05 14:45:47] local.DEBUG: Reply After eventFollow =>{}  
[2018-10-05 14:45:47] local.DEBUG: return  
[2018-10-05 14:45:48] local.DEBUG: Reply After eventFollow =>{}  
[2018-10-05 14:45:48] local.DEBUG: return  
[2018-10-05 14:45:48] local.DEBUG: Reply After eventFollow =>{}  
[2018-10-05 14:45:48] local.DEBUG: return  
[2018-10-05 16:21:18] local.DEBUG: Lat => 13.765891002845619Long => 100.60860861301052  
[2018-10-05 16:21:20] local.DEBUG: []  
[2018-10-05 16:21:36] local.DEBUG: Lat => 13.7566901Long => 100.5672965  
[2018-10-05 16:21:38] local.DEBUG: []  
[2018-10-05 16:21:56] local.DEBUG: Lat => 7.9519331Long => 98.33808840000006  
[2018-10-05 16:21:58] local.DEBUG: []  
[2018-10-05 16:28:03] local.DEBUG: Lat => 13.7566901Long => 100.5672965  
[2018-10-05 16:28:05] local.DEBUG: []  
[2018-10-05 16:45:03] local.DEBUG: Reply After eventFollow =>{}  
[2018-10-05 16:45:03] local.DEBUG: return  
[2018-10-05 16:45:04] local.DEBUG: Reply After eventFollow =>{}  
[2018-10-05 16:45:04] local.DEBUG: return  
