[2018-09-12 18:10:28] local.ERROR: Symfony\Component\HttpKernel\Exception\NotFoundHttpException in /var/www/html/Dev/ICNOW-DEV/vendor/laravel/framework/src/Illuminate/Routing/RouteCollection.php:179
Stack trace:
#0 /var/www/html/Dev/ICNOW-DEV/vendor/barryvdh/laravel-cors/src/HandlePreflight.php(57): Illuminate\Routing\RouteCollection->match(Object(Illuminate\Http\Request))
#1 /var/www/html/Dev/ICNOW-DEV/vendor/barryvdh/laravel-cors/src/HandlePreflight.php(31): Barryvdh\Cors\HandlePreflight->hasMatchingCorsRoute(Object(Illuminate\Http\Request))
#2 /var/www/html/Dev/ICNOW-DEV/vendor/laravel/framework/src/Illuminate/Pipeline/Pipeline.php(148): Barryvdh\Cors\HandlePreflight->handle(Object(Illuminate\Http\Request), Object(Closure))
#3 /var/www/html/Dev/ICNOW-DEV/vendor/laravel/framework/src/Illuminate/Routing/Pipeline.php(53): Illuminate\Pipeline\Pipeline->Illuminate\Pipeline\{closure}(Object(Illuminate\Http\Request))
#4 /var/www/html/Dev/ICNOW-DEV/vendor/laravel/framework/src/Illuminate/Pipeline/Pipeline.php(102): Illuminate\Routing\Pipeline->Illuminate\Routing\{closure}(Object(Illuminate\Http\Request))
#5 /var/www/html/Dev/ICNOW-DEV/vendor/laravel/framework/src/Illuminate/Foundation/Http/Kernel.php(151): Illuminate\Pipeline\Pipeline->then(Object(Closure))
#6 /var/www/html/Dev/ICNOW-DEV/vendor/laravel/framework/src/Illuminate/Foundation/Http/Kernel.php(116): Illuminate\Foundation\Http\Kernel->sendRequestThroughRouter(Object(Illuminate\Http\Request))
#7 /var/www/html/Dev/ICNOW-DEV/public/index.php(53): Illuminate\Foundation\Http\Kernel->handle(Object(Illuminate\Http\Request))
#8 {main}  
[2018-09-12 18:12:38] local.ERROR: Symfony\Component\HttpKernel\Exception\NotFoundHttpException in /var/www/html/Dev/ICNOW-DEV/vendor/laravel/framework/src/Illuminate/Routing/RouteCollection.php:179
Stack trace:
#0 /var/www/html/Dev/ICNOW-DEV/vendor/barryvdh/laravel-cors/src/HandlePreflight.php(57): Illuminate\Routing\RouteCollection->match(Object(Illuminate\Http\Request))
#1 /var/www/html/Dev/ICNOW-DEV/vendor/barryvdh/laravel-cors/src/HandlePreflight.php(31): Barryvdh\Cors\HandlePreflight->hasMatchingCorsRoute(Object(Illuminate\Http\Request))
#2 /var/www/html/Dev/ICNOW-DEV/vendor/laravel/framework/src/Illuminate/Pipeline/Pipeline.php(148): Barryvdh\Cors\HandlePreflight->handle(Object(Illuminate\Http\Request), Object(Closure))
#3 /var/www/html/Dev/ICNOW-DEV/vendor/laravel/framework/src/Illuminate/Routing/Pipeline.php(53): Illuminate\Pipeline\Pipeline->Illuminate\Pipeline\{closure}(Object(Illuminate\Http\Request))
#4 /var/www/html/Dev/ICNOW-DEV/vendor/laravel/framework/src/Illuminate/Pipeline/Pipeline.php(102): Illuminate\Routing\Pipeline->Illuminate\Routing\{closure}(Object(Illuminate\Http\Request))
#5 /var/www/html/Dev/ICNOW-DEV/vendor/laravel/framework/src/Illuminate/Foundation/Http/Kernel.php(151): Illuminate\Pipeline\Pipeline->then(Object(Closure))
#6 /var/www/html/Dev/ICNOW-DEV/vendor/laravel/framework/src/Illuminate/Foundation/Http/Kernel.php(116): Illuminate\Foundation\Http\Kernel->sendRequestThroughRouter(Object(Illuminate\Http\Request))
#7 /var/www/html/Dev/ICNOW-DEV/public/index.php(53): Illuminate\Foundation\Http\Kernel->handle(Object(Illuminate\Http\Request))
#8 {main}  
[2018-09-12 18:17:59] local.ERROR: ErrorException: Trying to get property 'section_id' of non-object in /var/www/html/Dev/ICNOW-DEV/app/Http/Controllers/ICNOW/View/ProductController.php:14
Stack trace:
#0 /var/www/html/Dev/ICNOW-DEV/app/Http/Controllers/ICNOW/View/ProductController.php(14): Illuminate\Foundation\Bootstrap\HandleExceptions->handleError(8, 'Trying to get p...', '/var/www/html/D...', 14, Array)
#1 [internal function]: YellowProject\Http\Controllers\ICNOW\View\ProductController->productDetail('cart.html')
#2 /var/www/html/Dev/ICNOW-DEV/vendor/laravel/framework/src/Illuminate/Routing/Controller.php(55): call_user_func_array(Array, Array)
#3 /var/www/html/Dev/ICNOW-DEV/vendor/laravel/framework/src/Illuminate/Routing/ControllerDispatcher.php(44): Illuminate\Routing\Controller->callAction('productDetail', Array)
#4 /var/www/html/Dev/ICNOW-DEV/vendor/laravel/framework/src/Illuminate/Routing/Route.php(203): Illuminate\Routing\ControllerDispatcher->dispatch(Object(Illuminate\Routing\Route), Object(YellowProject\Http\Controllers\ICNOW\View\ProductController), 'productDetail')
#5 /var/www/html/Dev/ICNOW-DEV/vendor/laravel/framework/src/Illuminate/Routing/Route.php(160): Illuminate\Routing\Route->runController()
#6 /var/www/html/Dev/ICNOW-DEV/vendor/laravel/framework/src/Illuminate/Routing/Router.php(574): Illuminate\Routing\Route->run()
#7 /var/www/html/Dev/ICNOW-DEV/vendor/laravel/framework/src/Illuminate/Routing/Pipeline.php(30): Illuminate\Routing\Router->Illuminate\Routing\{closure}(Object(Illuminate\Http\Request))
#8 /var/www/html/Dev/ICNOW-DEV/vendor/laravel/framework/src/Illuminate/Routing/Middleware/SubstituteBindings.php(41): Illuminate\Routing\Pipeline->Illuminate\Routing\{closure}(Object(Illuminate\Http\Request))
#9 /var/www/html/Dev/ICNOW-DEV/vendor/laravel/framework/src/Illuminate/Pipeline/Pipeline.php(148): Illuminate\Routing\Middleware\SubstituteBindings->handle(Object(Illuminate\Http\Request), Object(Closure))
#10 /var/www/html/Dev/ICNOW-DEV/vendor/laravel/framework/src/Illuminate/Routing/Pipeline.php(53): Illuminate\Pipeline\Pipeline->Illuminate\Pipeline\{closure}(Object(Illuminate\Http\Request))
#11 /var/www/html/Dev/ICNOW-DEV/vendor/laravel/framework/src/Illuminate/View/Middleware/ShareErrorsFromSession.php(49): Illuminate\Routing\Pipeline->Illuminate\Routing\{closure}(Object(Illuminate\Http\Request))
#12 /var/www/html/Dev/ICNOW-DEV/vendor/laravel/framework/src/Illuminate/Pipeline/Pipeline.php(148): Illuminate\View\Middleware\ShareErrorsFromSession->handle(Object(Illuminate\Http\Request), Object(Closure))
#13 /var/www/html/Dev/ICNOW-DEV/vendor/laravel/framework/src/Illuminate/Routing/Pipeline.php(53): Illuminate\Pipeline\Pipeline->Illuminate\Pipeline\{closure}(Object(Illuminate\Http\Request))
#14 /var/www/html/Dev/ICNOW-DEV/vendor/laravel/framework/src/Illuminate/Session/Middleware/StartSession.php(64): Illuminate\Routing\Pipeline->Illuminate\Routing\{closure}(Object(Illuminate\Http\Request))
#15 /var/www/html/Dev/ICNOW-DEV/vendor/laravel/framework/src/Illuminate/Pipeline/Pipeline.php(148): Illuminate\Session\Middleware\StartSession->handle(Object(Illuminate\Http\Request), Object(Closure))
#16 /var/www/html/Dev/ICNOW-DEV/vendor/laravel/framework/src/Illuminate/Routing/Pipeline.php(53): Illuminate\Pipeline\Pipeline->Illuminate\Pipeline\{closure}(Object(Illuminate\Http\Request))
#17 /var/www/html/Dev/ICNOW-DEV/vendor/laravel/framework/src/Illuminate/Cookie/Middleware/AddQueuedCookiesToResponse.php(37): Illuminate\Routing\Pipeline->Illuminate\Routing\{closure}(Object(Illuminate\Http\Request))
#18 /var/www/html/Dev/ICNOW-DEV/vendor/laravel/framework/src/Illuminate/Pipeline/Pipeline.php(148): Illuminate\Cookie\Middleware\AddQueuedCookiesToResponse->handle(Object(Illuminate\Http\Request), Object(Closure))
#19 /var/www/html/Dev/ICNOW-DEV/vendor/laravel/framework/src/Illuminate/Routing/Pipeline.php(53): Illuminate\Pipeline\Pipeline->Illuminate\Pipeline\{closure}(Object(Illuminate\Http\Request))
#20 /var/www/html/Dev/ICNOW-DEV/vendor/laravel/framework/src/Illuminate/Cookie/Middleware/EncryptCookies.php(59): Illuminate\Routing\Pipeline->Illuminate\Routing\{closure}(Object(Illuminate\Http\Request))
#21 /var/www/html/Dev/ICNOW-DEV/vendor/laravel/framework/src/Illuminate/Pipeline/Pipeline.php(148): Illuminate\Cookie\Middleware\EncryptCookies->handle(Object(Illuminate\Http\Request), Object(Closure))
#22 /var/www/html/Dev/ICNOW-DEV/vendor/laravel/framework/src/Illuminate/Routing/Pipeline.php(53): Illuminate\Pipeline\Pipeline->Illuminate\Pipeline\{closure}(Object(Illuminate\Http\Request))
#23 /var/www/html/Dev/ICNOW-DEV/vendor/laravel/framework/src/Illuminate/Pipeline/Pipeline.php(102): Illuminate\Routing\Pipeline->Illuminate\Routing\{closure}(Object(Illuminate\Http\Request))
#24 /var/www/html/Dev/ICNOW-DEV/vendor/laravel/framework/src/Illuminate/Routing/Router.php(576): Illuminate\Pipeline\Pipeline->then(Object(Closure))
#25 /var/www/html/Dev/ICNOW-DEV/vendor/laravel/framework/src/Illuminate/Routing/Router.php(535): Illuminate\Routing\Router->runRouteWithinStack(Object(Illuminate\Routing\Route), Object(Illuminate\Http\Request))
#26 /var/www/html/Dev/ICNOW-DEV/vendor/laravel/framework/src/Illuminate/Routing/Router.php(513): Illuminate\Routing\Router->dispatchToRoute(Object(Illuminate\Http\Request))
#27 /var/www/html/Dev/ICNOW-DEV/vendor/laravel/framework/src/Illuminate/Foundation/Http/Kernel.php(176): Illuminate\Routing\Router->dispatch(Object(Illuminate\Http\Request))
#28 /var/www/html/Dev/ICNOW-DEV/vendor/laravel/framework/src/Illuminate/Routing/Pipeline.php(30): Illuminate\Foundation\Http\Kernel->Illuminate\Foundation\Http\{closure}(Object(Illuminate\Http\Request))
#29 /var/www/html/Dev/ICNOW-DEV/vendor/laravel/framework/src/Illuminate/Foundation/Http/Middleware/TransformsRequest.php(30): Illuminate\Routing\Pipeline->Illuminate\Routing\{closure}(Object(Illuminate\Http\Request))
#30 /var/www/html/Dev/ICNOW-DEV/vendor/laravel/framework/src/Illuminate/Pipeline/Pipeline.php(148): Illuminate\Foundation\Http\Middleware\TransformsRequest->handle(Object(Illuminate\Http\Request), Object(Closure))
#31 /var/www/html/Dev/ICNOW-DEV/vendor/laravel/framework/src/Illuminate/Routing/Pipeline.php(53): Illuminate\Pipeline\Pipeline->Illuminate\Pipeline\{closure}(Object(Illuminate\Http\Request))
#32 /var/www/html/Dev/ICNOW-DEV/vendor/laravel/framework/src/Illuminate/Foundation/Http/Middleware/TransformsRequest.php(30): Illuminate\Routing\Pipeline->Illuminate\Routing\{closure}(Object(Illuminate\Http\Request))
#33 /var/www/html/Dev/ICNOW-DEV/vendor/laravel/framework/src/Illuminate/Pipeline/Pipeline.php(148): Illuminate\Foundation\Http\Middleware\TransformsRequest->handle(Object(Illuminate\Http\Request), Object(Closure))
#34 /var/www/html/Dev/ICNOW-DEV/vendor/laravel/framework/src/Illuminate/Routing/Pipeline.php(53): Illuminate\Pipeline\Pipeline->Illuminate\Pipeline\{closure}(Object(Illuminate\Http\Request))
#35 /var/www/html/Dev/ICNOW-DEV/vendor/laravel/framework/src/Illuminate/Foundation/Http/Middleware/ValidatePostSize.php(27): Illuminate\Routing\Pipeline->Illuminate\Routing\{closure}(Object(Illuminate\Http\Request))
#36 /var/www/html/Dev/ICNOW-DEV/vendor/laravel/framework/src/Illuminate/Pipeline/Pipeline.php(148): Illuminate\Foundation\Http\Middleware\ValidatePostSize->handle(Object(Illuminate\Http\Request), Object(Closure))
#37 /var/www/html/Dev/ICNOW-DEV/vendor/laravel/framework/src/Illuminate/Routing/Pipeline.php(53): Illuminate\Pipeline\Pipeline->Illuminate\Pipeline\{closure}(Object(Illuminate\Http\Request))
#38 /var/www/html/Dev/ICNOW-DEV/vendor/laravel/framework/src/Illuminate/Foundation/Http/Middleware/CheckForMaintenanceMode.php(46): Illuminate\Routing\Pipeline->Illuminate\Routing\{closure}(Object(Illuminate\Http\Request))
#39 /var/www/html/Dev/ICNOW-DEV/vendor/laravel/framework/src/Illuminate/Pipeline/Pipeline.php(148): Illuminate\Foundation\Http\Middleware\CheckForMaintenanceMode->handle(Object(Illuminate\Http\Request), Object(Closure))
#40 /var/www/html/Dev/ICNOW-DEV/vendor/laravel/framework/src/Illuminate/Routing/Pipeline.php(53): Illuminate\Pipeline\Pipeline->Illuminate\Pipeline\{closure}(Object(Illuminate\Http\Request))
#41 /var/www/html/Dev/ICNOW-DEV/vendor/laravel/framework/src/Illuminate/Pipeline/Pipeline.php(102): Illuminate\Routing\Pipeline->Illuminate\Routing\{closure}(Object(Illuminate\Http\Request))
#42 /var/www/html/Dev/ICNOW-DEV/vendor/laravel/framework/src/Illuminate/Foundation/Http/Kernel.php(151): Illuminate\Pipeline\Pipeline->then(Object(Closure))
#43 /var/www/html/Dev/ICNOW-DEV/vendor/laravel/framework/src/Illuminate/Foundation/Http/Kernel.php(116): Illuminate\Foundation\Http\Kernel->sendRequestThroughRouter(Object(Illuminate\Http\Request))
#44 /var/www/html/Dev/ICNOW-DEV/public/index.php(53): Illuminate\Foundation\Http\Kernel->handle(Object(Illuminate\Http\Request))
#45 {main}  
[2018-09-12 18:38:00] local.ERROR: ErrorException: Undefined index: dt_code in /var/www/html/Dev/ICNOW-DEV/app/Http/Controllers/API/v1/ICNOW/Mini/MiniController.php:19
Stack trace:
#0 /var/www/html/Dev/ICNOW-DEV/app/Http/Controllers/API/v1/ICNOW/Mini/MiniController.php(19): Illuminate\Foundation\Bootstrap\HandleExceptions->handleError(8, 'Undefined index...', '/var/www/html/D...', 19, Array)
#1 [internal function]: YellowProject\Http\Controllers\API\v1\ICNOW\Mini\MiniController->index(Object(Illuminate\Http\Request))
#2 /var/www/html/Dev/ICNOW-DEV/vendor/laravel/framework/src/Illuminate/Routing/Controller.php(55): call_user_func_array(Array, Array)
#3 /var/www/html/Dev/ICNOW-DEV/vendor/laravel/framework/src/Illuminate/Routing/ControllerDispatcher.php(44): Illuminate\Routing\Controller->callAction('index', Array)
#4 /var/www/html/Dev/ICNOW-DEV/vendor/laravel/framework/src/Illuminate/Routing/Route.php(203): Illuminate\Routing\ControllerDispatcher->dispatch(Object(Illuminate\Routing\Route), Object(YellowProject\Http\Controllers\API\v1\ICNOW\Mini\MiniController), 'index')
#5 /var/www/html/Dev/ICNOW-DEV/vendor/laravel/framework/src/Illuminate/Routing/Route.php(160): Illuminate\Routing\Route->runController()
#6 /var/www/html/Dev/ICNOW-DEV/vendor/laravel/framework/src/Illuminate/Routing/Router.php(574): Illuminate\Routing\Route->run()
#7 /var/www/html/Dev/ICNOW-DEV/vendor/laravel/framework/src/Illuminate/Routing/Pipeline.php(30): Illuminate\Routing\Router->Illuminate\Routing\{closure}(Object(Illuminate\Http\Request))
#8 /var/www/html/Dev/ICNOW-DEV/vendor/barryvdh/laravel-cors/src/HandleCors.php(42): Illuminate\Routing\Pipeline->Illuminate\Routing\{closure}(Object(Illuminate\Http\Request))
#9 /var/www/html/Dev/ICNOW-DEV/vendor/laravel/framework/src/Illuminate/Pipeline/Pipeline.php(148): Barryvdh\Cors\HandleCors->handle(Object(Illuminate\Http\Request), Object(Closure))
#10 /var/www/html/Dev/ICNOW-DEV/vendor/laravel/framework/src/Illuminate/Routing/Pipeline.php(53): Illuminate\Pipeline\Pipeline->Illuminate\Pipeline\{closure}(Object(Illuminate\Http\Request))
#11 /var/www/html/Dev/ICNOW-DEV/vendor/laravel/framework/src/Illuminate/Routing/Middleware/SubstituteBindings.php(41): Illuminate\Routing\Pipeline->Illuminate\Routing\{closure}(Object(Illuminate\Http\Request))
#12 /var/www/html/Dev/ICNOW-DEV/vendor/laravel/framework/src/Illuminate/Pipeline/Pipeline.php(148): Illuminate\Routing\Middleware\SubstituteBindings->handle(Object(Illuminate\Http\Request), Object(Closure))
#13 /var/www/html/Dev/ICNOW-DEV/vendor/laravel/framework/src/Illuminate/Routing/Pipeline.php(53): Illuminate\Pipeline\Pipeline->Illuminate\Pipeline\{closure}(Object(Illuminate\Http\Request))
#14 /var/www/html/Dev/ICNOW-DEV/vendor/laravel/framework/src/Illuminate/Routing/Middleware/ThrottleRequests.php(49): Illuminate\Routing\Pipeline->Illuminate\Routing\{closure}(Object(Illuminate\Http\Request))
#15 /var/www/html/Dev/ICNOW-DEV/vendor/laravel/framework/src/Illuminate/Pipeline/Pipeline.php(148): Illuminate\Routing\Middleware\ThrottleRequests->handle(Object(Illuminate\Http\Request), Object(Closure), '60', '1')
#16 /var/www/html/Dev/ICNOW-DEV/vendor/laravel/framework/src/Illuminate/Routing/Pipeline.php(53): Illuminate\Pipeline\Pipeline->Illuminate\Pipeline\{closure}(Object(Illuminate\Http\Request))
#17 /var/www/html/Dev/ICNOW-DEV/vendor/laravel/framework/src/Illuminate/Pipeline/Pipeline.php(102): Illuminate\Routing\Pipeline->Illuminate\Routing\{closure}(Object(Illuminate\Http\Request))
#18 /var/www/html/Dev/ICNOW-DEV/vendor/laravel/framework/src/Illuminate/Routing/Router.php(576): Illuminate\Pipeline\Pipeline->then(Object(Closure))
#19 /var/www/html/Dev/ICNOW-DEV/vendor/laravel/framework/src/Illuminate/Routing/Router.php(535): Illuminate\Routing\Router->runRouteWithinStack(Object(Illuminate\Routing\Route), Object(Illuminate\Http\Request))
#20 /var/www/html/Dev/ICNOW-DEV/vendor/laravel/framework/src/Illuminate/Routing/Router.php(513): Illuminate\Routing\Router->dispatchToRoute(Object(Illuminate\Http\Request))
#21 /var/www/html/Dev/ICNOW-DEV/vendor/laravel/framework/src/Illuminate/Foundation/Http/Kernel.php(176): Illuminate\Routing\Router->dispatch(Object(Illuminate\Http\Request))
#22 /var/www/html/Dev/ICNOW-DEV/vendor/laravel/framework/src/Illuminate/Routing/Pipeline.php(30): Illuminate\Foundation\Http\Kernel->Illuminate\Foundation\Http\{closure}(Object(Illuminate\Http\Request))
#23 /var/www/html/Dev/ICNOW-DEV/vendor/laravel/framework/src/Illuminate/Foundation/Http/Middleware/TransformsRequest.php(30): Illuminate\Routing\Pipeline->Illuminate\Routing\{closure}(Object(Illuminate\Http\Request))
#24 /var/www/html/Dev/ICNOW-DEV/vendor/laravel/framework/src/Illuminate/Pipeline/Pipeline.php(148): Illuminate\Foundation\Http\Middleware\TransformsRequest->handle(Object(Illuminate\Http\Request), Object(Closure))
#25 /var/www/html/Dev/ICNOW-DEV/vendor/laravel/framework/src/Illuminate/Routing/Pipeline.php(53): Illuminate\Pipeline\Pipeline->Illuminate\Pipeline\{closure}(Object(Illuminate\Http\Request))
#26 /var/www/html/Dev/ICNOW-DEV/vendor/laravel/framework/src/Illuminate/Foundation/Http/Middleware/TransformsRequest.php(30): Illuminate\Routing\Pipeline->Illuminate\Routing\{closure}(Object(Illuminate\Http\Request))
#27 /var/www/html/Dev/ICNOW-DEV/vendor/laravel/framework/src/Illuminate/Pipeline/Pipeline.php(148): Illuminate\Foundation\Http\Middleware\TransformsRequest->handle(Object(Illuminate\Http\Request), Object(Closure))
#28 /var/www/html/Dev/ICNOW-DEV/vendor/laravel/framework/src/Illuminate/Routing/Pipeline.php(53): Illuminate\Pipeline\Pipeline->Illuminate\Pipeline\{closure}(Object(Illuminate\Http\Request))
#29 /var/www/html/Dev/ICNOW-DEV/vendor/laravel/framework/src/Illuminate/Foundation/Http/Middleware/ValidatePostSize.php(27): Illuminate\Routing\Pipeline->Illuminate\Routing\{closure}(Object(Illuminate\Http\Request))
#30 /var/www/html/Dev/ICNOW-DEV/vendor/laravel/framework/src/Illuminate/Pipeline/Pipeline.php(148): Illuminate\Foundation\Http\Middleware\ValidatePostSize->handle(Object(Illuminate\Http\Request), Object(Closure))
#31 /var/www/html/Dev/ICNOW-DEV/vendor/laravel/framework/src/Illuminate/Routing/Pipeline.php(53): Illuminate\Pipeline\Pipeline->Illuminate\Pipeline\{closure}(Object(Illuminate\Http\Request))
#32 /var/www/html/Dev/ICNOW-DEV/vendor/laravel/framework/src/Illuminate/Foundation/Http/Middleware/CheckForMaintenanceMode.php(46): Illuminate\Routing\Pipeline->Illuminate\Routing\{closure}(Object(Illuminate\Http\Request))
#33 /var/www/html/Dev/ICNOW-DEV/vendor/laravel/framework/src/Illuminate/Pipeline/Pipeline.php(148): Illuminate\Foundation\Http\Middleware\CheckForMaintenanceMode->handle(Object(Illuminate\Http\Request), Object(Closure))
#34 /var/www/html/Dev/ICNOW-DEV/vendor/laravel/framework/src/Illuminate/Routing/Pipeline.php(53): Illuminate\Pipeline\Pipeline->Illuminate\Pipeline\{closure}(Object(Illuminate\Http\Request))
#35 /var/www/html/Dev/ICNOW-DEV/vendor/laravel/framework/src/Illuminate/Pipeline/Pipeline.php(102): Illuminate\Routing\Pipeline->Illuminate\Routing\{closure}(Object(Illuminate\Http\Request))
#36 /var/www/html/Dev/ICNOW-DEV/vendor/laravel/framework/src/Illuminate/Foundation/Http/Kernel.php(151): Illuminate\Pipeline\Pipeline->then(Object(Closure))
#37 /var/www/html/Dev/ICNOW-DEV/vendor/laravel/framework/src/Illuminate/Foundation/Http/Kernel.php(116): Illuminate\Foundation\Http\Kernel->sendRequestThroughRouter(Object(Illuminate\Http\Request))
#38 /var/www/html/Dev/ICNOW-DEV/public/index.php(53): Illuminate\Foundation\Http\Kernel->handle(Object(Illuminate\Http\Request))
#39 {main}  
[2018-09-12 18:40:13] local.ERROR: ErrorException: Undefined index: dt_code in /var/www/html/Dev/ICNOW-DEV/app/Http/Controllers/API/v1/ICNOW/Mini/MiniController.php:19
Stack trace:
#0 /var/www/html/Dev/ICNOW-DEV/app/Http/Controllers/API/v1/ICNOW/Mini/MiniController.php(19): Illuminate\Foundation\Bootstrap\HandleExceptions->handleError(8, 'Undefined index...', '/var/www/html/D...', 19, Array)
#1 [internal function]: YellowProject\Http\Controllers\API\v1\ICNOW\Mini\MiniController->index(Object(Illuminate\Http\Request))
#2 /var/www/html/Dev/ICNOW-DEV/vendor/laravel/framework/src/Illuminate/Routing/Controller.php(55): call_user_func_array(Array, Array)
#3 /var/www/html/Dev/ICNOW-DEV/vendor/laravel/framework/src/Illuminate/Routing/ControllerDispatcher.php(44): Illuminate\Routing\Controller->callAction('index', Array)
#4 /var/www/html/Dev/ICNOW-DEV/vendor/laravel/framework/src/Illuminate/Routing/Route.php(203): Illuminate\Routing\ControllerDispatcher->dispatch(Object(Illuminate\Routing\Route), Object(YellowProject\Http\Controllers\API\v1\ICNOW\Mini\MiniController), 'index')
#5 /var/www/html/Dev/ICNOW-DEV/vendor/laravel/framework/src/Illuminate/Routing/Route.php(160): Illuminate\Routing\Route->runController()
#6 /var/www/html/Dev/ICNOW-DEV/vendor/laravel/framework/src/Illuminate/Routing/Router.php(574): Illuminate\Routing\Route->run()
#7 /var/www/html/Dev/ICNOW-DEV/vendor/laravel/framework/src/Illuminate/Routing/Pipeline.php(30): Illuminate\Routing\Router->Illuminate\Routing\{closure}(Object(Illuminate\Http\Request))
#8 /var/www/html/Dev/ICNOW-DEV/vendor/barryvdh/laravel-cors/src/HandleCors.php(42): Illuminate\Routing\Pipeline->Illuminate\Routing\{closure}(Object(Illuminate\Http\Request))
#9 /var/www/html/Dev/ICNOW-DEV/vendor/laravel/framework/src/Illuminate/Pipeline/Pipeline.php(148): Barryvdh\Cors\HandleCors->handle(Object(Illuminate\Http\Request), Object(Closure))
#10 /var/www/html/Dev/ICNOW-DEV/vendor/laravel/framework/src/Illuminate/Routing/Pipeline.php(53): Illuminate\Pipeline\Pipeline->Illuminate\Pipeline\{closure}(Object(Illuminate\Http\Request))
#11 /var/www/html/Dev/ICNOW-DEV/vendor/laravel/framework/src/Illuminate/Routing/Middleware/SubstituteBindings.php(41): Illuminate\Routing\Pipeline->Illuminate\Routing\{closure}(Object(Illuminate\Http\Request))
#12 /var/www/html/Dev/ICNOW-DEV/vendor/laravel/framework/src/Illuminate/Pipeline/Pipeline.php(148): Illuminate\Routing\Middleware\SubstituteBindings->handle(Object(Illuminate\Http\Request), Object(Closure))
#13 /var/www/html/Dev/ICNOW-DEV/vendor/laravel/framework/src/Illuminate/Routing/Pipeline.php(53): Illuminate\Pipeline\Pipeline->Illuminate\Pipeline\{closure}(Object(Illuminate\Http\Request))
#14 /var/www/html/Dev/ICNOW-DEV/vendor/laravel/framework/src/Illuminate/Routing/Middleware/ThrottleRequests.php(49): Illuminate\Routing\Pipeline->Illuminate\Routing\{closure}(Object(Illuminate\Http\Request))
#15 /var/www/html/Dev/ICNOW-DEV/vendor/laravel/framework/src/Illuminate/Pipeline/Pipeline.php(148): Illuminate\Routing\Middleware\ThrottleRequests->handle(Object(Illuminate\Http\Request), Object(Closure), '60', '1')
#16 /var/www/html/Dev/ICNOW-DEV/vendor/laravel/framework/src/Illuminate/Routing/Pipeline.php(53): Illuminate\Pipeline\Pipeline->Illuminate\Pipeline\{closure}(Object(Illuminate\Http\Request))
#17 /var/www/html/Dev/ICNOW-DEV/vendor/laravel/framework/src/Illuminate/Pipeline/Pipeline.php(102): Illuminate\Routing\Pipeline->Illuminate\Routing\{closure}(Object(Illuminate\Http\Request))
#18 /var/www/html/Dev/ICNOW-DEV/vendor/laravel/framework/src/Illuminate/Routing/Router.php(576): Illuminate\Pipeline\Pipeline->then(Object(Closure))
#19 /var/www/html/Dev/ICNOW-DEV/vendor/laravel/framework/src/Illuminate/Routing/Router.php(535): Illuminate\Routing\Router->runRouteWithinStack(Object(Illuminate\Routing\Route), Object(Illuminate\Http\Request))
#20 /var/www/html/Dev/ICNOW-DEV/vendor/laravel/framework/src/Illuminate/Routing/Router.php(513): Illuminate\Routing\Router->dispatchToRoute(Object(Illuminate\Http\Request))
#21 /var/www/html/Dev/ICNOW-DEV/vendor/laravel/framework/src/Illuminate/Foundation/Http/Kernel.php(176): Illuminate\Routing\Router->dispatch(Object(Illuminate\Http\Request))
#22 /var/www/html/Dev/ICNOW-DEV/vendor/laravel/framework/src/Illuminate/Routing/Pipeline.php(30): Illuminate\Foundation\Http\Kernel->Illuminate\Foundation\Http\{closure}(Object(Illuminate\Http\Request))
#23 /var/www/html/Dev/ICNOW-DEV/vendor/laravel/framework/src/Illuminate/Foundation/Http/Middleware/TransformsRequest.php(30): Illuminate\Routing\Pipeline->Illuminate\Routing\{closure}(Object(Illuminate\Http\Request))
#24 /var/www/html/Dev/ICNOW-DEV/vendor/laravel/framework/src/Illuminate/Pipeline/Pipeline.php(148): Illuminate\Foundation\Http\Middleware\TransformsRequest->handle(Object(Illuminate\Http\Request), Object(Closure))
#25 /var/www/html/Dev/ICNOW-DEV/vendor/laravel/framework/src/Illuminate/Routing/Pipeline.php(53): Illuminate\Pipeline\Pipeline->Illuminate\Pipeline\{closure}(Object(Illuminate\Http\Request))
#26 /var/www/html/Dev/ICNOW-DEV/vendor/laravel/framework/src/Illuminate/Foundation/Http/Middleware/TransformsRequest.php(30): Illuminate\Routing\Pipeline->Illuminate\Routing\{closure}(Object(Illuminate\Http\Request))
#27 /var/www/html/Dev/ICNOW-DEV/vendor/laravel/framework/src/Illuminate/Pipeline/Pipeline.php(148): Illuminate\Foundation\Http\Middleware\TransformsRequest->handle(Object(Illuminate\Http\Request), Object(Closure))
#28 /var/www/html/Dev/ICNOW-DEV/vendor/laravel/framework/src/Illuminate/Routing/Pipeline.php(53): Illuminate\Pipeline\Pipeline->Illuminate\Pipeline\{closure}(Object(Illuminate\Http\Request))
#29 /var/www/html/Dev/ICNOW-DEV/vendor/laravel/framework/src/Illuminate/Foundation/Http/Middleware/ValidatePostSize.php(27): Illuminate\Routing\Pipeline->Illuminate\Routing\{closure}(Object(Illuminate\Http\Request))
#30 /var/www/html/Dev/ICNOW-DEV/vendor/laravel/framework/src/Illuminate/Pipeline/Pipeline.php(148): Illuminate\Foundation\Http\Middleware\ValidatePostSize->handle(Object(Illuminate\Http\Request), Object(Closure))
#31 /var/www/html/Dev/ICNOW-DEV/vendor/laravel/framework/src/Illuminate/Routing/Pipeline.php(53): Illuminate\Pipeline\Pipeline->Illuminate\Pipeline\{closure}(Object(Illuminate\Http\Request))
#32 /var/www/html/Dev/ICNOW-DEV/vendor/laravel/framework/src/Illuminate/Foundation/Http/Middleware/CheckForMaintenanceMode.php(46): Illuminate\Routing\Pipeline->Illuminate\Routing\{closure}(Object(Illuminate\Http\Request))
#33 /var/www/html/Dev/ICNOW-DEV/vendor/laravel/framework/src/Illuminate/Pipeline/Pipeline.php(148): Illuminate\Foundation\Http\Middleware\CheckForMaintenanceMode->handle(Object(Illuminate\Http\Request), Object(Closure))
#34 /var/www/html/Dev/ICNOW-DEV/vendor/laravel/framework/src/Illuminate/Routing/Pipeline.php(53): Illuminate\Pipeline\Pipeline->Illuminate\Pipeline\{closure}(Object(Illuminate\Http\Request))
#35 /var/www/html/Dev/ICNOW-DEV/vendor/laravel/framework/src/Illuminate/Pipeline/Pipeline.php(102): Illuminate\Routing\Pipeline->Illuminate\Routing\{closure}(Object(Illuminate\Http\Request))
#36 /var/www/html/Dev/ICNOW-DEV/vendor/laravel/framework/src/Illuminate/Foundation/Http/Kernel.php(151): Illuminate\Pipeline\Pipeline->then(Object(Closure))
#37 /var/www/html/Dev/ICNOW-DEV/vendor/laravel/framework/src/Illuminate/Foundation/Http/Kernel.php(116): Illuminate\Foundation\Http\Kernel->sendRequestThroughRouter(Object(Illuminate\Http\Request))
#38 /var/www/html/Dev/ICNOW-DEV/public/index.php(53): Illuminate\Foundation\Http\Kernel->handle(Object(Illuminate\Http\Request))
#39 {main}  
[2018-09-12 19:15:07] local.ERROR: Symfony\Component\HttpKernel\Exception\NotFoundHttpException in /var/www/html/Dev/ICNOW-DEV/vendor/laravel/framework/src/Illuminate/Routing/RouteCollection.php:179
Stack trace:
#0 /var/www/html/Dev/ICNOW-DEV/vendor/barryvdh/laravel-cors/src/HandlePreflight.php(57): Illuminate\Routing\RouteCollection->match(Object(Illuminate\Http\Request))
#1 /var/www/html/Dev/ICNOW-DEV/vendor/barryvdh/laravel-cors/src/HandlePreflight.php(31): Barryvdh\Cors\HandlePreflight->hasMatchingCorsRoute(Object(Illuminate\Http\Request))
#2 /var/www/html/Dev/ICNOW-DEV/vendor/laravel/framework/src/Illuminate/Pipeline/Pipeline.php(148): Barryvdh\Cors\HandlePreflight->handle(Object(Illuminate\Http\Request), Object(Closure))
#3 /var/www/html/Dev/ICNOW-DEV/vendor/laravel/framework/src/Illuminate/Routing/Pipeline.php(53): Illuminate\Pipeline\Pipeline->Illuminate\Pipeline\{closure}(Object(Illuminate\Http\Request))
#4 /var/www/html/Dev/ICNOW-DEV/vendor/laravel/framework/src/Illuminate/Pipeline/Pipeline.php(102): Illuminate\Routing\Pipeline->Illuminate\Routing\{closure}(Object(Illuminate\Http\Request))
#5 /var/www/html/Dev/ICNOW-DEV/vendor/laravel/framework/src/Illuminate/Foundation/Http/Kernel.php(151): Illuminate\Pipeline\Pipeline->then(Object(Closure))
#6 /var/www/html/Dev/ICNOW-DEV/vendor/laravel/framework/src/Illuminate/Foundation/Http/Kernel.php(116): Illuminate\Foundation\Http\Kernel->sendRequestThroughRouter(Object(Illuminate\Http\Request))
#7 /var/www/html/Dev/ICNOW-DEV/public/index.php(53): Illuminate\Foundation\Http\Kernel->handle(Object(Illuminate\Http\Request))
#8 {main}  
[2018-09-12 19:19:03] local.ERROR: Symfony\Component\HttpKernel\Exception\NotFoundHttpException in /var/www/html/Dev/ICNOW-DEV/vendor/laravel/framework/src/Illuminate/Routing/RouteCollection.php:179
Stack trace:
#0 /var/www/html/Dev/ICNOW-DEV/vendor/barryvdh/laravel-cors/src/HandlePreflight.php(57): Illuminate\Routing\RouteCollection->match(Object(Illuminate\Http\Request))
#1 /var/www/html/Dev/ICNOW-DEV/vendor/barryvdh/laravel-cors/src/HandlePreflight.php(31): Barryvdh\Cors\HandlePreflight->hasMatchingCorsRoute(Object(Illuminate\Http\Request))
#2 /var/www/html/Dev/ICNOW-DEV/vendor/laravel/framework/src/Illuminate/Pipeline/Pipeline.php(148): Barryvdh\Cors\HandlePreflight->handle(Object(Illuminate\Http\Request), Object(Closure))
#3 /var/www/html/Dev/ICNOW-DEV/vendor/laravel/framework/src/Illuminate/Routing/Pipeline.php(53): Illuminate\Pipeline\Pipeline->Illuminate\Pipeline\{closure}(Object(Illuminate\Http\Request))
#4 /var/www/html/Dev/ICNOW-DEV/vendor/laravel/framework/src/Illuminate/Pipeline/Pipeline.php(102): Illuminate\Routing\Pipeline->Illuminate\Routing\{closure}(Object(Illuminate\Http\Request))
#5 /var/www/html/Dev/ICNOW-DEV/vendor/laravel/framework/src/Illuminate/Foundation/Http/Kernel.php(151): Illuminate\Pipeline\Pipeline->then(Object(Closure))
#6 /var/www/html/Dev/ICNOW-DEV/vendor/laravel/framework/src/Illuminate/Foundation/Http/Kernel.php(116): Illuminate\Foundation\Http\Kernel->sendRequestThroughRouter(Object(Illuminate\Http\Request))
#7 /var/www/html/Dev/ICNOW-DEV/public/index.php(53): Illuminate\Foundation\Http\Kernel->handle(Object(Illuminate\Http\Request))
#8 {main}  
[2018-09-12 19:27:39] local.ERROR: Symfony\Component\Debug\Exception\FatalThrowableError: Type error: Argument 1 passed to Illuminate\Database\Eloquent\Model::update() must be of the type array, null given, called in /var/www/html/Dev/ICNOW-DEV/app/Http/Controllers/API/v1/ICNOW/Mini/MiniController.php on line 131 in /var/www/html/Dev/ICNOW-DEV/vendor/laravel/framework/src/Illuminate/Database/Eloquent/Model.php:456
Stack trace:
#0 /var/www/html/Dev/ICNOW-DEV/app/Http/Controllers/API/v1/ICNOW/Mini/MiniController.php(131): Illuminate\Database\Eloquent\Model->update(NULL)
#1 [internal function]: YellowProject\Http\Controllers\API\v1\ICNOW\Mini\MiniController->update(Object(Illuminate\Http\Request), '1')
#2 /var/www/html/Dev/ICNOW-DEV/vendor/laravel/framework/src/Illuminate/Routing/Controller.php(55): call_user_func_array(Array, Array)
#3 /var/www/html/Dev/ICNOW-DEV/vendor/laravel/framework/src/Illuminate/Routing/ControllerDispatcher.php(44): Illuminate\Routing\Controller->callAction('update', Array)
#4 /var/www/html/Dev/ICNOW-DEV/vendor/laravel/framework/src/Illuminate/Routing/Route.php(203): Illuminate\Routing\ControllerDispatcher->dispatch(Object(Illuminate\Routing\Route), Object(YellowProject\Http\Controllers\API\v1\ICNOW\Mini\MiniController), 'update')
#5 /var/www/html/Dev/ICNOW-DEV/vendor/laravel/framework/src/Illuminate/Routing/Route.php(160): Illuminate\Routing\Route->runController()
#6 /var/www/html/Dev/ICNOW-DEV/vendor/laravel/framework/src/Illuminate/Routing/Router.php(574): Illuminate\Routing\Route->run()
#7 /var/www/html/Dev/ICNOW-DEV/vendor/laravel/framework/src/Illuminate/Routing/Pipeline.php(30): Illuminate\Routing\Router->Illuminate\Routing\{closure}(Object(Illuminate\Http\Request))
#8 /var/www/html/Dev/ICNOW-DEV/vendor/barryvdh/laravel-cors/src/HandleCors.php(42): Illuminate\Routing\Pipeline->Illuminate\Routing\{closure}(Object(Illuminate\Http\Request))
#9 /var/www/html/Dev/ICNOW-DEV/vendor/laravel/framework/src/Illuminate/Pipeline/Pipeline.php(148): Barryvdh\Cors\HandleCors->handle(Object(Illuminate\Http\Request), Object(Closure))
#10 /var/www/html/Dev/ICNOW-DEV/vendor/laravel/framework/src/Illuminate/Routing/Pipeline.php(53): Illuminate\Pipeline\Pipeline->Illuminate\Pipeline\{closure}(Object(Illuminate\Http\Request))
#11 /var/www/html/Dev/ICNOW-DEV/vendor/laravel/framework/src/Illuminate/Routing/Middleware/SubstituteBindings.php(41): Illuminate\Routing\Pipeline->Illuminate\Routing\{closure}(Object(Illuminate\Http\Request))
#12 /var/www/html/Dev/ICNOW-DEV/vendor/laravel/framework/src/Illuminate/Pipeline/Pipeline.php(148): Illuminate\Routing\Middleware\SubstituteBindings->handle(Object(Illuminate\Http\Request), Object(Closure))
#13 /var/www/html/Dev/ICNOW-DEV/vendor/laravel/framework/src/Illuminate/Routing/Pipeline.php(53): Illuminate\Pipeline\Pipeline->Illuminate\Pipeline\{closure}(Object(Illuminate\Http\Request))
#14 /var/www/html/Dev/ICNOW-DEV/vendor/laravel/framework/src/Illuminate/Routing/Middleware/ThrottleRequests.php(49): Illuminate\Routing\Pipeline->Illuminate\Routing\{closure}(Object(Illuminate\Http\Request))
#15 /var/www/html/Dev/ICNOW-DEV/vendor/laravel/framework/src/Illuminate/Pipeline/Pipeline.php(148): Illuminate\Routing\Middleware\ThrottleRequests->handle(Object(Illuminate\Http\Request), Object(Closure), '60', '1')
#16 /var/www/html/Dev/ICNOW-DEV/vendor/laravel/framework/src/Illuminate/Routing/Pipeline.php(53): Illuminate\Pipeline\Pipeline->Illuminate\Pipeline\{closure}(Object(Illuminate\Http\Request))
#17 /var/www/html/Dev/ICNOW-DEV/vendor/laravel/framework/src/Illuminate/Pipeline/Pipeline.php(102): Illuminate\Routing\Pipeline->Illuminate\Routing\{closure}(Object(Illuminate\Http\Request))
#18 /var/www/html/Dev/ICNOW-DEV/vendor/laravel/framework/src/Illuminate/Routing/Router.php(576): Illuminate\Pipeline\Pipeline->then(Object(Closure))
#19 /var/www/html/Dev/ICNOW-DEV/vendor/laravel/framework/src/Illuminate/Routing/Router.php(535): Illuminate\Routing\Router->runRouteWithinStack(Object(Illuminate\Routing\Route), Object(Illuminate\Http\Request))
#20 /var/www/html/Dev/ICNOW-DEV/vendor/laravel/framework/src/Illuminate/Routing/Router.php(513): Illuminate\Routing\Router->dispatchToRoute(Object(Illuminate\Http\Request))
#21 /var/www/html/Dev/ICNOW-DEV/vendor/laravel/framework/src/Illuminate/Foundation/Http/Kernel.php(176): Illuminate\Routing\Router->dispatch(Object(Illuminate\Http\Request))
#22 /var/www/html/Dev/ICNOW-DEV/vendor/laravel/framework/src/Illuminate/Routing/Pipeline.php(30): Illuminate\Foundation\Http\Kernel->Illuminate\Foundation\Http\{closure}(Object(Illuminate\Http\Request))
#23 /var/www/html/Dev/ICNOW-DEV/vendor/laravel/framework/src/Illuminate/Foundation/Http/Middleware/TransformsRequest.php(30): Illuminate\Routing\Pipeline->Illuminate\Routing\{closure}(Object(Illuminate\Http\Request))
#24 /var/www/html/Dev/ICNOW-DEV/vendor/laravel/framework/src/Illuminate/Pipeline/Pipeline.php(148): Illuminate\Foundation\Http\Middleware\TransformsRequest->handle(Object(Illuminate\Http\Request), Object(Closure))
#25 /var/www/html/Dev/ICNOW-DEV/vendor/laravel/framework/src/Illuminate/Routing/Pipeline.php(53): Illuminate\Pipeline\Pipeline->Illuminate\Pipeline\{closure}(Object(Illuminate\Http\Request))
#26 /var/www/html/Dev/ICNOW-DEV/vendor/laravel/framework/src/Illuminate/Foundation/Http/Middleware/TransformsRequest.php(30): Illuminate\Routing\Pipeline->Illuminate\Routing\{closure}(Object(Illuminate\Http\Request))
#27 /var/www/html/Dev/ICNOW-DEV/vendor/laravel/framework/src/Illuminate/Pipeline/Pipeline.php(148): Illuminate\Foundation\Http\Middleware\TransformsRequest->handle(Object(Illuminate\Http\Request), Object(Closure))
#28 /var/www/html/Dev/ICNOW-DEV/vendor/laravel/framework/src/Illuminate/Routing/Pipeline.php(53): Illuminate\Pipeline\Pipeline->Illuminate\Pipeline\{closure}(Object(Illuminate\Http\Request))
#29 /var/www/html/Dev/ICNOW-DEV/vendor/laravel/framework/src/Illuminate/Foundation/Http/Middleware/ValidatePostSize.php(27): Illuminate\Routing\Pipeline->Illuminate\Routing\{closure}(Object(Illuminate\Http\Request))
#30 /var/www/html/Dev/ICNOW-DEV/vendor/laravel/framework/src/Illuminate/Pipeline/Pipeline.php(148): Illuminate\Foundation\Http\Middleware\ValidatePostSize->handle(Object(Illuminate\Http\Request), Object(Closure))
#31 /var/www/html/Dev/ICNOW-DEV/vendor/laravel/framework/src/Illuminate/Routing/Pipeline.php(53): Illuminate\Pipeline\Pipeline->Illuminate\Pipeline\{closure}(Object(Illuminate\Http\Request))
#32 /var/www/html/Dev/ICNOW-DEV/vendor/laravel/framework/src/Illuminate/Foundation/Http/Middleware/CheckForMaintenanceMode.php(46): Illuminate\Routing\Pipeline->Illuminate\Routing\{closure}(Object(Illuminate\Http\Request))
#33 /var/www/html/Dev/ICNOW-DEV/vendor/laravel/framework/src/Illuminate/Pipeline/Pipeline.php(148): Illuminate\Foundation\Http\Middleware\CheckForMaintenanceMode->handle(Object(Illuminate\Http\Request), Object(Closure))
#34 /var/www/html/Dev/ICNOW-DEV/vendor/laravel/framework/src/Illuminate/Routing/Pipeline.php(53): Illuminate\Pipeline\Pipeline->Illuminate\Pipeline\{closure}(Object(Illuminate\Http\Request))
#35 /var/www/html/Dev/ICNOW-DEV/vendor/laravel/framework/src/Illuminate/Pipeline/Pipeline.php(102): Illuminate\Routing\Pipeline->Illuminate\Routing\{closure}(Object(Illuminate\Http\Request))
#36 /var/www/html/Dev/ICNOW-DEV/vendor/laravel/framework/src/Illuminate/Foundation/Http/Kernel.php(151): Illuminate\Pipeline\Pipeline->then(Object(Closure))
#37 /var/www/html/Dev/ICNOW-DEV/vendor/laravel/framework/src/Illuminate/Foundation/Http/Kernel.php(116): Illuminate\Foundation\Http\Kernel->sendRequestThroughRouter(Object(Illuminate\Http\Request))
#38 /var/www/html/Dev/ICNOW-DEV/public/index.php(53): Illuminate\Foundation\Http\Kernel->handle(Object(Illuminate\Http\Request))
#39 {main}  
[2018-09-12 19:30:46] local.ERROR: Symfony\Component\Debug\Exception\FatalThrowableError: Type error: Argument 1 passed to Illuminate\Database\Eloquent\Model::update() must be of the type array, null given, called in /var/www/html/Dev/ICNOW-DEV/app/Http/Controllers/API/v1/ICNOW/Mini/MiniController.php on line 131 in /var/www/html/Dev/ICNOW-DEV/vendor/laravel/framework/src/Illuminate/Database/Eloquent/Model.php:456
Stack trace:
#0 /var/www/html/Dev/ICNOW-DEV/app/Http/Controllers/API/v1/ICNOW/Mini/MiniController.php(131): Illuminate\Database\Eloquent\Model->update(NULL)
#1 [internal function]: YellowProject\Http\Controllers\API\v1\ICNOW\Mini\MiniController->update(Object(Illuminate\Http\Request), '2')
#2 /var/www/html/Dev/ICNOW-DEV/vendor/laravel/framework/src/Illuminate/Routing/Controller.php(55): call_user_func_array(Array, Array)
#3 /var/www/html/Dev/ICNOW-DEV/vendor/laravel/framework/src/Illuminate/Routing/ControllerDispatcher.php(44): Illuminate\Routing\Controller->callAction('update', Array)
#4 /var/www/html/Dev/ICNOW-DEV/vendor/laravel/framework/src/Illuminate/Routing/Route.php(203): Illuminate\Routing\ControllerDispatcher->dispatch(Object(Illuminate\Routing\Route), Object(YellowProject\Http\Controllers\API\v1\ICNOW\Mini\MiniController), 'update')
#5 /var/www/html/Dev/ICNOW-DEV/vendor/laravel/framework/src/Illuminate/Routing/Route.php(160): Illuminate\Routing\Route->runController()
#6 /var/www/html/Dev/ICNOW-DEV/vendor/laravel/framework/src/Illuminate/Routing/Router.php(574): Illuminate\Routing\Route->run()
#7 /var/www/html/Dev/ICNOW-DEV/vendor/laravel/framework/src/Illuminate/Routing/Pipeline.php(30): Illuminate\Routing\Router->Illuminate\Routing\{closure}(Object(Illuminate\Http\Request))
#8 /var/www/html/Dev/ICNOW-DEV/vendor/barryvdh/laravel-cors/src/HandleCors.php(42): Illuminate\Routing\Pipeline->Illuminate\Routing\{closure}(Object(Illuminate\Http\Request))
#9 /var/www/html/Dev/ICNOW-DEV/vendor/laravel/framework/src/Illuminate/Pipeline/Pipeline.php(148): Barryvdh\Cors\HandleCors->handle(Object(Illuminate\Http\Request), Object(Closure))
#10 /var/www/html/Dev/ICNOW-DEV/vendor/laravel/framework/src/Illuminate/Routing/Pipeline.php(53): Illuminate\Pipeline\Pipeline->Illuminate\Pipeline\{closure}(Object(Illuminate\Http\Request))
#11 /var/www/html/Dev/ICNOW-DEV/vendor/laravel/framework/src/Illuminate/Routing/Middleware/SubstituteBindings.php(41): Illuminate\Routing\Pipeline->Illuminate\Routing\{closure}(Object(Illuminate\Http\Request))
#12 /var/www/html/Dev/ICNOW-DEV/vendor/laravel/framework/src/Illuminate/Pipeline/Pipeline.php(148): Illuminate\Routing\Middleware\SubstituteBindings->handle(Object(Illuminate\Http\Request), Object(Closure))
#13 /var/www/html/Dev/ICNOW-DEV/vendor/laravel/framework/src/Illuminate/Routing/Pipeline.php(53): Illuminate\Pipeline\Pipeline->Illuminate\Pipeline\{closure}(Object(Illuminate\Http\Request))
#14 /var/www/html/Dev/ICNOW-DEV/vendor/laravel/framework/src/Illuminate/Routing/Middleware/ThrottleRequests.php(49): Illuminate\Routing\Pipeline->Illuminate\Routing\{closure}(Object(Illuminate\Http\Request))
#15 /var/www/html/Dev/ICNOW-DEV/vendor/laravel/framework/src/Illuminate/Pipeline/Pipeline.php(148): Illuminate\Routing\Middleware\ThrottleRequests->handle(Object(Illuminate\Http\Request), Object(Closure), '60', '1')
#16 /var/www/html/Dev/ICNOW-DEV/vendor/laravel/framework/src/Illuminate/Routing/Pipeline.php(53): Illuminate\Pipeline\Pipeline->Illuminate\Pipeline\{closure}(Object(Illuminate\Http\Request))
#17 /var/www/html/Dev/ICNOW-DEV/vendor/laravel/framework/src/Illuminate/Pipeline/Pipeline.php(102): Illuminate\Routing\Pipeline->Illuminate\Routing\{closure}(Object(Illuminate\Http\Request))
#18 /var/www/html/Dev/ICNOW-DEV/vendor/laravel/framework/src/Illuminate/Routing/Router.php(576): Illuminate\Pipeline\Pipeline->then(Object(Closure))
#19 /var/www/html/Dev/ICNOW-DEV/vendor/laravel/framework/src/Illuminate/Routing/Router.php(535): Illuminate\Routing\Router->runRouteWithinStack(Object(Illuminate\Routing\Route), Object(Illuminate\Http\Request))
#20 /var/www/html/Dev/ICNOW-DEV/vendor/laravel/framework/src/Illuminate/Routing/Router.php(513): Illuminate\Routing\Router->dispatchToRoute(Object(Illuminate\Http\Request))
#21 /var/www/html/Dev/ICNOW-DEV/vendor/laravel/framework/src/Illuminate/Foundation/Http/Kernel.php(176): Illuminate\Routing\Router->dispatch(Object(Illuminate\Http\Request))
#22 /var/www/html/Dev/ICNOW-DEV/vendor/laravel/framework/src/Illuminate/Routing/Pipeline.php(30): Illuminate\Foundation\Http\Kernel->Illuminate\Foundation\Http\{closure}(Object(Illuminate\Http\Request))
#23 /var/www/html/Dev/ICNOW-DEV/vendor/laravel/framework/src/Illuminate/Foundation/Http/Middleware/TransformsRequest.php(30): Illuminate\Routing\Pipeline->Illuminate\Routing\{closure}(Object(Illuminate\Http\Request))
#24 /var/www/html/Dev/ICNOW-DEV/vendor/laravel/framework/src/Illuminate/Pipeline/Pipeline.php(148): Illuminate\Foundation\Http\Middleware\TransformsRequest->handle(Object(Illuminate\Http\Request), Object(Closure))
#25 /var/www/html/Dev/ICNOW-DEV/vendor/laravel/framework/src/Illuminate/Routing/Pipeline.php(53): Illuminate\Pipeline\Pipeline->Illuminate\Pipeline\{closure}(Object(Illuminate\Http\Request))
#26 /var/www/html/Dev/ICNOW-DEV/vendor/laravel/framework/src/Illuminate/Foundation/Http/Middleware/TransformsRequest.php(30): Illuminate\Routing\Pipeline->Illuminate\Routing\{closure}(Object(Illuminate\Http\Request))
#27 /var/www/html/Dev/ICNOW-DEV/vendor/laravel/framework/src/Illuminate/Pipeline/Pipeline.php(148): Illuminate\Foundation\Http\Middleware\TransformsRequest->handle(Object(Illuminate\Http\Request), Object(Closure))
#28 /var/www/html/Dev/ICNOW-DEV/vendor/laravel/framework/src/Illuminate/Routing/Pipeline.php(53): Illuminate\Pipeline\Pipeline->Illuminate\Pipeline\{closure}(Object(Illuminate\Http\Request))
#29 /var/www/html/Dev/ICNOW-DEV/vendor/laravel/framework/src/Illuminate/Foundation/Http/Middleware/ValidatePostSize.php(27): Illuminate\Routing\Pipeline->Illuminate\Routing\{closure}(Object(Illuminate\Http\Request))
#30 /var/www/html/Dev/ICNOW-DEV/vendor/laravel/framework/src/Illuminate/Pipeline/Pipeline.php(148): Illuminate\Foundation\Http\Middleware\ValidatePostSize->handle(Object(Illuminate\Http\Request), Object(Closure))
#31 /var/www/html/Dev/ICNOW-DEV/vendor/laravel/framework/src/Illuminate/Routing/Pipeline.php(53): Illuminate\Pipeline\Pipeline->Illuminate\Pipeline\{closure}(Object(Illuminate\Http\Request))
#32 /var/www/html/Dev/ICNOW-DEV/vendor/laravel/framework/src/Illuminate/Foundation/Http/Middleware/CheckForMaintenanceMode.php(46): Illuminate\Routing\Pipeline->Illuminate\Routing\{closure}(Object(Illuminate\Http\Request))
#33 /var/www/html/Dev/ICNOW-DEV/vendor/laravel/framework/src/Illuminate/Pipeline/Pipeline.php(148): Illuminate\Foundation\Http\Middleware\CheckForMaintenanceMode->handle(Object(Illuminate\Http\Request), Object(Closure))
#34 /var/www/html/Dev/ICNOW-DEV/vendor/laravel/framework/src/Illuminate/Routing/Pipeline.php(53): Illuminate\Pipeline\Pipeline->Illuminate\Pipeline\{closure}(Object(Illuminate\Http\Request))
#35 /var/www/html/Dev/ICNOW-DEV/vendor/laravel/framework/src/Illuminate/Pipeline/Pipeline.php(102): Illuminate\Routing\Pipeline->Illuminate\Routing\{closure}(Object(Illuminate\Http\Request))
#36 /var/www/html/Dev/ICNOW-DEV/vendor/laravel/framework/src/Illuminate/Foundation/Http/Kernel.php(151): Illuminate\Pipeline\Pipeline->then(Object(Closure))
#37 /var/www/html/Dev/ICNOW-DEV/vendor/laravel/framework/src/Illuminate/Foundation/Http/Kernel.php(116): Illuminate\Foundation\Http\Kernel->sendRequestThroughRouter(Object(Illuminate\Http\Request))
#38 /var/www/html/Dev/ICNOW-DEV/public/index.php(53): Illuminate\Foundation\Http\Kernel->handle(Object(Illuminate\Http\Request))
#39 {main}  
[2018-09-12 19:32:02] local.ERROR: Symfony\Component\Debug\Exception\FatalThrowableError: Type error: Argument 1 passed to Illuminate\Database\Eloquent\Model::update() must be of the type array, null given, called in /var/www/html/Dev/ICNOW-DEV/app/Http/Controllers/API/v1/ICNOW/Mini/MiniController.php on line 131 in /var/www/html/Dev/ICNOW-DEV/vendor/laravel/framework/src/Illuminate/Database/Eloquent/Model.php:456
Stack trace:
#0 /var/www/html/Dev/ICNOW-DEV/app/Http/Controllers/API/v1/ICNOW/Mini/MiniController.php(131): Illuminate\Database\Eloquent\Model->update(NULL)
#1 [internal function]: YellowProject\Http\Controllers\API\v1\ICNOW\Mini\MiniController->update(Object(Illuminate\Http\Request), '1')
#2 /var/www/html/Dev/ICNOW-DEV/vendor/laravel/framework/src/Illuminate/Routing/Controller.php(55): call_user_func_array(Array, Array)
#3 /var/www/html/Dev/ICNOW-DEV/vendor/laravel/framework/src/Illuminate/Routing/ControllerDispatcher.php(44): Illuminate\Routing\Controller->callAction('update', Array)
#4 /var/www/html/Dev/ICNOW-DEV/vendor/laravel/framework/src/Illuminate/Routing/Route.php(203): Illuminate\Routing\ControllerDispatcher->dispatch(Object(Illuminate\Routing\Route), Object(YellowProject\Http\Controllers\API\v1\ICNOW\Mini\MiniController), 'update')
#5 /var/www/html/Dev/ICNOW-DEV/vendor/laravel/framework/src/Illuminate/Routing/Route.php(160): Illuminate\Routing\Route->runController()
#6 /var/www/html/Dev/ICNOW-DEV/vendor/laravel/framework/src/Illuminate/Routing/Router.php(574): Illuminate\Routing\Route->run()
#7 /var/www/html/Dev/ICNOW-DEV/vendor/laravel/framework/src/Illuminate/Routing/Pipeline.php(30): Illuminate\Routing\Router->Illuminate\Routing\{closure}(Object(Illuminate\Http\Request))
#8 /var/www/html/Dev/ICNOW-DEV/vendor/barryvdh/laravel-cors/src/HandleCors.php(42): Illuminate\Routing\Pipeline->Illuminate\Routing\{closure}(Object(Illuminate\Http\Request))
#9 /var/www/html/Dev/ICNOW-DEV/vendor/laravel/framework/src/Illuminate/Pipeline/Pipeline.php(148): Barryvdh\Cors\HandleCors->handle(Object(Illuminate\Http\Request), Object(Closure))
#10 /var/www/html/Dev/ICNOW-DEV/vendor/laravel/framework/src/Illuminate/Routing/Pipeline.php(53): Illuminate\Pipeline\Pipeline->Illuminate\Pipeline\{closure}(Object(Illuminate\Http\Request))
#11 /var/www/html/Dev/ICNOW-DEV/vendor/laravel/framework/src/Illuminate/Routing/Middleware/SubstituteBindings.php(41): Illuminate\Routing\Pipeline->Illuminate\Routing\{closure}(Object(Illuminate\Http\Request))
#12 /var/www/html/Dev/ICNOW-DEV/vendor/laravel/framework/src/Illuminate/Pipeline/Pipeline.php(148): Illuminate\Routing\Middleware\SubstituteBindings->handle(Object(Illuminate\Http\Request), Object(Closure))
#13 /var/www/html/Dev/ICNOW-DEV/vendor/laravel/framework/src/Illuminate/Routing/Pipeline.php(53): Illuminate\Pipeline\Pipeline->Illuminate\Pipeline\{closure}(Object(Illuminate\Http\Request))
#14 /var/www/html/Dev/ICNOW-DEV/vendor/laravel/framework/src/Illuminate/Routing/Middleware/ThrottleRequests.php(49): Illuminate\Routing\Pipeline->Illuminate\Routing\{closure}(Object(Illuminate\Http\Request))
#15 /var/www/html/Dev/ICNOW-DEV/vendor/laravel/framework/src/Illuminate/Pipeline/Pipeline.php(148): Illuminate\Routing\Middleware\ThrottleRequests->handle(Object(Illuminate\Http\Request), Object(Closure), '60', '1')
#16 /var/www/html/Dev/ICNOW-DEV/vendor/laravel/framework/src/Illuminate/Routing/Pipeline.php(53): Illuminate\Pipeline\Pipeline->Illuminate\Pipeline\{closure}(Object(Illuminate\Http\Request))
#17 /var/www/html/Dev/ICNOW-DEV/vendor/laravel/framework/src/Illuminate/Pipeline/Pipeline.php(102): Illuminate\Routing\Pipeline->Illuminate\Routing\{closure}(Object(Illuminate\Http\Request))
#18 /var/www/html/Dev/ICNOW-DEV/vendor/laravel/framework/src/Illuminate/Routing/Router.php(576): Illuminate\Pipeline\Pipeline->then(Object(Closure))
#19 /var/www/html/Dev/ICNOW-DEV/vendor/laravel/framework/src/Illuminate/Routing/Router.php(535): Illuminate\Routing\Router->runRouteWithinStack(Object(Illuminate\Routing\Route), Object(Illuminate\Http\Request))
#20 /var/www/html/Dev/ICNOW-DEV/vendor/laravel/framework/src/Illuminate/Routing/Router.php(513): Illuminate\Routing\Router->dispatchToRoute(Object(Illuminate\Http\Request))
#21 /var/www/html/Dev/ICNOW-DEV/vendor/laravel/framework/src/Illuminate/Foundation/Http/Kernel.php(176): Illuminate\Routing\Router->dispatch(Object(Illuminate\Http\Request))
#22 /var/www/html/Dev/ICNOW-DEV/vendor/laravel/framework/src/Illuminate/Routing/Pipeline.php(30): Illuminate\Foundation\Http\Kernel->Illuminate\Foundation\Http\{closure}(Object(Illuminate\Http\Request))
#23 /var/www/html/Dev/ICNOW-DEV/vendor/laravel/framework/src/Illuminate/Foundation/Http/Middleware/TransformsRequest.php(30): Illuminate\Routing\Pipeline->Illuminate\Routing\{closure}(Object(Illuminate\Http\Request))
#24 /var/www/html/Dev/ICNOW-DEV/vendor/laravel/framework/src/Illuminate/Pipeline/Pipeline.php(148): Illuminate\Foundation\Http\Middleware\TransformsRequest->handle(Object(Illuminate\Http\Request), Object(Closure))
#25 /var/www/html/Dev/ICNOW-DEV/vendor/laravel/framework/src/Illuminate/Routing/Pipeline.php(53): Illuminate\Pipeline\Pipeline->Illuminate\Pipeline\{closure}(Object(Illuminate\Http\Request))
#26 /var/www/html/Dev/ICNOW-DEV/vendor/laravel/framework/src/Illuminate/Foundation/Http/Middleware/TransformsRequest.php(30): Illuminate\Routing\Pipeline->Illuminate\Routing\{closure}(Object(Illuminate\Http\Request))
#27 /var/www/html/Dev/ICNOW-DEV/vendor/laravel/framework/src/Illuminate/Pipeline/Pipeline.php(148): Illuminate\Foundation\Http\Middleware\TransformsRequest->handle(Object(Illuminate\Http\Request), Object(Closure))
#28 /var/www/html/Dev/ICNOW-DEV/vendor/laravel/framework/src/Illuminate/Routing/Pipeline.php(53): Illuminate\Pipeline\Pipeline->Illuminate\Pipeline\{closure}(Object(Illuminate\Http\Request))
#29 /var/www/html/Dev/ICNOW-DEV/vendor/laravel/framework/src/Illuminate/Foundation/Http/Middleware/ValidatePostSize.php(27): Illuminate\Routing\Pipeline->Illuminate\Routing\{closure}(Object(Illuminate\Http\Request))
#30 /var/www/html/Dev/ICNOW-DEV/vendor/laravel/framework/src/Illuminate/Pipeline/Pipeline.php(148): Illuminate\Foundation\Http\Middleware\ValidatePostSize->handle(Object(Illuminate\Http\Request), Object(Closure))
#31 /var/www/html/Dev/ICNOW-DEV/vendor/laravel/framework/src/Illuminate/Routing/Pipeline.php(53): Illuminate\Pipeline\Pipeline->Illuminate\Pipeline\{closure}(Object(Illuminate\Http\Request))
#32 /var/www/html/Dev/ICNOW-DEV/vendor/laravel/framework/src/Illuminate/Foundation/Http/Middleware/CheckForMaintenanceMode.php(46): Illuminate\Routing\Pipeline->Illuminate\Routing\{closure}(Object(Illuminate\Http\Request))
#33 /var/www/html/Dev/ICNOW-DEV/vendor/laravel/framework/src/Illuminate/Pipeline/Pipeline.php(148): Illuminate\Foundation\Http\Middleware\CheckForMaintenanceMode->handle(Object(Illuminate\Http\Request), Object(Closure))
#34 /var/www/html/Dev/ICNOW-DEV/vendor/laravel/framework/src/Illuminate/Routing/Pipeline.php(53): Illuminate\Pipeline\Pipeline->Illuminate\Pipeline\{closure}(Object(Illuminate\Http\Request))
#35 /var/www/html/Dev/ICNOW-DEV/vendor/laravel/framework/src/Illuminate/Pipeline/Pipeline.php(102): Illuminate\Routing\Pipeline->Illuminate\Routing\{closure}(Object(Illuminate\Http\Request))
#36 /var/www/html/Dev/ICNOW-DEV/vendor/laravel/framework/src/Illuminate/Foundation/Http/Kernel.php(151): Illuminate\Pipeline\Pipeline->then(Object(Closure))
#37 /var/www/html/Dev/ICNOW-DEV/vendor/laravel/framework/src/Illuminate/Foundation/Http/Kernel.php(116): Illuminate\Foundation\Http\Kernel->sendRequestThroughRouter(Object(Illuminate\Http\Request))
#38 /var/www/html/Dev/ICNOW-DEV/public/index.php(53): Illuminate\Foundation\Http\Kernel->handle(Object(Illuminate\Http\Request))
#39 {main}  
[2018-09-12 21:23:45] local.ERROR: Symfony\Component\Debug\Exception\FatalThrowableError: Call to a member function update() on null in /var/www/html/Dev/ICNOW-DEV/app/Http/Controllers/API/v1/ICNOW/Mini/MiniController.php:131
Stack trace:
#0 [internal function]: YellowProject\Http\Controllers\API\v1\ICNOW\Mini\MiniController->update(Object(Illuminate\Http\Request), '0')
#1 /var/www/html/Dev/ICNOW-DEV/vendor/laravel/framework/src/Illuminate/Routing/Controller.php(55): call_user_func_array(Array, Array)
#2 /var/www/html/Dev/ICNOW-DEV/vendor/laravel/framework/src/Illuminate/Routing/ControllerDispatcher.php(44): Illuminate\Routing\Controller->callAction('update', Array)
#3 /var/www/html/Dev/ICNOW-DEV/vendor/laravel/framework/src/Illuminate/Routing/Route.php(203): Illuminate\Routing\ControllerDispatcher->dispatch(Object(Illuminate\Routing\Route), Object(YellowProject\Http\Controllers\API\v1\ICNOW\Mini\MiniController), 'update')
#4 /var/www/html/Dev/ICNOW-DEV/vendor/laravel/framework/src/Illuminate/Routing/Route.php(160): Illuminate\Routing\Route->runController()
#5 /var/www/html/Dev/ICNOW-DEV/vendor/laravel/framework/src/Illuminate/Routing/Router.php(574): Illuminate\Routing\Route->run()
#6 /var/www/html/Dev/ICNOW-DEV/vendor/laravel/framework/src/Illuminate/Routing/Pipeline.php(30): Illuminate\Routing\Router->Illuminate\Routing\{closure}(Object(Illuminate\Http\Request))
#7 /var/www/html/Dev/ICNOW-DEV/vendor/barryvdh/laravel-cors/src/HandleCors.php(42): Illuminate\Routing\Pipeline->Illuminate\Routing\{closure}(Object(Illuminate\Http\Request))
#8 /var/www/html/Dev/ICNOW-DEV/vendor/laravel/framework/src/Illuminate/Pipeline/Pipeline.php(148): Barryvdh\Cors\HandleCors->handle(Object(Illuminate\Http\Request), Object(Closure))
#9 /var/www/html/Dev/ICNOW-DEV/vendor/laravel/framework/src/Illuminate/Routing/Pipeline.php(53): Illuminate\Pipeline\Pipeline->Illuminate\Pipeline\{closure}(Object(Illuminate\Http\Request))
#10 /var/www/html/Dev/ICNOW-DEV/vendor/laravel/framework/src/Illuminate/Routing/Middleware/SubstituteBindings.php(41): Illuminate\Routing\Pipeline->Illuminate\Routing\{closure}(Object(Illuminate\Http\Request))
#11 /var/www/html/Dev/ICNOW-DEV/vendor/laravel/framework/src/Illuminate/Pipeline/Pipeline.php(148): Illuminate\Routing\Middleware\SubstituteBindings->handle(Object(Illuminate\Http\Request), Object(Closure))
#12 /var/www/html/Dev/ICNOW-DEV/vendor/laravel/framework/src/Illuminate/Routing/Pipeline.php(53): Illuminate\Pipeline\Pipeline->Illuminate\Pipeline\{closure}(Object(Illuminate\Http\Request))
#13 /var/www/html/Dev/ICNOW-DEV/vendor/laravel/framework/src/Illuminate/Routing/Middleware/ThrottleRequests.php(49): Illuminate\Routing\Pipeline->Illuminate\Routing\{closure}(Object(Illuminate\Http\Request))
#14 /var/www/html/Dev/ICNOW-DEV/vendor/laravel/framework/src/Illuminate/Pipeline/Pipeline.php(148): Illuminate\Routing\Middleware\ThrottleRequests->handle(Object(Illuminate\Http\Request), Object(Closure), '60', '1')
#15 /var/www/html/Dev/ICNOW-DEV/vendor/laravel/framework/src/Illuminate/Routing/Pipeline.php(53): Illuminate\Pipeline\Pipeline->Illuminate\Pipeline\{closure}(Object(Illuminate\Http\Request))
#16 /var/www/html/Dev/ICNOW-DEV/vendor/laravel/framework/src/Illuminate/Pipeline/Pipeline.php(102): Illuminate\Routing\Pipeline->Illuminate\Routing\{closure}(Object(Illuminate\Http\Request))
#17 /var/www/html/Dev/ICNOW-DEV/vendor/laravel/framework/src/Illuminate/Routing/Router.php(576): Illuminate\Pipeline\Pipeline->then(Object(Closure))
#18 /var/www/html/Dev/ICNOW-DEV/vendor/laravel/framework/src/Illuminate/Routing/Router.php(535): Illuminate\Routing\Router->runRouteWithinStack(Object(Illuminate\Routing\Route), Object(Illuminate\Http\Request))
#19 /var/www/html/Dev/ICNOW-DEV/vendor/laravel/framework/src/Illuminate/Routing/Router.php(513): Illuminate\Routing\Router->dispatchToRoute(Object(Illuminate\Http\Request))
#20 /var/www/html/Dev/ICNOW-DEV/vendor/laravel/framework/src/Illuminate/Foundation/Http/Kernel.php(176): Illuminate\Routing\Router->dispatch(Object(Illuminate\Http\Request))
#21 /var/www/html/Dev/ICNOW-DEV/vendor/laravel/framework/src/Illuminate/Routing/Pipeline.php(30): Illuminate\Foundation\Http\Kernel->Illuminate\Foundation\Http\{closure}(Object(Illuminate\Http\Request))
#22 /var/www/html/Dev/ICNOW-DEV/vendor/laravel/framework/src/Illuminate/Foundation/Http/Middleware/TransformsRequest.php(30): Illuminate\Routing\Pipeline->Illuminate\Routing\{closure}(Object(Illuminate\Http\Request))
#23 /var/www/html/Dev/ICNOW-DEV/vendor/laravel/framework/src/Illuminate/Pipeline/Pipeline.php(148): Illuminate\Foundation\Http\Middleware\TransformsRequest->handle(Object(Illuminate\Http\Request), Object(Closure))
#24 /var/www/html/Dev/ICNOW-DEV/vendor/laravel/framework/src/Illuminate/Routing/Pipeline.php(53): Illuminate\Pipeline\Pipeline->Illuminate\Pipeline\{closure}(Object(Illuminate\Http\Request))
#25 /var/www/html/Dev/ICNOW-DEV/vendor/laravel/framework/src/Illuminate/Foundation/Http/Middleware/TransformsRequest.php(30): Illuminate\Routing\Pipeline->Illuminate\Routing\{closure}(Object(Illuminate\Http\Request))
#26 /var/www/html/Dev/ICNOW-DEV/vendor/laravel/framework/src/Illuminate/Pipeline/Pipeline.php(148): Illuminate\Foundation\Http\Middleware\TransformsRequest->handle(Object(Illuminate\Http\Request), Object(Closure))
#27 /var/www/html/Dev/ICNOW-DEV/vendor/laravel/framework/src/Illuminate/Routing/Pipeline.php(53): Illuminate\Pipeline\Pipeline->Illuminate\Pipeline\{closure}(Object(Illuminate\Http\Request))
#28 /var/www/html/Dev/ICNOW-DEV/vendor/laravel/framework/src/Illuminate/Foundation/Http/Middleware/ValidatePostSize.php(27): Illuminate\Routing\Pipeline->Illuminate\Routing\{closure}(Object(Illuminate\Http\Request))
#29 /var/www/html/Dev/ICNOW-DEV/vendor/laravel/framework/src/Illuminate/Pipeline/Pipeline.php(148): Illuminate\Foundation\Http\Middleware\ValidatePostSize->handle(Object(Illuminate\Http\Request), Object(Closure))
#30 /var/www/html/Dev/ICNOW-DEV/vendor/laravel/framework/src/Illuminate/Routing/Pipeline.php(53): Illuminate\Pipeline\Pipeline->Illuminate\Pipeline\{closure}(Object(Illuminate\Http\Request))
#31 /var/www/html/Dev/ICNOW-DEV/vendor/laravel/framework/src/Illuminate/Foundation/Http/Middleware/CheckForMaintenanceMode.php(46): Illuminate\Routing\Pipeline->Illuminate\Routing\{closure}(Object(Illuminate\Http\Request))
#32 /var/www/html/Dev/ICNOW-DEV/vendor/laravel/framework/src/Illuminate/Pipeline/Pipeline.php(148): Illuminate\Foundation\Http\Middleware\CheckForMaintenanceMode->handle(Object(Illuminate\Http\Request), Object(Closure))
#33 /var/www/html/Dev/ICNOW-DEV/vendor/laravel/framework/src/Illuminate/Routing/Pipeline.php(53): Illuminate\Pipeline\Pipeline->Illuminate\Pipeline\{closure}(Object(Illuminate\Http\Request))
#34 /var/www/html/Dev/ICNOW-DEV/vendor/laravel/framework/src/Illuminate/Pipeline/Pipeline.php(102): Illuminate\Routing\Pipeline->Illuminate\Routing\{closure}(Object(Illuminate\Http\Request))
#35 /var/www/html/Dev/ICNOW-DEV/vendor/laravel/framework/src/Illuminate/Foundation/Http/Kernel.php(151): Illuminate\Pipeline\Pipeline->then(Object(Closure))
#36 /var/www/html/Dev/ICNOW-DEV/vendor/laravel/framework/src/Illuminate/Foundation/Http/Kernel.php(116): Illuminate\Foundation\Http\Kernel->sendRequestThroughRouter(Object(Illuminate\Http\Request))
#37 /var/www/html/Dev/ICNOW-DEV/public/index.php(53): Illuminate\Foundation\Http\Kernel->handle(Object(Illuminate\Http\Request))
#38 {main}  
